[INFO] Scanning for projects...
[INFO] ------------------------------------------------------------------------
[INFO] Detecting the operating system and CPU architecture
[INFO] ------------------------------------------------------------------------
[INFO] os.detected.name: linux
[INFO] os.detected.arch: x86_64
[INFO] os.detected.version: 5.4
[INFO] os.detected.version.major: 5
[INFO] os.detected.version.minor: 4
[INFO] os.detected.release: centos
[INFO] os.detected.release.version: 7
[INFO] os.detected.release.like.centos: true
[INFO] os.detected.release.like.rhel: true
[INFO] os.detected.release.like.fedora: true
[INFO] os.detected.classifier: linux-x86_64
[INFO] ------------------------------------------------------------------------
[INFO] Reactor Build Order:
[INFO] 
[INFO] Apache Hadoop Ozone Main                                           [pom]
[INFO] Apache Hadoop HDDS                                                 [pom]
[INFO] Apache Hadoop HDDS Hadoop Client dependencies                      [jar]
[INFO] Apache Hadoop HDDS Hadoop Test dependencies                        [jar]
[INFO] Apache Hadoop HDDS Hadoop Server dependencies                      [jar]
[INFO] Apache Hadoop HDDS Client Interface                                [jar]
[INFO] Apache Hadoop HDDS Admin Interface                                 [jar]
[INFO] Apache Hadoop HDDS Server Interface                                [jar]
[INFO] Apache Hadoop HDDS Test Utils                                      [jar]
[INFO] Apache Hadoop HDDS Config                                          [jar]
[INFO] Apache Hadoop HDDS Common                                          [jar]
[INFO] Apache Hadoop HDDS Client                                          [jar]
[INFO] Apache Hadoop HDDS Server Framework                                [jar]
[INFO] Apache Ozone/HDDS Documentation                                    [jar]
[INFO] Apache Hadoop HDDS Container Service                               [jar]
[INFO] Apache Hadoop HDDS SCM Server                                      [jar]
[INFO] Apache Hadoop HDDS Tools                                           [jar]
[INFO] Apache Hadoop Ozone                                                [pom]
[INFO] Apache Hadoop Ozone Client Interface                               [jar]
[INFO] Apache Hadoop Ozone Common                                         [jar]
[INFO] Apache Hadoop Ozone Storage Interface                              [jar]
[INFO] Apache Hadoop Ozone Client                                         [jar]
[INFO] Apache Hadoop Ozone Manager Server                                 [jar]
[INFO] Apache Hadoop Ozone FileSystem Common                              [jar]
[INFO] Apache Hadoop Ozone FileSystem                                     [jar]
[INFO] Apache Hadoop Ozone Recon CodeGen                                  [jar]
[INFO] Apache Hadoop Ozone Recon                                          [jar]
[INFO] Apache Hadoop Ozone Tools                                          [jar]
[INFO] Apache Hadoop Ozone S3 Gateway                                     [jar]
[INFO] Apache Hadoop Ozone CSI service                                    [jar]
[INFO] Apache Hadoop Ozone Datanode                                       [jar]
[INFO] Apache Hadoop Ozone Insight Tool                                   [jar]
[INFO] Apache Hadoop Ozone FileSystem Shaded                              [jar]
[INFO] Apache Hadoop Ozone FS Hadoop 2.x compatibility                    [jar]
[INFO] Apache Hadoop Ozone FS Hadoop 3.x compatibility                    [jar]
[INFO] Apache Hadoop Ozone Distribution                                   [jar]
[INFO] Apache Hadoop Ozone Fault Injection Tests                          [pom]
[INFO] Apache Hadoop Ozone Network Tests                                  [jar]
[INFO] 
[INFO] ----------------< org.apache.hadoop:hadoop-main-ozone >-----------------
[INFO] Building Apache Hadoop Ozone Main 1.1.0-SNAPSHOT                  [1/38]
[INFO] --------------------------------[ pom ]---------------------------------
[INFO] 
[INFO] --- maven-antrun-plugin:1.3:run (create-testdirs) @ hadoop-main-ozone ---
[INFO] Executing tasks
[INFO] Executed tasks
[INFO] 
[INFO] --- jacoco-maven-plugin:0.8.5:prepare-agent (default-prepare-agent) @ hadoop-main-ozone ---
[INFO] argLine set to -javaagent:/home/user/.m2/repository/org/jacoco/org.jacoco.agent/0.8.5/org.jacoco.agent-0.8.5-runtime.jar=destfile=/github/workspace/target/jacoco.exec,includes=org.apache.hadoop.hdds.*:org.apache.hadoop.ozone.*:org.apache.hadoop.fs.ozone.*
[INFO] 
[INFO] --- maven-remote-resources-plugin:1.5:process (default) @ hadoop-main-ozone ---
[INFO] 
[INFO] -------------------< org.apache.hadoop:hadoop-hdds >--------------------
[INFO] Building Apache Hadoop HDDS 1.1.0-SNAPSHOT                        [2/38]
[INFO] --------------------------------[ pom ]---------------------------------
[INFO] 
[INFO] --- maven-antrun-plugin:1.3:run (create-testdirs) @ hadoop-hdds ---
[INFO] Executing tasks
[INFO] Executed tasks
[INFO] 
[INFO] --- jacoco-maven-plugin:0.8.5:prepare-agent (default-prepare-agent) @ hadoop-hdds ---
[INFO] argLine set to -javaagent:/home/user/.m2/repository/org/jacoco/org.jacoco.agent/0.8.5/org.jacoco.agent-0.8.5-runtime.jar=destfile=/github/workspace/hadoop-hdds/target/jacoco.exec,includes=org.apache.hadoop.hdds.*:org.apache.hadoop.ozone.*:org.apache.hadoop.fs.ozone.*
[INFO] 
[INFO] --- maven-remote-resources-plugin:1.5:process (default) @ hadoop-hdds ---
[INFO] 
[INFO] -------< org.apache.hadoop:hadoop-hdds-hadoop-dependency-client >-------
[INFO] Building Apache Hadoop HDDS Hadoop Client dependencies 1.1.0-SNAPSHOT [3/38]
[INFO] --------------------------------[ jar ]---------------------------------
[INFO] 
[INFO] --- maven-antrun-plugin:1.3:run (create-testdirs) @ hadoop-hdds-hadoop-dependency-client ---
[INFO] Executing tasks
[INFO] Executed tasks
[INFO] 
[INFO] --- jacoco-maven-plugin:0.8.5:prepare-agent (default-prepare-agent) @ hadoop-hdds-hadoop-dependency-client ---
[INFO] argLine set to -javaagent:/home/user/.m2/repository/org/jacoco/org.jacoco.agent/0.8.5/org.jacoco.agent-0.8.5-runtime.jar=destfile=/github/workspace/hadoop-hdds/hadoop-dependency-client/target/jacoco.exec,includes=org.apache.hadoop.hdds.*:org.apache.hadoop.ozone.*:org.apache.hadoop.fs.ozone.*
[INFO] 
[INFO] --- maven-remote-resources-plugin:1.5:process (default) @ hadoop-hdds-hadoop-dependency-client ---
[INFO] 
[INFO] --- maven-resources-plugin:3.1.0:resources (default-resources) @ hadoop-hdds-hadoop-dependency-client ---
[INFO] Using 'UTF-8' encoding to copy filtered resources.
[INFO] skip non existing resourceDirectory /github/workspace/hadoop-hdds/hadoop-dependency-client/src/main/resources
[INFO] Copying 2 resources
[INFO] 
[INFO] --- maven-compiler-plugin:3.1:compile (default-compile) @ hadoop-hdds-hadoop-dependency-client ---
[INFO] No sources to compile
[INFO] 
[INFO] --- maven-resources-plugin:3.1.0:testResources (default-testResources) @ hadoop-hdds-hadoop-dependency-client ---
[INFO] Using 'UTF-8' encoding to copy filtered resources.
[INFO] skip non existing resourceDirectory /github/workspace/hadoop-hdds/hadoop-dependency-client/src/test/resources
[INFO] Copying 2 resources
[INFO] 
[INFO] --- maven-compiler-plugin:3.1:testCompile (default-testCompile) @ hadoop-hdds-hadoop-dependency-client ---
[INFO] No sources to compile
[INFO] 
[INFO] --- maven-surefire-plugin:3.0.0-M1:test (default-test) @ hadoop-hdds-hadoop-dependency-client ---
[INFO] 
[INFO] --------< org.apache.hadoop:hadoop-hdds-hadoop-dependency-test >--------
[INFO] Building Apache Hadoop HDDS Hadoop Test dependencies 1.1.0-SNAPSHOT [4/38]
[INFO] --------------------------------[ jar ]---------------------------------
[INFO] 
[INFO] --- maven-antrun-plugin:1.3:run (create-testdirs) @ hadoop-hdds-hadoop-dependency-test ---
[INFO] Executing tasks
[INFO] Executed tasks
[INFO] 
[INFO] --- jacoco-maven-plugin:0.8.5:prepare-agent (default-prepare-agent) @ hadoop-hdds-hadoop-dependency-test ---
[INFO] argLine set to -javaagent:/home/user/.m2/repository/org/jacoco/org.jacoco.agent/0.8.5/org.jacoco.agent-0.8.5-runtime.jar=destfile=/github/workspace/hadoop-hdds/hadoop-dependency-test/target/jacoco.exec,includes=org.apache.hadoop.hdds.*:org.apache.hadoop.ozone.*:org.apache.hadoop.fs.ozone.*
[INFO] 
[INFO] --- maven-remote-resources-plugin:1.5:process (default) @ hadoop-hdds-hadoop-dependency-test ---
[INFO] 
[INFO] --- maven-resources-plugin:3.1.0:resources (default-resources) @ hadoop-hdds-hadoop-dependency-test ---
[INFO] Using 'UTF-8' encoding to copy filtered resources.
[INFO] skip non existing resourceDirectory /github/workspace/hadoop-hdds/hadoop-dependency-test/src/main/resources
[INFO] Copying 2 resources
[INFO] 
[INFO] --- maven-compiler-plugin:3.1:compile (default-compile) @ hadoop-hdds-hadoop-dependency-test ---
[INFO] No sources to compile
[INFO] 
[INFO] --- maven-resources-plugin:3.1.0:testResources (default-testResources) @ hadoop-hdds-hadoop-dependency-test ---
[INFO] Using 'UTF-8' encoding to copy filtered resources.
[INFO] skip non existing resourceDirectory /github/workspace/hadoop-hdds/hadoop-dependency-test/src/test/resources
[INFO] Copying 2 resources
[INFO] 
[INFO] --- maven-compiler-plugin:3.1:testCompile (default-testCompile) @ hadoop-hdds-hadoop-dependency-test ---
[INFO] No sources to compile
[INFO] 
[INFO] --- maven-surefire-plugin:3.0.0-M1:test (default-test) @ hadoop-hdds-hadoop-dependency-test ---
[INFO] 
[INFO] -------< org.apache.hadoop:hadoop-hdds-hadoop-dependency-server >-------
[INFO] Building Apache Hadoop HDDS Hadoop Server dependencies 1.1.0-SNAPSHOT [5/38]
[INFO] --------------------------------[ jar ]---------------------------------
[INFO] 
[INFO] --- maven-antrun-plugin:1.3:run (create-testdirs) @ hadoop-hdds-hadoop-dependency-server ---
[INFO] Executing tasks
[INFO] Executed tasks
[INFO] 
[INFO] --- jacoco-maven-plugin:0.8.5:prepare-agent (default-prepare-agent) @ hadoop-hdds-hadoop-dependency-server ---
[INFO] argLine set to -javaagent:/home/user/.m2/repository/org/jacoco/org.jacoco.agent/0.8.5/org.jacoco.agent-0.8.5-runtime.jar=destfile=/github/workspace/hadoop-hdds/hadoop-dependency-server/target/jacoco.exec,includes=org.apache.hadoop.hdds.*:org.apache.hadoop.ozone.*:org.apache.hadoop.fs.ozone.*
[INFO] 
[INFO] --- maven-remote-resources-plugin:1.5:process (default) @ hadoop-hdds-hadoop-dependency-server ---
[INFO] 
[INFO] --- maven-resources-plugin:3.1.0:resources (default-resources) @ hadoop-hdds-hadoop-dependency-server ---
[INFO] Using 'UTF-8' encoding to copy filtered resources.
[INFO] skip non existing resourceDirectory /github/workspace/hadoop-hdds/hadoop-dependency-server/src/main/resources
[INFO] Copying 2 resources
[INFO] 
[INFO] --- maven-compiler-plugin:3.1:compile (default-compile) @ hadoop-hdds-hadoop-dependency-server ---
[INFO] No sources to compile
[INFO] 
[INFO] --- maven-resources-plugin:3.1.0:testResources (default-testResources) @ hadoop-hdds-hadoop-dependency-server ---
[INFO] Using 'UTF-8' encoding to copy filtered resources.
[INFO] skip non existing resourceDirectory /github/workspace/hadoop-hdds/hadoop-dependency-server/src/test/resources
[INFO] Copying 2 resources
[INFO] 
[INFO] --- maven-compiler-plugin:3.1:testCompile (default-testCompile) @ hadoop-hdds-hadoop-dependency-server ---
[INFO] No sources to compile
[INFO] 
[INFO] --- maven-surefire-plugin:3.0.0-M1:test (default-test) @ hadoop-hdds-hadoop-dependency-server ---
[INFO] 
[INFO] -----------< org.apache.hadoop:hadoop-hdds-interface-client >-----------
[INFO] Building Apache Hadoop HDDS Client Interface 1.1.0-SNAPSHOT       [6/38]
[INFO] --------------------------------[ jar ]---------------------------------
[INFO] 
[INFO] --- maven-antrun-plugin:1.3:run (create-testdirs) @ hadoop-hdds-interface-client ---
[INFO] Executing tasks
[INFO] Executed tasks
[INFO] 
[INFO] --- jacoco-maven-plugin:0.8.5:prepare-agent (default-prepare-agent) @ hadoop-hdds-interface-client ---
[INFO] argLine set to -javaagent:/home/user/.m2/repository/org/jacoco/org.jacoco.agent/0.8.5/org.jacoco.agent-0.8.5-runtime.jar=destfile=/github/workspace/hadoop-hdds/interface-client/target/jacoco.exec,includes=org.apache.hadoop.hdds.*:org.apache.hadoop.ozone.*:org.apache.hadoop.fs.ozone.*
[INFO] 
[INFO] --- protobuf-maven-plugin:0.5.1:compile (compile-protoc-3) @ hadoop-hdds-interface-client ---
[INFO] Compiling 1 proto file(s) to /github/workspace/hadoop-hdds/interface-client/target/generated-sources/java
[INFO] 
[INFO] --- protobuf-maven-plugin:0.5.1:compile-custom (compile-protoc-3) @ hadoop-hdds-interface-client ---
[INFO] Compiling 1 proto file(s) to /github/workspace/hadoop-hdds/interface-client/target/generated-sources/java
[INFO] 
[INFO] --- protobuf-maven-plugin:0.5.1:compile (compile-protoc-2) @ hadoop-hdds-interface-client ---
[INFO] Compiling 1 proto file(s) to /github/workspace/hadoop-hdds/interface-client/target/generated-sources/java
[INFO] 
[INFO] --- maven-antrun-plugin:1.3:run (default) @ hadoop-hdds-interface-client ---
[INFO] Executing tasks
[INFO] Executed tasks
[INFO] 
[INFO] --- maven-remote-resources-plugin:1.5:process (default) @ hadoop-hdds-interface-client ---
[INFO] 
[INFO] --- maven-resources-plugin:3.1.0:resources (default-resources) @ hadoop-hdds-interface-client ---
[INFO] Using 'UTF-8' encoding to copy filtered resources.
[INFO] Copying 1 resource
[INFO] Copying 1 resource
[INFO] Copying 1 resource
[INFO] Copying 1 resource
[INFO] Copying 2 resources
[INFO] 
[INFO] --- maven-compiler-plugin:3.1:compile (default-compile) @ hadoop-hdds-interface-client ---
[INFO] Compiling 4 source files to /github/workspace/hadoop-hdds/interface-client/target/classes
[INFO] 
[INFO] --- protobuf-maven-plugin:0.5.1:test-compile (compile-protoc-3) @ hadoop-hdds-interface-client ---
[INFO] /github/workspace/hadoop-hdds/interface-client/src/test/proto does not exist. Review the configuration or consider disabling the plugin.
[INFO] 
[INFO] --- protobuf-maven-plugin:0.5.1:test-compile-custom (compile-protoc-3) @ hadoop-hdds-interface-client ---
[INFO] /github/workspace/hadoop-hdds/interface-client/src/test/proto does not exist. Review the configuration or consider disabling the plugin.
[INFO] 
[INFO] --- protobuf-maven-plugin:0.5.1:test-compile (compile-protoc-2) @ hadoop-hdds-interface-client ---
[INFO] /github/workspace/hadoop-hdds/interface-client/src/test/proto does not exist. Review the configuration or consider disabling the plugin.
[INFO] 
[INFO] --- maven-resources-plugin:3.1.0:testResources (default-testResources) @ hadoop-hdds-interface-client ---
[INFO] Using 'UTF-8' encoding to copy filtered resources.
[INFO] skip non existing resourceDirectory /github/workspace/hadoop-hdds/interface-client/src/test/resources
[INFO] Copying 2 resources
[INFO] 
[INFO] --- maven-compiler-plugin:3.1:testCompile (default-testCompile) @ hadoop-hdds-interface-client ---
[INFO] No sources to compile
[INFO] 
[INFO] --- maven-surefire-plugin:3.0.0-M1:test (default-test) @ hadoop-hdds-interface-client ---
[INFO] 
[INFO] -----------< org.apache.hadoop:hadoop-hdds-interface-admin >------------
[INFO] Building Apache Hadoop HDDS Admin Interface 1.1.0-SNAPSHOT        [7/38]
[INFO] --------------------------------[ jar ]---------------------------------
[INFO] 
[INFO] --- maven-antrun-plugin:1.3:run (create-testdirs) @ hadoop-hdds-interface-admin ---
[INFO] Executing tasks
[INFO] Executed tasks
[INFO] 
[INFO] --- jacoco-maven-plugin:0.8.5:prepare-agent (default-prepare-agent) @ hadoop-hdds-interface-admin ---
[INFO] argLine set to -javaagent:/home/user/.m2/repository/org/jacoco/org.jacoco.agent/0.8.5/org.jacoco.agent-0.8.5-runtime.jar=destfile=/github/workspace/hadoop-hdds/interface-admin/target/jacoco.exec,includes=org.apache.hadoop.hdds.*:org.apache.hadoop.ozone.*:org.apache.hadoop.fs.ozone.*
[INFO] 
[INFO] --- protobuf-maven-plugin:0.5.1:compile (compile-protoc-2) @ hadoop-hdds-interface-admin ---
[INFO] Compiling 1 proto file(s) to /github/workspace/hadoop-hdds/interface-admin/target/generated-sources/java
[INFO] 
[INFO] --- maven-remote-resources-plugin:1.5:process (default) @ hadoop-hdds-interface-admin ---
[INFO] 
[INFO] --- maven-resources-plugin:3.1.0:resources (default-resources) @ hadoop-hdds-interface-admin ---
[INFO] Using 'UTF-8' encoding to copy filtered resources.
[INFO] Copying 1 resource
[INFO] Copying 1 resource
[INFO] Copying 2 resources
[INFO] 
[INFO] --- maven-compiler-plugin:3.1:compile (default-compile) @ hadoop-hdds-interface-admin ---
[INFO] Compiling 1 source file to /github/workspace/hadoop-hdds/interface-admin/target/classes
[INFO] 
[INFO] --- protobuf-maven-plugin:0.5.1:test-compile (compile-protoc-2) @ hadoop-hdds-interface-admin ---
[INFO] /github/workspace/hadoop-hdds/interface-admin/src/test/proto does not exist. Review the configuration or consider disabling the plugin.
[INFO] 
[INFO] --- maven-resources-plugin:3.1.0:testResources (default-testResources) @ hadoop-hdds-interface-admin ---
[INFO] Using 'UTF-8' encoding to copy filtered resources.
[INFO] skip non existing resourceDirectory /github/workspace/hadoop-hdds/interface-admin/src/test/resources
[INFO] Copying 2 resources
[INFO] 
[INFO] --- maven-compiler-plugin:3.1:testCompile (default-testCompile) @ hadoop-hdds-interface-admin ---
[INFO] No sources to compile
[INFO] 
[INFO] --- maven-surefire-plugin:3.0.0-M1:test (default-test) @ hadoop-hdds-interface-admin ---
[INFO] 
[INFO] -----------< org.apache.hadoop:hadoop-hdds-interface-server >-----------
[INFO] Building Apache Hadoop HDDS Server Interface 1.1.0-SNAPSHOT       [8/38]
[INFO] --------------------------------[ jar ]---------------------------------
[INFO] 
[INFO] --- maven-antrun-plugin:1.3:run (create-testdirs) @ hadoop-hdds-interface-server ---
[INFO] Executing tasks
[INFO] Executed tasks
[INFO] 
[INFO] --- jacoco-maven-plugin:0.8.5:prepare-agent (default-prepare-agent) @ hadoop-hdds-interface-server ---
[INFO] argLine set to -javaagent:/home/user/.m2/repository/org/jacoco/org.jacoco.agent/0.8.5/org.jacoco.agent-0.8.5-runtime.jar=destfile=/github/workspace/hadoop-hdds/interface-server/target/jacoco.exec,includes=org.apache.hadoop.hdds.*:org.apache.hadoop.ozone.*:org.apache.hadoop.fs.ozone.*
[INFO] 
[INFO] --- protobuf-maven-plugin:0.5.1:compile (compile-protoc-2) @ hadoop-hdds-interface-server ---
[INFO] Compiling 3 proto file(s) to /github/workspace/hadoop-hdds/interface-server/target/generated-sources/java
[INFO] 
[INFO] --- maven-remote-resources-plugin:1.5:process (default) @ hadoop-hdds-interface-server ---
[INFO] 
[INFO] --- maven-resources-plugin:3.1.0:resources (default-resources) @ hadoop-hdds-interface-server ---
[INFO] Using 'UTF-8' encoding to copy filtered resources.
[INFO] Copying 1 resource
[INFO] Copying 3 resources
[INFO] Copying 2 resources
[INFO] 
[INFO] --- maven-compiler-plugin:3.1:compile (default-compile) @ hadoop-hdds-interface-server ---
[INFO] Compiling 3 source files to /github/workspace/hadoop-hdds/interface-server/target/classes
[INFO] 
[INFO] --- protobuf-maven-plugin:0.5.1:test-compile (compile-protoc-2) @ hadoop-hdds-interface-server ---
[INFO] /github/workspace/hadoop-hdds/interface-server/src/test/proto does not exist. Review the configuration or consider disabling the plugin.
[INFO] 
[INFO] --- maven-resources-plugin:3.1.0:testResources (default-testResources) @ hadoop-hdds-interface-server ---
[INFO] Using 'UTF-8' encoding to copy filtered resources.
[INFO] skip non existing resourceDirectory /github/workspace/hadoop-hdds/interface-server/src/test/resources
[INFO] Copying 2 resources
[INFO] 
[INFO] --- maven-compiler-plugin:3.1:testCompile (default-testCompile) @ hadoop-hdds-interface-server ---
[INFO] No sources to compile
[INFO] 
[INFO] --- maven-surefire-plugin:3.0.0-M1:test (default-test) @ hadoop-hdds-interface-server ---
[INFO] 
[INFO] --------------< org.apache.hadoop:hadoop-hdds-test-utils >--------------
[INFO] Building Apache Hadoop HDDS Test Utils 1.1.0-SNAPSHOT             [9/38]
[INFO] --------------------------------[ jar ]---------------------------------
[INFO] 
[INFO] --- maven-antrun-plugin:1.3:run (create-testdirs) @ hadoop-hdds-test-utils ---
[INFO] Executing tasks
[INFO] Executed tasks
[INFO] 
[INFO] --- jacoco-maven-plugin:0.8.5:prepare-agent (default-prepare-agent) @ hadoop-hdds-test-utils ---
[INFO] argLine set to -javaagent:/home/user/.m2/repository/org/jacoco/org.jacoco.agent/0.8.5/org.jacoco.agent-0.8.5-runtime.jar=destfile=/github/workspace/hadoop-hdds/test-utils/target/jacoco.exec,includes=org.apache.hadoop.hdds.*:org.apache.hadoop.ozone.*:org.apache.hadoop.fs.ozone.*
[INFO] 
[INFO] --- maven-remote-resources-plugin:1.5:process (default) @ hadoop-hdds-test-utils ---
[INFO] 
[INFO] --- maven-resources-plugin:3.1.0:resources (default-resources) @ hadoop-hdds-test-utils ---
[INFO] Using 'UTF-8' encoding to copy filtered resources.
[INFO] skip non existing resourceDirectory /github/workspace/hadoop-hdds/test-utils/src/main/resources
[INFO] Copying 2 resources
[INFO] 
[INFO] --- maven-compiler-plugin:3.1:compile (default-compile) @ hadoop-hdds-test-utils ---
[INFO] Compiling 1 source file to /github/workspace/hadoop-hdds/test-utils/target/classes
[INFO] 
[INFO] --- maven-resources-plugin:3.1.0:testResources (default-testResources) @ hadoop-hdds-test-utils ---
[INFO] Using 'UTF-8' encoding to copy filtered resources.
[INFO] skip non existing resourceDirectory /github/workspace/hadoop-hdds/test-utils/src/test/resources
[INFO] Copying 2 resources
[INFO] 
[INFO] --- maven-compiler-plugin:3.1:testCompile (default-testCompile) @ hadoop-hdds-test-utils ---
[INFO] No sources to compile
[INFO] 
[INFO] --- maven-surefire-plugin:3.0.0-M1:test (default-test) @ hadoop-hdds-test-utils ---
[INFO] 
[INFO] ----------------< org.apache.hadoop:hadoop-hdds-config >----------------
[INFO] Building Apache Hadoop HDDS Config 1.1.0-SNAPSHOT                [10/38]
[INFO] --------------------------------[ jar ]---------------------------------
[INFO] 
[INFO] --- maven-antrun-plugin:1.3:run (create-testdirs) @ hadoop-hdds-config ---
[INFO] Executing tasks
[INFO] Executed tasks
[INFO] 
[INFO] --- jacoco-maven-plugin:0.8.5:prepare-agent (default-prepare-agent) @ hadoop-hdds-config ---
[INFO] argLine set to -javaagent:/home/user/.m2/repository/org/jacoco/org.jacoco.agent/0.8.5/org.jacoco.agent-0.8.5-runtime.jar=destfile=/github/workspace/hadoop-hdds/config/target/jacoco.exec,includes=org.apache.hadoop.hdds.*:org.apache.hadoop.ozone.*:org.apache.hadoop.fs.ozone.*
[INFO] 
[INFO] --- maven-remote-resources-plugin:1.5:process (default) @ hadoop-hdds-config ---
[INFO] 
[INFO] --- maven-resources-plugin:3.1.0:resources (default-resources) @ hadoop-hdds-config ---
[INFO] Using 'UTF-8' encoding to copy filtered resources.
[INFO] skip non existing resourceDirectory /github/workspace/hadoop-hdds/config/src/main/resources
[INFO] Copying 2 resources
[INFO] 
[INFO] --- maven-compiler-plugin:3.1:compile (default-compile) @ hadoop-hdds-config ---
[INFO] Compiling 1 source file to /github/workspace/hadoop-hdds/config/target/classes
[INFO] 
[INFO] --- maven-resources-plugin:3.1.0:testResources (default-testResources) @ hadoop-hdds-config ---
[INFO] Using 'UTF-8' encoding to copy filtered resources.
[INFO] Copying 1 resource
[INFO] Copying 2 resources
[INFO] 
[INFO] --- maven-compiler-plugin:3.1:testCompile (default-testCompile) @ hadoop-hdds-config ---
[INFO] Compiling 1 source file to /github/workspace/hadoop-hdds/config/target/test-classes
[INFO] 
[INFO] --- maven-surefire-plugin:3.0.0-M1:test (default-test) @ hadoop-hdds-config ---
[INFO] Downloading from apache.snapshots.https: https://repository.apache.org/content/repositories/snapshots/org/apache/maven/surefire/surefire-junit4/3.0.0-M1/surefire-junit4-3.0.0-M1.jar
[INFO] Downloading from central: https://repo.maven.apache.org/maven2/org/apache/maven/surefire/surefire-junit4/3.0.0-M1/surefire-junit4-3.0.0-M1.jar
[INFO] Downloaded from central: https://repo.maven.apache.org/maven2/org/apache/maven/surefire/surefire-junit4/3.0.0-M1/surefire-junit4-3.0.0-M1.jar (17 kB at 167 kB/s)
[INFO] Downloading from apache.snapshots.https: https://repository.apache.org/content/repositories/snapshots/org/apache/maven/surefire/surefire-junit4/3.0.0-M1/surefire-junit4-3.0.0-M1.pom
[INFO] Downloading from central: https://repo.maven.apache.org/maven2/org/apache/maven/surefire/surefire-junit4/3.0.0-M1/surefire-junit4-3.0.0-M1.pom
[INFO] Downloaded from central: https://repo.maven.apache.org/maven2/org/apache/maven/surefire/surefire-junit4/3.0.0-M1/surefire-junit4-3.0.0-M1.pom (1.7 kB at 50 kB/s)
[INFO] Downloading from apache.snapshots.https: https://repository.apache.org/content/repositories/snapshots/org/apache/maven/surefire/surefire-providers/3.0.0-M1/surefire-providers-3.0.0-M1.pom
[INFO] Downloading from central: https://repo.maven.apache.org/maven2/org/apache/maven/surefire/surefire-providers/3.0.0-M1/surefire-providers-3.0.0-M1.pom
[INFO] Downloaded from central: https://repo.maven.apache.org/maven2/org/apache/maven/surefire/surefire-providers/3.0.0-M1/surefire-providers-3.0.0-M1.pom (2.5 kB at 65 kB/s)
[INFO] Downloading from apache.snapshots.https: https://repository.apache.org/content/repositories/snapshots/org/apache/maven/surefire/common-junit4/3.0.0-M1/common-junit4-3.0.0-M1.pom
[INFO] Downloading from central: https://repo.maven.apache.org/maven2/org/apache/maven/surefire/common-junit4/3.0.0-M1/common-junit4-3.0.0-M1.pom
[INFO] Downloaded from central: https://repo.maven.apache.org/maven2/org/apache/maven/surefire/common-junit4/3.0.0-M1/common-junit4-3.0.0-M1.pom (2.1 kB at 48 kB/s)
[INFO] Downloading from apache.snapshots.https: https://repository.apache.org/content/repositories/snapshots/org/apache/maven/surefire/common-junit3/3.0.0-M1/common-junit3-3.0.0-M1.pom
[INFO] Downloading from central: https://repo.maven.apache.org/maven2/org/apache/maven/surefire/common-junit3/3.0.0-M1/common-junit3-3.0.0-M1.pom
[INFO] Downloaded from central: https://repo.maven.apache.org/maven2/org/apache/maven/surefire/common-junit3/3.0.0-M1/common-junit3-3.0.0-M1.pom (1.6 kB at 35 kB/s)
[INFO] Downloading from apache.snapshots.https: https://repository.apache.org/content/repositories/snapshots/org/apache/maven/surefire/common-java5/3.0.0-M1/common-java5-3.0.0-M1.pom
[INFO] Downloading from central: https://repo.maven.apache.org/maven2/org/apache/maven/surefire/common-java5/3.0.0-M1/common-java5-3.0.0-M1.pom
[INFO] Downloaded from central: https://repo.maven.apache.org/maven2/org/apache/maven/surefire/common-java5/3.0.0-M1/common-java5-3.0.0-M1.pom (3.1 kB at 90 kB/s)
[INFO] Downloading from apache.snapshots.https: https://repository.apache.org/content/repositories/snapshots/org/apache/maven/surefire/common-junit4/3.0.0-M1/common-junit4-3.0.0-M1.jar
[INFO] Downloading from apache.snapshots.https: https://repository.apache.org/content/repositories/snapshots/org/apache/maven/surefire/common-junit3/3.0.0-M1/common-junit3-3.0.0-M1.jar
[INFO] Downloading from apache.snapshots.https: https://repository.apache.org/content/repositories/snapshots/org/apache/maven/surefire/common-java5/3.0.0-M1/common-java5-3.0.0-M1.jar
[INFO] Downloading from central: https://repo.maven.apache.org/maven2/org/apache/maven/surefire/common-junit3/3.0.0-M1/common-junit3-3.0.0-M1.jar
[INFO] Downloading from central: https://repo.maven.apache.org/maven2/org/apache/maven/surefire/common-junit4/3.0.0-M1/common-junit4-3.0.0-M1.jar
[INFO] Downloading from central: https://repo.maven.apache.org/maven2/org/apache/maven/surefire/common-java5/3.0.0-M1/common-java5-3.0.0-M1.jar
[INFO] Downloaded from central: https://repo.maven.apache.org/maven2/org/apache/maven/surefire/common-junit3/3.0.0-M1/common-junit3-3.0.0-M1.jar (12 kB at 332 kB/s)
[INFO] Downloaded from central: https://repo.maven.apache.org/maven2/org/apache/maven/surefire/common-junit4/3.0.0-M1/common-junit4-3.0.0-M1.jar (28 kB at 493 kB/s)
[INFO] Downloaded from central: https://repo.maven.apache.org/maven2/org/apache/maven/surefire/common-java5/3.0.0-M1/common-java5-3.0.0-M1.jar (32 kB at 544 kB/s)
[INFO] 
[INFO] -------------------------------------------------------
[INFO]  T E S T S
[INFO] -------------------------------------------------------
[INFO] Running org.apache.hadoop.hdds.conf.TestConfigFileGenerator
[INFO] Tests run: 1, Failures: 0, Errors: 0, Skipped: 0, Time elapsed: 0.066 s - in org.apache.hadoop.hdds.conf.TestConfigFileGenerator
[INFO] Running org.apache.hadoop.hdds.conf.TestConfigFileAppender
[INFO] Tests run: 1, Failures: 0, Errors: 0, Skipped: 0, Time elapsed: 0.138 s - in org.apache.hadoop.hdds.conf.TestConfigFileAppender
[INFO] Running org.apache.hadoop.hdds.conf.TestConfigurationReflectionUtil
[INFO] Tests run: 5, Failures: 0, Errors: 0, Skipped: 0, Time elapsed: 0.103 s - in org.apache.hadoop.hdds.conf.TestConfigurationReflectionUtil
[INFO] 
[INFO] Results:
[INFO] 
[INFO] Tests run: 7, Failures: 0, Errors: 0, Skipped: 0
[INFO] 
[INFO] 
[INFO] ----------------< org.apache.hadoop:hadoop-hdds-common >----------------
[INFO] Building Apache Hadoop HDDS Common 1.1.0-SNAPSHOT                [11/38]
[INFO] --------------------------------[ jar ]---------------------------------
[INFO] 
[INFO] --- maven-antrun-plugin:1.3:run (create-testdirs) @ hadoop-hdds-common ---
[INFO] Executing tasks
[INFO] Executed tasks
[INFO] 
[INFO] --- jacoco-maven-plugin:0.8.5:prepare-agent (default-prepare-agent) @ hadoop-hdds-common ---
[INFO] argLine set to -javaagent:/home/user/.m2/repository/org/jacoco/org.jacoco.agent/0.8.5/org.jacoco.agent-0.8.5-runtime.jar=destfile=/github/workspace/hadoop-hdds/common/target/jacoco.exec,includes=org.apache.hadoop.hdds.*:org.apache.hadoop.ozone.*:org.apache.hadoop.fs.ozone.*
[INFO] 
[INFO] --- maven-remote-resources-plugin:1.5:process (default) @ hadoop-hdds-common ---
[INFO] 
[INFO] --- hadoop-maven-plugins:3.2.2:version-info (version-info) @ hadoop-hdds-common ---
[INFO] SCM: GIT
[INFO] Computed MD5: b7f923d5f1245d3b76f871c2a9b2
[INFO] 
[INFO] --- maven-resources-plugin:3.1.0:resources (default-resources) @ hadoop-hdds-common ---
[INFO] Using 'UTF-8' encoding to copy filtered resources.
[INFO] Copying 5 resources
[INFO] Copying 1 resource
[INFO] Copying 2 resources
[INFO] 
[INFO] --- maven-compiler-plugin:3.1:compile (default-compile) @ hadoop-hdds-common ---
[INFO] Compiling 37 source files to /github/workspace/hadoop-hdds/common/target/classes
[INFO] 
[INFO] --- maven-resources-plugin:3.1.0:testResources (default-testResources) @ hadoop-hdds-common ---
[INFO] Using 'UTF-8' encoding to copy filtered resources.
[INFO] Copying 21 resources
[INFO] Copying 2 resources
[INFO] 
[INFO] --- maven-compiler-plugin:3.1:testCompile (default-testCompile) @ hadoop-hdds-common ---
[INFO] Compiling 8 source files to /github/workspace/hadoop-hdds/common/target/test-classes
[INFO] 
[INFO] --- maven-surefire-plugin:3.0.0-M1:test (default-test) @ hadoop-hdds-common ---
[INFO] 
[INFO] -------------------------------------------------------
[INFO]  T E S T S
[INFO] -------------------------------------------------------
[INFO] Running org.apache.hadoop.ozone.common.TestChecksum
[INFO] Tests run: 3, Failures: 0, Errors: 0, Skipped: 0, Time elapsed: 0.222 s - in org.apache.hadoop.ozone.common.TestChecksum
[INFO] Running org.apache.hadoop.ozone.common.TestChunkBuffer
[INFO] Tests run: 3, Failures: 0, Errors: 0, Skipped: 0, Time elapsed: 0.184 s - in org.apache.hadoop.ozone.common.TestChunkBuffer
[INFO] Running org.apache.hadoop.ozone.common.TestChecksumByteBuffer
[INFO] Tests run: 2, Failures: 0, Errors: 0, Skipped: 0, Time elapsed: 1.112 s - in org.apache.hadoop.ozone.common.TestChecksumByteBuffer
[INFO] Running org.apache.hadoop.ozone.common.TestStateMachine
[INFO] Tests run: 1, Failures: 0, Errors: 0, Skipped: 0, Time elapsed: 0.133 s - in org.apache.hadoop.ozone.common.TestStateMachine
[INFO] Running org.apache.hadoop.ozone.common.TestChunkBufferImplWithByteBufferList
[INFO] Tests run: 3, Failures: 0, Errors: 0, Skipped: 0, Time elapsed: 0.1 s - in org.apache.hadoop.ozone.common.TestChunkBufferImplWithByteBufferList
[INFO] Running org.apache.hadoop.ozone.lock.TestLockManager
[INFO] Tests run: 8, Failures: 0, Errors: 0, Skipped: 0, Time elapsed: 1.421 s - in org.apache.hadoop.ozone.lock.TestLockManager
[INFO] Running org.apache.hadoop.ozone.lease.TestLeaseManager
[INFO] Tests run: 10, Failures: 0, Errors: 0, Skipped: 0, Time elapsed: 23.16 s - in org.apache.hadoop.ozone.lease.TestLeaseManager
[INFO] Running org.apache.hadoop.ozone.audit.TestOzoneAuditLogger
[INFO] Tests run: 5, Failures: 0, Errors: 0, Skipped: 0, Time elapsed: 3.496 s - in org.apache.hadoop.ozone.audit.TestOzoneAuditLogger
[INFO] Running org.apache.hadoop.hdds.TestHddsUtils
[INFO] Tests run: 3, Failures: 0, Errors: 0, Skipped: 0, Time elapsed: 0.582 s - in org.apache.hadoop.hdds.TestHddsUtils
[INFO] Running org.apache.hadoop.hdds.fs.TestSpaceUsageFactory
[INFO] Tests run: 6, Failures: 0, Errors: 0, Skipped: 0, Time elapsed: 0.468 s - in org.apache.hadoop.hdds.fs.TestSpaceUsageFactory
[INFO] Running org.apache.hadoop.hdds.fs.TestDU
[INFO] Tests run: 2, Failures: 0, Errors: 0, Skipped: 0, Time elapsed: 0.149 s - in org.apache.hadoop.hdds.fs.TestDU
[INFO] Running org.apache.hadoop.hdds.fs.TestDedicatedDiskSpaceUsage
[INFO] Tests run: 1, Failures: 0, Errors: 0, Skipped: 0, Time elapsed: 0.112 s - in org.apache.hadoop.hdds.fs.TestDedicatedDiskSpaceUsage
[INFO] Running org.apache.hadoop.hdds.fs.TestSaveSpaceUsageToFile
[INFO] Tests run: 7, Failures: 0, Errors: 0, Skipped: 0, Time elapsed: 0.195 s - in org.apache.hadoop.hdds.fs.TestSaveSpaceUsageToFile
[INFO] Running org.apache.hadoop.hdds.fs.TestDedicatedDiskSpaceUsageFactory
[INFO] Tests run: 2, Failures: 0, Errors: 0, Skipped: 0, Time elapsed: 0.394 s - in org.apache.hadoop.hdds.fs.TestDedicatedDiskSpaceUsageFactory
[INFO] Running org.apache.hadoop.hdds.fs.TestDUFactory
[INFO] Tests run: 2, Failures: 0, Errors: 0, Skipped: 0, Time elapsed: 0.317 s - in org.apache.hadoop.hdds.fs.TestDUFactory
[INFO] Running org.apache.hadoop.hdds.fs.TestCachingSpaceUsageSource
[INFO] Tests run: 6, Failures: 0, Errors: 0, Skipped: 0, Time elapsed: 0.61 s - in org.apache.hadoop.hdds.fs.TestCachingSpaceUsageSource
[INFO] Running org.apache.hadoop.hdds.protocol.TestDatanodeDetails
[INFO] Tests run: 1, Failures: 0, Errors: 0, Skipped: 0, Time elapsed: 0.241 s - in org.apache.hadoop.hdds.protocol.TestDatanodeDetails
[INFO] Running org.apache.hadoop.hdds.conf.TestOzoneConfiguration
[INFO] Tests run: 7, Failures: 0, Errors: 0, Skipped: 0, Time elapsed: 0.476 s - in org.apache.hadoop.hdds.conf.TestOzoneConfiguration
[INFO] Running org.apache.hadoop.hdds.scm.pipeline.TestPipeline
[INFO] Tests run: 1, Failures: 0, Errors: 0, Skipped: 0, Time elapsed: 0.298 s - in org.apache.hadoop.hdds.scm.pipeline.TestPipeline
[INFO] Running org.apache.hadoop.hdds.scm.net.TestNodeSchemaLoader
[INFO] Tests run: 17, Failures: 0, Errors: 0, Skipped: 0, Time elapsed: 0.27 s - in org.apache.hadoop.hdds.scm.net.TestNodeSchemaLoader
[INFO] Running org.apache.hadoop.hdds.scm.net.TestNodeSchemaManager
[INFO] Tests run: 5, Failures: 0, Errors: 0, Skipped: 0, Time elapsed: 0.5 s - in org.apache.hadoop.hdds.scm.net.TestNodeSchemaManager
[INFO] Running org.apache.hadoop.hdds.scm.net.TestNetUtils
[INFO] Tests run: 1, Failures: 0, Errors: 0, Skipped: 0, Time elapsed: 0.127 s - in org.apache.hadoop.hdds.scm.net.TestNetUtils
[INFO] Running org.apache.hadoop.hdds.scm.net.TestNetworkTopologyImpl
[WARNING] Tests run: 75, Failures: 0, Errors: 0, Skipped: 1, Time elapsed: 5.115 s - in org.apache.hadoop.hdds.scm.net.TestNetworkTopologyImpl
[INFO] Running org.apache.hadoop.hdds.scm.net.TestYamlSchemaLoader
[INFO] Tests run: 4, Failures: 0, Errors: 0, Skipped: 0, Time elapsed: 0.253 s - in org.apache.hadoop.hdds.scm.net.TestYamlSchemaLoader
[INFO] Running org.apache.hadoop.hdds.ratis.TestContainerCommandRequestMessage
[INFO] Tests run: 2, Failures: 0, Errors: 0, Skipped: 0, Time elapsed: 0.407 s - in org.apache.hadoop.hdds.ratis.TestContainerCommandRequestMessage
[INFO] Running org.apache.hadoop.hdds.ratis.TestRatisHelper
[INFO] Tests run: 4, Failures: 0, Errors: 0, Skipped: 0, Time elapsed: 0.382 s - in org.apache.hadoop.hdds.ratis.TestRatisHelper
[INFO] Running org.apache.hadoop.hdds.utils.TestHddsIdFactory
[INFO] Tests run: 1, Failures: 0, Errors: 0, Skipped: 0, Time elapsed: 0.114 s - in org.apache.hadoop.hdds.utils.TestHddsIdFactory
[INFO] Running org.apache.hadoop.hdds.utils.TestResourceSemaphore
[INFO] Tests run: 1, Failures: 0, Errors: 0, Skipped: 0, Time elapsed: 0.071 s - in org.apache.hadoop.hdds.utils.TestResourceSemaphore
[INFO] Running org.apache.hadoop.hdds.utils.TestRetriableTask
[INFO] Tests run: 3, Failures: 0, Errors: 0, Skipped: 0, Time elapsed: 0.149 s - in org.apache.hadoop.hdds.utils.TestRetriableTask
[INFO] Running org.apache.hadoop.hdds.utils.TestResourceLimitCache
[INFO] Tests run: 1, Failures: 0, Errors: 0, Skipped: 0, Time elapsed: 0.305 s - in org.apache.hadoop.hdds.utils.TestResourceLimitCache
[INFO] 
[INFO] Results:
[INFO] 
[WARNING] Tests run: 187, Failures: 0, Errors: 0, Skipped: 1
[INFO] 
[INFO] 
[INFO] ----------------< org.apache.hadoop:hadoop-hdds-client >----------------
[INFO] Building Apache Hadoop HDDS Client 1.1.0-SNAPSHOT                [12/38]
[INFO] --------------------------------[ jar ]---------------------------------
[INFO] 
[INFO] --- maven-antrun-plugin:1.3:run (create-testdirs) @ hadoop-hdds-client ---
[INFO] Executing tasks
[INFO] Executed tasks
[INFO] 
[INFO] --- jacoco-maven-plugin:0.8.5:prepare-agent (default-prepare-agent) @ hadoop-hdds-client ---
[INFO] argLine set to -javaagent:/home/user/.m2/repository/org/jacoco/org.jacoco.agent/0.8.5/org.jacoco.agent-0.8.5-runtime.jar=destfile=/github/workspace/hadoop-hdds/client/target/jacoco.exec,includes=org.apache.hadoop.hdds.*:org.apache.hadoop.ozone.*:org.apache.hadoop.fs.ozone.*
[INFO] 
[INFO] --- maven-remote-resources-plugin:1.5:process (default) @ hadoop-hdds-client ---
[INFO] 
[INFO] --- maven-resources-plugin:3.1.0:resources (default-resources) @ hadoop-hdds-client ---
[INFO] Using 'UTF-8' encoding to copy filtered resources.
[INFO] skip non existing resourceDirectory /github/workspace/hadoop-hdds/client/src/main/resources
[INFO] Copying 2 resources
[INFO] 
[INFO] --- maven-compiler-plugin:3.1:compile (default-compile) @ hadoop-hdds-client ---
[INFO] Compiling 3 source files to /github/workspace/hadoop-hdds/client/target/classes
[INFO] 
[INFO] --- maven-resources-plugin:3.1.0:testResources (default-testResources) @ hadoop-hdds-client ---
[INFO] Using 'UTF-8' encoding to copy filtered resources.
[INFO] Copying 1 resource
[INFO] Copying 2 resources
[INFO] 
[INFO] --- maven-compiler-plugin:3.1:testCompile (default-testCompile) @ hadoop-hdds-client ---
[INFO] Compiling 1 source file to /github/workspace/hadoop-hdds/client/target/test-classes
[INFO] 
[INFO] --- maven-surefire-plugin:3.0.0-M1:test (default-test) @ hadoop-hdds-client ---
[INFO] 
[INFO] -------------------------------------------------------
[INFO]  T E S T S
[INFO] -------------------------------------------------------
[INFO] Running org.apache.hadoop.hdds.scm.storage.TestBlockInputStream
[INFO] Tests run: 8, Failures: 0, Errors: 0, Skipped: 0, Time elapsed: 1.148 s - in org.apache.hadoop.hdds.scm.storage.TestBlockInputStream
[INFO] Running org.apache.hadoop.hdds.scm.storage.TestBufferPool
[INFO] Tests run: 1, Failures: 0, Errors: 0, Skipped: 0, Time elapsed: 0.095 s - in org.apache.hadoop.hdds.scm.storage.TestBufferPool
[INFO] Running org.apache.hadoop.hdds.scm.storage.TestChunkInputStream
[INFO] Tests run: 6, Failures: 0, Errors: 0, Skipped: 0, Time elapsed: 1.075 s - in org.apache.hadoop.hdds.scm.storage.TestChunkInputStream
[INFO] Running org.apache.hadoop.hdds.scm.storage.TestBlockOutputStreamCorrectness
[INFO] Tests run: 1, Failures: 0, Errors: 0, Skipped: 0, Time elapsed: 82.163 s - in org.apache.hadoop.hdds.scm.storage.TestBlockOutputStreamCorrectness
[INFO] 
[INFO] Results:
[INFO] 
[INFO] Tests run: 16, Failures: 0, Errors: 0, Skipped: 0
[INFO] 
[INFO] 
[INFO] -----------< org.apache.hadoop:hadoop-hdds-server-framework >-----------
[INFO] Building Apache Hadoop HDDS Server Framework 1.1.0-SNAPSHOT      [13/38]
[INFO] --------------------------------[ jar ]---------------------------------
[INFO] 
[INFO] --- maven-antrun-plugin:1.3:run (create-testdirs) @ hadoop-hdds-server-framework ---
[INFO] Executing tasks
[INFO] Executed tasks
[INFO] 
[INFO] --- jacoco-maven-plugin:0.8.5:prepare-agent (default-prepare-agent) @ hadoop-hdds-server-framework ---
[INFO] argLine set to -javaagent:/home/user/.m2/repository/org/jacoco/org.jacoco.agent/0.8.5/org.jacoco.agent-0.8.5-runtime.jar=destfile=/github/workspace/hadoop-hdds/framework/target/jacoco.exec,includes=org.apache.hadoop.hdds.*:org.apache.hadoop.ozone.*:org.apache.hadoop.fs.ozone.*
[INFO] 
[INFO] --- maven-remote-resources-plugin:1.5:process (default) @ hadoop-hdds-server-framework ---
[INFO] 
[INFO] --- maven-resources-plugin:3.1.0:resources (default-resources) @ hadoop-hdds-server-framework ---
[INFO] Using 'UTF-8' encoding to copy filtered resources.
[INFO] Copying 35 resources
[INFO] Copying 2 resources
[INFO] 
[INFO] --- maven-compiler-plugin:3.1:compile (default-compile) @ hadoop-hdds-server-framework ---
[INFO] Compiling 23 source files to /github/workspace/hadoop-hdds/framework/target/classes
[INFO] 
[INFO] --- maven-resources-plugin:3.1.0:testResources (default-testResources) @ hadoop-hdds-server-framework ---
[INFO] Using 'UTF-8' encoding to copy filtered resources.
[INFO] Copying 2 resources
[INFO] Copying 2 resources
[INFO] 
[INFO] --- maven-compiler-plugin:3.1:testCompile (default-testCompile) @ hadoop-hdds-server-framework ---
[INFO] Compiling 11 source files to /github/workspace/hadoop-hdds/framework/target/test-classes
[INFO] 
[INFO] --- maven-surefire-plugin:3.0.0-M1:test (default-test) @ hadoop-hdds-server-framework ---
[INFO] 
[INFO] -------------------------------------------------------
[INFO]  T E S T S
[INFO] -------------------------------------------------------
[INFO] Running org.apache.hadoop.hdds.server.http.TestRatisNameRewrite
[INFO] Tests run: 5, Failures: 0, Errors: 0, Skipped: 0, Time elapsed: 0.122 s - in org.apache.hadoop.hdds.server.http.TestRatisNameRewrite
[INFO] Running org.apache.hadoop.hdds.server.http.TestProfileServlet
[INFO] Tests run: 3, Failures: 0, Errors: 0, Skipped: 0, Time elapsed: 0.107 s - in org.apache.hadoop.hdds.server.http.TestProfileServlet
[INFO] Running org.apache.hadoop.hdds.server.http.TestRatisDropwizardExports
[INFO] Tests run: 1, Failures: 0, Errors: 0, Skipped: 0, Time elapsed: 0.22 s - in org.apache.hadoop.hdds.server.http.TestRatisDropwizardExports
[INFO] Running org.apache.hadoop.hdds.server.http.TestHttpRequestLogAppender
[INFO] Tests run: 1, Failures: 0, Errors: 0, Skipped: 0, Time elapsed: 0.064 s - in org.apache.hadoop.hdds.server.http.TestHttpRequestLogAppender
[INFO] Running org.apache.hadoop.hdds.server.http.TestPrometheusMetricsSink
[INFO] Tests run: 6, Failures: 0, Errors: 0, Skipped: 0, Time elapsed: 0.273 s - in org.apache.hadoop.hdds.server.http.TestPrometheusMetricsSink
[INFO] Running org.apache.hadoop.hdds.server.http.TestHttpRequestLog
[INFO] Tests run: 2, Failures: 0, Errors: 0, Skipped: 0, Time elapsed: 0.136 s - in org.apache.hadoop.hdds.server.http.TestHttpRequestLog
[INFO] Running org.apache.hadoop.hdds.server.http.TestBaseHttpServer
[INFO] Tests run: 1, Failures: 0, Errors: 0, Skipped: 0, Time elapsed: 0.372 s - in org.apache.hadoop.hdds.server.http.TestBaseHttpServer
[INFO] Running org.apache.hadoop.hdds.server.http.TestHtmlQuoting
[INFO] Tests run: 4, Failures: 0, Errors: 0, Skipped: 0, Time elapsed: 0.578 s - in org.apache.hadoop.hdds.server.http.TestHtmlQuoting
[INFO] Running org.apache.hadoop.hdds.server.TestServerUtils
[INFO] Tests run: 6, Failures: 0, Errors: 0, Skipped: 0, Time elapsed: 0.448 s - in org.apache.hadoop.hdds.server.TestServerUtils
[INFO] Running org.apache.hadoop.hdds.server.TestJsonUtils
[INFO] Tests run: 1, Failures: 0, Errors: 0, Skipped: 0, Time elapsed: 0.418 s - in org.apache.hadoop.hdds.server.TestJsonUtils
[INFO] Running org.apache.hadoop.hdds.server.events.TestEventQueue
[INFO] Tests run: 2, Failures: 0, Errors: 0, Skipped: 0, Time elapsed: 0.572 s - in org.apache.hadoop.hdds.server.events.TestEventQueue
[INFO] Running org.apache.hadoop.hdds.server.events.TestEventWatcher
[INFO] Tests run: 3, Failures: 0, Errors: 0, Skipped: 0, Time elapsed: 11.446 s - in org.apache.hadoop.hdds.server.events.TestEventWatcher
[INFO] Running org.apache.hadoop.hdds.server.events.TestEventQueueChain
[INFO] Tests run: 1, Failures: 0, Errors: 0, Skipped: 0, Time elapsed: 0.326 s - in org.apache.hadoop.hdds.server.events.TestEventQueueChain
[INFO] Running org.apache.hadoop.hdds.security.x509.certificate.client.TestCertificateClientInit
[INFO] Tests run: 16, Failures: 0, Errors: 0, Skipped: 0, Time elapsed: 4.096 s - in org.apache.hadoop.hdds.security.x509.certificate.client.TestCertificateClientInit
[INFO] Running org.apache.hadoop.hdds.security.x509.certificate.client.TestDefaultCertificateClient
[INFO] Tests run: 9, Failures: 0, Errors: 0, Skipped: 0, Time elapsed: 11.694 s - in org.apache.hadoop.hdds.security.x509.certificate.client.TestDefaultCertificateClient
[INFO] Running org.apache.hadoop.hdds.security.x509.certificate.authority.TestDefaultCAServer
[INFO] Tests run: 6, Failures: 0, Errors: 0, Skipped: 0, Time elapsed: 2.396 s - in org.apache.hadoop.hdds.security.x509.certificate.authority.TestDefaultCAServer
[INFO] Running org.apache.hadoop.hdds.security.x509.certificate.authority.TestDefaultProfile
[INFO] Tests run: 10, Failures: 0, Errors: 0, Skipped: 0, Time elapsed: 4.334 s - in org.apache.hadoop.hdds.security.x509.certificate.authority.TestDefaultProfile
[INFO] Running org.apache.hadoop.hdds.security.x509.certificate.utils.TestCRLCodec
[INFO] Tests run: 4, Failures: 0, Errors: 0, Skipped: 0, Time elapsed: 1.845 s - in org.apache.hadoop.hdds.security.x509.certificate.utils.TestCRLCodec
[INFO] Running org.apache.hadoop.hdds.security.x509.certificate.utils.TestCertificateCodec
[INFO] Tests run: 4, Failures: 0, Errors: 0, Skipped: 0, Time elapsed: 1.612 s - in org.apache.hadoop.hdds.security.x509.certificate.utils.TestCertificateCodec
[INFO] Running org.apache.hadoop.hdds.security.x509.keys.TestKeyCodec
[INFO] Tests run: 4, Failures: 0, Errors: 0, Skipped: 0, Time elapsed: 1.785 s - in org.apache.hadoop.hdds.security.x509.keys.TestKeyCodec
[INFO] Running org.apache.hadoop.hdds.security.x509.keys.TestHDDSKeyGenerator
[INFO] Tests run: 2, Failures: 0, Errors: 0, Skipped: 0, Time elapsed: 2.902 s - in org.apache.hadoop.hdds.security.x509.keys.TestHDDSKeyGenerator
[INFO] Running org.apache.hadoop.hdds.security.x509.certificates.TestCertificateSignRequest
[INFO] Tests run: 4, Failures: 0, Errors: 0, Skipped: 0, Time elapsed: 1.626 s - in org.apache.hadoop.hdds.security.x509.certificates.TestCertificateSignRequest
[INFO] Running org.apache.hadoop.hdds.security.x509.certificates.TestRootCertificate
[INFO] Tests run: 3, Failures: 0, Errors: 0, Skipped: 0, Time elapsed: 1.82 s - in org.apache.hadoop.hdds.security.x509.certificates.TestRootCertificate
[INFO] Running org.apache.hadoop.hdds.security.token.TestOzoneBlockTokenIdentifier
[INFO] Tests run: 4, Failures: 0, Errors: 0, Skipped: 0, Time elapsed: 1.212 s - in org.apache.hadoop.hdds.security.token.TestOzoneBlockTokenIdentifier
[INFO] Running org.apache.hadoop.hdds.scm.exceptions.TestSCMExceptionResultCodes
[INFO] Tests run: 1, Failures: 0, Errors: 0, Skipped: 0, Time elapsed: 0.076 s - in org.apache.hadoop.hdds.scm.exceptions.TestSCMExceptionResultCodes
[INFO] Running org.apache.hadoop.hdds.utils.db.TestDBConfigFromFile
[INFO] Tests run: 2, Failures: 0, Errors: 0, Skipped: 0, Time elapsed: 0.204 s - in org.apache.hadoop.hdds.utils.db.TestDBConfigFromFile
[INFO] Running org.apache.hadoop.hdds.utils.db.TestRDBTableStore
[INFO] Tests run: 10, Failures: 0, Errors: 0, Skipped: 0, Time elapsed: 0.993 s - in org.apache.hadoop.hdds.utils.db.TestRDBTableStore
[INFO] Running org.apache.hadoop.hdds.utils.db.TestDBStoreBuilder
[INFO] Tests run: 7, Failures: 0, Errors: 0, Skipped: 0, Time elapsed: 0.699 s - in org.apache.hadoop.hdds.utils.db.TestDBStoreBuilder
[INFO] Running org.apache.hadoop.hdds.utils.db.TestRDBStoreIterator
[INFO] Tests run: 12, Failures: 0, Errors: 0, Skipped: 0, Time elapsed: 0.686 s - in org.apache.hadoop.hdds.utils.db.TestRDBStoreIterator
[INFO] Running org.apache.hadoop.hdds.utils.db.cache.TestTableCache
[INFO] Tests run: 14, Failures: 0, Errors: 0, Skipped: 0, Time elapsed: 2.202 s - in org.apache.hadoop.hdds.utils.db.cache.TestTableCache
[INFO] Running org.apache.hadoop.hdds.utils.db.TestTypedRDBTableStore
[INFO] Tests run: 12, Failures: 0, Errors: 0, Skipped: 0, Time elapsed: 1.14 s - in org.apache.hadoop.hdds.utils.db.TestTypedRDBTableStore
[INFO] Running org.apache.hadoop.hdds.utils.db.TestRDBStore
[INFO] Tests run: 13, Failures: 0, Errors: 0, Skipped: 0, Time elapsed: 3.076 s - in org.apache.hadoop.hdds.utils.db.TestRDBStore
[INFO] Running org.apache.hadoop.hdds.utils.TestMetadataStore
[INFO] Tests run: 26, Failures: 0, Errors: 0, Skipped: 0, Time elapsed: 1.123 s - in org.apache.hadoop.hdds.utils.TestMetadataStore
[INFO] Running org.apache.hadoop.hdds.utils.TestRocksDBStoreMBean
[INFO] Tests run: 3, Failures: 0, Errors: 0, Skipped: 0, Time elapsed: 4.608 s - in org.apache.hadoop.hdds.utils.TestRocksDBStoreMBean
[INFO] 
[INFO] Results:
[INFO] 
[INFO] Tests run: 202, Failures: 0, Errors: 0, Skipped: 0
[INFO] 
[INFO] 
[INFO] -----------------< org.apache.hadoop:hadoop-hdds-docs >-----------------
[INFO] Building Apache Ozone/HDDS Documentation 1.1.0-SNAPSHOT          [14/38]
[INFO] --------------------------------[ jar ]---------------------------------
[INFO] 
[INFO] --- maven-antrun-plugin:1.3:run (create-testdirs) @ hadoop-hdds-docs ---
[INFO] Executing tasks
[INFO] Executed tasks
[INFO] 
[INFO] --- jacoco-maven-plugin:0.8.5:prepare-agent (default-prepare-agent) @ hadoop-hdds-docs ---
[INFO] argLine set to -javaagent:/home/user/.m2/repository/org/jacoco/org.jacoco.agent/0.8.5/org.jacoco.agent-0.8.5-runtime.jar=destfile=/github/workspace/hadoop-hdds/docs/target/jacoco.exec,includes=org.apache.hadoop.hdds.*:org.apache.hadoop.ozone.*:org.apache.hadoop.fs.ozone.*
[INFO] 
[INFO] --- maven-remote-resources-plugin:1.5:process (default) @ hadoop-hdds-docs ---
[INFO] 
[INFO] --- maven-resources-plugin:3.1.0:resources (default-resources) @ hadoop-hdds-docs ---
[INFO] Using 'UTF-8' encoding to copy filtered resources.
[INFO] skip non existing resourceDirectory /github/workspace/hadoop-hdds/docs/src/main/resources
[INFO] Copying 2 resources
[INFO] 
[INFO] --- maven-compiler-plugin:3.1:compile (default-compile) @ hadoop-hdds-docs ---
[INFO] No sources to compile
[INFO] 
[INFO] --- exec-maven-plugin:1.3.1:exec (default) @ hadoop-hdds-docs ---
Building sites  
                   | EN | ZH  
+------------------+----+----+
  Pages            | 78 | 48  
  Paginator pages  |  0 |  0  
  Non-page files   | 22 | 22  
  Static files     | 24 | 24  
  Processed images |  0 |  0  
  Aliases          |  1 |  0  
  Sitemaps         |  2 |  1  
  Cleaned          |  0 |  0  

Total in 200 ms
/github/workspace/hadoop-hdds/docs
[INFO] 
[INFO] --- maven-resources-plugin:3.1.0:testResources (default-testResources) @ hadoop-hdds-docs ---
[INFO] Using 'UTF-8' encoding to copy filtered resources.
[INFO] skip non existing resourceDirectory /github/workspace/hadoop-hdds/docs/src/test/resources
[INFO] Copying 2 resources
[INFO] 
[INFO] --- maven-compiler-plugin:3.1:testCompile (default-testCompile) @ hadoop-hdds-docs ---
[INFO] No sources to compile
[INFO] 
[INFO] --- maven-surefire-plugin:3.0.0-M1:test (default-test) @ hadoop-hdds-docs ---
[INFO] 
[INFO] ----------< org.apache.hadoop:hadoop-hdds-container-service >-----------
[INFO] Building Apache Hadoop HDDS Container Service 1.1.0-SNAPSHOT     [15/38]
[INFO] --------------------------------[ jar ]---------------------------------
[INFO] 
[INFO] --- maven-antrun-plugin:1.3:run (create-testdirs) @ hadoop-hdds-container-service ---
[INFO] Executing tasks
[INFO] Executed tasks
[INFO] 
[INFO] --- jacoco-maven-plugin:0.8.5:prepare-agent (default-prepare-agent) @ hadoop-hdds-container-service ---
[INFO] argLine set to -javaagent:/home/user/.m2/repository/org/jacoco/org.jacoco.agent/0.8.5/org.jacoco.agent-0.8.5-runtime.jar=destfile=/github/workspace/hadoop-hdds/container-service/target/jacoco.exec,includes=org.apache.hadoop.hdds.*:org.apache.hadoop.ozone.*:org.apache.hadoop.fs.ozone.*
[INFO] 
[INFO] --- maven-remote-resources-plugin:1.5:process (default) @ hadoop-hdds-container-service ---
[INFO] 
[INFO] --- maven-resources-plugin:3.1.0:resources (default-resources) @ hadoop-hdds-container-service ---
[INFO] Using 'UTF-8' encoding to copy filtered resources.
[INFO] Copying 5 resources
[INFO] Copying 2 resources
[INFO] 
[INFO] --- maven-compiler-plugin:3.1:compile (default-compile) @ hadoop-hdds-container-service ---
[INFO] Compiling 28 source files to /github/workspace/hadoop-hdds/container-service/target/classes
[INFO] 
[INFO] --- maven-resources-plugin:3.1.0:testResources (default-testResources) @ hadoop-hdds-container-service ---
[INFO] Using 'UTF-8' encoding to copy filtered resources.
[INFO] Copying 16 resources
[INFO] Copying 2 resources
[INFO] 
[INFO] --- maven-compiler-plugin:3.1:testCompile (default-testCompile) @ hadoop-hdds-container-service ---
[INFO] Compiling 9 source files to /github/workspace/hadoop-hdds/container-service/target/test-classes
[INFO] 
[INFO] --- maven-surefire-plugin:3.0.0-M1:test (default-test) @ hadoop-hdds-container-service ---
[INFO] 
[INFO] -------------------------------------------------------
[INFO]  T E S T S
[INFO] -------------------------------------------------------
[INFO] Running org.apache.hadoop.ozone.TestHddsSecureDatanodeInit
[INFO] Tests run: 9, Failures: 0, Errors: 0, Skipped: 0, Time elapsed: 2.125 s - in org.apache.hadoop.ozone.TestHddsSecureDatanodeInit
[INFO] Running org.apache.hadoop.ozone.container.common.states.endpoint.TestHeartbeatEndpointTask
[INFO] Tests run: 6, Failures: 0, Errors: 0, Skipped: 0, Time elapsed: 1.948 s - in org.apache.hadoop.ozone.container.common.states.endpoint.TestHeartbeatEndpointTask
[INFO] Running org.apache.hadoop.ozone.container.common.states.datanode.TestRunningDatanodeState
[INFO] Tests run: 1, Failures: 0, Errors: 0, Skipped: 0, Time elapsed: 1.524 s - in org.apache.hadoop.ozone.container.common.states.datanode.TestRunningDatanodeState
[INFO] Running org.apache.hadoop.ozone.container.common.TestChunkLayOutVersion
[INFO] Tests run: 3, Failures: 0, Errors: 0, Skipped: 0, Time elapsed: 0.115 s - in org.apache.hadoop.ozone.container.common.TestChunkLayOutVersion
[INFO] Running org.apache.hadoop.ozone.container.common.impl.TestContainerDeletionChoosingPolicy
[INFO] Tests run: 4, Failures: 0, Errors: 0, Skipped: 0, Time elapsed: 1.469 s - in org.apache.hadoop.ozone.container.common.impl.TestContainerDeletionChoosingPolicy
[INFO] Running org.apache.hadoop.ozone.container.common.impl.TestContainerPersistence
[INFO] Tests run: 32, Failures: 0, Errors: 0, Skipped: 0, Time elapsed: 4.942 s - in org.apache.hadoop.ozone.container.common.impl.TestContainerPersistence
[INFO] Running org.apache.hadoop.ozone.container.common.impl.TestHddsDispatcher
[INFO] Tests run: 8, Failures: 0, Errors: 0, Skipped: 0, Time elapsed: 3.334 s - in org.apache.hadoop.ozone.container.common.impl.TestHddsDispatcher
[INFO] Running org.apache.hadoop.ozone.container.common.impl.TestContainerSet
[INFO] Tests run: 14, Failures: 0, Errors: 0, Skipped: 0, Time elapsed: 1.315 s - in org.apache.hadoop.ozone.container.common.impl.TestContainerSet
[INFO] Running org.apache.hadoop.ozone.container.common.impl.TestContainerDataYaml
[INFO] Tests run: 10, Failures: 0, Errors: 0, Skipped: 0, Time elapsed: 0.582 s - in org.apache.hadoop.ozone.container.common.impl.TestContainerDataYaml
[INFO] Running org.apache.hadoop.ozone.container.common.interfaces.TestHandler
[INFO] Tests run: 2, Failures: 0, Errors: 0, Skipped: 0, Time elapsed: 2.453 s - in org.apache.hadoop.ozone.container.common.interfaces.TestHandler
[INFO] Running org.apache.hadoop.ozone.container.common.TestDatanodeStateMachine
[INFO] Tests run: 4, Failures: 0, Errors: 0, Skipped: 0, Time elapsed: 9.725 s - in org.apache.hadoop.ozone.container.common.TestDatanodeStateMachine
[INFO] Running org.apache.hadoop.ozone.container.common.TestSchemaOneBackwardsCompatibility
[INFO] Tests run: 10, Failures: 0, Errors: 0, Skipped: 0, Time elapsed: 3.197 s - in org.apache.hadoop.ozone.container.common.TestSchemaOneBackwardsCompatibility
[INFO] Running org.apache.hadoop.ozone.container.common.report.TestReportManager
[INFO] Tests run: 1, Failures: 0, Errors: 0, Skipped: 0, Time elapsed: 1.469 s - in org.apache.hadoop.ozone.container.common.report.TestReportManager
[INFO] Running org.apache.hadoop.ozone.container.common.report.TestReportPublisher
[INFO] Tests run: 4, Failures: 0, Errors: 0, Skipped: 0, Time elapsed: 2.069 s - in org.apache.hadoop.ozone.container.common.report.TestReportPublisher
[INFO] Running org.apache.hadoop.ozone.container.common.report.TestReportPublisherFactory
[INFO] Tests run: 3, Failures: 0, Errors: 0, Skipped: 0, Time elapsed: 0.315 s - in org.apache.hadoop.ozone.container.common.report.TestReportPublisherFactory
[INFO] Running org.apache.hadoop.ozone.container.common.TestBlockDeletingService
[INFO] Tests run: 20, Failures: 0, Errors: 0, Skipped: 0, Time elapsed: 11.463 s - in org.apache.hadoop.ozone.container.common.TestBlockDeletingService
[INFO] Running org.apache.hadoop.ozone.container.common.TestKeyValueContainerData
[INFO] Tests run: 2, Failures: 0, Errors: 0, Skipped: 0, Time elapsed: 0.207 s - in org.apache.hadoop.ozone.container.common.TestKeyValueContainerData
[INFO] Running org.apache.hadoop.ozone.container.common.volume.TestRoundRobinVolumeChoosingPolicy
[INFO] Tests run: 2, Failures: 0, Errors: 0, Skipped: 0, Time elapsed: 0.268 s - in org.apache.hadoop.ozone.container.common.volume.TestRoundRobinVolumeChoosingPolicy
[INFO] Running org.apache.hadoop.ozone.container.common.volume.TestVolumeSetDiskChecks
[INFO] Tests run: 3, Failures: 0, Errors: 0, Skipped: 0, Time elapsed: 0.599 s - in org.apache.hadoop.ozone.container.common.volume.TestVolumeSetDiskChecks
[INFO] Running org.apache.hadoop.ozone.container.common.volume.TestVolumeSet
[INFO] Tests run: 8, Failures: 0, Errors: 0, Skipped: 0, Time elapsed: 0.776 s - in org.apache.hadoop.ozone.container.common.volume.TestVolumeSet
[INFO] Running org.apache.hadoop.ozone.container.common.volume.TestHddsVolume
[INFO] Tests run: 3, Failures: 0, Errors: 0, Skipped: 0, Time elapsed: 0.27 s - in org.apache.hadoop.ozone.container.common.volume.TestHddsVolume
[INFO] Running org.apache.hadoop.ozone.container.common.volume.TestHddsVolumeChecker
[INFO] Tests run: 24, Failures: 0, Errors: 0, Skipped: 0, Time elapsed: 3.879 s - in org.apache.hadoop.ozone.container.common.volume.TestHddsVolumeChecker
[INFO] Running org.apache.hadoop.ozone.container.common.statemachine.commandhandler.TestCreatePipelineCommandHandler
[INFO] Tests run: 2, Failures: 0, Errors: 0, Skipped: 0, Time elapsed: 4.522 s - in org.apache.hadoop.ozone.container.common.statemachine.commandhandler.TestCreatePipelineCommandHandler
[INFO] Running org.apache.hadoop.ozone.container.common.statemachine.commandhandler.TestCloseContainerCommandHandler
[INFO] Tests run: 12, Failures: 0, Errors: 0, Skipped: 0, Time elapsed: 2.307 s - in org.apache.hadoop.ozone.container.common.statemachine.commandhandler.TestCloseContainerCommandHandler
[INFO] Running org.apache.hadoop.ozone.container.common.statemachine.TestStateContext
[INFO] Tests run: 8, Failures: 0, Errors: 0, Skipped: 0, Time elapsed: 2.278 s - in org.apache.hadoop.ozone.container.common.statemachine.TestStateContext
[INFO] Running org.apache.hadoop.ozone.container.common.statemachine.TestDatanodeConfiguration
[INFO] Tests run: 3, Failures: 0, Errors: 0, Skipped: 0, Time elapsed: 0.392 s - in org.apache.hadoop.ozone.container.common.statemachine.TestDatanodeConfiguration
[INFO] Running org.apache.hadoop.ozone.container.common.TestDatanodeLayOutVersion
[INFO] Tests run: 1, Failures: 0, Errors: 0, Skipped: 0, Time elapsed: 0.052 s - in org.apache.hadoop.ozone.container.common.TestDatanodeLayOutVersion
[INFO] Running org.apache.hadoop.ozone.container.common.helpers.TestDatanodeVersionFile
[INFO] Tests run: 4, Failures: 0, Errors: 0, Skipped: 0, Time elapsed: 0.124 s - in org.apache.hadoop.ozone.container.common.helpers.TestDatanodeVersionFile
[INFO] Running org.apache.hadoop.ozone.container.common.helpers.TestBlockData
[INFO] Tests run: 3, Failures: 0, Errors: 0, Skipped: 0, Time elapsed: 0.385 s - in org.apache.hadoop.ozone.container.common.helpers.TestBlockData
[INFO] Running org.apache.hadoop.ozone.container.common.TestContainerCache
[INFO] Tests run: 2, Failures: 0, Errors: 0, Skipped: 0, Time elapsed: 0.744 s - in org.apache.hadoop.ozone.container.common.TestContainerCache
[INFO] Running org.apache.hadoop.ozone.container.keyvalue.impl.TestFilePerChunkStrategy
[INFO] Tests run: 9, Failures: 0, Errors: 0, Skipped: 0, Time elapsed: 2.738 s - in org.apache.hadoop.ozone.container.keyvalue.impl.TestFilePerChunkStrategy
[INFO] Running org.apache.hadoop.ozone.container.keyvalue.impl.TestChunkManagerDummyImpl
[INFO] Tests run: 2, Failures: 0, Errors: 0, Skipped: 0, Time elapsed: 1.909 s - in org.apache.hadoop.ozone.container.keyvalue.impl.TestChunkManagerDummyImpl
[INFO] Running org.apache.hadoop.ozone.container.keyvalue.impl.TestFilePerBlockStrategy
[INFO] Tests run: 10, Failures: 0, Errors: 0, Skipped: 0, Time elapsed: 3.158 s - in org.apache.hadoop.ozone.container.keyvalue.impl.TestFilePerBlockStrategy
[INFO] Running org.apache.hadoop.ozone.container.keyvalue.impl.TestBlockManagerImpl
[INFO] Tests run: 8, Failures: 0, Errors: 0, Skipped: 0, Time elapsed: 2.289 s - in org.apache.hadoop.ozone.container.keyvalue.impl.TestBlockManagerImpl
[INFO] Running org.apache.hadoop.ozone.container.keyvalue.TestKeyValueContainerMarkUnhealthy
[INFO] Tests run: 10, Failures: 0, Errors: 0, Skipped: 0, Time elapsed: 2.253 s - in org.apache.hadoop.ozone.container.keyvalue.TestKeyValueContainerMarkUnhealthy
[INFO] Running org.apache.hadoop.ozone.container.keyvalue.TestKeyValueHandler
[INFO] Tests run: 6, Failures: 0, Errors: 0, Skipped: 0, Time elapsed: 3.598 s - in org.apache.hadoop.ozone.container.keyvalue.TestKeyValueHandler
[INFO] Running org.apache.hadoop.ozone.container.keyvalue.TestKeyValueContainerCheck
[INFO] Tests run: 4, Failures: 0, Errors: 0, Skipped: 0, Time elapsed: 1.463 s - in org.apache.hadoop.ozone.container.keyvalue.TestKeyValueContainerCheck
[INFO] Running org.apache.hadoop.ozone.container.keyvalue.TestKeyValueHandlerWithUnhealthyContainer
[INFO] Tests run: 6, Failures: 0, Errors: 0, Skipped: 0, Time elapsed: 2.24 s - in org.apache.hadoop.ozone.container.keyvalue.TestKeyValueHandlerWithUnhealthyContainer
[INFO] Running org.apache.hadoop.ozone.container.keyvalue.TestTarContainerPacker
[INFO] Tests run: 10, Failures: 0, Errors: 0, Skipped: 0, Time elapsed: 0.361 s - in org.apache.hadoop.ozone.container.keyvalue.TestTarContainerPacker
[INFO] Running org.apache.hadoop.ozone.container.keyvalue.TestKeyValueContainer
[INFO] Tests run: 22, Failures: 0, Errors: 0, Skipped: 0, Time elapsed: 3.879 s - in org.apache.hadoop.ozone.container.keyvalue.TestKeyValueContainer
[INFO] Running org.apache.hadoop.ozone.container.keyvalue.TestKeyValueBlockIterator
[INFO] Tests run: 12, Failures: 0, Errors: 0, Skipped: 0, Time elapsed: 1.785 s - in org.apache.hadoop.ozone.container.keyvalue.TestKeyValueBlockIterator
[INFO] Running org.apache.hadoop.ozone.container.keyvalue.helpers.TestChunkUtils
[INFO] Tests run: 5, Failures: 0, Errors: 0, Skipped: 0, Time elapsed: 1.494 s - in org.apache.hadoop.ozone.container.keyvalue.helpers.TestChunkUtils
[INFO] Running org.apache.hadoop.ozone.container.replication.TestGrpcOutputStream
[INFO] Tests run: 8, Failures: 0, Errors: 0, Skipped: 0, Time elapsed: 1.253 s - in org.apache.hadoop.ozone.container.replication.TestGrpcOutputStream
[INFO] Running org.apache.hadoop.ozone.container.replication.TestReplicationSupervisor
[INFO] Tests run: 10, Failures: 0, Errors: 0, Skipped: 0, Time elapsed: 1.181 s - in org.apache.hadoop.ozone.container.replication.TestReplicationSupervisor
[INFO] Running org.apache.hadoop.ozone.container.replication.TestMeasuredReplicator
[INFO] Tests run: 3, Failures: 0, Errors: 0, Skipped: 0, Time elapsed: 1.064 s - in org.apache.hadoop.ozone.container.replication.TestMeasuredReplicator
[INFO] Running org.apache.hadoop.ozone.container.replication.TestSimpleContainerDownloader
[INFO] Tests run: 4, Failures: 0, Errors: 0, Skipped: 0, Time elapsed: 0.906 s - in org.apache.hadoop.ozone.container.replication.TestSimpleContainerDownloader
[INFO] Running org.apache.hadoop.ozone.container.ozoneimpl.TestOzoneContainer
[INFO] Tests run: 8, Failures: 0, Errors: 0, Skipped: 0, Time elapsed: 4.457 s - in org.apache.hadoop.ozone.container.ozoneimpl.TestOzoneContainer
[INFO] Running org.apache.hadoop.ozone.container.ozoneimpl.TestContainerReader
[INFO] Tests run: 2, Failures: 0, Errors: 0, Skipped: 0, Time elapsed: 5.969 s - in org.apache.hadoop.ozone.container.ozoneimpl.TestContainerReader
[INFO] Running org.apache.hadoop.ozone.container.ozoneimpl.TestContainerScrubberMetrics
[INFO] Tests run: 4, Failures: 0, Errors: 0, Skipped: 0, Time elapsed: 2.012 s - in org.apache.hadoop.ozone.container.ozoneimpl.TestContainerScrubberMetrics
[INFO] Running org.apache.hadoop.ozone.TestHddsDatanodeService
[INFO] Tests run: 1, Failures: 0, Errors: 0, Skipped: 0, Time elapsed: 2.291 s - in org.apache.hadoop.ozone.TestHddsDatanodeService
[INFO] 
[INFO] Results:
[INFO] 
[INFO] Tests run: 352, Failures: 0, Errors: 0, Skipped: 0
[INFO] 
[INFO] 
[INFO] --------------< org.apache.hadoop:hadoop-hdds-server-scm >--------------
[INFO] Building Apache Hadoop HDDS SCM Server 1.1.0-SNAPSHOT            [16/38]
[INFO] --------------------------------[ jar ]---------------------------------
[INFO] 
[INFO] --- maven-antrun-plugin:1.3:run (create-testdirs) @ hadoop-hdds-server-scm ---
[INFO] Executing tasks
[INFO] Executed tasks
[INFO] 
[INFO] --- jacoco-maven-plugin:0.8.5:prepare-agent (default-prepare-agent) @ hadoop-hdds-server-scm ---
[INFO] argLine set to -javaagent:/home/user/.m2/repository/org/jacoco/org.jacoco.agent/0.8.5/org.jacoco.agent-0.8.5-runtime.jar=destfile=/github/workspace/hadoop-hdds/server-scm/target/jacoco.exec,includes=org.apache.hadoop.hdds.*:org.apache.hadoop.ozone.*:org.apache.hadoop.fs.ozone.*
[INFO] 
[INFO] --- maven-remote-resources-plugin:1.5:process (default) @ hadoop-hdds-server-scm ---
[INFO] 
[INFO] --- maven-resources-plugin:3.1.0:resources (default-resources) @ hadoop-hdds-server-scm ---
[INFO] Using 'UTF-8' encoding to copy filtered resources.
[INFO] Copying 4 resources
[INFO] Copying 2 resources
[INFO] 
[INFO] --- maven-compiler-plugin:3.1:compile (default-compile) @ hadoop-hdds-server-scm ---
[INFO] Compiling 23 source files to /github/workspace/hadoop-hdds/server-scm/target/classes
[INFO] 
[INFO] --- maven-resources-plugin:3.1.0:testResources (default-testResources) @ hadoop-hdds-server-scm ---
[INFO] Using 'UTF-8' encoding to copy filtered resources.
[INFO] Copying 6 resources
[INFO] Copying 2 resources
[INFO] Copying 2 resources
[INFO] 
[INFO] --- maven-compiler-plugin:3.1:testCompile (default-testCompile) @ hadoop-hdds-server-scm ---
[INFO] Compiling 14 source files to /github/workspace/hadoop-hdds/server-scm/target/test-classes
[INFO] 
[INFO] --- maven-surefire-plugin:3.0.0-M1:test (default-test) @ hadoop-hdds-server-scm ---
[INFO] 
[INFO] -------------------------------------------------------
[INFO]  T E S T S
[INFO] -------------------------------------------------------
[INFO] Running org.apache.hadoop.ozone.container.common.TestEndPoint
[INFO] Tests run: 15, Failures: 0, Errors: 0, Skipped: 0, Time elapsed: 5.47 s - in org.apache.hadoop.ozone.container.common.TestEndPoint
[INFO] Running org.apache.hadoop.ozone.container.placement.TestContainerPlacement
[INFO] Tests run: 1, Failures: 0, Errors: 0, Skipped: 0, Time elapsed: 2.116 s - in org.apache.hadoop.ozone.container.placement.TestContainerPlacement
[INFO] Running org.apache.hadoop.ozone.container.placement.TestDatanodeMetrics
[INFO] Tests run: 1, Failures: 0, Errors: 0, Skipped: 0, Time elapsed: 0.09 s - in org.apache.hadoop.ozone.container.placement.TestDatanodeMetrics
[INFO] Running org.apache.hadoop.ozone.scm.node.TestSCMNodeMetrics
[INFO] Tests run: 5, Failures: 0, Errors: 0, Skipped: 0, Time elapsed: 3.496 s - in org.apache.hadoop.ozone.scm.node.TestSCMNodeMetrics
[INFO] Running org.apache.hadoop.hdds.scm.container.TestContainerReportHandler
[INFO] Tests run: 8, Failures: 0, Errors: 0, Skipped: 0, Time elapsed: 1.097 s - in org.apache.hadoop.hdds.scm.container.TestContainerReportHandler
[INFO] Running org.apache.hadoop.hdds.scm.container.TestSCMContainerManager
[INFO] Tests run: 8, Failures: 0, Errors: 0, Skipped: 0, Time elapsed: 1.041 s - in org.apache.hadoop.hdds.scm.container.TestSCMContainerManager
[INFO] Running org.apache.hadoop.hdds.scm.container.states.TestContainerAttribute
[INFO] Tests run: 5, Failures: 0, Errors: 0, Skipped: 0, Time elapsed: 0.157 s - in org.apache.hadoop.hdds.scm.container.states.TestContainerAttribute
[INFO] Running org.apache.hadoop.hdds.scm.container.states.TestContainerReplicaCount
[INFO] Tests run: 34, Failures: 0, Errors: 0, Skipped: 0, Time elapsed: 0.285 s - in org.apache.hadoop.hdds.scm.container.states.TestContainerReplicaCount
[INFO] Running org.apache.hadoop.hdds.scm.container.TestCloseContainerEventHandler
[INFO] Tests run: 4, Failures: 0, Errors: 0, Skipped: 0, Time elapsed: 3.531 s - in org.apache.hadoop.hdds.scm.container.TestCloseContainerEventHandler
[INFO] Running org.apache.hadoop.hdds.scm.container.TestIncrementalContainerReportHandler
[INFO] Tests run: 4, Failures: 0, Errors: 0, Skipped: 0, Time elapsed: 1.149 s - in org.apache.hadoop.hdds.scm.container.TestIncrementalContainerReportHandler
[INFO] Running org.apache.hadoop.hdds.scm.container.TestUnknownContainerReport
[INFO] Tests run: 2, Failures: 0, Errors: 0, Skipped: 0, Time elapsed: 1.066 s - in org.apache.hadoop.hdds.scm.container.TestUnknownContainerReport
[INFO] Running org.apache.hadoop.hdds.scm.container.TestContainerActionsHandler
[INFO] Tests run: 1, Failures: 0, Errors: 0, Skipped: 0, Time elapsed: 0.542 s - in org.apache.hadoop.hdds.scm.container.TestContainerActionsHandler
[INFO] Running org.apache.hadoop.hdds.scm.container.placement.algorithms.TestSCMContainerPlacementRandom
[INFO] Tests run: 2, Failures: 0, Errors: 0, Skipped: 0, Time elapsed: 0.469 s - in org.apache.hadoop.hdds.scm.container.placement.algorithms.TestSCMContainerPlacementRandom
[INFO] Running org.apache.hadoop.hdds.scm.container.placement.algorithms.TestSCMContainerPlacementRackAware
[WARNING] Tests run: 117, Failures: 0, Errors: 0, Skipped: 52, Time elapsed: 0.95 s - in org.apache.hadoop.hdds.scm.container.placement.algorithms.TestSCMContainerPlacementRackAware
[INFO] Running org.apache.hadoop.hdds.scm.container.placement.algorithms.TestSCMContainerPlacementCapacity
[INFO] Tests run: 1, Failures: 0, Errors: 0, Skipped: 0, Time elapsed: 0.865 s - in org.apache.hadoop.hdds.scm.container.placement.algorithms.TestSCMContainerPlacementCapacity
[INFO] Running org.apache.hadoop.hdds.scm.container.placement.algorithms.TestContainerPlacementFactory
[INFO] Tests run: 4, Failures: 0, Errors: 0, Skipped: 0, Time elapsed: 0.691 s - in org.apache.hadoop.hdds.scm.container.placement.algorithms.TestContainerPlacementFactory
[INFO] Running org.apache.hadoop.hdds.scm.container.placement.algorithms.TestContainerPlacementStatusDefault
[INFO] Tests run: 2, Failures: 0, Errors: 0, Skipped: 0, Time elapsed: 0.086 s - in org.apache.hadoop.hdds.scm.container.placement.algorithms.TestContainerPlacementStatusDefault
[INFO] Running org.apache.hadoop.hdds.scm.container.TestContainerStateManager
[INFO] Tests run: 2, Failures: 0, Errors: 0, Skipped: 0, Time elapsed: 0.766 s - in org.apache.hadoop.hdds.scm.container.TestContainerStateManager
[INFO] Running org.apache.hadoop.hdds.scm.container.TestReplicationManager
[INFO] Tests run: 29, Failures: 0, Errors: 0, Skipped: 0, Time elapsed: 8.187 s - in org.apache.hadoop.hdds.scm.container.TestReplicationManager
[INFO] Running org.apache.hadoop.hdds.scm.node.states.TestNodeStateMap
[INFO] Tests run: 5, Failures: 0, Errors: 0, Skipped: 0, Time elapsed: 0.193 s - in org.apache.hadoop.hdds.scm.node.states.TestNodeStateMap
[INFO] Running org.apache.hadoop.hdds.scm.node.states.TestNode2ContainerMap
[INFO] Tests run: 9, Failures: 0, Errors: 0, Skipped: 0, Time elapsed: 0.48 s - in org.apache.hadoop.hdds.scm.node.states.TestNode2ContainerMap
[INFO] Running org.apache.hadoop.hdds.scm.node.TestSCMNodeManager
[WARNING] Tests run: 22, Failures: 0, Errors: 0, Skipped: 1, Time elapsed: 86.063 s - in org.apache.hadoop.hdds.scm.node.TestSCMNodeManager
[INFO] Running org.apache.hadoop.hdds.scm.node.TestNodeStateManager
[INFO] Tests run: 8, Failures: 0, Errors: 0, Skipped: 0, Time elapsed: 0.337 s - in org.apache.hadoop.hdds.scm.node.TestNodeStateManager
[INFO] Running org.apache.hadoop.hdds.scm.node.TestContainerPlacement
[WARNING] Tests run: 1, Failures: 0, Errors: 0, Skipped: 1, Time elapsed: 0.114 s - in org.apache.hadoop.hdds.scm.node.TestContainerPlacement
[INFO] Running org.apache.hadoop.hdds.scm.node.TestDatanodeAdminMonitor
[INFO] Tests run: 11, Failures: 0, Errors: 0, Skipped: 0, Time elapsed: 0.595 s - in org.apache.hadoop.hdds.scm.node.TestDatanodeAdminMonitor
[INFO] Running org.apache.hadoop.hdds.scm.node.TestDeadNodeHandler
[INFO] Tests run: 1, Failures: 0, Errors: 0, Skipped: 0, Time elapsed: 3.972 s - in org.apache.hadoop.hdds.scm.node.TestDeadNodeHandler
[INFO] Running org.apache.hadoop.hdds.scm.node.TestNodeReportHandler
[INFO] Tests run: 1, Failures: 0, Errors: 0, Skipped: 0, Time elapsed: 0.827 s - in org.apache.hadoop.hdds.scm.node.TestNodeReportHandler
[INFO] Running org.apache.hadoop.hdds.scm.node.TestSCMNodeStorageStatMap
[INFO] Tests run: 5, Failures: 0, Errors: 0, Skipped: 0, Time elapsed: 0.41 s - in org.apache.hadoop.hdds.scm.node.TestSCMNodeStorageStatMap
[INFO] Running org.apache.hadoop.hdds.scm.node.TestStatisticsUpdate
[INFO] Tests run: 1, Failures: 0, Errors: 0, Skipped: 0, Time elapsed: 5.014 s - in org.apache.hadoop.hdds.scm.node.TestStatisticsUpdate
[INFO] Running org.apache.hadoop.hdds.scm.node.TestNodeDecommissionManager
[INFO] Tests run: 5, Failures: 0, Errors: 0, Skipped: 0, Time elapsed: 2.567 s - in org.apache.hadoop.hdds.scm.node.TestNodeDecommissionManager
[INFO] Running org.apache.hadoop.hdds.scm.pipeline.TestSimplePipelineProvider
[INFO] Tests run: 2, Failures: 0, Errors: 0, Skipped: 0, Time elapsed: 0.576 s - in org.apache.hadoop.hdds.scm.pipeline.TestSimplePipelineProvider
[INFO] Running org.apache.hadoop.hdds.scm.pipeline.TestPipelineStateManager
[INFO] Tests run: 11, Failures: 0, Errors: 0, Skipped: 0, Time elapsed: 0.516 s - in org.apache.hadoop.hdds.scm.pipeline.TestPipelineStateManager
[INFO] Running org.apache.hadoop.hdds.scm.pipeline.choose.algorithms.TestPipelineChoosePolicyFactory
[INFO] Tests run: 3, Failures: 0, Errors: 0, Skipped: 0, Time elapsed: 0.477 s - in org.apache.hadoop.hdds.scm.pipeline.choose.algorithms.TestPipelineChoosePolicyFactory
[INFO] Running org.apache.hadoop.hdds.scm.pipeline.TestPipelineDatanodesIntersection
[INFO] Tests run: 6, Failures: 0, Errors: 0, Skipped: 0, Time elapsed: 1.12 s - in org.apache.hadoop.hdds.scm.pipeline.TestPipelineDatanodesIntersection
[INFO] Running org.apache.hadoop.hdds.scm.pipeline.TestSCMPipelineManager
[INFO] Tests run: 12, Failures: 0, Errors: 0, Skipped: 0, Time elapsed: 7.463 s - in org.apache.hadoop.hdds.scm.pipeline.TestSCMPipelineManager
[INFO] Running org.apache.hadoop.hdds.scm.pipeline.TestPipelinePlacementPolicy
[INFO] Tests run: 12, Failures: 0, Errors: 0, Skipped: 0, Time elapsed: 0.746 s - in org.apache.hadoop.hdds.scm.pipeline.TestPipelinePlacementPolicy
[INFO] Running org.apache.hadoop.hdds.scm.pipeline.TestPipelineActionHandler
[INFO] Tests run: 1, Failures: 0, Errors: 0, Skipped: 0, Time elapsed: 0.498 s - in org.apache.hadoop.hdds.scm.pipeline.TestPipelineActionHandler
[INFO] Running org.apache.hadoop.hdds.scm.pipeline.TestRatisPipelineProvider
[INFO] Tests run: 6, Failures: 0, Errors: 0, Skipped: 0, Time elapsed: 0.842 s - in org.apache.hadoop.hdds.scm.pipeline.TestRatisPipelineProvider
[INFO] Running org.apache.hadoop.hdds.scm.pipeline.leader.choose.algorithms.TestLeaderChoosePolicy
[INFO] Tests run: 2, Failures: 0, Errors: 0, Skipped: 0, Time elapsed: 0.809 s - in org.apache.hadoop.hdds.scm.pipeline.leader.choose.algorithms.TestLeaderChoosePolicy
[INFO] Running org.apache.hadoop.hdds.scm.TestHddsServerUtil
[INFO] Tests run: 4, Failures: 0, Errors: 0, Skipped: 0, Time elapsed: 0.412 s - in org.apache.hadoop.hdds.scm.TestHddsServerUtil
[INFO] Running org.apache.hadoop.hdds.scm.server.TestSCMDatanodeHeartbeatDispatcher
[INFO] Tests run: 3, Failures: 0, Errors: 0, Skipped: 0, Time elapsed: 0.544 s - in org.apache.hadoop.hdds.scm.server.TestSCMDatanodeHeartbeatDispatcher
[INFO] Running org.apache.hadoop.hdds.scm.server.TestSCMBlockProtocolServer
[INFO] Tests run: 1, Failures: 0, Errors: 0, Skipped: 0, Time elapsed: 3.957 s - in org.apache.hadoop.hdds.scm.server.TestSCMBlockProtocolServer
[INFO] Running org.apache.hadoop.hdds.scm.server.TestSCMSecurityProtocolServer
[INFO] Tests run: 2, Failures: 0, Errors: 0, Skipped: 0, Time elapsed: 0.56 s - in org.apache.hadoop.hdds.scm.server.TestSCMSecurityProtocolServer
[INFO] Running org.apache.hadoop.hdds.scm.server.TestStorageContainerManagerStarter
[INFO] Tests run: 10, Failures: 0, Errors: 0, Skipped: 0, Time elapsed: 0.784 s - in org.apache.hadoop.hdds.scm.server.TestStorageContainerManagerStarter
[INFO] Running org.apache.hadoop.hdds.scm.server.TestSCMContainerMetrics
[INFO] Tests run: 1, Failures: 0, Errors: 0, Skipped: 0, Time elapsed: 0.272 s - in org.apache.hadoop.hdds.scm.server.TestSCMContainerMetrics
[INFO] Running org.apache.hadoop.hdds.scm.TestStorageContainerManagerHttpServer
[INFO] Tests run: 3, Failures: 0, Errors: 0, Skipped: 0, Time elapsed: 2.451 s - in org.apache.hadoop.hdds.scm.TestStorageContainerManagerHttpServer
[INFO] Running org.apache.hadoop.hdds.scm.TestHddsServerUtils
[INFO] Tests run: 11, Failures: 0, Errors: 0, Skipped: 0, Time elapsed: 0.586 s - in org.apache.hadoop.hdds.scm.TestHddsServerUtils
[INFO] Running org.apache.hadoop.hdds.scm.command.TestCommandStatusReportHandler
[INFO] Tests run: 1, Failures: 0, Errors: 0, Skipped: 0, Time elapsed: 0.43 s - in org.apache.hadoop.hdds.scm.command.TestCommandStatusReportHandler
[INFO] Running org.apache.hadoop.hdds.scm.block.TestDeletedBlockLog
[INFO] Tests run: 6, Failures: 0, Errors: 0, Skipped: 0, Time elapsed: 19.236 s - in org.apache.hadoop.hdds.scm.block.TestDeletedBlockLog
[INFO] Running org.apache.hadoop.hdds.scm.block.TestBlockManager
[INFO] Tests run: 12, Failures: 0, Errors: 0, Skipped: 0, Time elapsed: 3.68 s - in org.apache.hadoop.hdds.scm.block.TestBlockManager
[INFO] Running org.apache.hadoop.hdds.scm.metadata.TestPipelineIDCodec
[INFO] Tests run: 6, Failures: 0, Errors: 0, Skipped: 0, Time elapsed: 0.079 s - in org.apache.hadoop.hdds.scm.metadata.TestPipelineIDCodec
[INFO] Running org.apache.hadoop.hdds.scm.safemode.TestHealthyPipelineSafeModeRule
[INFO] Tests run: 3, Failures: 0, Errors: 0, Skipped: 0, Time elapsed: 2.399 s - in org.apache.hadoop.hdds.scm.safemode.TestHealthyPipelineSafeModeRule
[INFO] Running org.apache.hadoop.hdds.scm.safemode.TestSCMSafeModeManager
[INFO] Tests run: 17, Failures: 0, Errors: 0, Skipped: 0, Time elapsed: 34.148 s - in org.apache.hadoop.hdds.scm.safemode.TestSCMSafeModeManager
[INFO] Running org.apache.hadoop.hdds.scm.safemode.TestOneReplicaPipelineSafeModeRule
[INFO] Tests run: 2, Failures: 0, Errors: 0, Skipped: 0, Time elapsed: 3.23 s - in org.apache.hadoop.hdds.scm.safemode.TestOneReplicaPipelineSafeModeRule
[INFO] 
[INFO] Results:
[INFO] 
[WARNING] Tests run: 451, Failures: 0, Errors: 0, Skipped: 54
[INFO] 
[INFO] 
[INFO] ----------------< org.apache.hadoop:hadoop-hdds-tools >-----------------
[INFO] Building Apache Hadoop HDDS Tools 1.1.0-SNAPSHOT                 [17/38]
[INFO] --------------------------------[ jar ]---------------------------------
[INFO] 
[INFO] --- maven-antrun-plugin:1.3:run (create-testdirs) @ hadoop-hdds-tools ---
[INFO] Executing tasks
[INFO] Executed tasks
[INFO] 
[INFO] --- jacoco-maven-plugin:0.8.5:prepare-agent (default-prepare-agent) @ hadoop-hdds-tools ---
[INFO] argLine set to -javaagent:/home/user/.m2/repository/org/jacoco/org.jacoco.agent/0.8.5/org.jacoco.agent-0.8.5-runtime.jar=destfile=/github/workspace/hadoop-hdds/tools/target/jacoco.exec,includes=org.apache.hadoop.hdds.*:org.apache.hadoop.ozone.*:org.apache.hadoop.fs.ozone.*
[INFO] 
[INFO] --- maven-remote-resources-plugin:1.5:process (default) @ hadoop-hdds-tools ---
[INFO] 
[INFO] --- maven-resources-plugin:3.1.0:resources (default-resources) @ hadoop-hdds-tools ---
[INFO] Using 'UTF-8' encoding to copy filtered resources.
[INFO] skip non existing resourceDirectory /github/workspace/hadoop-hdds/tools/src/main/resources
[INFO] Copying 2 resources
[INFO] 
[INFO] --- maven-compiler-plugin:3.1:compile (default-compile) @ hadoop-hdds-tools ---
[INFO] Compiling 6 source files to /github/workspace/hadoop-hdds/tools/target/classes
[INFO] 
[INFO] --- maven-resources-plugin:3.1.0:testResources (default-testResources) @ hadoop-hdds-tools ---
[INFO] Using 'UTF-8' encoding to copy filtered resources.
[INFO] skip non existing resourceDirectory /github/workspace/hadoop-hdds/tools/src/test/resources
[INFO] Copying 2 resources
[INFO] 
[INFO] --- maven-compiler-plugin:3.1:testCompile (default-testCompile) @ hadoop-hdds-tools ---
[INFO] Nothing to compile - all classes are up to date
[INFO] 
[INFO] --- maven-surefire-plugin:3.0.0-M1:test (default-test) @ hadoop-hdds-tools ---
[INFO] 
[INFO] -------------------------------------------------------
[INFO]  T E S T S
[INFO] -------------------------------------------------------
[INFO] Running org.apache.hadoop.hdds.scm.cli.datanode.TestListInfoSubcommand
[INFO] Tests run: 1, Failures: 0, Errors: 0, Skipped: 0, Time elapsed: 0.429 s - in org.apache.hadoop.hdds.scm.cli.datanode.TestListInfoSubcommand
[INFO] 
[INFO] Results:
[INFO] 
[INFO] Tests run: 1, Failures: 0, Errors: 0, Skipped: 0
[INFO] 
[INFO] 
[INFO] -------------------< org.apache.hadoop:hadoop-ozone >-------------------
[INFO] Building Apache Hadoop Ozone 1.1.0-SNAPSHOT                      [18/38]
[INFO] --------------------------------[ pom ]---------------------------------
[INFO] 
[INFO] --- maven-antrun-plugin:1.3:run (create-testdirs) @ hadoop-ozone ---
[INFO] Executing tasks
[INFO] Executed tasks
[INFO] 
[INFO] --- jacoco-maven-plugin:0.8.5:prepare-agent (default-prepare-agent) @ hadoop-ozone ---
[INFO] argLine set to -javaagent:/home/user/.m2/repository/org/jacoco/org.jacoco.agent/0.8.5/org.jacoco.agent-0.8.5-runtime.jar=destfile=/github/workspace/hadoop-ozone/target/jacoco.exec,includes=org.apache.hadoop.hdds.*:org.apache.hadoop.ozone.*:org.apache.hadoop.fs.ozone.*
[INFO] 
[INFO] --- maven-remote-resources-plugin:1.5:process (default) @ hadoop-ozone ---
[INFO] 
[INFO] ----------< org.apache.hadoop:hadoop-ozone-interface-client >-----------
[INFO] Building Apache Hadoop Ozone Client Interface 1.1.0-SNAPSHOT     [19/38]
[INFO] --------------------------------[ jar ]---------------------------------
[INFO] 
[INFO] --- maven-antrun-plugin:1.3:run (create-testdirs) @ hadoop-ozone-interface-client ---
[INFO] Executing tasks
[INFO] Executed tasks
[INFO] 
[INFO] --- jacoco-maven-plugin:0.8.5:prepare-agent (default-prepare-agent) @ hadoop-ozone-interface-client ---
[INFO] argLine set to -javaagent:/home/user/.m2/repository/org/jacoco/org.jacoco.agent/0.8.5/org.jacoco.agent-0.8.5-runtime.jar=destfile=/github/workspace/hadoop-ozone/interface-client/target/jacoco.exec,includes=org.apache.hadoop.hdds.*:org.apache.hadoop.ozone.*:org.apache.hadoop.fs.ozone.*
[INFO] 
[INFO] --- protobuf-maven-plugin:0.5.1:compile (compile-protoc) @ hadoop-ozone-interface-client ---
[INFO] Compiling 2 proto file(s) to /github/workspace/hadoop-ozone/interface-client/target/generated-sources/protobuf/java
[INFO] 
[INFO] --- maven-remote-resources-plugin:1.5:process (default) @ hadoop-ozone-interface-client ---
[INFO] 
[INFO] --- maven-resources-plugin:3.1.0:resources (default-resources) @ hadoop-ozone-interface-client ---
[INFO] Using 'UTF-8' encoding to copy filtered resources.
[INFO] Copying 1 resource
[INFO] Copying 2 resources
[INFO] Copying 2 resources
[INFO] 
[INFO] --- maven-compiler-plugin:3.1:compile (default-compile) @ hadoop-ozone-interface-client ---
[INFO] Compiling 2 source files to /github/workspace/hadoop-ozone/interface-client/target/classes
[INFO] 
[INFO] --- protobuf-maven-plugin:0.5.1:test-compile (compile-protoc) @ hadoop-ozone-interface-client ---
[INFO] /github/workspace/hadoop-ozone/interface-client/src/test/proto does not exist. Review the configuration or consider disabling the plugin.
[INFO] 
[INFO] --- maven-resources-plugin:3.1.0:testResources (default-testResources) @ hadoop-ozone-interface-client ---
[INFO] Using 'UTF-8' encoding to copy filtered resources.
[INFO] skip non existing resourceDirectory /github/workspace/hadoop-ozone/interface-client/src/test/resources
[INFO] Copying 2 resources
[INFO] 
[INFO] --- maven-compiler-plugin:3.1:testCompile (default-testCompile) @ hadoop-ozone-interface-client ---
[INFO] No sources to compile
[INFO] 
[INFO] --- maven-surefire-plugin:3.0.0-M1:test (default-test) @ hadoop-ozone-interface-client ---
[INFO] 
[INFO] ---------------< org.apache.hadoop:hadoop-ozone-common >----------------
[INFO] Building Apache Hadoop Ozone Common 1.1.0-SNAPSHOT               [20/38]
[INFO] --------------------------------[ jar ]---------------------------------
[INFO] 
[INFO] --- maven-antrun-plugin:1.3:run (create-testdirs) @ hadoop-ozone-common ---
[INFO] Executing tasks
[INFO] Executed tasks
[INFO] 
[INFO] --- jacoco-maven-plugin:0.8.5:prepare-agent (default-prepare-agent) @ hadoop-ozone-common ---
[INFO] argLine set to -javaagent:/home/user/.m2/repository/org/jacoco/org.jacoco.agent/0.8.5/org.jacoco.agent-0.8.5-runtime.jar=destfile=/github/workspace/hadoop-ozone/common/target/jacoco.exec,includes=org.apache.hadoop.hdds.*:org.apache.hadoop.ozone.*:org.apache.hadoop.fs.ozone.*
[INFO] 
[INFO] --- maven-remote-resources-plugin:1.5:process (default) @ hadoop-ozone-common ---
[INFO] 
[INFO] --- hadoop-maven-plugins:3.2.2:version-info (version-info) @ hadoop-ozone-common ---
[INFO] SCM: GIT
[INFO] Computed MD5: bd82b3e63add59ff7dc366448eede387
[INFO] 
[INFO] --- maven-resources-plugin:3.1.0:resources (default-resources) @ hadoop-ozone-common ---
[INFO] Using 'UTF-8' encoding to copy filtered resources.
[INFO] Copying 0 resource
[INFO] Copying 1 resource
[INFO] Copying 2 resources
[INFO] 
[INFO] --- maven-compiler-plugin:3.1:compile (default-compile) @ hadoop-ozone-common ---
[INFO] Compiling 17 source files to /github/workspace/hadoop-ozone/common/target/classes
[INFO] 
[INFO] --- maven-resources-plugin:3.1.0:testResources (default-testResources) @ hadoop-ozone-common ---
[INFO] Using 'UTF-8' encoding to copy filtered resources.
[INFO] skip non existing resourceDirectory /github/workspace/hadoop-ozone/common/src/test/resources
[INFO] Copying 2 resources
[INFO] 
[INFO] --- maven-compiler-plugin:3.1:testCompile (default-testCompile) @ hadoop-ozone-common ---
[INFO] Compiling 3 source files to /github/workspace/hadoop-ozone/common/target/test-classes
[INFO] 
[INFO] --- maven-surefire-plugin:3.0.0-M1:test (default-test) @ hadoop-ozone-common ---
[INFO] 
[INFO] -------------------------------------------------------
[INFO]  T E S T S
[INFO] -------------------------------------------------------
[INFO] Running org.apache.hadoop.ozone.util.TestRadixTree
[INFO] Tests run: 4, Failures: 0, Errors: 0, Skipped: 0, Time elapsed: 0.066 s - in org.apache.hadoop.ozone.util.TestRadixTree
[INFO] Running org.apache.hadoop.ozone.security.TestGDPRSymmetricKey
[INFO] Tests run: 3, Failures: 0, Errors: 0, Skipped: 0, Time elapsed: 0.098 s - in org.apache.hadoop.ozone.security.TestGDPRSymmetricKey
[INFO] Running org.apache.hadoop.ozone.security.TestOzoneDelegationTokenSelector
[INFO] Tests run: 1, Failures: 0, Errors: 0, Skipped: 0, Time elapsed: 0.106 s - in org.apache.hadoop.ozone.security.TestOzoneDelegationTokenSelector
[INFO] Running org.apache.hadoop.ozone.security.acl.TestOzoneObjInfo
[INFO] Tests run: 4, Failures: 0, Errors: 0, Skipped: 0, Time elapsed: 0.136 s - in org.apache.hadoop.ozone.security.acl.TestOzoneObjInfo
[INFO] Running org.apache.hadoop.ozone.TestOzoneAcls
[INFO] Tests run: 3, Failures: 0, Errors: 0, Skipped: 0, Time elapsed: 0.077 s - in org.apache.hadoop.ozone.TestOzoneAcls
[INFO] Running org.apache.hadoop.ozone.om.exceptions.TestResultCodes
[INFO] Tests run: 1, Failures: 0, Errors: 0, Skipped: 0, Time elapsed: 0.099 s - in org.apache.hadoop.ozone.om.exceptions.TestResultCodes
[INFO] Running org.apache.hadoop.ozone.om.lock.TestOzoneManagerLock
[INFO] Tests run: 12, Failures: 0, Errors: 0, Skipped: 0, Time elapsed: 2.094 s - in org.apache.hadoop.ozone.om.lock.TestOzoneManagerLock
[INFO] Running org.apache.hadoop.ozone.om.helpers.TestOmBucketInfo
[INFO] Tests run: 3, Failures: 0, Errors: 0, Skipped: 0, Time elapsed: 0.2 s - in org.apache.hadoop.ozone.om.helpers.TestOmBucketInfo
[INFO] Running org.apache.hadoop.ozone.om.helpers.TestOzoneFsUtils
[INFO] Tests run: 1, Failures: 0, Errors: 0, Skipped: 0, Time elapsed: 0.088 s - in org.apache.hadoop.ozone.om.helpers.TestOzoneFsUtils
[INFO] Running org.apache.hadoop.ozone.om.helpers.TestOmVolumeArgs
[INFO] Tests run: 1, Failures: 0, Errors: 0, Skipped: 0, Time elapsed: 0.4 s - in org.apache.hadoop.ozone.om.helpers.TestOmVolumeArgs
[INFO] Running org.apache.hadoop.ozone.om.helpers.TestOmOzoneAclMap
[INFO] Tests run: 1, Failures: 0, Errors: 0, Skipped: 0, Time elapsed: 0.145 s - in org.apache.hadoop.ozone.om.helpers.TestOmOzoneAclMap
[INFO] Running org.apache.hadoop.ozone.om.helpers.TestOmMultipartUpload
[INFO] Tests run: 1, Failures: 0, Errors: 0, Skipped: 0, Time elapsed: 0.062 s - in org.apache.hadoop.ozone.om.helpers.TestOmMultipartUpload
[INFO] Running org.apache.hadoop.ozone.om.helpers.TestOmKeyInfo
[INFO] Tests run: 2, Failures: 0, Errors: 0, Skipped: 0, Time elapsed: 0.21 s - in org.apache.hadoop.ozone.om.helpers.TestOmKeyInfo
[INFO] Running org.apache.hadoop.ozone.om.helpers.TestOzoneAclUtil
[INFO] Tests run: 2, Failures: 0, Errors: 0, Skipped: 0, Time elapsed: 0.465 s - in org.apache.hadoop.ozone.om.helpers.TestOzoneAclUtil
[INFO] Running org.apache.hadoop.ozone.om.helpers.TestOmKeyLocationInfoGroup
[INFO] Tests run: 2, Failures: 0, Errors: 0, Skipped: 0, Time elapsed: 0.082 s - in org.apache.hadoop.ozone.om.helpers.TestOmKeyLocationInfoGroup
[INFO] Running org.apache.hadoop.ozone.om.helpers.TestOmMultipartKeyInfo
[INFO] Tests run: 1, Failures: 0, Errors: 0, Skipped: 0, Time elapsed: 0.22 s - in org.apache.hadoop.ozone.om.helpers.TestOmMultipartKeyInfo
[INFO] Running org.apache.hadoop.ozone.om.ha.TestOMFailoverProxyProvider
[INFO] Tests run: 6, Failures: 0, Errors: 0, Skipped: 0, Time elapsed: 0.773 s - in org.apache.hadoop.ozone.om.ha.TestOMFailoverProxyProvider
[INFO] Running org.apache.hadoop.ozone.TestOmUtils
[INFO] Tests run: 6, Failures: 0, Errors: 0, Skipped: 0, Time elapsed: 0.438 s - in org.apache.hadoop.ozone.TestOmUtils
[INFO] 
[INFO] Results:
[INFO] 
[INFO] Tests run: 54, Failures: 0, Errors: 0, Skipped: 0
[INFO] 
[INFO] 
[INFO] ----------< org.apache.hadoop:hadoop-ozone-interface-storage >----------
[INFO] Building Apache Hadoop Ozone Storage Interface 1.1.0-SNAPSHOT    [21/38]
[INFO] --------------------------------[ jar ]---------------------------------
[INFO] 
[INFO] --- maven-antrun-plugin:1.3:run (create-testdirs) @ hadoop-ozone-interface-storage ---
[INFO] Executing tasks
[INFO] Executed tasks
[INFO] 
[INFO] --- jacoco-maven-plugin:0.8.5:prepare-agent (default-prepare-agent) @ hadoop-ozone-interface-storage ---
[INFO] argLine set to -javaagent:/home/user/.m2/repository/org/jacoco/org.jacoco.agent/0.8.5/org.jacoco.agent-0.8.5-runtime.jar=destfile=/github/workspace/hadoop-ozone/interface-storage/target/jacoco.exec,includes=org.apache.hadoop.hdds.*:org.apache.hadoop.ozone.*:org.apache.hadoop.fs.ozone.*
[INFO] 
[INFO] --- protobuf-maven-plugin:0.5.1:compile (compile-protoc) @ hadoop-ozone-interface-storage ---
[INFO] Compiling 1 proto file(s) to /github/workspace/hadoop-ozone/interface-storage/target/generated-sources/protobuf/java
[INFO] 
[INFO] --- maven-remote-resources-plugin:1.5:process (default) @ hadoop-ozone-interface-storage ---
[INFO] 
[INFO] --- maven-resources-plugin:3.1.0:resources (default-resources) @ hadoop-ozone-interface-storage ---
[INFO] Using 'UTF-8' encoding to copy filtered resources.
[INFO] skip non existing resourceDirectory /github/workspace/hadoop-ozone/interface-storage/src/main/resources
[INFO] Copying 1 resource
[INFO] Copying 2 resources
[INFO] 
[INFO] --- maven-compiler-plugin:3.1:compile (default-compile) @ hadoop-ozone-interface-storage ---
[INFO] Compiling 5 source files to /github/workspace/hadoop-ozone/interface-storage/target/classes
[INFO] 
[INFO] --- protobuf-maven-plugin:0.5.1:test-compile (compile-protoc) @ hadoop-ozone-interface-storage ---
[INFO] /github/workspace/hadoop-ozone/interface-storage/src/test/proto does not exist. Review the configuration or consider disabling the plugin.
[INFO] 
[INFO] --- maven-resources-plugin:3.1.0:testResources (default-testResources) @ hadoop-ozone-interface-storage ---
[INFO] Using 'UTF-8' encoding to copy filtered resources.
[INFO] skip non existing resourceDirectory /github/workspace/hadoop-ozone/interface-storage/src/test/resources
[INFO] Copying 2 resources
[INFO] 
[INFO] --- maven-compiler-plugin:3.1:testCompile (default-testCompile) @ hadoop-ozone-interface-storage ---
[INFO] Compiling 2 source files to /github/workspace/hadoop-ozone/interface-storage/target/test-classes
[INFO] 
[INFO] --- maven-surefire-plugin:3.0.0-M1:test (default-test) @ hadoop-ozone-interface-storage ---
[INFO] 
[INFO] -------------------------------------------------------
[INFO]  T E S T S
[INFO] -------------------------------------------------------
[INFO] Running org.apache.hadoop.ozone.om.codec.TestS3SecretValueCodec
[INFO] Tests run: 4, Failures: 0, Errors: 0, Skipped: 0, Time elapsed: 0.17 s - in org.apache.hadoop.ozone.om.codec.TestS3SecretValueCodec
[INFO] Running org.apache.hadoop.ozone.om.codec.TestRepeatedOmKeyInfoCodec
[INFO] Tests run: 1, Failures: 0, Errors: 0, Skipped: 0, Time elapsed: 0.448 s - in org.apache.hadoop.ozone.om.codec.TestRepeatedOmKeyInfoCodec
[INFO] Running org.apache.hadoop.ozone.om.codec.TestOmKeyInfoCodec
[INFO] Tests run: 1, Failures: 0, Errors: 0, Skipped: 0, Time elapsed: 0.397 s - in org.apache.hadoop.ozone.om.codec.TestOmKeyInfoCodec
[INFO] Running org.apache.hadoop.ozone.om.codec.TestOMTransactionInfoCodec
[INFO] Tests run: 4, Failures: 0, Errors: 0, Skipped: 0, Time elapsed: 0.077 s - in org.apache.hadoop.ozone.om.codec.TestOMTransactionInfoCodec
[INFO] Running org.apache.hadoop.ozone.om.codec.TestOmMultipartKeyInfoCodec
[INFO] Tests run: 1, Failures: 0, Errors: 0, Skipped: 0, Time elapsed: 0.181 s - in org.apache.hadoop.ozone.om.codec.TestOmMultipartKeyInfoCodec
[INFO] Running org.apache.hadoop.ozone.om.codec.TestOmPrefixInfoCodec
[INFO] Tests run: 4, Failures: 0, Errors: 0, Skipped: 0, Time elapsed: 0.197 s - in org.apache.hadoop.ozone.om.codec.TestOmPrefixInfoCodec
[INFO] Running org.apache.hadoop.ozone.om.helpers.TestOmPrefixInfo
[INFO] Tests run: 1, Failures: 0, Errors: 0, Skipped: 0, Time elapsed: 0.236 s - in org.apache.hadoop.ozone.om.helpers.TestOmPrefixInfo
[INFO] 
[INFO] Results:
[INFO] 
[INFO] Tests run: 16, Failures: 0, Errors: 0, Skipped: 0
[INFO] 
[INFO] 
[INFO] ---------------< org.apache.hadoop:hadoop-ozone-client >----------------
[INFO] Building Apache Hadoop Ozone Client 1.1.0-SNAPSHOT               [22/38]
[INFO] --------------------------------[ jar ]---------------------------------
[INFO] 
[INFO] --- maven-antrun-plugin:1.3:run (create-testdirs) @ hadoop-ozone-client ---
[INFO] Executing tasks
[INFO] Executed tasks
[INFO] 
[INFO] --- jacoco-maven-plugin:0.8.5:prepare-agent (default-prepare-agent) @ hadoop-ozone-client ---
[INFO] argLine set to -javaagent:/home/user/.m2/repository/org/jacoco/org.jacoco.agent/0.8.5/org.jacoco.agent-0.8.5-runtime.jar=destfile=/github/workspace/hadoop-ozone/client/target/jacoco.exec,includes=org.apache.hadoop.hdds.*:org.apache.hadoop.ozone.*:org.apache.hadoop.fs.ozone.*
[INFO] 
[INFO] --- maven-remote-resources-plugin:1.5:process (default) @ hadoop-ozone-client ---
[INFO] 
[INFO] --- maven-resources-plugin:3.1.0:resources (default-resources) @ hadoop-ozone-client ---
[INFO] Using 'UTF-8' encoding to copy filtered resources.
[INFO] skip non existing resourceDirectory /github/workspace/hadoop-ozone/client/src/main/resources
[INFO] Copying 2 resources
[INFO] 
[INFO] --- maven-compiler-plugin:3.1:compile (default-compile) @ hadoop-ozone-client ---
[INFO] Compiling 4 source files to /github/workspace/hadoop-ozone/client/target/classes
[INFO] 
[INFO] --- maven-resources-plugin:3.1.0:testResources (default-testResources) @ hadoop-ozone-client ---
[INFO] Using 'UTF-8' encoding to copy filtered resources.
[INFO] skip non existing resourceDirectory /github/workspace/hadoop-ozone/client/src/test/resources
[INFO] Copying 2 resources
[INFO] 
[INFO] --- maven-compiler-plugin:3.1:testCompile (default-testCompile) @ hadoop-ozone-client ---
[INFO] Compiling 1 source file to /github/workspace/hadoop-ozone/client/target/test-classes
[INFO] 
[INFO] --- maven-surefire-plugin:3.0.0-M1:test (default-test) @ hadoop-ozone-client ---
[INFO] 
[INFO] -------------------------------------------------------
[INFO]  T E S T S
[INFO] -------------------------------------------------------
[INFO] Running org.apache.hadoop.ozone.client.rpc.TestOzoneKMSUtil
[INFO] Tests run: 1, Failures: 0, Errors: 0, Skipped: 0, Time elapsed: 0.251 s - in org.apache.hadoop.ozone.client.rpc.TestOzoneKMSUtil
[INFO] Running org.apache.hadoop.ozone.client.TestHddsClientUtils
[INFO] Tests run: 13, Failures: 0, Errors: 0, Skipped: 0, Time elapsed: 0.581 s - in org.apache.hadoop.ozone.client.TestHddsClientUtils
[INFO] 
[INFO] Results:
[INFO] 
[INFO] Tests run: 14, Failures: 0, Errors: 0, Skipped: 0
[INFO] 
[INFO] 
[INFO] ------------< org.apache.hadoop:hadoop-ozone-ozone-manager >------------
[INFO] Building Apache Hadoop Ozone Manager Server 1.1.0-SNAPSHOT       [23/38]
[INFO] --------------------------------[ jar ]---------------------------------
[INFO] 
[INFO] --- maven-antrun-plugin:1.3:run (create-testdirs) @ hadoop-ozone-ozone-manager ---
[INFO] Executing tasks
[INFO] Executed tasks
[INFO] 
[INFO] --- jacoco-maven-plugin:0.8.5:prepare-agent (default-prepare-agent) @ hadoop-ozone-ozone-manager ---
[INFO] argLine set to -javaagent:/home/user/.m2/repository/org/jacoco/org.jacoco.agent/0.8.5/org.jacoco.agent-0.8.5-runtime.jar=destfile=/github/workspace/hadoop-ozone/ozone-manager/target/jacoco.exec,includes=org.apache.hadoop.hdds.*:org.apache.hadoop.ozone.*:org.apache.hadoop.fs.ozone.*
[INFO] 
[INFO] --- maven-remote-resources-plugin:1.5:process (default) @ hadoop-ozone-ozone-manager ---
[INFO] 
[INFO] --- maven-resources-plugin:3.1.0:resources (default-resources) @ hadoop-ozone-ozone-manager ---
[INFO] Using 'UTF-8' encoding to copy filtered resources.
[INFO] Copying 6 resources
[INFO] Copying 2 resources
[INFO] 
[INFO] --- maven-compiler-plugin:3.1:compile (default-compile) @ hadoop-ozone-ozone-manager ---
[INFO] Compiling 36 source files to /github/workspace/hadoop-ozone/ozone-manager/target/classes
[INFO] 
[INFO] --- maven-resources-plugin:3.1.0:testResources (default-testResources) @ hadoop-ozone-ozone-manager ---
[INFO] Using 'UTF-8' encoding to copy filtered resources.
[INFO] Copying 6 resources
[INFO] Copying 1 resource
[INFO] Copying 2 resources
[INFO] 
[INFO] --- maven-compiler-plugin:3.1:testCompile (default-testCompile) @ hadoop-ozone-ozone-manager ---
[INFO] Compiling 18 source files to /github/workspace/hadoop-ozone/ozone-manager/target/test-classes
[INFO] 
[INFO] --- maven-surefire-plugin:3.0.0-M1:test (default-test) @ hadoop-ozone-ozone-manager ---
[INFO] 
[INFO] -------------------------------------------------------
[INFO]  T E S T S
[INFO] -------------------------------------------------------
[INFO] Running org.apache.hadoop.ozone.security.TestOzoneBlockTokenSecretManager
[INFO] Tests run: 11, Failures: 0, Errors: 0, Skipped: 0, Time elapsed: 2.934 s - in org.apache.hadoop.ozone.security.TestOzoneBlockTokenSecretManager
[INFO] Running org.apache.hadoop.ozone.security.acl.TestVolumeOwner
[INFO] Tests run: 3, Failures: 0, Errors: 0, Skipped: 0, Time elapsed: 2.434 s - in org.apache.hadoop.ozone.security.acl.TestVolumeOwner
[INFO] Running org.apache.hadoop.ozone.security.acl.TestOzoneNativeAuthorizer
[INFO] Tests run: 32, Failures: 0, Errors: 0, Skipped: 0, Time elapsed: 3.474 s - in org.apache.hadoop.ozone.security.acl.TestOzoneNativeAuthorizer
[INFO] Running org.apache.hadoop.ozone.security.acl.TestOzoneAdministrators
[INFO] Tests run: 2, Failures: 0, Errors: 0, Skipped: 0, Time elapsed: 0.23 s - in org.apache.hadoop.ozone.security.acl.TestOzoneAdministrators
[INFO] Running org.apache.hadoop.ozone.security.acl.TestRequestContext
[INFO] Tests run: 1, Failures: 0, Errors: 0, Skipped: 0, Time elapsed: 0.212 s - in org.apache.hadoop.ozone.security.acl.TestRequestContext
[INFO] Running org.apache.hadoop.ozone.security.TestAWSV4AuthValidator
[INFO] Tests run: 2, Failures: 0, Errors: 0, Skipped: 0, Time elapsed: 0.179 s - in org.apache.hadoop.ozone.security.TestAWSV4AuthValidator
[INFO] Running org.apache.hadoop.ozone.security.TestOzoneManagerBlockToken
[INFO] Tests run: 3, Failures: 0, Errors: 0, Skipped: 0, Time elapsed: 1.325 s - in org.apache.hadoop.ozone.security.TestOzoneManagerBlockToken
[INFO] Running org.apache.hadoop.ozone.security.TestOzoneDelegationTokenSecretManager
[INFO] Tests run: 13, Failures: 0, Errors: 0, Skipped: 0, Time elapsed: 3.135 s - in org.apache.hadoop.ozone.security.TestOzoneDelegationTokenSecretManager
[INFO] Running org.apache.hadoop.ozone.security.TestOzoneTokenIdentifier
[INFO] Tests run: 6, Failures: 0, Errors: 0, Skipped: 0, Time elapsed: 1.275 s - in org.apache.hadoop.ozone.security.TestOzoneTokenIdentifier
[INFO] Running org.apache.hadoop.ozone.om.TestKeyManagerUnit
[INFO] Tests run: 7, Failures: 0, Errors: 0, Skipped: 0, Time elapsed: 3.444 s - in org.apache.hadoop.ozone.om.TestKeyManagerUnit
[INFO] Running org.apache.hadoop.ozone.om.TestTrashService
[INFO] Tests run: 1, Failures: 0, Errors: 0, Skipped: 0, Time elapsed: 0.993 s - in org.apache.hadoop.ozone.om.TestTrashService
[INFO] Running org.apache.hadoop.ozone.om.TestKeyDeletingService
[INFO] Tests run: 3, Failures: 0, Errors: 0, Skipped: 0, Time elapsed: 3.184 s - in org.apache.hadoop.ozone.om.TestKeyDeletingService
[INFO] Running org.apache.hadoop.ozone.om.TestChunkStreams
[INFO] Tests run: 2, Failures: 0, Errors: 0, Skipped: 0, Time elapsed: 0.177 s - in org.apache.hadoop.ozone.om.TestChunkStreams
[INFO] Running org.apache.hadoop.ozone.om.TestOMDBDefinition
[INFO] Tests run: 1, Failures: 0, Errors: 0, Skipped: 0, Time elapsed: 0.651 s - in org.apache.hadoop.ozone.om.TestOMDBDefinition
[INFO] Running org.apache.hadoop.ozone.om.TestOMStorage
[INFO] Tests run: 3, Failures: 0, Errors: 0, Skipped: 0, Time elapsed: 0.405 s - in org.apache.hadoop.ozone.om.TestOMStorage
[INFO] Running org.apache.hadoop.ozone.om.response.TestCleanupTableInfo
[INFO] Tests run: 3, Failures: 0, Errors: 0, Skipped: 0, Time elapsed: 6.359 s - in org.apache.hadoop.ozone.om.response.TestCleanupTableInfo
[INFO] Running org.apache.hadoop.ozone.om.response.key.TestOMKeyCreateResponse
[INFO] Tests run: 2, Failures: 0, Errors: 0, Skipped: 0, Time elapsed: 1.695 s - in org.apache.hadoop.ozone.om.response.key.TestOMKeyCreateResponse
[INFO] Running org.apache.hadoop.ozone.om.response.key.TestOMKeyCommitResponse
[INFO] Tests run: 2, Failures: 0, Errors: 0, Skipped: 0, Time elapsed: 1.705 s - in org.apache.hadoop.ozone.om.response.key.TestOMKeyCommitResponse
[INFO] Running org.apache.hadoop.ozone.om.response.key.TestOMKeysDeleteResponse
[INFO] Tests run: 2, Failures: 0, Errors: 0, Skipped: 0, Time elapsed: 1.746 s - in org.apache.hadoop.ozone.om.response.key.TestOMKeysDeleteResponse
[INFO] Running org.apache.hadoop.ozone.om.response.key.TestOMKeyRenameResponse
[INFO] Tests run: 3, Failures: 0, Errors: 0, Skipped: 0, Time elapsed: 1.816 s - in org.apache.hadoop.ozone.om.response.key.TestOMKeyRenameResponse
[INFO] Running org.apache.hadoop.ozone.om.response.key.TestOMAllocateBlockResponse
[INFO] Tests run: 2, Failures: 0, Errors: 0, Skipped: 0, Time elapsed: 1.753 s - in org.apache.hadoop.ozone.om.response.key.TestOMAllocateBlockResponse
[INFO] Running org.apache.hadoop.ozone.om.response.key.TestOMOpenKeysDeleteResponse
[INFO] Tests run: 3, Failures: 0, Errors: 0, Skipped: 0, Time elapsed: 1.814 s - in org.apache.hadoop.ozone.om.response.key.TestOMOpenKeysDeleteResponse
[INFO] Running org.apache.hadoop.ozone.om.response.key.TestOMKeysRenameResponse
[INFO] Tests run: 2, Failures: 0, Errors: 0, Skipped: 0, Time elapsed: 1.83 s - in org.apache.hadoop.ozone.om.response.key.TestOMKeysRenameResponse
[INFO] Running org.apache.hadoop.ozone.om.response.key.TestOMKeyDeleteResponse
[INFO] Tests run: 3, Failures: 0, Errors: 0, Skipped: 0, Time elapsed: 1.908 s - in org.apache.hadoop.ozone.om.response.key.TestOMKeyDeleteResponse
[INFO] Running org.apache.hadoop.ozone.om.response.security.TestOMGetDelegationTokenResponse
[INFO] Tests run: 1, Failures: 0, Errors: 0, Skipped: 0, Time elapsed: 1.345 s - in org.apache.hadoop.ozone.om.response.security.TestOMGetDelegationTokenResponse
[INFO] Running org.apache.hadoop.ozone.om.response.bucket.TestOMBucketDeleteResponse
[INFO] Tests run: 1, Failures: 0, Errors: 0, Skipped: 0, Time elapsed: 1.098 s - in org.apache.hadoop.ozone.om.response.bucket.TestOMBucketDeleteResponse
[INFO] Running org.apache.hadoop.ozone.om.response.bucket.TestOMBucketSetPropertyResponse
[INFO] Tests run: 1, Failures: 0, Errors: 0, Skipped: 0, Time elapsed: 1.117 s - in org.apache.hadoop.ozone.om.response.bucket.TestOMBucketSetPropertyResponse
[INFO] Running org.apache.hadoop.ozone.om.response.bucket.TestOMBucketCreateResponse
[INFO] Tests run: 1, Failures: 0, Errors: 0, Skipped: 0, Time elapsed: 1.115 s - in org.apache.hadoop.ozone.om.response.bucket.TestOMBucketCreateResponse
[INFO] Running org.apache.hadoop.ozone.om.response.s3.multipart.TestS3InitiateMultipartUploadResponse
[INFO] Tests run: 1, Failures: 0, Errors: 0, Skipped: 0, Time elapsed: 0.942 s - in org.apache.hadoop.ozone.om.response.s3.multipart.TestS3InitiateMultipartUploadResponse
[INFO] Running org.apache.hadoop.ozone.om.response.s3.multipart.TestS3MultipartUploadAbortResponse
[INFO] Tests run: 2, Failures: 0, Errors: 0, Skipped: 0, Time elapsed: 1.043 s - in org.apache.hadoop.ozone.om.response.s3.multipart.TestS3MultipartUploadAbortResponse
[INFO] Running org.apache.hadoop.ozone.om.response.volume.TestOMVolumeSetOwnerResponse
[INFO] Tests run: 2, Failures: 0, Errors: 0, Skipped: 0, Time elapsed: 1.166 s - in org.apache.hadoop.ozone.om.response.volume.TestOMVolumeSetOwnerResponse
[INFO] Running org.apache.hadoop.ozone.om.response.volume.TestOMVolumeDeleteResponse
[INFO] Tests run: 2, Failures: 0, Errors: 0, Skipped: 0, Time elapsed: 1.196 s - in org.apache.hadoop.ozone.om.response.volume.TestOMVolumeDeleteResponse
[INFO] Running org.apache.hadoop.ozone.om.response.volume.TestOMVolumeSetQuotaResponse
[INFO] Tests run: 2, Failures: 0, Errors: 0, Skipped: 0, Time elapsed: 1.224 s - in org.apache.hadoop.ozone.om.response.volume.TestOMVolumeSetQuotaResponse
[INFO] Running org.apache.hadoop.ozone.om.response.volume.TestOMVolumeCreateResponse
[INFO] Tests run: 2, Failures: 0, Errors: 0, Skipped: 0, Time elapsed: 1.093 s - in org.apache.hadoop.ozone.om.response.volume.TestOMVolumeCreateResponse
[INFO] Running org.apache.hadoop.ozone.om.response.file.TestOMDirectoryCreateResponse
[INFO] Tests run: 1, Failures: 0, Errors: 0, Skipped: 0, Time elapsed: 1.172 s - in org.apache.hadoop.ozone.om.response.file.TestOMDirectoryCreateResponse
[INFO] Running org.apache.hadoop.ozone.om.TestOzoneManagerHttpServer
[INFO] Tests run: 3, Failures: 0, Errors: 0, Skipped: 0, Time elapsed: 2.353 s - in org.apache.hadoop.ozone.om.TestOzoneManagerHttpServer
[INFO] Running org.apache.hadoop.ozone.om.request.key.TestOMKeyDeleteRequest
[INFO] Tests run: 5, Failures: 0, Errors: 0, Skipped: 0, Time elapsed: 4.515 s - in org.apache.hadoop.ozone.om.request.key.TestOMKeyDeleteRequest
[INFO] Running org.apache.hadoop.ozone.om.request.key.TestOMKeysDeleteRequest
[INFO] Tests run: 2, Failures: 0, Errors: 0, Skipped: 0, Time elapsed: 4.058 s - in org.apache.hadoop.ozone.om.request.key.TestOMKeysDeleteRequest
[INFO] Running org.apache.hadoop.ozone.om.request.key.TestOMKeyCommitRequest
[INFO] Tests run: 5, Failures: 0, Errors: 0, Skipped: 0, Time elapsed: 4.214 s - in org.apache.hadoop.ozone.om.request.key.TestOMKeyCommitRequest
[INFO] Running org.apache.hadoop.ozone.om.request.key.TestOMKeyAclRequest
[INFO] Tests run: 3, Failures: 0, Errors: 0, Skipped: 0, Time elapsed: 4.029 s - in org.apache.hadoop.ozone.om.request.key.TestOMKeyAclRequest
[INFO] Running org.apache.hadoop.ozone.om.request.key.TestOMAllocateBlockRequest
[INFO] Tests run: 5, Failures: 0, Errors: 0, Skipped: 0, Time elapsed: 4.543 s - in org.apache.hadoop.ozone.om.request.key.TestOMAllocateBlockRequest
[INFO] Running org.apache.hadoop.ozone.om.request.key.TestOMKeysRenameRequest
[INFO] Tests run: 2, Failures: 0, Errors: 0, Skipped: 0, Time elapsed: 4.017 s - in org.apache.hadoop.ozone.om.request.key.TestOMKeysRenameRequest
[INFO] Running org.apache.hadoop.ozone.om.request.key.TestOMPrefixAclRequest
[INFO] Tests run: 1, Failures: 0, Errors: 0, Skipped: 0, Time elapsed: 3.928 s - in org.apache.hadoop.ozone.om.request.key.TestOMPrefixAclRequest
[INFO] Running org.apache.hadoop.ozone.om.request.key.TestOMKeyPurgeRequestAndResponse
[INFO] Tests run: 1, Failures: 0, Errors: 0, Skipped: 0, Time elapsed: 4.028 s - in org.apache.hadoop.ozone.om.request.key.TestOMKeyPurgeRequestAndResponse
[INFO] Running org.apache.hadoop.ozone.om.request.key.TestOMOpenKeysDeleteRequest
[INFO] Tests run: 4, Failures: 0, Errors: 0, Skipped: 0, Time elapsed: 4.176 s - in org.apache.hadoop.ozone.om.request.key.TestOMOpenKeysDeleteRequest
[INFO] Running org.apache.hadoop.ozone.om.request.key.TestOMKeyCreateRequest
[INFO] Tests run: 7, Failures: 0, Errors: 0, Skipped: 0, Time elapsed: 4.66 s - in org.apache.hadoop.ozone.om.request.key.TestOMKeyCreateRequest
[INFO] Running org.apache.hadoop.ozone.om.request.key.TestOMKeyRenameRequest
[INFO] Tests run: 7, Failures: 0, Errors: 0, Skipped: 0, Time elapsed: 4.519 s - in org.apache.hadoop.ozone.om.request.key.TestOMKeyRenameRequest
[INFO] Running org.apache.hadoop.ozone.om.request.security.TestOMGetDelegationTokenRequest
[INFO] Tests run: 5, Failures: 0, Errors: 0, Skipped: 0, Time elapsed: 3.988 s - in org.apache.hadoop.ozone.om.request.security.TestOMGetDelegationTokenRequest
[INFO] Running org.apache.hadoop.ozone.om.request.bucket.TestOMBucketCreateRequest
[INFO] Tests run: 4, Failures: 0, Errors: 0, Skipped: 0, Time elapsed: 3.854 s - in org.apache.hadoop.ozone.om.request.bucket.TestOMBucketCreateRequest
[INFO] Running org.apache.hadoop.ozone.om.request.bucket.TestOMBucketSetPropertyRequest
[INFO] Tests run: 4, Failures: 0, Errors: 0, Skipped: 0, Time elapsed: 4.257 s - in org.apache.hadoop.ozone.om.request.bucket.TestOMBucketSetPropertyRequest
[INFO] Running org.apache.hadoop.ozone.om.request.bucket.TestOMBucketDeleteRequest
[INFO] Tests run: 3, Failures: 0, Errors: 0, Skipped: 0, Time elapsed: 3.791 s - in org.apache.hadoop.ozone.om.request.bucket.TestOMBucketDeleteRequest
[INFO] Running org.apache.hadoop.ozone.om.request.bucket.acl.TestOMBucketSetAclRequest
[INFO] Tests run: 3, Failures: 0, Errors: 0, Skipped: 0, Time elapsed: 3.688 s - in org.apache.hadoop.ozone.om.request.bucket.acl.TestOMBucketSetAclRequest
[INFO] Running org.apache.hadoop.ozone.om.request.bucket.acl.TestOMBucketRemoveAclRequest
[INFO] Tests run: 3, Failures: 0, Errors: 0, Skipped: 0, Time elapsed: 3.827 s - in org.apache.hadoop.ozone.om.request.bucket.acl.TestOMBucketRemoveAclRequest
[INFO] Running org.apache.hadoop.ozone.om.request.bucket.acl.TestOMBucketAddAclRequest
[INFO] Tests run: 3, Failures: 0, Errors: 0, Skipped: 0, Time elapsed: 3.628 s - in org.apache.hadoop.ozone.om.request.bucket.acl.TestOMBucketAddAclRequest
[INFO] Running org.apache.hadoop.ozone.om.request.s3.multipart.TestS3MultipartUploadAbortRequest
[INFO] Tests run: 5, Failures: 0, Errors: 0, Skipped: 0, Time elapsed: 4.482 s - in org.apache.hadoop.ozone.om.request.s3.multipart.TestS3MultipartUploadAbortRequest
[INFO] Running org.apache.hadoop.ozone.om.request.s3.multipart.TestS3MultipartUploadCompleteRequest
[INFO] Tests run: 5, Failures: 0, Errors: 0, Skipped: 0, Time elapsed: 4.293 s - in org.apache.hadoop.ozone.om.request.s3.multipart.TestS3MultipartUploadCompleteRequest
[INFO] Running org.apache.hadoop.ozone.om.request.s3.multipart.TestS3MultipartUploadCommitPartRequest
[INFO] Tests run: 5, Failures: 0, Errors: 0, Skipped: 0, Time elapsed: 3.986 s - in org.apache.hadoop.ozone.om.request.s3.multipart.TestS3MultipartUploadCommitPartRequest
[INFO] Running org.apache.hadoop.ozone.om.request.s3.multipart.TestS3InitiateMultipartUploadRequest
[INFO] Tests run: 5, Failures: 0, Errors: 0, Skipped: 0, Time elapsed: 4.075 s - in org.apache.hadoop.ozone.om.request.s3.multipart.TestS3InitiateMultipartUploadRequest
[INFO] Running org.apache.hadoop.ozone.om.request.TestOMClientRequestWithUserInfo
[INFO] Tests run: 1, Failures: 0, Errors: 0, Skipped: 0, Time elapsed: 3.272 s - in org.apache.hadoop.ozone.om.request.TestOMClientRequestWithUserInfo
[INFO] Running org.apache.hadoop.ozone.om.request.volume.TestOMVolumeCreateRequest
[INFO] Tests run: 4, Failures: 0, Errors: 0, Skipped: 0, Time elapsed: 3.832 s - in org.apache.hadoop.ozone.om.request.volume.TestOMVolumeCreateRequest
[INFO] Running org.apache.hadoop.ozone.om.request.volume.acl.TestOMVolumeRemoveAclRequest
[INFO] Tests run: 3, Failures: 0, Errors: 0, Skipped: 0, Time elapsed: 3.845 s - in org.apache.hadoop.ozone.om.request.volume.acl.TestOMVolumeRemoveAclRequest
[INFO] Running org.apache.hadoop.ozone.om.request.volume.acl.TestOMVolumeAddAclRequest
[INFO] Tests run: 3, Failures: 0, Errors: 0, Skipped: 0, Time elapsed: 3.59 s - in org.apache.hadoop.ozone.om.request.volume.acl.TestOMVolumeAddAclRequest
[INFO] Running org.apache.hadoop.ozone.om.request.volume.acl.TestOMVolumeSetAclRequest
[INFO] Tests run: 3, Failures: 0, Errors: 0, Skipped: 0, Time elapsed: 3.822 s - in org.apache.hadoop.ozone.om.request.volume.acl.TestOMVolumeSetAclRequest
[INFO] Running org.apache.hadoop.ozone.om.request.volume.TestOMVolumeDeleteRequest
[INFO] Tests run: 4, Failures: 0, Errors: 0, Skipped: 0, Time elapsed: 4.022 s - in org.apache.hadoop.ozone.om.request.volume.TestOMVolumeDeleteRequest
[INFO] Running org.apache.hadoop.ozone.om.request.volume.TestOMVolumeSetQuotaRequest
[INFO] Tests run: 5, Failures: 0, Errors: 0, Skipped: 0, Time elapsed: 3.981 s - in org.apache.hadoop.ozone.om.request.volume.TestOMVolumeSetQuotaRequest
[INFO] Running org.apache.hadoop.ozone.om.request.volume.TestOMVolumeSetOwnerRequest
[INFO] Tests run: 5, Failures: 0, Errors: 0, Skipped: 0, Time elapsed: 4.148 s - in org.apache.hadoop.ozone.om.request.volume.TestOMVolumeSetOwnerRequest
[INFO] Running org.apache.hadoop.ozone.om.request.file.TestOMDirectoryCreateRequest
[INFO] Tests run: 8, Failures: 0, Errors: 0, Skipped: 0, Time elapsed: 4.031 s - in org.apache.hadoop.ozone.om.request.file.TestOMDirectoryCreateRequest
[INFO] Running org.apache.hadoop.ozone.om.request.file.TestOMFileCreateRequest
[INFO] Tests run: 9, Failures: 0, Errors: 0, Skipped: 0, Time elapsed: 4.769 s - in org.apache.hadoop.ozone.om.request.file.TestOMFileCreateRequest
[INFO] Running org.apache.hadoop.ozone.om.request.TestNormalizePaths
[INFO] Tests run: 3, Failures: 0, Errors: 0, Skipped: 0, Time elapsed: 0.183 s - in org.apache.hadoop.ozone.om.request.TestNormalizePaths
[INFO] Running org.apache.hadoop.ozone.om.failover.TestOMFailovers
[INFO] Tests run: 1, Failures: 0, Errors: 0, Skipped: 0, Time elapsed: 0.725 s - in org.apache.hadoop.ozone.om.failover.TestOMFailovers
[INFO] Running org.apache.hadoop.ozone.om.ratis.TestOzoneManagerStateMachine
[INFO] Tests run: 3, Failures: 0, Errors: 0, Skipped: 0, Time elapsed: 3.352 s - in org.apache.hadoop.ozone.om.ratis.TestOzoneManagerStateMachine
[INFO] Running org.apache.hadoop.ozone.om.ratis.TestOzoneManagerDoubleBufferWithOMResponse
[ERROR] Tests run: 6, Failures: 0, Errors: 1, Skipped: 0, Time elapsed: 94.844 s <<< FAILURE! - in org.apache.hadoop.ozone.om.ratis.TestOzoneManagerDoubleBufferWithOMResponse
[ERROR] testDoubleBuffer1(org.apache.hadoop.ozone.om.ratis.TestOzoneManagerDoubleBufferWithOMResponse)  Time elapsed: 2.167 s  <<< ERROR!
java.util.concurrent.TimeoutException: 
Timed out waiting for condition. Thread diagnostics:
Timestamp: 2021-02-04 05:10:21,439

"Signal Dispatcher" daemon prio=9 tid=4 runnable
java.lang.Thread.State: RUNNABLE
"FullTableCache Cleanup Thread - 0" daemon prio=5 tid=153 in Object.wait()
java.lang.Thread.State: WAITING (on object monitor)
        at sun.misc.Unsafe.park(Native Method)
        at java.util.concurrent.locks.LockSupport.park(LockSupport.java:175)
        at java.util.concurrent.locks.AbstractQueuedSynchronizer$ConditionObject.await(AbstractQueuedSynchronizer.java:2039)
        at java.util.concurrent.LinkedBlockingQueue.take(LinkedBlockingQueue.java:442)
        at java.util.concurrent.ThreadPoolExecutor.getTask(ThreadPoolExecutor.java:1074)
        at java.util.concurrent.ThreadPoolExecutor.runWorker(ThreadPoolExecutor.java:1134)
        at java.util.concurrent.ThreadPoolExecutor$Worker.run(ThreadPoolExecutor.java:624)
        at java.lang.Thread.run(Thread.java:748)
"surefire-forkedjvm-command-thread" daemon prio=5 tid=9 runnable
java.lang.Thread.State: RUNNABLE
        at java.io.FileInputStream.readBytes(Native Method)
        at java.io.FileInputStream.read(FileInputStream.java:255)
        at java.io.BufferedInputStream.fill(BufferedInputStream.java:246)
        at java.io.BufferedInputStream.read(BufferedInputStream.java:265)
        at java.io.DataInputStream.readInt(DataInputStream.java:387)
        at org.apache.maven.surefire.booter.MasterProcessCommand.decode(MasterProcessCommand.java:115)
        at org.apache.maven.surefire.booter.CommandReader$CommandRunnable.run(CommandReader.java:390)
        at java.lang.Thread.run(Thread.java:748)
"Attach Listener" daemon prio=9 tid=12 runnable
java.lang.Thread.State: RUNNABLE
"Finalizer" daemon prio=8 tid=3 in Object.wait()
java.lang.Thread.State: WAITING (on object monitor)
        at java.util.zip.Inflater.end(Inflater.java:370)
        at java.util.zip.Inflater.finalize(Inflater.java:383)
        at java.lang.System$2.invokeFinalize(System.java:1270)
        at java.lang.ref.Finalizer.runFinalizer(Finalizer.java:102)
        at java.lang.ref.Finalizer.access$100(Finalizer.java:34)
        at java.lang.ref.Finalizer$FinalizerThread.run(Finalizer.java:217)
"FullTableCache Cleanup Thread - 0" daemon prio=5 tid=154 runnable
java.lang.Thread.State: RUNNABLE
        at org.apache.hadoop.hdds.utils.db.cache.EpochEntry.compareTo(EpochEntry.java)
        at java.util.concurrent.ConcurrentSkipListMap.cpr(ConcurrentSkipListMap.java:655)
        at java.util.concurrent.ConcurrentSkipListMap.findPredecessor(ConcurrentSkipListMap.java:682)
        at java.util.concurrent.ConcurrentSkipListMap.doRemove(ConcurrentSkipListMap.java:960)
        at java.util.concurrent.ConcurrentSkipListMap.remove(ConcurrentSkipListMap.java:1595)
        at java.util.concurrent.ConcurrentSkipListMap$Iter.remove(ConcurrentSkipListMap.java:2334)
        at org.apache.hadoop.hdds.utils.db.cache.FullTableCache.evictCache(FullTableCache.java:150)
        at org.apache.hadoop.hdds.utils.db.cache.FullTableCache.lambda$cleanup$0(FullTableCache.java:114)
        at org.apache.hadoop.hdds.utils.db.cache.FullTableCache$$Lambda$73/957366534.run(Unknown Source)
        at java.util.concurrent.ThreadPoolExecutor.runWorker(ThreadPoolExecutor.java:1149)
        at java.util.concurrent.ThreadPoolExecutor$Worker.run(ThreadPoolExecutor.java:624)
        at java.lang.Thread.run(Thread.java:748)
"process reaper" daemon prio=10 tid=1142 timed_waiting
java.lang.Thread.State: TIMED_WAITING
        at java.lang.UNIXProcess$ProcessPipeInputStream.processExited(UNIXProcess.java:527)
        at java.lang.UNIXProcess.lambda$initStreams$3(UNIXProcess.java:298)
        at java.lang.UNIXProcess$$Lambda$7/1563703905.run(Unknown Source)
        at java.util.concurrent.ThreadPoolExecutor.runWorker(ThreadPoolExecutor.java:1149)
        at java.util.concurrent.ThreadPoolExecutor$Worker.run(ThreadPoolExecutor.java:624)
        at java.lang.Thread.run(Thread.java:748)
"surefire-forkedjvm-ping-30s" daemon prio=5 tid=10 timed_waiting
java.lang.Thread.State: TIMED_WAITING
        at sun.misc.Unsafe.park(Native Method)
        at java.util.concurrent.locks.LockSupport.parkNanos(LockSupport.java:215)
        at java.util.concurrent.locks.AbstractQueuedSynchronizer$ConditionObject.awaitNanos(AbstractQueuedSynchronizer.java:2078)
        at java.util.concurrent.ScheduledThreadPoolExecutor$DelayedWorkQueue.take(ScheduledThreadPoolExecutor.java:1093)
        at java.util.concurrent.ScheduledThreadPoolExecutor$DelayedWorkQueue.take(ScheduledThreadPoolExecutor.java:809)
        at java.util.concurrent.ThreadPoolExecutor.getTask(ThreadPoolExecutor.java:1074)
        at java.util.concurrent.ThreadPoolExecutor.runWorker(ThreadPoolExecutor.java:1134)
        at java.util.concurrent.ThreadPoolExecutor$Worker.run(ThreadPoolExecutor.java:624)
        at java.lang.Thread.run(Thread.java:748)
"FullTableCache Cleanup Thread - 0" daemon prio=5 tid=1145 in Object.wait()
java.lang.Thread.State: WAITING (on object monitor)
        at sun.misc.Unsafe.park(Native Method)
        at java.util.concurrent.locks.LockSupport.park(LockSupport.java:175)
        at java.util.concurrent.locks.AbstractQueuedSynchronizer$ConditionObject.await(AbstractQueuedSynchronizer.java:2039)
        at java.util.concurrent.LinkedBlockingQueue.take(LinkedBlockingQueue.java:442)
        at java.util.concurrent.ThreadPoolExecutor.getTask(ThreadPoolExecutor.java:1074)
        at java.util.concurrent.ThreadPoolExecutor.runWorker(ThreadPoolExecutor.java:1134)
        at java.util.concurrent.ThreadPoolExecutor$Worker.run(ThreadPoolExecutor.java:624)
        at java.lang.Thread.run(Thread.java:748)
"Reference Handler" daemon prio=10 tid=2 in Object.wait()
java.lang.Thread.State: WAITING (on object monitor)
        at java.lang.Object.wait(Native Method)
        at java.lang.Object.wait(Object.java:502)
        at java.lang.ref.Reference.tryHandlePending(Reference.java:191)
        at java.lang.ref.Reference$ReferenceHandler.run(Reference.java:153)
"main"  prio=5 tid=1 runnable
java.lang.Thread.State: RUNNABLE
        at java.lang.Thread.dumpThreads(Native Method)
        at java.lang.Thread.getAllStackTraces(Thread.java:1610)
        at org.apache.hadoop.test.TimedOutTestsListener.buildThreadDump(TimedOutTestsListener.java:93)
        at org.apache.hadoop.test.TimedOutTestsListener.buildThreadDiagnosticString(TimedOutTestsListener.java:79)
        at org.apache.hadoop.test.GenericTestUtils.waitFor(GenericTestUtils.java:225)
        at org.apache.hadoop.ozone.om.ratis.TestOzoneManagerDoubleBufferWithOMResponse.testDoubleBuffer(TestOzoneManagerDoubleBufferWithOMResponse.java:402)
        at org.apache.hadoop.ozone.om.ratis.TestOzoneManagerDoubleBufferWithOMResponse.testDoubleBuffer1(TestOzoneManagerDoubleBufferWithOMResponse.java:132)
        at sun.reflect.NativeMethodAccessorImpl.invoke0(Native Method)
        at sun.reflect.NativeMethodAccessorImpl.invoke(NativeMethodAccessorImpl.java:62)
        at sun.reflect.DelegatingMethodAccessorImpl.invoke(DelegatingMethodAccessorImpl.java:43)
        at java.lang.reflect.Method.invoke(Method.java:498)
        at org.junit.runners.model.FrameworkMethod$1.runReflectiveCall(FrameworkMethod.java:59)
        at org.junit.internal.runners.model.ReflectiveCallable.run(ReflectiveCallable.java:12)
        at org.junit.runners.model.FrameworkMethod.invokeExplosively(FrameworkMethod.java:56)
        at org.junit.internal.runners.statements.InvokeMethod.evaluate(InvokeMethod.java:17)
        at org.junit.internal.runners.statements.RunBefores.evaluate(RunBefores.java:26)
        at org.junit.internal.runners.statements.RunAfters.evaluate(RunAfters.java:27)
        at org.junit.rules.ExternalResource$1.evaluate(ExternalResource.java:54)
        at org.junit.runners.ParentRunner$3.evaluate(ParentRunner.java:306)
        at org.junit.runners.BlockJUnit4ClassRunner$1.evaluate(BlockJUnit4ClassRunner.java:100)
        at org.junit.runners.ParentRunner.runLeaf(ParentRunner.java:366)
        at org.junit.runners.BlockJUnit4ClassRunner.runChild(BlockJUnit4ClassRunner.java:103)
        at org.junit.runners.BlockJUnit4ClassRunner.runChild(BlockJUnit4ClassRunner.java:63)
        at org.junit.runners.ParentRunner$4.run(ParentRunner.java:331)
        at org.junit.runners.ParentRunner$1.schedule(ParentRunner.java:79)
        at org.junit.runners.ParentRunner.runChildren(ParentRunner.java:329)
        at org.junit.runners.ParentRunner.access$100(ParentRunner.java:66)
        at org.junit.runners.ParentRunner$2.evaluate(ParentRunner.java:293)
        at org.junit.runners.ParentRunner$3.evaluate(ParentRunner.java:306)
        at org.junit.runners.ParentRunner.run(ParentRunner.java:413)
        at org.apache.maven.surefire.junit4.JUnit4Provider.execute(JUnit4Provider.java:365)
        at org.apache.maven.surefire.junit4.JUnit4Provider.executeWithRerun(JUnit4Provider.java:273)
        at org.apache.maven.surefire.junit4.JUnit4Provider.executeTestSet(JUnit4Provider.java:238)
        at org.apache.maven.surefire.junit4.JUnit4Provider.invoke(JUnit4Provider.java:159)
        at org.apache.maven.surefire.booter.ForkedBooter.invokeProviderInSameClassLoader(ForkedBooter.java:384)
        at org.apache.maven.surefire.booter.ForkedBooter.runSuitesInProcess(ForkedBooter.java:345)
        at org.apache.maven.surefire.booter.ForkedBooter.execute(ForkedBooter.java:126)
        at org.apache.maven.surefire.booter.ForkedBooter.main(ForkedBooter.java:418)
"OMDoubleBufferFlushThread" daemon prio=5 tid=1143 timed_waiting
java.lang.Thread.State: TIMED_WAITING
        at java.lang.Float.floatToRawIntBits(Native Method)
        at java.lang.Float.floatToIntBits(Float.java:744)
        at org.apache.hadoop.metrics2.lib.MutableGaugeFloat.set(MutableGaugeFloat.java:61)
        at org.apache.hadoop.ozone.om.ratis.metrics.OzoneManagerDoubleBufferMetrics.setAvgFlushTransactionsInOneIteration(OzoneManagerDoubleBufferMetrics.java:119)
        at org.apache.hadoop.ozone.om.ratis.OzoneManagerDoubleBuffer.updateMetrics(OzoneManagerDoubleBuffer.java:405)
        at org.apache.hadoop.ozone.om.ratis.OzoneManagerDoubleBuffer.flushTransactions(OzoneManagerDoubleBuffer.java:340)
        at org.apache.hadoop.ozone.om.ratis.OzoneManagerDoubleBuffer$$Lambda$26/168555122.run(Unknown Source)
        at java.lang.Thread.run(Thread.java:748)


	at org.apache.hadoop.test.GenericTestUtils.waitFor(GenericTestUtils.java:225)
	at org.apache.hadoop.ozone.om.ratis.TestOzoneManagerDoubleBufferWithOMResponse.testDoubleBuffer(TestOzoneManagerDoubleBufferWithOMResponse.java:402)
	at org.apache.hadoop.ozone.om.ratis.TestOzoneManagerDoubleBufferWithOMResponse.testDoubleBuffer1(TestOzoneManagerDoubleBufferWithOMResponse.java:132)
	at sun.reflect.NativeMethodAccessorImpl.invoke0(Native Method)
	at sun.reflect.NativeMethodAccessorImpl.invoke(NativeMethodAccessorImpl.java:62)
	at sun.reflect.DelegatingMethodAccessorImpl.invoke(DelegatingMethodAccessorImpl.java:43)
	at java.lang.reflect.Method.invoke(Method.java:498)
	at org.junit.runners.model.FrameworkMethod$1.runReflectiveCall(FrameworkMethod.java:59)
	at org.junit.internal.runners.model.ReflectiveCallable.run(ReflectiveCallable.java:12)
	at org.junit.runners.model.FrameworkMethod.invokeExplosively(FrameworkMethod.java:56)
	at org.junit.internal.runners.statements.InvokeMethod.evaluate(InvokeMethod.java:17)
	at org.junit.internal.runners.statements.RunBefores.evaluate(RunBefores.java:26)
	at org.junit.internal.runners.statements.RunAfters.evaluate(RunAfters.java:27)
	at org.junit.rules.ExternalResource$1.evaluate(ExternalResource.java:54)
	at org.junit.runners.ParentRunner$3.evaluate(ParentRunner.java:306)
	at org.junit.runners.BlockJUnit4ClassRunner$1.evaluate(BlockJUnit4ClassRunner.java:100)
	at org.junit.runners.ParentRunner.runLeaf(ParentRunner.java:366)
	at org.junit.runners.BlockJUnit4ClassRunner.runChild(BlockJUnit4ClassRunner.java:103)
	at org.junit.runners.BlockJUnit4ClassRunner.runChild(BlockJUnit4ClassRunner.java:63)
	at org.junit.runners.ParentRunner$4.run(ParentRunner.java:331)
	at org.junit.runners.ParentRunner$1.schedule(ParentRunner.java:79)
	at org.junit.runners.ParentRunner.runChildren(ParentRunner.java:329)
	at org.junit.runners.ParentRunner.access$100(ParentRunner.java:66)
	at org.junit.runners.ParentRunner$2.evaluate(ParentRunner.java:293)
	at org.junit.runners.ParentRunner$3.evaluate(ParentRunner.java:306)
	at org.junit.runners.ParentRunner.run(ParentRunner.java:413)
	at org.apache.maven.surefire.junit4.JUnit4Provider.execute(JUnit4Provider.java:365)
	at org.apache.maven.surefire.junit4.JUnit4Provider.executeWithRerun(JUnit4Provider.java:273)
	at org.apache.maven.surefire.junit4.JUnit4Provider.executeTestSet(JUnit4Provider.java:238)
	at org.apache.maven.surefire.junit4.JUnit4Provider.invoke(JUnit4Provider.java:159)
	at org.apache.maven.surefire.booter.ForkedBooter.invokeProviderInSameClassLoader(ForkedBooter.java:384)
	at org.apache.maven.surefire.booter.ForkedBooter.runSuitesInProcess(ForkedBooter.java:345)
	at org.apache.maven.surefire.booter.ForkedBooter.execute(ForkedBooter.java:126)
	at org.apache.maven.surefire.booter.ForkedBooter.main(ForkedBooter.java:418)

[INFO] Running org.apache.hadoop.ozone.om.ratis.TestOzoneManagerDoubleBufferWithDummyResponse
[INFO] Tests run: 1, Failures: 0, Errors: 0, Skipped: 0, Time elapsed: 1.41 s - in org.apache.hadoop.ozone.om.ratis.TestOzoneManagerDoubleBufferWithDummyResponse
[INFO] Running org.apache.hadoop.ozone.om.ratis.TestOzoneManagerRatisServer
[INFO] Tests run: 5, Failures: 0, Errors: 0, Skipped: 0, Time elapsed: 4.897 s - in org.apache.hadoop.ozone.om.ratis.TestOzoneManagerRatisServer
[INFO] Running org.apache.hadoop.ozone.om.TestOmMetadataManager
[INFO] Tests run: 7, Failures: 0, Errors: 0, Skipped: 0, Time elapsed: 1.356 s - in org.apache.hadoop.ozone.om.TestOmMetadataManager
[INFO] Running org.apache.hadoop.ozone.om.TestOzoneManagerStarter
[INFO] Tests run: 8, Failures: 0, Errors: 0, Skipped: 0, Time elapsed: 0.816 s - in org.apache.hadoop.ozone.om.TestOzoneManagerStarter
[INFO] Running org.apache.hadoop.ozone.om.TestBucketManagerImpl
[WARNING] Tests run: 1, Failures: 0, Errors: 0, Skipped: 1, Time elapsed: 0.033 s - in org.apache.hadoop.ozone.om.TestBucketManagerImpl
[INFO] 
[INFO] Results:
[INFO] 
[ERROR] Errors: 
[ERROR]   TestOzoneManagerDoubleBufferWithOMResponse.testDoubleBuffer1:132->testDoubleBuffer:402 ? Timeout
[INFO] 
[ERROR] Tests run: 298, Failures: 0, Errors: 1, Skipped: 1
[INFO] 
[INFO] 
[INFO] ------------------------------------------------------------------------
[INFO] Skipping Apache Hadoop Ozone FileSystem Common
[INFO] This project has been banned from the build due to previous failures.
[INFO] ------------------------------------------------------------------------
[INFO] 
[INFO] ------------------------------------------------------------------------
[INFO] Skipping Apache Hadoop Ozone FileSystem
[INFO] This project has been banned from the build due to previous failures.
[INFO] ------------------------------------------------------------------------
[INFO] 
[INFO] ------------< org.apache.hadoop:hadoop-ozone-reconcodegen >-------------
[INFO] Building Apache Hadoop Ozone Recon CodeGen 1.1.0-SNAPSHOT        [24/38]
[INFO] --------------------------------[ jar ]---------------------------------
[INFO] 
[INFO] --- maven-antrun-plugin:1.3:run (create-testdirs) @ hadoop-ozone-reconcodegen ---
[INFO] Executing tasks
[INFO] Executed tasks
[INFO] 
[INFO] --- jacoco-maven-plugin:0.8.5:prepare-agent (default-prepare-agent) @ hadoop-ozone-reconcodegen ---
[INFO] argLine set to -javaagent:/home/user/.m2/repository/org/jacoco/org.jacoco.agent/0.8.5/org.jacoco.agent-0.8.5-runtime.jar=destfile=/github/workspace/hadoop-ozone/recon-codegen/target/jacoco.exec,includes=org.apache.hadoop.hdds.*:org.apache.hadoop.ozone.*:org.apache.hadoop.fs.ozone.*
[INFO] 
[INFO] --- maven-remote-resources-plugin:1.5:process (default) @ hadoop-ozone-reconcodegen ---
[INFO] 
[INFO] --- maven-resources-plugin:3.1.0:resources (default-resources) @ hadoop-ozone-reconcodegen ---
[INFO] Using 'UTF-8' encoding to copy filtered resources.
[INFO] skip non existing resourceDirectory /github/workspace/hadoop-ozone/recon-codegen/src/main/resources
[INFO] Copying 2 resources
[INFO] 
[INFO] --- maven-compiler-plugin:3.1:compile (default-compile) @ hadoop-ozone-reconcodegen ---
[INFO] Compiling 2 source files to /github/workspace/hadoop-ozone/recon-codegen/target/classes
[INFO] 
[INFO] --- maven-resources-plugin:3.1.0:testResources (default-testResources) @ hadoop-ozone-reconcodegen ---
[INFO] Using 'UTF-8' encoding to copy filtered resources.
[INFO] skip non existing resourceDirectory /github/workspace/hadoop-ozone/recon-codegen/src/test/resources
[INFO] Copying 2 resources
[INFO] 
[INFO] --- maven-compiler-plugin:3.1:testCompile (default-testCompile) @ hadoop-ozone-reconcodegen ---
[INFO] No sources to compile
[INFO] 
[INFO] --- maven-surefire-plugin:3.0.0-M1:test (default-test) @ hadoop-ozone-reconcodegen ---
[INFO] 
[INFO] ------------------------------------------------------------------------
[INFO] Skipping Apache Hadoop Ozone Recon
[INFO] This project has been banned from the build due to previous failures.
[INFO] ------------------------------------------------------------------------
[INFO] 
[INFO] ------------------------------------------------------------------------
[INFO] Skipping Apache Hadoop Ozone Tools
[INFO] This project has been banned from the build due to previous failures.
[INFO] ------------------------------------------------------------------------
[INFO] 
[INFO] --------------< org.apache.hadoop:hadoop-ozone-s3gateway >--------------
[INFO] Building Apache Hadoop Ozone S3 Gateway 1.1.0-SNAPSHOT           [25/38]
[INFO] --------------------------------[ jar ]---------------------------------
[INFO] 
[INFO] --- maven-antrun-plugin:1.3:run (create-testdirs) @ hadoop-ozone-s3gateway ---
[INFO] Executing tasks
[INFO] Executed tasks
[INFO] 
[INFO] --- jacoco-maven-plugin:0.8.5:prepare-agent (default-prepare-agent) @ hadoop-ozone-s3gateway ---
[INFO] argLine set to -javaagent:/home/user/.m2/repository/org/jacoco/org.jacoco.agent/0.8.5/org.jacoco.agent-0.8.5-runtime.jar=destfile=/github/workspace/hadoop-ozone/s3gateway/target/jacoco.exec,includes=org.apache.hadoop.hdds.*:org.apache.hadoop.ozone.*:org.apache.hadoop.fs.ozone.*
[INFO] 
[INFO] --- maven-remote-resources-plugin:1.5:process (default) @ hadoop-ozone-s3gateway ---
[INFO] 
[INFO] --- maven-resources-plugin:3.1.0:resources (default-resources) @ hadoop-ozone-s3gateway ---
[INFO] Using 'UTF-8' encoding to copy filtered resources.
[INFO] Copying 7 resources
[INFO] Copying 2 resources
[INFO] 
[INFO] --- maven-compiler-plugin:3.1:compile (default-compile) @ hadoop-ozone-s3gateway ---
[INFO] Compiling 5 source files to /github/workspace/hadoop-ozone/s3gateway/target/classes
[INFO] 
[INFO] --- maven-resources-plugin:3.1.0:testResources (default-testResources) @ hadoop-ozone-s3gateway ---
[INFO] Using 'UTF-8' encoding to copy filtered resources.
[INFO] Copying 1 resource
[INFO] Copying 2 resources
[INFO] 
[INFO] --- maven-compiler-plugin:3.1:testCompile (default-testCompile) @ hadoop-ozone-s3gateway ---
[INFO] Compiling 4 source files to /github/workspace/hadoop-ozone/s3gateway/target/test-classes
[INFO] 
[INFO] --- maven-surefire-plugin:3.0.0-M1:test (default-test) @ hadoop-ozone-s3gateway ---
[INFO] 
[INFO] -------------------------------------------------------
[INFO]  T E S T S
[INFO] -------------------------------------------------------
[INFO] Running org.apache.hadoop.ozone.s3.TestSignedChunksInputStream
[INFO] Tests run: 4, Failures: 0, Errors: 0, Skipped: 0, Time elapsed: 0.108 s - in org.apache.hadoop.ozone.s3.TestSignedChunksInputStream
[INFO] Running org.apache.hadoop.ozone.s3.endpoint.TestPartUpload
[INFO] Tests run: 3, Failures: 0, Errors: 0, Skipped: 0, Time elapsed: 1.345 s - in org.apache.hadoop.ozone.s3.endpoint.TestPartUpload
[INFO] Running org.apache.hadoop.ozone.s3.endpoint.TestObjectPut
[INFO] Tests run: 5, Failures: 0, Errors: 0, Skipped: 0, Time elapsed: 1.424 s - in org.apache.hadoop.ozone.s3.endpoint.TestObjectPut
[INFO] Running org.apache.hadoop.ozone.s3.endpoint.TestCompleteMultipartUploadRequestUnmarshaller
[INFO] Tests run: 2, Failures: 0, Errors: 0, Skipped: 0, Time elapsed: 0.341 s - in org.apache.hadoop.ozone.s3.endpoint.TestCompleteMultipartUploadRequestUnmarshaller
[INFO] Running org.apache.hadoop.ozone.s3.endpoint.TestBucketPut
[INFO] Tests run: 3, Failures: 0, Errors: 0, Skipped: 0, Time elapsed: 0.525 s - in org.apache.hadoop.ozone.s3.endpoint.TestBucketPut
[INFO] Running org.apache.hadoop.ozone.s3.endpoint.TestObjectDelete
[INFO] Tests run: 1, Failures: 0, Errors: 0, Skipped: 0, Time elapsed: 0.609 s - in org.apache.hadoop.ozone.s3.endpoint.TestObjectDelete
[INFO] Running org.apache.hadoop.ozone.s3.endpoint.TestBucketResponse
[INFO] Tests run: 1, Failures: 0, Errors: 0, Skipped: 0, Time elapsed: 0.255 s - in org.apache.hadoop.ozone.s3.endpoint.TestBucketResponse
[INFO] Running org.apache.hadoop.ozone.s3.endpoint.TestMultipartUploadComplete
[INFO] Tests run: 3, Failures: 0, Errors: 0, Skipped: 0, Time elapsed: 1.537 s - in org.apache.hadoop.ozone.s3.endpoint.TestMultipartUploadComplete
[INFO] Running org.apache.hadoop.ozone.s3.endpoint.TestBucketDelete
[INFO] Tests run: 3, Failures: 0, Errors: 0, Skipped: 0, Time elapsed: 0.895 s - in org.apache.hadoop.ozone.s3.endpoint.TestBucketDelete
[INFO] Running org.apache.hadoop.ozone.s3.endpoint.TestObjectHead
[INFO] Tests run: 2, Failures: 0, Errors: 0, Skipped: 0, Time elapsed: 0.583 s - in org.apache.hadoop.ozone.s3.endpoint.TestObjectHead
[INFO] Running org.apache.hadoop.ozone.s3.endpoint.TestListParts
[INFO] Tests run: 3, Failures: 0, Errors: 0, Skipped: 0, Time elapsed: 1.05 s - in org.apache.hadoop.ozone.s3.endpoint.TestListParts
[INFO] Running org.apache.hadoop.ozone.s3.endpoint.TestPermissionCheck
[INFO] Tests run: 11, Failures: 0, Errors: 0, Skipped: 0, Time elapsed: 1.792 s - in org.apache.hadoop.ozone.s3.endpoint.TestPermissionCheck
[INFO] Running org.apache.hadoop.ozone.s3.endpoint.TestRootList
[INFO] Tests run: 1, Failures: 0, Errors: 0, Skipped: 0, Time elapsed: 0.565 s - in org.apache.hadoop.ozone.s3.endpoint.TestRootList
[INFO] Running org.apache.hadoop.ozone.s3.endpoint.TestObjectEndpoint
[INFO] Tests run: 2, Failures: 0, Errors: 0, Skipped: 0, Time elapsed: 0.225 s - in org.apache.hadoop.ozone.s3.endpoint.TestObjectEndpoint
[INFO] Running org.apache.hadoop.ozone.s3.endpoint.TestObjectGet
[INFO] Tests run: 1, Failures: 0, Errors: 0, Skipped: 0, Time elapsed: 1.072 s - in org.apache.hadoop.ozone.s3.endpoint.TestObjectGet
[INFO] Running org.apache.hadoop.ozone.s3.endpoint.TestAbortMultipartUpload
[INFO] Tests run: 1, Failures: 0, Errors: 0, Skipped: 0, Time elapsed: 1.256 s - in org.apache.hadoop.ozone.s3.endpoint.TestAbortMultipartUpload
[INFO] Running org.apache.hadoop.ozone.s3.endpoint.TestInitiateMultipartUpload
[INFO] Tests run: 1, Failures: 0, Errors: 0, Skipped: 0, Time elapsed: 1.149 s - in org.apache.hadoop.ozone.s3.endpoint.TestInitiateMultipartUpload
[INFO] Running org.apache.hadoop.ozone.s3.endpoint.TestMultipartUploadWithCopy
[INFO] Tests run: 1, Failures: 0, Errors: 0, Skipped: 0, Time elapsed: 1.039 s - in org.apache.hadoop.ozone.s3.endpoint.TestMultipartUploadWithCopy
[INFO] Running org.apache.hadoop.ozone.s3.endpoint.TestBucketGet
[INFO] Tests run: 11, Failures: 0, Errors: 0, Skipped: 0, Time elapsed: 1.045 s - in org.apache.hadoop.ozone.s3.endpoint.TestBucketGet
[INFO] Running org.apache.hadoop.ozone.s3.endpoint.TestMultiDeleteRequestUnmarshaller
[INFO] Tests run: 2, Failures: 0, Errors: 0, Skipped: 0, Time elapsed: 0.3 s - in org.apache.hadoop.ozone.s3.endpoint.TestMultiDeleteRequestUnmarshaller
[INFO] Running org.apache.hadoop.ozone.s3.endpoint.TestBucketHead
[INFO] Tests run: 2, Failures: 0, Errors: 0, Skipped: 0, Time elapsed: 0.878 s - in org.apache.hadoop.ozone.s3.endpoint.TestBucketHead
[INFO] Running org.apache.hadoop.ozone.s3.endpoint.TestObjectMultiDelete
[INFO] Tests run: 2, Failures: 0, Errors: 0, Skipped: 0, Time elapsed: 0.503 s - in org.apache.hadoop.ozone.s3.endpoint.TestObjectMultiDelete
[INFO] Running org.apache.hadoop.ozone.s3.TestAWSSignatureProcessor
[INFO] Tests run: 2, Failures: 0, Errors: 0, Skipped: 0, Time elapsed: 0.767 s - in org.apache.hadoop.ozone.s3.TestAWSSignatureProcessor
[INFO] Running org.apache.hadoop.ozone.s3.util.TestRangeHeaderParserUtil
[INFO] Tests run: 1, Failures: 0, Errors: 0, Skipped: 0, Time elapsed: 0.088 s - in org.apache.hadoop.ozone.s3.util.TestRangeHeaderParserUtil
[INFO] Running org.apache.hadoop.ozone.s3.util.TestRFC1123Util
[INFO] Tests run: 1, Failures: 0, Errors: 0, Skipped: 0, Time elapsed: 0.118 s - in org.apache.hadoop.ozone.s3.util.TestRFC1123Util
[INFO] Running org.apache.hadoop.ozone.s3.util.TestContinueToken
[INFO] Tests run: 2, Failures: 0, Errors: 0, Skipped: 0, Time elapsed: 0.081 s - in org.apache.hadoop.ozone.s3.util.TestContinueToken
[INFO] Running org.apache.hadoop.ozone.s3.util.TestOzoneS3Util
[INFO] Tests run: 2, Failures: 0, Errors: 0, Skipped: 0, Time elapsed: 0.668 s - in org.apache.hadoop.ozone.s3.util.TestOzoneS3Util
[INFO] Running org.apache.hadoop.ozone.s3.exception.TestOS3Exceptions
[INFO] Tests run: 1, Failures: 0, Errors: 0, Skipped: 0, Time elapsed: 0.441 s - in org.apache.hadoop.ozone.s3.exception.TestOS3Exceptions
[INFO] Running org.apache.hadoop.ozone.s3.header.TestAuthorizationHeaderV2
[INFO] Tests run: 5, Failures: 0, Errors: 0, Skipped: 0, Time elapsed: 0.445 s - in org.apache.hadoop.ozone.s3.header.TestAuthorizationHeaderV2
[INFO] Running org.apache.hadoop.ozone.s3.header.TestAuthorizationHeaderV4
[INFO] Tests run: 13, Failures: 0, Errors: 0, Skipped: 0, Time elapsed: 0.572 s - in org.apache.hadoop.ozone.s3.header.TestAuthorizationHeaderV4
[INFO] Running org.apache.hadoop.ozone.s3.TestOzoneClientProducer
[INFO] Tests run: 3, Failures: 0, Errors: 0, Skipped: 0, Time elapsed: 1.322 s - in org.apache.hadoop.ozone.s3.TestOzoneClientProducer
[INFO] Running org.apache.hadoop.ozone.s3.TestVirtualHostStyleFilter
[INFO] Tests run: 6, Failures: 0, Errors: 0, Skipped: 0, Time elapsed: 0.977 s - in org.apache.hadoop.ozone.s3.TestVirtualHostStyleFilter
[INFO] 
[INFO] Results:
[INFO] 
[INFO] Tests run: 101, Failures: 0, Errors: 0, Skipped: 0
[INFO] 
[INFO] 
[INFO] -----------------< org.apache.hadoop:hadoop-ozone-csi >-----------------
[INFO] Building Apache Hadoop Ozone CSI service 1.1.0-SNAPSHOT          [26/38]
[INFO] --------------------------------[ jar ]---------------------------------
[INFO] 
[INFO] --- maven-antrun-plugin:1.3:run (create-testdirs) @ hadoop-ozone-csi ---
[INFO] Executing tasks
[INFO] Executed tasks
[INFO] 
[INFO] --- jacoco-maven-plugin:0.8.5:prepare-agent (default-prepare-agent) @ hadoop-ozone-csi ---
[INFO] argLine set to -javaagent:/home/user/.m2/repository/org/jacoco/org.jacoco.agent/0.8.5/org.jacoco.agent-0.8.5-runtime.jar=destfile=/github/workspace/hadoop-ozone/csi/target/jacoco.exec,includes=org.apache.hadoop.hdds.*:org.apache.hadoop.ozone.*:org.apache.hadoop.fs.ozone.*
[INFO] 
[INFO] --- protobuf-maven-plugin:0.5.1:compile (compile-protoc) @ hadoop-ozone-csi ---
[INFO] Compiling 1 proto file(s) to /github/workspace/hadoop-ozone/csi/target/generated-sources/java
[INFO] 
[INFO] --- protobuf-maven-plugin:0.5.1:compile-custom (compile-protoc) @ hadoop-ozone-csi ---
[INFO] Compiling 1 proto file(s) to /github/workspace/hadoop-ozone/csi/target/generated-sources/java
[INFO] 
[INFO] --- maven-remote-resources-plugin:1.5:process (default) @ hadoop-ozone-csi ---
[INFO] 
[INFO] --- maven-resources-plugin:3.1.0:resources (default-resources) @ hadoop-ozone-csi ---
[INFO] Using 'UTF-8' encoding to copy filtered resources.
[INFO] Copying 1 resource
[INFO] Copying 1 resource
[INFO] Copying 1 resource
[INFO] Copying 2 resources
[INFO] 
[INFO] --- maven-compiler-plugin:3.1:compile (default-compile) @ hadoop-ozone-csi ---
[INFO] Compiling 5 source files to /github/workspace/hadoop-ozone/csi/target/classes
[INFO] 
[INFO] --- protobuf-maven-plugin:0.5.1:test-compile (compile-protoc) @ hadoop-ozone-csi ---
[INFO] /github/workspace/hadoop-ozone/csi/src/test/proto does not exist. Review the configuration or consider disabling the plugin.
[INFO] 
[INFO] --- protobuf-maven-plugin:0.5.1:test-compile-custom (compile-protoc) @ hadoop-ozone-csi ---
[INFO] /github/workspace/hadoop-ozone/csi/src/test/proto does not exist. Review the configuration or consider disabling the plugin.
[INFO] 
[INFO] --- maven-resources-plugin:3.1.0:testResources (default-testResources) @ hadoop-ozone-csi ---
[INFO] Using 'UTF-8' encoding to copy filtered resources.
[INFO] skip non existing resourceDirectory /github/workspace/hadoop-ozone/csi/src/test/resources
[INFO] Copying 2 resources
[INFO] 
[INFO] --- maven-compiler-plugin:3.1:testCompile (default-testCompile) @ hadoop-ozone-csi ---
[INFO] No sources to compile
[INFO] 
[INFO] --- maven-surefire-plugin:3.0.0-M1:test (default-test) @ hadoop-ozone-csi ---
[INFO] 
[INFO] --------------< org.apache.hadoop:hadoop-ozone-datanode >---------------
[INFO] Building Apache Hadoop Ozone Datanode 1.1.0-SNAPSHOT             [27/38]
[INFO] --------------------------------[ jar ]---------------------------------
[INFO] 
[INFO] --- maven-antrun-plugin:1.3:run (create-testdirs) @ hadoop-ozone-datanode ---
[INFO] Executing tasks
[INFO] Executed tasks
[INFO] 
[INFO] --- jacoco-maven-plugin:0.8.5:prepare-agent (default-prepare-agent) @ hadoop-ozone-datanode ---
[INFO] argLine set to -javaagent:/home/user/.m2/repository/org/jacoco/org.jacoco.agent/0.8.5/org.jacoco.agent-0.8.5-runtime.jar=destfile=/github/workspace/hadoop-ozone/datanode/target/jacoco.exec,includes=org.apache.hadoop.hdds.*:org.apache.hadoop.ozone.*:org.apache.hadoop.fs.ozone.*
[INFO] 
[INFO] --- maven-remote-resources-plugin:1.5:process (default) @ hadoop-ozone-datanode ---
[INFO] 
[INFO] --- maven-resources-plugin:3.1.0:resources (default-resources) @ hadoop-ozone-datanode ---
[INFO] Using 'UTF-8' encoding to copy filtered resources.
[INFO] skip non existing resourceDirectory /github/workspace/hadoop-ozone/datanode/src/main/resources
[INFO] Copying 2 resources
[INFO] 
[INFO] --- maven-compiler-plugin:3.1:compile (default-compile) @ hadoop-ozone-datanode ---
[INFO] No sources to compile
[INFO] 
[INFO] --- maven-resources-plugin:3.1.0:testResources (default-testResources) @ hadoop-ozone-datanode ---
[INFO] Using 'UTF-8' encoding to copy filtered resources.
[INFO] skip non existing resourceDirectory /github/workspace/hadoop-ozone/datanode/src/test/resources
[INFO] Copying 2 resources
[INFO] 
[INFO] --- maven-compiler-plugin:3.1:testCompile (default-testCompile) @ hadoop-ozone-datanode ---
[INFO] No sources to compile
[INFO] 
[INFO] --- maven-surefire-plugin:3.0.0-M1:test (default-test) @ hadoop-ozone-datanode ---
[INFO] 
[INFO] ------------------------------------------------------------------------
[INFO] Skipping Apache Hadoop Ozone Insight Tool
[INFO] This project has been banned from the build due to previous failures.
[INFO] ------------------------------------------------------------------------
[INFO] 
[INFO] ------------------------------------------------------------------------
[INFO] Skipping Apache Hadoop Ozone FileSystem Shaded
[INFO] This project has been banned from the build due to previous failures.
[INFO] ------------------------------------------------------------------------
[INFO] 
[INFO] ------------------------------------------------------------------------
[INFO] Skipping Apache Hadoop Ozone FS Hadoop 2.x compatibility
[INFO] This project has been banned from the build due to previous failures.
[INFO] ------------------------------------------------------------------------
[INFO] 
[INFO] ------------------------------------------------------------------------
[INFO] Skipping Apache Hadoop Ozone FS Hadoop 3.x compatibility
[INFO] This project has been banned from the build due to previous failures.
[INFO] ------------------------------------------------------------------------
[INFO] 
[INFO] ------------------------------------------------------------------------
[INFO] Skipping Apache Hadoop Ozone Distribution
[INFO] This project has been banned from the build due to previous failures.
[INFO] ------------------------------------------------------------------------
[INFO] 
[INFO] --------< org.apache.hadoop:hadoop-ozone-fault-injection-test >---------
[INFO] Building Apache Hadoop Ozone Fault Injection Tests 1.1.0-SNAPSHOT [28/38]
[INFO] --------------------------------[ pom ]---------------------------------
[INFO] 
[INFO] --- maven-antrun-plugin:1.3:run (create-testdirs) @ hadoop-ozone-fault-injection-test ---
[INFO] Executing tasks
[INFO] Executed tasks
[INFO] 
[INFO] --- jacoco-maven-plugin:0.8.5:prepare-agent (default-prepare-agent) @ hadoop-ozone-fault-injection-test ---
[INFO] argLine set to -javaagent:/home/user/.m2/repository/org/jacoco/org.jacoco.agent/0.8.5/org.jacoco.agent-0.8.5-runtime.jar=destfile=/github/workspace/hadoop-ozone/fault-injection-test/target/jacoco.exec,includes=org.apache.hadoop.hdds.*:org.apache.hadoop.ozone.*:org.apache.hadoop.fs.ozone.*
[INFO] 
[INFO] --- maven-remote-resources-plugin:1.5:process (default) @ hadoop-ozone-fault-injection-test ---
[INFO] 
[INFO] ------------< org.apache.hadoop:hadoop-ozone-network-tests >------------
[INFO] Building Apache Hadoop Ozone Network Tests 1.1.0-SNAPSHOT        [29/38]
[INFO] --------------------------------[ jar ]---------------------------------
[INFO] 
[INFO] --- maven-antrun-plugin:1.3:run (create-testdirs) @ hadoop-ozone-network-tests ---
[INFO] Executing tasks
[INFO] Executed tasks
[INFO] 
[INFO] --- jacoco-maven-plugin:0.8.5:prepare-agent (default-prepare-agent) @ hadoop-ozone-network-tests ---
[INFO] argLine set to -javaagent:/home/user/.m2/repository/org/jacoco/org.jacoco.agent/0.8.5/org.jacoco.agent-0.8.5-runtime.jar=destfile=/github/workspace/hadoop-ozone/fault-injection-test/network-tests/target/jacoco.exec,includes=org.apache.hadoop.hdds.*:org.apache.hadoop.ozone.*:org.apache.hadoop.fs.ozone.*
[INFO] 
[INFO] --- maven-remote-resources-plugin:1.5:process (default) @ hadoop-ozone-network-tests ---
[INFO] 
[INFO] --- maven-resources-plugin:3.1.0:resources (default-resources) @ hadoop-ozone-network-tests ---
[INFO] Using 'UTF-8' encoding to copy filtered resources.
[INFO] skip non existing resourceDirectory /github/workspace/hadoop-ozone/fault-injection-test/network-tests/src/main/resources
[INFO] Copying 2 resources
[INFO] 
[INFO] --- maven-resources-plugin:3.1.0:copy-resources (copy-resources) @ hadoop-ozone-network-tests ---
[INFO] Using 'UTF-8' encoding to copy filtered resources.
[INFO] Copying 2 resources
[INFO] 
[INFO] --- maven-compiler-plugin:3.1:compile (default-compile) @ hadoop-ozone-network-tests ---
[INFO] No sources to compile
[INFO] 
[INFO] --- maven-resources-plugin:3.1.0:testResources (default-testResources) @ hadoop-ozone-network-tests ---
[INFO] Using 'UTF-8' encoding to copy filtered resources.
[INFO] skip non existing resourceDirectory /github/workspace/hadoop-ozone/fault-injection-test/network-tests/src/test/resources
[INFO] Copying 2 resources
[INFO] 
[INFO] --- maven-compiler-plugin:3.1:testCompile (default-testCompile) @ hadoop-ozone-network-tests ---
[INFO] No sources to compile
[INFO] 
[INFO] --- maven-surefire-plugin:3.0.0-M1:test (default-test) @ hadoop-ozone-network-tests ---
[INFO] ------------------------------------------------------------------------
[INFO] Reactor Summary for Apache Hadoop Ozone Main 1.1.0-SNAPSHOT:
[INFO] 
[INFO] Apache Hadoop Ozone Main ........................... SUCCESS [  0.575 s]
[INFO] Apache Hadoop HDDS ................................. SUCCESS [  0.536 s]
[INFO] Apache Hadoop HDDS Hadoop Client dependencies ...... SUCCESS [  0.919 s]
[INFO] Apache Hadoop HDDS Hadoop Test dependencies ........ SUCCESS [  0.145 s]
[INFO] Apache Hadoop HDDS Hadoop Server dependencies ...... SUCCESS [  0.864 s]
[INFO] Apache Hadoop HDDS Client Interface ................ SUCCESS [  5.180 s]
[INFO] Apache Hadoop HDDS Admin Interface ................. SUCCESS [  1.409 s]
[INFO] Apache Hadoop HDDS Server Interface ................ SUCCESS [  1.703 s]
[INFO] Apache Hadoop HDDS Test Utils ...................... SUCCESS [  0.157 s]
[INFO] Apache Hadoop HDDS Config .......................... SUCCESS [  5.894 s]
[INFO] Apache Hadoop HDDS Common .......................... SUCCESS [01:06 min]
[INFO] Apache Hadoop HDDS Client .......................... SUCCESS [01:28 min]
[INFO] Apache Hadoop HDDS Server Framework ................ SUCCESS [01:35 min]
[INFO] Apache Ozone/HDDS Documentation .................... SUCCESS [  2.803 s]
[INFO] Apache Hadoop HDDS Container Service ............... SUCCESS [02:36 min]
[INFO] Apache Hadoop HDDS SCM Server ...................... SUCCESS [04:27 min]
[INFO] Apache Hadoop HDDS Tools ........................... SUCCESS [  1.743 s]
[INFO] Apache Hadoop Ozone ................................ SUCCESS [  0.016 s]
[INFO] Apache Hadoop Ozone Client Interface ............... SUCCESS [  4.171 s]
[INFO] Apache Hadoop Ozone Common ......................... SUCCESS [ 21.953 s]
[INFO] Apache Hadoop Ozone Storage Interface .............. SUCCESS [  9.567 s]
[INFO] Apache Hadoop Ozone Client ......................... SUCCESS [  3.673 s]
[INFO] Apache Hadoop Ozone Manager Server ................. FAILURE [06:11 min]
[INFO] Apache Hadoop Ozone FileSystem Common .............. SKIPPED
[INFO] Apache Hadoop Ozone FileSystem ..................... SKIPPED
[INFO] Apache Hadoop Ozone Recon CodeGen .................. SUCCESS [  0.386 s]
[INFO] Apache Hadoop Ozone Recon .......................... SKIPPED
[INFO] Apache Hadoop Ozone Tools .......................... SKIPPED
[INFO] Apache Hadoop Ozone S3 Gateway ..................... SUCCESS [ 55.395 s]
[INFO] Apache Hadoop Ozone CSI service .................... SUCCESS [  3.554 s]
[INFO] Apache Hadoop Ozone Datanode ....................... SUCCESS [  0.609 s]
[INFO] Apache Hadoop Ozone Insight Tool ................... SKIPPED
[INFO] Apache Hadoop Ozone FileSystem Shaded .............. SKIPPED
[INFO] Apache Hadoop Ozone FS Hadoop 2.x compatibility .... SKIPPED
[INFO] Apache Hadoop Ozone FS Hadoop 3.x compatibility .... SKIPPED
[INFO] Apache Hadoop Ozone Distribution ................... SKIPPED
[INFO] Apache Hadoop Ozone Fault Injection Tests .......... SUCCESS [  0.012 s]
[INFO] Apache Hadoop Ozone Network Tests .................. SUCCESS [  0.039 s]
[INFO] ------------------------------------------------------------------------
[INFO] BUILD FAILURE
[INFO] ------------------------------------------------------------------------
[INFO] Total time:  19:27 min
[INFO] Finished at: 2021-02-04T17:11:35Z
[INFO] ------------------------------------------------------------------------
[ERROR] Failed to execute goal org.apache.maven.plugins:maven-surefire-plugin:3.0.0-M1:test (default-test) on project hadoop-ozone-ozone-manager: There are test failures.
[ERROR] 
[ERROR] Please refer to /github/workspace/hadoop-ozone/ozone-manager/target/surefire-reports for the individual test results.
[ERROR] Please refer to dump files (if any exist) [date].dump, [date]-jvmRun[N].dump and [date].dumpstream.
[ERROR] -> [Help 1]
[ERROR] 
[ERROR] To see the full stack trace of the errors, re-run Maven with the -e switch.
[ERROR] Re-run Maven using the -X switch to enable full debug logging.
[ERROR] 
[ERROR] For more information about the errors and possible solutions, please read the following articles:
[ERROR] [Help 1] http://cwiki.apache.org/confluence/display/MAVEN/MojoFailureException
[ERROR] 
[ERROR] After correcting the problems, you can resume the build with the command
[ERROR]   mvn <args> -rf :hadoop-ozone-ozone-manager
