[INFO] Scanning for projects...
[INFO] ------------------------------------------------------------------------
[INFO] Detecting the operating system and CPU architecture
[INFO] ------------------------------------------------------------------------
[INFO] os.detected.name: linux
[INFO] os.detected.arch: x86_64
[INFO] os.detected.version: 5.4
[INFO] os.detected.version.major: 5
[INFO] os.detected.version.minor: 4
[INFO] os.detected.release: ubuntu
[INFO] os.detected.release.version: 18.04
[INFO] os.detected.release.like.ubuntu: true
[INFO] os.detected.release.like.debian: true
[INFO] os.detected.classifier: linux-x86_64
[INFO] ------------------------------------------------------------------------
[INFO] Reactor Build Order:
[INFO] 
[INFO] Apache Ozone Annotation Processing                                 [jar]
[INFO] Apache Ozone Main                                                  [pom]
[INFO] Apache Ozone HDDS                                                  [pom]
[INFO] Apache Ozone HDDS Hadoop Client dependencies                       [jar]
[INFO] Apache Ozone HDDS Hadoop Test dependencies                         [jar]
[INFO] Apache Ozone HDDS Hadoop Server dependencies                       [jar]
[INFO] Apache Ozone HDDS Client Interface                                 [jar]
[INFO] Apache Ozone HDDS Admin Interface                                  [jar]
[INFO] Apache Ozone HDDS Server Interface                                 [jar]
[INFO] Apache Ozone HDDS Test Utils                                       [jar]
[INFO] Apache Ozone HDDS Config                                           [jar]
[INFO] Apache Ozone HDDS Common                                           [jar]
[INFO] Apache Ozone HDDS Erasurecode                                      [jar]
[INFO] Apache Ozone HDDS Client                                           [jar]
[INFO] Apache Ozone HDDS Server Framework                                 [jar]
[INFO] Apache Ozone/HDDS Documentation                                    [jar]
[INFO] Apache Ozone HDDS Container Service                                [jar]
[INFO] Apache Ozone HDDS SCM Server                                       [jar]
[INFO] Apache Ozone HDDS Tools                                            [jar]
[INFO] Apache Ozone                                                       [pom]
[INFO] Apache Ozone Client Interface                                      [jar]
[INFO] Apache Ozone Common                                                [jar]
[INFO] Apache Ozone Storage Interface                                     [jar]
[INFO] Apache Ozone Client                                                [jar]
[INFO] Apache Ozone Manager Server                                        [jar]
[INFO] Apache Ozone FileSystem Common                                     [jar]
[INFO] Apache Ozone FileSystem                                            [jar]
[INFO] Apache Ozone Recon CodeGen                                         [jar]
[INFO] Apache Ozone Recon                                                 [jar]
[INFO] Apache Ozone Tools                                                 [jar]
[INFO] Apache Ozone S3 Gateway                                            [jar]
[INFO] Apache Ozone CSI service                                           [jar]
[INFO] Apache Ozone Datanode                                              [jar]
[INFO] Apache Ozone Insight Tool                                          [jar]
[INFO] Apache Ozone FileSystem Shaded                                     [jar]
[INFO] Apache Ozone FS Hadoop 2.x compatibility                           [jar]
[INFO] Apache Ozone FS Hadoop 3.x compatibility                           [jar]
[INFO] Apache Ozone Distribution                                          [jar]
[INFO] Apache Ozone Fault Injection Tests                                 [pom]
[INFO] Apache Ozone Network Tests                                         [jar]
[INFO] 
[INFO] ------------< org.apache.ozone:ozone-annotation-processing >------------
[INFO] Building Apache Ozone Annotation Processing 1.3.0-SNAPSHOT        [1/40]
[INFO] --------------------------------[ jar ]---------------------------------
[INFO] 
[INFO] --- maven-resources-plugin:2.6:resources (default-resources) @ ozone-annotation-processing ---
[INFO] Using 'UTF-8' encoding to copy filtered resources.
[INFO] Copying 1 resource
[INFO] 
[INFO] --- maven-compiler-plugin:3.9.0:compile (default-compile) @ ozone-annotation-processing ---
[INFO] Changes detected - recompiling the module!
[INFO] Compiling 3 source files to /home/runner/work/ozone/ozone/dev-support/annotations/target/classes
[INFO] 
[INFO] --- maven-resources-plugin:2.6:testResources (default-testResources) @ ozone-annotation-processing ---
[INFO] Using 'UTF-8' encoding to copy filtered resources.
[INFO] skip non existing resourceDirectory /home/runner/work/ozone/ozone/dev-support/annotations/src/test/resources
[INFO] 
[INFO] --- maven-compiler-plugin:3.9.0:testCompile (default-testCompile) @ ozone-annotation-processing ---
[INFO] No sources to compile
[INFO] 
[INFO] --- maven-surefire-plugin:2.12.4:test (default-test) @ ozone-annotation-processing ---
[INFO] No tests to run.
[INFO] 
[INFO] --------------------< org.apache.ozone:ozone-main >---------------------
[INFO] Building Apache Ozone Main 1.3.0-SNAPSHOT                         [2/40]
[INFO] --------------------------------[ pom ]---------------------------------
[INFO] 
[INFO] --- maven-antrun-plugin:1.3:run (create-testdirs) @ ozone-main ---
[INFO] Executing tasks
[INFO] Executed tasks
[INFO] 
[INFO] --- maven-enforcer-plugin:3.0.0-M1:enforce (enforce-property) @ ozone-main ---
[INFO] 
[INFO] --- jacoco-maven-plugin:0.8.5:prepare-agent (default-prepare-agent) @ ozone-main ---
[INFO] argLine set to -javaagent:/home/runner/.m2/repository/org/jacoco/org.jacoco.agent/0.8.5/org.jacoco.agent-0.8.5-runtime.jar=destfile=/home/runner/work/ozone/ozone/target/jacoco.exec,includes=org.apache.hadoop.hdds.*:org.apache.hadoop.ozone.*:org.apache.hadoop.fs.ozone.*
[INFO] 
[INFO] --- maven-enforcer-plugin:3.0.0-M1:enforce (banned-rocksdb-imports) @ ozone-main ---
[INFO] 
[INFO] --- maven-remote-resources-plugin:1.5:process (default) @ ozone-main ---
[INFO] 
[INFO] -----------------------< org.apache.ozone:hdds >------------------------
[INFO] Building Apache Ozone HDDS 1.3.0-SNAPSHOT                         [3/40]
[INFO] --------------------------------[ pom ]---------------------------------
[INFO] 
[INFO] --- maven-antrun-plugin:1.3:run (create-testdirs) @ hdds ---
[INFO] Executing tasks
[INFO] Executed tasks
[INFO] 
[INFO] --- jacoco-maven-plugin:0.8.5:prepare-agent (default-prepare-agent) @ hdds ---
[INFO] argLine set to -javaagent:/home/runner/.m2/repository/org/jacoco/org.jacoco.agent/0.8.5/org.jacoco.agent-0.8.5-runtime.jar=destfile=/home/runner/work/ozone/ozone/hadoop-hdds/target/jacoco.exec,includes=org.apache.hadoop.hdds.*:org.apache.hadoop.ozone.*:org.apache.hadoop.fs.ozone.*
[INFO] 
[INFO] --- maven-enforcer-plugin:3.0.0-M1:enforce (banned-rocksdb-imports) @ hdds ---
[INFO] 
[INFO] --- maven-remote-resources-plugin:1.5:process (default) @ hdds ---
[INFO] 
[INFO] -----------< org.apache.ozone:hdds-hadoop-dependency-client >-----------
[INFO] Building Apache Ozone HDDS Hadoop Client dependencies 1.3.0-SNAPSHOT [4/40]
[INFO] --------------------------------[ jar ]---------------------------------
[INFO] 
[INFO] --- maven-antrun-plugin:1.3:run (create-testdirs) @ hdds-hadoop-dependency-client ---
[INFO] Executing tasks
[INFO] Executed tasks
[INFO] 
[INFO] --- jacoco-maven-plugin:0.8.5:prepare-agent (default-prepare-agent) @ hdds-hadoop-dependency-client ---
[INFO] argLine set to -javaagent:/home/runner/.m2/repository/org/jacoco/org.jacoco.agent/0.8.5/org.jacoco.agent-0.8.5-runtime.jar=destfile=/home/runner/work/ozone/ozone/hadoop-hdds/hadoop-dependency-client/target/jacoco.exec,includes=org.apache.hadoop.hdds.*:org.apache.hadoop.ozone.*:org.apache.hadoop.fs.ozone.*
[INFO] 
[INFO] --- maven-enforcer-plugin:3.0.0-M1:enforce (banned-rocksdb-imports) @ hdds-hadoop-dependency-client ---
[INFO] 
[INFO] --- maven-remote-resources-plugin:1.5:process (default) @ hdds-hadoop-dependency-client ---
[INFO] 
[INFO] --- maven-resources-plugin:3.1.0:resources (default-resources) @ hdds-hadoop-dependency-client ---
[INFO] Using 'UTF-8' encoding to copy filtered resources.
[INFO] skip non existing resourceDirectory /home/runner/work/ozone/ozone/hadoop-hdds/hadoop-dependency-client/src/main/resources
[INFO] Copying 2 resources
[INFO] 
[INFO] --- maven-compiler-plugin:3.1:compile (default-compile) @ hdds-hadoop-dependency-client ---
[INFO] No sources to compile
[INFO] 
[INFO] --- maven-resources-plugin:3.1.0:testResources (default-testResources) @ hdds-hadoop-dependency-client ---
[INFO] Using 'UTF-8' encoding to copy filtered resources.
[INFO] skip non existing resourceDirectory /home/runner/work/ozone/ozone/hadoop-hdds/hadoop-dependency-client/src/test/resources
[INFO] Copying 2 resources
[INFO] 
[INFO] --- maven-compiler-plugin:3.1:testCompile (default-testCompile) @ hdds-hadoop-dependency-client ---
[INFO] No sources to compile
[INFO] 
[INFO] --- maven-surefire-plugin:3.0.0-M5:test (default-test) @ hdds-hadoop-dependency-client ---
[INFO] 
[INFO] ------------< org.apache.ozone:hdds-hadoop-dependency-test >------------
[INFO] Building Apache Ozone HDDS Hadoop Test dependencies 1.3.0-SNAPSHOT [5/40]
[INFO] --------------------------------[ jar ]---------------------------------
[INFO] 
[INFO] --- maven-antrun-plugin:1.3:run (create-testdirs) @ hdds-hadoop-dependency-test ---
[INFO] Executing tasks
[INFO] Executed tasks
[INFO] 
[INFO] --- jacoco-maven-plugin:0.8.5:prepare-agent (default-prepare-agent) @ hdds-hadoop-dependency-test ---
[INFO] argLine set to -javaagent:/home/runner/.m2/repository/org/jacoco/org.jacoco.agent/0.8.5/org.jacoco.agent-0.8.5-runtime.jar=destfile=/home/runner/work/ozone/ozone/hadoop-hdds/hadoop-dependency-test/target/jacoco.exec,includes=org.apache.hadoop.hdds.*:org.apache.hadoop.ozone.*:org.apache.hadoop.fs.ozone.*
[INFO] 
[INFO] --- maven-enforcer-plugin:3.0.0-M1:enforce (banned-rocksdb-imports) @ hdds-hadoop-dependency-test ---
[INFO] 
[INFO] --- maven-remote-resources-plugin:1.5:process (default) @ hdds-hadoop-dependency-test ---
[INFO] 
[INFO] --- maven-resources-plugin:3.1.0:resources (default-resources) @ hdds-hadoop-dependency-test ---
[INFO] Using 'UTF-8' encoding to copy filtered resources.
[INFO] skip non existing resourceDirectory /home/runner/work/ozone/ozone/hadoop-hdds/hadoop-dependency-test/src/main/resources
[INFO] Copying 2 resources
[INFO] 
[INFO] --- maven-compiler-plugin:3.1:compile (default-compile) @ hdds-hadoop-dependency-test ---
[INFO] No sources to compile
[INFO] 
[INFO] --- maven-resources-plugin:3.1.0:testResources (default-testResources) @ hdds-hadoop-dependency-test ---
[INFO] Using 'UTF-8' encoding to copy filtered resources.
[INFO] skip non existing resourceDirectory /home/runner/work/ozone/ozone/hadoop-hdds/hadoop-dependency-test/src/test/resources
[INFO] Copying 2 resources
[INFO] 
[INFO] --- maven-compiler-plugin:3.1:testCompile (default-testCompile) @ hdds-hadoop-dependency-test ---
[INFO] No sources to compile
[INFO] 
[INFO] --- maven-surefire-plugin:3.0.0-M5:test (default-test) @ hdds-hadoop-dependency-test ---
[INFO] 
[INFO] -----------< org.apache.ozone:hdds-hadoop-dependency-server >-----------
[INFO] Building Apache Ozone HDDS Hadoop Server dependencies 1.3.0-SNAPSHOT [6/40]
[INFO] --------------------------------[ jar ]---------------------------------
[INFO] 
[INFO] --- maven-antrun-plugin:1.3:run (create-testdirs) @ hdds-hadoop-dependency-server ---
[INFO] Executing tasks
[INFO] Executed tasks
[INFO] 
[INFO] --- jacoco-maven-plugin:0.8.5:prepare-agent (default-prepare-agent) @ hdds-hadoop-dependency-server ---
[INFO] argLine set to -javaagent:/home/runner/.m2/repository/org/jacoco/org.jacoco.agent/0.8.5/org.jacoco.agent-0.8.5-runtime.jar=destfile=/home/runner/work/ozone/ozone/hadoop-hdds/hadoop-dependency-server/target/jacoco.exec,includes=org.apache.hadoop.hdds.*:org.apache.hadoop.ozone.*:org.apache.hadoop.fs.ozone.*
[INFO] 
[INFO] --- maven-enforcer-plugin:3.0.0-M1:enforce (banned-rocksdb-imports) @ hdds-hadoop-dependency-server ---
[INFO] 
[INFO] --- maven-remote-resources-plugin:1.5:process (default) @ hdds-hadoop-dependency-server ---
[INFO] 
[INFO] --- maven-resources-plugin:3.1.0:resources (default-resources) @ hdds-hadoop-dependency-server ---
[INFO] Using 'UTF-8' encoding to copy filtered resources.
[INFO] skip non existing resourceDirectory /home/runner/work/ozone/ozone/hadoop-hdds/hadoop-dependency-server/src/main/resources
[INFO] Copying 2 resources
[INFO] 
[INFO] --- maven-compiler-plugin:3.1:compile (default-compile) @ hdds-hadoop-dependency-server ---
[INFO] No sources to compile
[INFO] 
[INFO] --- maven-resources-plugin:3.1.0:testResources (default-testResources) @ hdds-hadoop-dependency-server ---
[INFO] Using 'UTF-8' encoding to copy filtered resources.
[INFO] skip non existing resourceDirectory /home/runner/work/ozone/ozone/hadoop-hdds/hadoop-dependency-server/src/test/resources
[INFO] Copying 2 resources
[INFO] 
[INFO] --- maven-compiler-plugin:3.1:testCompile (default-testCompile) @ hdds-hadoop-dependency-server ---
[INFO] No sources to compile
[INFO] 
[INFO] --- maven-surefire-plugin:3.0.0-M5:test (default-test) @ hdds-hadoop-dependency-server ---
[INFO] 
[INFO] ---------------< org.apache.ozone:hdds-interface-client >---------------
[INFO] Building Apache Ozone HDDS Client Interface 1.3.0-SNAPSHOT        [7/40]
[INFO] --------------------------------[ jar ]---------------------------------
[INFO] 
[INFO] --- maven-antrun-plugin:1.3:run (create-testdirs) @ hdds-interface-client ---
[INFO] Executing tasks
[INFO] Executed tasks
[INFO] 
[INFO] --- jacoco-maven-plugin:0.8.5:prepare-agent (default-prepare-agent) @ hdds-interface-client ---
[INFO] argLine set to -javaagent:/home/runner/.m2/repository/org/jacoco/org.jacoco.agent/0.8.5/org.jacoco.agent-0.8.5-runtime.jar=destfile=/home/runner/work/ozone/ozone/hadoop-hdds/interface-client/target/jacoco.exec,includes=org.apache.hadoop.hdds.*:org.apache.hadoop.ozone.*:org.apache.hadoop.fs.ozone.*
[INFO] 
[INFO] --- protobuf-maven-plugin:0.5.1:compile (compile-protoc-grpc) @ hdds-interface-client ---
[INFO] Compiling 1 proto file(s) to /home/runner/work/ozone/ozone/hadoop-hdds/interface-client/target/generated-sources/java
[INFO] 
[INFO] --- protobuf-maven-plugin:0.5.1:compile-custom (compile-protoc-grpc) @ hdds-interface-client ---
[INFO] Compiling 1 proto file(s) to /home/runner/work/ozone/ozone/hadoop-hdds/interface-client/target/generated-sources/java
[INFO] 
[INFO] --- protobuf-maven-plugin:0.5.1:compile (compile-protoc-2) @ hdds-interface-client ---
[INFO] Compiling 1 proto file(s) to /home/runner/work/ozone/ozone/hadoop-hdds/interface-client/target/generated-sources/java
[INFO] 
[INFO] --- protobuf-maven-plugin:0.5.1:compile (compile-protoc-3) @ hdds-interface-client ---
[INFO] Compiling 1 proto file(s) to /home/runner/work/ozone/ozone/hadoop-hdds/interface-client/target/generated-sources/java/proto3
[INFO] 
[INFO] --- maven-antrun-plugin:1.3:run (default) @ hdds-interface-client ---
[INFO] Executing tasks
     [move] Moving 1 file to /home/runner/work/ozone/ozone/hadoop-hdds/interface-client/target/generated-sources
[INFO] Executed tasks
[INFO] 
[INFO] --- maven-enforcer-plugin:3.0.0-M1:enforce (banned-rocksdb-imports) @ hdds-interface-client ---
[INFO] 
[INFO] --- maven-remote-resources-plugin:1.5:process (default) @ hdds-interface-client ---
[INFO] 
[INFO] --- maven-resources-plugin:3.1.0:resources (default-resources) @ hdds-interface-client ---
[INFO] Using 'UTF-8' encoding to copy filtered resources.
[INFO] Copying 1 resource
[INFO] Copying 1 resource
[INFO] Copying 1 resource
[INFO] Copying 1 resource
[INFO] Copying 1 resource
[INFO] Copying 2 resources
[INFO] 
[INFO] --- maven-compiler-plugin:3.1:compile (default-compile) @ hdds-interface-client ---
[INFO] Compiling 5 source files to /home/runner/work/ozone/ozone/hadoop-hdds/interface-client/target/classes
[INFO] 
[INFO] --- protobuf-maven-plugin:0.5.1:test-compile (compile-protoc-grpc) @ hdds-interface-client ---
[INFO] /home/runner/work/ozone/ozone/hadoop-hdds/interface-client/src/test/proto does not exist. Review the configuration or consider disabling the plugin.
[INFO] 
[INFO] --- protobuf-maven-plugin:0.5.1:test-compile-custom (compile-protoc-grpc) @ hdds-interface-client ---
[INFO] /home/runner/work/ozone/ozone/hadoop-hdds/interface-client/src/test/proto does not exist. Review the configuration or consider disabling the plugin.
[INFO] 
[INFO] --- protobuf-maven-plugin:0.5.1:test-compile (compile-protoc-2) @ hdds-interface-client ---
[INFO] /home/runner/work/ozone/ozone/hadoop-hdds/interface-client/src/test/proto does not exist. Review the configuration or consider disabling the plugin.
[INFO] 
[INFO] --- protobuf-maven-plugin:0.5.1:test-compile (compile-protoc-3) @ hdds-interface-client ---
[INFO] /home/runner/work/ozone/ozone/hadoop-hdds/interface-client/src/test/proto does not exist. Review the configuration or consider disabling the plugin.
[INFO] 
[INFO] --- maven-resources-plugin:3.1.0:testResources (default-testResources) @ hdds-interface-client ---
[INFO] Using 'UTF-8' encoding to copy filtered resources.
[INFO] skip non existing resourceDirectory /home/runner/work/ozone/ozone/hadoop-hdds/interface-client/src/test/resources
[INFO] Copying 2 resources
[INFO] 
[INFO] --- maven-compiler-plugin:3.1:testCompile (default-testCompile) @ hdds-interface-client ---
[INFO] No sources to compile
[INFO] 
[INFO] --- maven-surefire-plugin:3.0.0-M5:test (default-test) @ hdds-interface-client ---
[INFO] 
[INFO] ---------------< org.apache.ozone:hdds-interface-admin >----------------
[INFO] Building Apache Ozone HDDS Admin Interface 1.3.0-SNAPSHOT         [8/40]
[INFO] --------------------------------[ jar ]---------------------------------
[INFO] 
[INFO] --- maven-antrun-plugin:1.3:run (create-testdirs) @ hdds-interface-admin ---
[INFO] Executing tasks
[INFO] Executed tasks
[INFO] 
[INFO] --- jacoco-maven-plugin:0.8.5:prepare-agent (default-prepare-agent) @ hdds-interface-admin ---
[INFO] argLine set to -javaagent:/home/runner/.m2/repository/org/jacoco/org.jacoco.agent/0.8.5/org.jacoco.agent-0.8.5-runtime.jar=destfile=/home/runner/work/ozone/ozone/hadoop-hdds/interface-admin/target/jacoco.exec,includes=org.apache.hadoop.hdds.*:org.apache.hadoop.ozone.*:org.apache.hadoop.fs.ozone.*
[INFO] 
[INFO] --- protobuf-maven-plugin:0.5.1:compile (compile-protoc-2) @ hdds-interface-admin ---
[INFO] Compiling 1 proto file(s) to /home/runner/work/ozone/ozone/hadoop-hdds/interface-admin/target/generated-sources/java
[INFO] 
[INFO] --- maven-enforcer-plugin:3.0.0-M1:enforce (banned-rocksdb-imports) @ hdds-interface-admin ---
[INFO] 
[INFO] --- maven-remote-resources-plugin:1.5:process (default) @ hdds-interface-admin ---
[INFO] 
[INFO] --- maven-resources-plugin:3.1.0:resources (default-resources) @ hdds-interface-admin ---
[INFO] Using 'UTF-8' encoding to copy filtered resources.
[INFO] Copying 1 resource
[INFO] Copying 1 resource
[INFO] Copying 2 resources
[INFO] 
[INFO] --- maven-compiler-plugin:3.1:compile (default-compile) @ hdds-interface-admin ---
[INFO] Compiling 1 source file to /home/runner/work/ozone/ozone/hadoop-hdds/interface-admin/target/classes
[INFO] 
[INFO] --- protobuf-maven-plugin:0.5.1:test-compile (compile-protoc-2) @ hdds-interface-admin ---
[INFO] /home/runner/work/ozone/ozone/hadoop-hdds/interface-admin/src/test/proto does not exist. Review the configuration or consider disabling the plugin.
[INFO] 
[INFO] --- maven-resources-plugin:3.1.0:testResources (default-testResources) @ hdds-interface-admin ---
[INFO] Using 'UTF-8' encoding to copy filtered resources.
[INFO] skip non existing resourceDirectory /home/runner/work/ozone/ozone/hadoop-hdds/interface-admin/src/test/resources
[INFO] Copying 2 resources
[INFO] 
[INFO] --- maven-compiler-plugin:3.1:testCompile (default-testCompile) @ hdds-interface-admin ---
[INFO] No sources to compile
[INFO] 
[INFO] --- maven-surefire-plugin:3.0.0-M5:test (default-test) @ hdds-interface-admin ---
[INFO] 
[INFO] ---------------< org.apache.ozone:hdds-interface-server >---------------
[INFO] Building Apache Ozone HDDS Server Interface 1.3.0-SNAPSHOT        [9/40]
[INFO] --------------------------------[ jar ]---------------------------------
[INFO] 
[INFO] --- maven-antrun-plugin:1.3:run (create-testdirs) @ hdds-interface-server ---
[INFO] Executing tasks
[INFO] Executed tasks
[INFO] 
[INFO] --- jacoco-maven-plugin:0.8.5:prepare-agent (default-prepare-agent) @ hdds-interface-server ---
[INFO] argLine set to -javaagent:/home/runner/.m2/repository/org/jacoco/org.jacoco.agent/0.8.5/org.jacoco.agent-0.8.5-runtime.jar=destfile=/home/runner/work/ozone/ozone/hadoop-hdds/interface-server/target/jacoco.exec,includes=org.apache.hadoop.hdds.*:org.apache.hadoop.ozone.*:org.apache.hadoop.fs.ozone.*
[INFO] 
[INFO] --- protobuf-maven-plugin:0.5.1:compile (compile-protoc-3) @ hdds-interface-server ---
[INFO] Compiling 2 proto file(s) to /home/runner/work/ozone/ozone/hadoop-hdds/interface-server/target/generated-sources/java
[INFO] 
[INFO] --- protobuf-maven-plugin:0.5.1:compile-custom (compile-protoc-3) @ hdds-interface-server ---
[INFO] Compiling 2 proto file(s) to /home/runner/work/ozone/ozone/hadoop-hdds/interface-server/target/generated-sources/java
[INFO] 
[INFO] --- protobuf-maven-plugin:0.5.1:compile (compile-protoc-2) @ hdds-interface-server ---
[INFO] Compiling 4 proto file(s) to /home/runner/work/ozone/ozone/hadoop-hdds/interface-server/target/generated-sources/java
[INFO] 
[INFO] --- maven-antrun-plugin:1.3:run (default) @ hdds-interface-server ---
[INFO] Executing tasks
[INFO] Executed tasks
[INFO] 
[INFO] --- maven-enforcer-plugin:3.0.0-M1:enforce (banned-rocksdb-imports) @ hdds-interface-server ---
[INFO] 
[INFO] --- maven-remote-resources-plugin:1.5:process (default) @ hdds-interface-server ---
[INFO] 
[INFO] --- maven-resources-plugin:3.1.0:resources (default-resources) @ hdds-interface-server ---
[INFO] Using 'UTF-8' encoding to copy filtered resources.
[INFO] Copying 1 resource
[INFO] Copying 2 resources
[INFO] Copying 2 resources
[INFO] Copying 4 resources
[INFO] Copying 2 resources
[INFO] 
[INFO] --- maven-compiler-plugin:3.1:compile (default-compile) @ hdds-interface-server ---
[INFO] Compiling 8 source files to /home/runner/work/ozone/ozone/hadoop-hdds/interface-server/target/classes
[INFO] 
[INFO] --- protobuf-maven-plugin:0.5.1:test-compile (compile-protoc-3) @ hdds-interface-server ---
[INFO] /home/runner/work/ozone/ozone/hadoop-hdds/interface-server/src/test/proto does not exist. Review the configuration or consider disabling the plugin.
[INFO] 
[INFO] --- protobuf-maven-plugin:0.5.1:test-compile-custom (compile-protoc-3) @ hdds-interface-server ---
[INFO] /home/runner/work/ozone/ozone/hadoop-hdds/interface-server/src/test/proto does not exist. Review the configuration or consider disabling the plugin.
[INFO] 
[INFO] --- protobuf-maven-plugin:0.5.1:test-compile (compile-protoc-2) @ hdds-interface-server ---
[INFO] /home/runner/work/ozone/ozone/hadoop-hdds/interface-server/src/test/proto does not exist. Review the configuration or consider disabling the plugin.
[INFO] 
[INFO] --- maven-resources-plugin:3.1.0:testResources (default-testResources) @ hdds-interface-server ---
[INFO] Using 'UTF-8' encoding to copy filtered resources.
[INFO] skip non existing resourceDirectory /home/runner/work/ozone/ozone/hadoop-hdds/interface-server/src/test/resources
[INFO] Copying 2 resources
[INFO] 
[INFO] --- maven-compiler-plugin:3.1:testCompile (default-testCompile) @ hdds-interface-server ---
[INFO] No sources to compile
[INFO] 
[INFO] --- maven-surefire-plugin:3.0.0-M5:test (default-test) @ hdds-interface-server ---
[INFO] 
[INFO] ------------------< org.apache.ozone:hdds-test-utils >------------------
[INFO] Building Apache Ozone HDDS Test Utils 1.3.0-SNAPSHOT             [10/40]
[INFO] --------------------------------[ jar ]---------------------------------
[INFO] 
[INFO] --- maven-antrun-plugin:1.3:run (create-testdirs) @ hdds-test-utils ---
[INFO] Executing tasks
[INFO] Executed tasks
[INFO] 
[INFO] --- jacoco-maven-plugin:0.8.5:prepare-agent (default-prepare-agent) @ hdds-test-utils ---
[INFO] argLine set to -javaagent:/home/runner/.m2/repository/org/jacoco/org.jacoco.agent/0.8.5/org.jacoco.agent-0.8.5-runtime.jar=destfile=/home/runner/work/ozone/ozone/hadoop-hdds/test-utils/target/jacoco.exec,includes=org.apache.hadoop.hdds.*:org.apache.hadoop.ozone.*:org.apache.hadoop.fs.ozone.*
[INFO] 
[INFO] --- maven-enforcer-plugin:3.0.0-M1:enforce (banned-rocksdb-imports) @ hdds-test-utils ---
[INFO] 
[INFO] --- maven-remote-resources-plugin:1.5:process (default) @ hdds-test-utils ---
[INFO] 
[INFO] --- maven-resources-plugin:3.1.0:resources (default-resources) @ hdds-test-utils ---
[INFO] Using 'UTF-8' encoding to copy filtered resources.
[INFO] skip non existing resourceDirectory /home/runner/work/ozone/ozone/hadoop-hdds/test-utils/src/main/resources
[INFO] Copying 2 resources
[INFO] 
[INFO] --- maven-compiler-plugin:3.1:compile (default-compile) @ hdds-test-utils ---
[INFO] Compiling 10 source files to /home/runner/work/ozone/ozone/hadoop-hdds/test-utils/target/classes
[WARNING] /home/runner/work/ozone/ozone/hadoop-hdds/test-utils/src/main/java/org/apache/ozone/test/LambdaTestUtils.java: /home/runner/work/ozone/ozone/hadoop-hdds/test-utils/src/main/java/org/apache/ozone/test/LambdaTestUtils.java uses unchecked or unsafe operations.
[WARNING] /home/runner/work/ozone/ozone/hadoop-hdds/test-utils/src/main/java/org/apache/ozone/test/LambdaTestUtils.java: Recompile with -Xlint:unchecked for details.
[INFO] 
[INFO] --- maven-resources-plugin:3.1.0:testResources (default-testResources) @ hdds-test-utils ---
[INFO] Using 'UTF-8' encoding to copy filtered resources.
[INFO] skip non existing resourceDirectory /home/runner/work/ozone/ozone/hadoop-hdds/test-utils/src/test/resources
[INFO] Copying 2 resources
[INFO] 
[INFO] --- maven-compiler-plugin:3.1:testCompile (default-testCompile) @ hdds-test-utils ---
[INFO] No sources to compile
[INFO] 
[INFO] --- maven-surefire-plugin:3.0.0-M5:test (default-test) @ hdds-test-utils ---
[INFO] 
[INFO] --------------------< org.apache.ozone:hdds-config >--------------------
[INFO] Building Apache Ozone HDDS Config 1.3.0-SNAPSHOT                 [11/40]
[INFO] --------------------------------[ jar ]---------------------------------
[INFO] 
[INFO] --- maven-antrun-plugin:1.3:run (create-testdirs) @ hdds-config ---
[INFO] Executing tasks
[INFO] Executed tasks
[INFO] 
[INFO] --- jacoco-maven-plugin:0.8.5:prepare-agent (default-prepare-agent) @ hdds-config ---
[INFO] argLine set to -javaagent:/home/runner/.m2/repository/org/jacoco/org.jacoco.agent/0.8.5/org.jacoco.agent-0.8.5-runtime.jar=destfile=/home/runner/work/ozone/ozone/hadoop-hdds/config/target/jacoco.exec,includes=org.apache.hadoop.hdds.*:org.apache.hadoop.ozone.*:org.apache.hadoop.fs.ozone.*
[INFO] 
[INFO] --- maven-enforcer-plugin:3.0.0-M1:enforce (banned-rocksdb-imports) @ hdds-config ---
[INFO] 
[INFO] --- maven-remote-resources-plugin:1.5:process (default) @ hdds-config ---
[INFO] 
[INFO] --- maven-resources-plugin:3.1.0:resources (default-resources) @ hdds-config ---
[INFO] Using 'UTF-8' encoding to copy filtered resources.
[INFO] skip non existing resourceDirectory /home/runner/work/ozone/ozone/hadoop-hdds/config/src/main/resources
[INFO] Copying 2 resources
[INFO] 
[INFO] --- maven-compiler-plugin:3.1:compile (default-compile) @ hdds-config ---
[INFO] Compiling 17 source files to /home/runner/work/ozone/ozone/hadoop-hdds/config/target/classes
[INFO] 
[INFO] --- maven-resources-plugin:3.1.0:testResources (default-testResources) @ hdds-config ---
[INFO] Using 'UTF-8' encoding to copy filtered resources.
[INFO] Copying 1 resource
[INFO] Copying 2 resources
[INFO] 
[INFO] --- maven-compiler-plugin:3.1:testCompile (default-testCompile) @ hdds-config ---
[INFO] Compiling 8 source files to /home/runner/work/ozone/ozone/hadoop-hdds/config/target/test-classes
[INFO] 
[INFO] --- maven-surefire-plugin:3.0.0-M5:test (default-test) @ hdds-config ---
[INFO] 
[INFO] -------------------------------------------------------
[INFO]  T E S T S
[INFO] -------------------------------------------------------
[INFO] Running org.apache.hadoop.hdds.conf.TestConfigFileGenerator
[INFO] Tests run: 1, Failures: 0, Errors: 0, Skipped: 0, Time elapsed: 0.059 s - in org.apache.hadoop.hdds.conf.TestConfigFileGenerator
[INFO] Running org.apache.hadoop.hdds.conf.TestConfigurationReflectionUtil
[INFO] Tests run: 5, Failures: 0, Errors: 0, Skipped: 0, Time elapsed: 0.071 s - in org.apache.hadoop.hdds.conf.TestConfigurationReflectionUtil
[INFO] Running org.apache.hadoop.hdds.conf.TestConfigFileAppender
[INFO] Tests run: 1, Failures: 0, Errors: 0, Skipped: 0, Time elapsed: 0.059 s - in org.apache.hadoop.hdds.conf.TestConfigFileAppender
[INFO] 
[INFO] Results:
[INFO] 
[INFO] Tests run: 7, Failures: 0, Errors: 0, Skipped: 0
[INFO] 
[INFO] 
[INFO] --------------------< org.apache.ozone:hdds-common >--------------------
[INFO] Building Apache Ozone HDDS Common 1.3.0-SNAPSHOT                 [12/40]
[INFO] --------------------------------[ jar ]---------------------------------
[INFO] 
[INFO] --- maven-antrun-plugin:1.3:run (create-testdirs) @ hdds-common ---
[INFO] Executing tasks
[INFO] Executed tasks
[INFO] 
[INFO] --- jacoco-maven-plugin:0.8.5:prepare-agent (default-prepare-agent) @ hdds-common ---
[INFO] argLine set to -javaagent:/home/runner/.m2/repository/org/jacoco/org.jacoco.agent/0.8.5/org.jacoco.agent-0.8.5-runtime.jar=destfile=/home/runner/work/ozone/ozone/hadoop-hdds/common/target/jacoco.exec,includes=org.apache.hadoop.hdds.*:org.apache.hadoop.ozone.*:org.apache.hadoop.fs.ozone.*
[INFO] 
[INFO] --- maven-enforcer-plugin:3.0.0-M1:enforce (banned-rocksdb-imports) @ hdds-common ---
[INFO] 
[INFO] --- maven-remote-resources-plugin:1.5:process (default) @ hdds-common ---
[INFO] 
[INFO] --- hadoop-maven-plugins:3.3.1:version-info (version-info) @ hdds-common ---
[INFO] SCM: GIT
[INFO] Computed MD5: 526caa517b2ffa785810ec2dda2964
[INFO] 
[INFO] --- maven-resources-plugin:3.1.0:resources (default-resources) @ hdds-common ---
[INFO] Using 'UTF-8' encoding to copy filtered resources.
[INFO] Copying 5 resources
[INFO] Copying 1 resource
[INFO] Copying 2 resources
[INFO] 
[INFO] --- maven-compiler-plugin:3.1:compile (default-compile) @ hdds-common ---
[INFO] Compiling 267 source files to /home/runner/work/ozone/ozone/hadoop-hdds/common/target/classes
[WARNING] /home/runner/work/ozone/ozone/hadoop-hdds/common/src/main/java/org/apache/hadoop/hdds/utils/SignalLogger.java:[44,51] sun.misc.SignalHandler is internal proprietary API and may be removed in a future release
[WARNING] /home/runner/work/ozone/ozone/hadoop-hdds/common/src/main/java/org/apache/hadoop/hdds/utils/SignalLogger.java:[46,27] sun.misc.SignalHandler is internal proprietary API and may be removed in a future release
[WARNING] /home/runner/work/ozone/ozone/hadoop-hdds/common/src/main/java/org/apache/hadoop/hdds/utils/SignalLogger.java:[50,56] sun.misc.Signal is internal proprietary API and may be removed in a future release
[WARNING] /home/runner/work/ozone/ozone/hadoop-hdds/common/src/main/java/org/apache/hadoop/hdds/utils/SignalLogger.java:[50,29] sun.misc.Signal is internal proprietary API and may be removed in a future release
[WARNING] /home/runner/work/ozone/ozone/hadoop-hdds/common/src/main/java/org/apache/hadoop/hdds/utils/SignalLogger.java:[59,32] sun.misc.Signal is internal proprietary API and may be removed in a future release
[WARNING] /home/runner/work/ozone/ozone/hadoop-hdds/common/src/main/java/org/apache/hadoop/hdds/HddsUtils.java: Some input files use or override a deprecated API.
[WARNING] /home/runner/work/ozone/ozone/hadoop-hdds/common/src/main/java/org/apache/hadoop/hdds/HddsUtils.java: Recompile with -Xlint:deprecation for details.
[WARNING] /home/runner/work/ozone/ozone/hadoop-hdds/common/src/main/java/org/apache/hadoop/hdds/conf/DefaultConfigManager.java: Some input files use unchecked or unsafe operations.
[WARNING] /home/runner/work/ozone/ozone/hadoop-hdds/common/src/main/java/org/apache/hadoop/hdds/conf/DefaultConfigManager.java: Recompile with -Xlint:unchecked for details.
[INFO] 
[INFO] --- maven-resources-plugin:3.1.0:testResources (default-testResources) @ hdds-common ---
[INFO] Using 'UTF-8' encoding to copy filtered resources.
[INFO] Copying 21 resources
[INFO] Copying 2 resources
[INFO] 
[INFO] --- maven-compiler-plugin:3.1:testCompile (default-testCompile) @ hdds-common ---
[INFO] Compiling 81 source files to /home/runner/work/ozone/ozone/hadoop-hdds/common/target/test-classes
[WARNING] /home/runner/work/ozone/ozone/hadoop-hdds/common/src/test/java/org/apache/hadoop/ozone/upgrade/TestDefaultUpgradeFinalizationExecutor.java: Some input files use unchecked or unsafe operations.
[WARNING] /home/runner/work/ozone/ozone/hadoop-hdds/common/src/test/java/org/apache/hadoop/ozone/upgrade/TestDefaultUpgradeFinalizationExecutor.java: Recompile with -Xlint:unchecked for details.
[INFO] 
[INFO] --- maven-surefire-plugin:3.0.0-M5:test (default-test) @ hdds-common ---
[INFO] 
[INFO] -------------------------------------------------------
[INFO]  T E S T S
[INFO] -------------------------------------------------------
[INFO] Running org.apache.hadoop.ozone.audit.TestOzoneAuditLogger
[INFO] Tests run: 8, Failures: 0, Errors: 0, Skipped: 0, Time elapsed: 4.004 s - in org.apache.hadoop.ozone.audit.TestOzoneAuditLogger
[INFO] Running org.apache.hadoop.ozone.TestOzoneConsts
[INFO] Tests run: 1, Failures: 0, Errors: 0, Skipped: 0, Time elapsed: 0.038 s - in org.apache.hadoop.ozone.TestOzoneConsts
[INFO] Running org.apache.hadoop.ozone.lease.TestLeaseManager
[INFO] Tests run: 10, Failures: 0, Errors: 0, Skipped: 0, Time elapsed: 29.11 s - in org.apache.hadoop.ozone.lease.TestLeaseManager
[INFO] Running org.apache.hadoop.ozone.common.TestStateMachine
[INFO] Tests run: 1, Failures: 0, Errors: 0, Skipped: 0, Time elapsed: 0.087 s - in org.apache.hadoop.ozone.common.TestStateMachine
[INFO] Running org.apache.hadoop.ozone.common.TestChecksum
[INFO] Tests run: 3, Failures: 0, Errors: 0, Skipped: 0, Time elapsed: 0.135 s - in org.apache.hadoop.ozone.common.TestChecksum
[INFO] Running org.apache.hadoop.ozone.common.TestChecksumImplsComputeSameValues
[INFO] Tests run: 2, Failures: 0, Errors: 0, Skipped: 0, Time elapsed: 2.821 s - in org.apache.hadoop.ozone.common.TestChecksumImplsComputeSameValues
[INFO] Running org.apache.hadoop.ozone.common.TestChunkBuffer
[INFO] Tests run: 3, Failures: 0, Errors: 0, Skipped: 0, Time elapsed: 0.137 s - in org.apache.hadoop.ozone.common.TestChunkBuffer
[INFO] Running org.apache.hadoop.ozone.common.TestChunkBufferImplWithByteBufferList
[INFO] Tests run: 3, Failures: 0, Errors: 0, Skipped: 0, Time elapsed: 0.064 s - in org.apache.hadoop.ozone.common.TestChunkBufferImplWithByteBufferList
[INFO] Running org.apache.hadoop.ozone.common.TestChecksumByteBuffer
[INFO] Tests run: 2, Failures: 0, Errors: 0, Skipped: 0, Time elapsed: 0.636 s - in org.apache.hadoop.ozone.common.TestChecksumByteBuffer
[INFO] Running org.apache.hadoop.ozone.ha.TestOzoneNetUtils
[INFO] Tests run: 1, Failures: 0, Errors: 0, Skipped: 0, Time elapsed: 0.428 s - in org.apache.hadoop.ozone.ha.TestOzoneNetUtils
[INFO] Running org.apache.hadoop.ozone.upgrade.TestUpgradeFinalizerActions
[INFO] Tests run: 2, Failures: 0, Errors: 0, Skipped: 0, Time elapsed: 0.538 s - in org.apache.hadoop.ozone.upgrade.TestUpgradeFinalizerActions
[INFO] Running org.apache.hadoop.ozone.upgrade.TestDefaultUpgradeFinalizationExecutor
[INFO] Tests run: 2, Failures: 0, Errors: 0, Skipped: 0, Time elapsed: 0.452 s - in org.apache.hadoop.ozone.upgrade.TestDefaultUpgradeFinalizationExecutor
[INFO] Running org.apache.hadoop.ozone.upgrade.TestBasicUpgradeFinalizer
[INFO] Tests run: 3, Failures: 0, Errors: 0, Skipped: 0, Time elapsed: 0.883 s - in org.apache.hadoop.ozone.upgrade.TestBasicUpgradeFinalizer
[INFO] Running org.apache.hadoop.ozone.upgrade.TestLayoutVersionInstanceFactory
[INFO] Tests run: 4, Failures: 0, Errors: 0, Skipped: 0, Time elapsed: 0.433 s - in org.apache.hadoop.ozone.upgrade.TestLayoutVersionInstanceFactory
[INFO] Running org.apache.hadoop.ozone.upgrade.TestAbstractLayoutVersionManager
[INFO] Tests run: 8, Failures: 0, Errors: 0, Skipped: 0, Time elapsed: 0.563 s - in org.apache.hadoop.ozone.upgrade.TestAbstractLayoutVersionManager
[INFO] Running org.apache.hadoop.ozone.lock.TestLockManager
[INFO] Tests run: 8, Failures: 0, Errors: 0, Skipped: 0, Time elapsed: 1.339 s - in org.apache.hadoop.ozone.lock.TestLockManager
[INFO] Running org.apache.hadoop.hdds.TestHddsUtils
[INFO] Tests run: 5, Failures: 0, Errors: 0, Skipped: 0, Time elapsed: 0.732 s - in org.apache.hadoop.hdds.TestHddsUtils
[INFO] Running org.apache.hadoop.hdds.conf.TestGeneratedConfigurationOverwrite
[INFO] Tests run: 1, Failures: 0, Errors: 0, Skipped: 0, Time elapsed: 0.289 s - in org.apache.hadoop.hdds.conf.TestGeneratedConfigurationOverwrite
[INFO] Running org.apache.hadoop.hdds.conf.TestOzoneConfiguration
[INFO] Tests run: 8, Failures: 0, Errors: 0, Skipped: 0, Time elapsed: 0.468 s - in org.apache.hadoop.hdds.conf.TestOzoneConfiguration
[INFO] Running org.apache.hadoop.hdds.scm.ha.TestSCMNodeInfo
[INFO] Tests run: 4, Failures: 0, Errors: 0, Skipped: 0, Time elapsed: 0.421 s - in org.apache.hadoop.hdds.scm.ha.TestSCMNodeInfo
[INFO] Running org.apache.hadoop.hdds.scm.net.TestNodeSchemaManager
[INFO] Tests run: 5, Failures: 0, Errors: 0, Skipped: 0, Time elapsed: 0.406 s - in org.apache.hadoop.hdds.scm.net.TestNodeSchemaManager
[INFO] Running org.apache.hadoop.hdds.scm.net.TestNetworkTopologyImpl
[WARNING] Tests run: 71, Failures: 0, Errors: 0, Skipped: 1, Time elapsed: 8.516 s - in org.apache.hadoop.hdds.scm.net.TestNetworkTopologyImpl
[INFO] Running org.apache.hadoop.hdds.scm.net.TestNetUtils
[INFO] Tests run: 1, Failures: 0, Errors: 0, Skipped: 0, Time elapsed: 0.081 s - in org.apache.hadoop.hdds.scm.net.TestNetUtils
[INFO] Running org.apache.hadoop.hdds.scm.net.TestNodeSchemaLoader
[INFO] Tests run: 17, Failures: 0, Errors: 0, Skipped: 0, Time elapsed: 0.356 s - in org.apache.hadoop.hdds.scm.net.TestNodeSchemaLoader
[INFO] Running org.apache.hadoop.hdds.scm.net.TestYamlSchemaLoader
[INFO] Tests run: 5, Failures: 0, Errors: 0, Skipped: 0, Time elapsed: 0.219 s - in org.apache.hadoop.hdds.scm.net.TestYamlSchemaLoader
[INFO] Running org.apache.hadoop.hdds.scm.container.TestContainerReplicaInfo
[INFO] Tests run: 2, Failures: 0, Errors: 0, Skipped: 0, Time elapsed: 0.302 s - in org.apache.hadoop.hdds.scm.container.TestContainerReplicaInfo
[INFO] Running org.apache.hadoop.hdds.scm.container.TestContainerInfo
[INFO] Tests run: 1, Failures: 0, Errors: 0, Skipped: 0, Time elapsed: 0.17 s - in org.apache.hadoop.hdds.scm.container.TestContainerInfo
[INFO] Running org.apache.hadoop.hdds.scm.container.common.helpers.TestExcludeList
[INFO] Tests run: 2, Failures: 0, Errors: 0, Skipped: 0, Time elapsed: 0.156 s - in org.apache.hadoop.hdds.scm.container.common.helpers.TestExcludeList
[INFO] Running org.apache.hadoop.hdds.scm.container.TestReplicationManagerReport
[INFO] Tests run: 8, Failures: 0, Errors: 0, Skipped: 0, Time elapsed: 0.371 s - in org.apache.hadoop.hdds.scm.container.TestReplicationManagerReport
[INFO] Running org.apache.hadoop.hdds.scm.TestSCMHAUtils
[INFO] Tests run: 1, Failures: 0, Errors: 0, Skipped: 0, Time elapsed: 0.255 s - in org.apache.hadoop.hdds.scm.TestSCMHAUtils
[INFO] Running org.apache.hadoop.hdds.scm.pipeline.TestPipeline
[INFO] Tests run: 5, Failures: 0, Errors: 0, Skipped: 0, Time elapsed: 0.357 s - in org.apache.hadoop.hdds.scm.pipeline.TestPipeline
[INFO] Running org.apache.hadoop.hdds.utils.TestHddsIdFactory
[INFO] Tests run: 1, Failures: 0, Errors: 0, Skipped: 0, Time elapsed: 0.08 s - in org.apache.hadoop.hdds.utils.TestHddsIdFactory
[INFO] Running org.apache.hadoop.hdds.utils.TestResourceSemaphore
[INFO] Tests run: 1, Failures: 0, Errors: 0, Skipped: 0, Time elapsed: 0.059 s - in org.apache.hadoop.hdds.utils.TestResourceSemaphore
[INFO] Running org.apache.hadoop.hdds.utils.TestRetriableTask
[INFO] Tests run: 3, Failures: 0, Errors: 0, Skipped: 0, Time elapsed: 0.111 s - in org.apache.hadoop.hdds.utils.TestRetriableTask
[INFO] Running org.apache.hadoop.hdds.utils.TestResourceLimitCache
[INFO] Tests run: 4, Failures: 0, Errors: 0, Skipped: 0, Time elapsed: 0.267 s - in org.apache.hadoop.hdds.utils.TestResourceLimitCache
[INFO] Running org.apache.hadoop.hdds.protocol.TestDatanodeDetails
[INFO] Tests run: 1, Failures: 0, Errors: 0, Skipped: 0, Time elapsed: 0.232 s - in org.apache.hadoop.hdds.protocol.TestDatanodeDetails
[INFO] Running org.apache.hadoop.hdds.fs.TestDU
[INFO] Tests run: 2, Failures: 0, Errors: 0, Skipped: 0, Time elapsed: 0.147 s - in org.apache.hadoop.hdds.fs.TestDU
[INFO] Running org.apache.hadoop.hdds.fs.TestDedicatedDiskSpaceUsage
[INFO] Tests run: 1, Failures: 0, Errors: 0, Skipped: 0, Time elapsed: 0.089 s - in org.apache.hadoop.hdds.fs.TestDedicatedDiskSpaceUsage
[INFO] Running org.apache.hadoop.hdds.fs.TestDedicatedDiskSpaceUsageFactory
[INFO] Tests run: 2, Failures: 0, Errors: 0, Skipped: 0, Time elapsed: 0.38 s - in org.apache.hadoop.hdds.fs.TestDedicatedDiskSpaceUsageFactory
[INFO] Running org.apache.hadoop.hdds.fs.TestCachingSpaceUsageSource
[INFO] Tests run: 6, Failures: 0, Errors: 0, Skipped: 0, Time elapsed: 0.489 s - in org.apache.hadoop.hdds.fs.TestCachingSpaceUsageSource
[INFO] Running org.apache.hadoop.hdds.fs.TestSaveSpaceUsageToFile
[INFO] Tests run: 7, Failures: 0, Errors: 0, Skipped: 0, Time elapsed: 0.146 s - in org.apache.hadoop.hdds.fs.TestSaveSpaceUsageToFile
[INFO] Running org.apache.hadoop.hdds.fs.TestSpaceUsageFactory
[INFO] Tests run: 6, Failures: 0, Errors: 0, Skipped: 0, Time elapsed: 0.466 s - in org.apache.hadoop.hdds.fs.TestSpaceUsageFactory
[INFO] Running org.apache.hadoop.hdds.fs.TestDUFactory
[INFO] Tests run: 2, Failures: 0, Errors: 0, Skipped: 0, Time elapsed: 0.363 s - in org.apache.hadoop.hdds.fs.TestDUFactory
[INFO] Running org.apache.hadoop.hdds.client.TestReplicationConfigValidator
[INFO] Tests run: 3, Failures: 0, Errors: 0, Skipped: 0, Time elapsed: 0.116 s - in org.apache.hadoop.hdds.client.TestReplicationConfigValidator
[INFO] Running org.apache.hadoop.hdds.client.TestReplicationConfig
[INFO] Tests run: 63, Failures: 0, Errors: 0, Skipped: 0, Time elapsed: 0.855 s - in org.apache.hadoop.hdds.client.TestReplicationConfig
[INFO] Running org.apache.hadoop.hdds.client.TestECReplicationConfig
[INFO] Tests run: 8, Failures: 0, Errors: 0, Skipped: 0, Time elapsed: 0.132 s - in org.apache.hadoop.hdds.client.TestECReplicationConfig
[INFO] Running org.apache.hadoop.hdds.ratis.TestContainerCommandRequestMessage
[INFO] Tests run: 2, Failures: 0, Errors: 0, Skipped: 0, Time elapsed: 0.345 s - in org.apache.hadoop.hdds.ratis.TestContainerCommandRequestMessage
[INFO] Running org.apache.hadoop.hdds.ratis.conf.TestRaftClientConfig
[INFO] Tests run: 2, Failures: 0, Errors: 0, Skipped: 0, Time elapsed: 0.353 s - in org.apache.hadoop.hdds.ratis.conf.TestRaftClientConfig
[INFO] Running org.apache.hadoop.hdds.ratis.conf.TestRatisClientConfig
[INFO] Tests run: 2, Failures: 0, Errors: 0, Skipped: 0, Time elapsed: 0.305 s - in org.apache.hadoop.hdds.ratis.conf.TestRatisClientConfig
[INFO] Running org.apache.hadoop.hdds.ratis.TestRatisHelper
[INFO] Tests run: 4, Failures: 0, Errors: 0, Skipped: 0, Time elapsed: 0.343 s - in org.apache.hadoop.hdds.ratis.TestRatisHelper
[INFO] Running org.apache.hadoop.hdds.ratis.TestServerNotLeaderException
[INFO] Tests run: 1, Failures: 0, Errors: 0, Skipped: 0, Time elapsed: 0.057 s - in org.apache.hadoop.hdds.ratis.TestServerNotLeaderException
[INFO] Running org.apache.hadoop.hdds.tracing.TestTracingUtil
[INFO] Tests run: 2, Failures: 0, Errors: 0, Skipped: 0, Time elapsed: 0.193 s - in org.apache.hadoop.hdds.tracing.TestTracingUtil
[INFO] Running org.apache.hadoop.hdds.tracing.TestStringCodec
[INFO] Tests run: 1, Failures: 0, Errors: 0, Skipped: 0, Time elapsed: 0.083 s - in org.apache.hadoop.hdds.tracing.TestStringCodec
[INFO] Running org.apache.hadoop.hdds.tracing.TestTraceAllMethod
[INFO] Tests run: 2, Failures: 0, Errors: 0, Skipped: 0, Time elapsed: 0.042 s - in org.apache.hadoop.hdds.tracing.TestTraceAllMethod
[INFO] Running org.apache.hadoop.hdds.upgrade.TestHDDSLayoutVersionManager
[INFO] Tests run: 2, Failures: 0, Errors: 0, Skipped: 0, Time elapsed: 0.651 s - in org.apache.hadoop.hdds.upgrade.TestHDDSLayoutVersionManager
[INFO] Running org.apache.hadoop.hdds.TestComponentVersionInvariants
[INFO] Tests run: 12, Failures: 0, Errors: 0, Skipped: 0, Time elapsed: 0.167 s - in org.apache.hadoop.hdds.TestComponentVersionInvariants
[INFO] 
[INFO] Results:
[INFO] 
[WARNING] Tests run: 337, Failures: 0, Errors: 0, Skipped: 1
[INFO] 
[INFO] 
[INFO] -----------------< org.apache.ozone:hdds-erasurecode >------------------
[INFO] Building Apache Ozone HDDS Erasurecode 1.3.0-SNAPSHOT            [13/40]
[INFO] --------------------------------[ jar ]---------------------------------
[INFO] 
[INFO] --- maven-antrun-plugin:1.3:run (create-testdirs) @ hdds-erasurecode ---
[INFO] Executing tasks
[INFO] Executed tasks
[INFO] 
[INFO] --- jacoco-maven-plugin:0.8.5:prepare-agent (default-prepare-agent) @ hdds-erasurecode ---
[INFO] argLine set to -javaagent:/home/runner/.m2/repository/org/jacoco/org.jacoco.agent/0.8.5/org.jacoco.agent-0.8.5-runtime.jar=destfile=/home/runner/work/ozone/ozone/hadoop-hdds/erasurecode/target/jacoco.exec,includes=org.apache.hadoop.hdds.*:org.apache.hadoop.ozone.*:org.apache.hadoop.fs.ozone.*
[INFO] 
[INFO] --- maven-enforcer-plugin:3.0.0-M1:enforce (banned-rocksdb-imports) @ hdds-erasurecode ---
[INFO] 
[INFO] --- maven-remote-resources-plugin:1.5:process (default) @ hdds-erasurecode ---
[INFO] 
[INFO] --- maven-resources-plugin:3.1.0:resources (default-resources) @ hdds-erasurecode ---
[INFO] Using 'UTF-8' encoding to copy filtered resources.
[INFO] Copying 1 resource
[INFO] Copying 2 resources
[INFO] 
[INFO] --- maven-compiler-plugin:3.1:compile (default-compile) @ hdds-erasurecode ---
[INFO] Compiling 41 source files to /home/runner/work/ozone/ozone/hadoop-hdds/erasurecode/target/classes
[INFO] 
[INFO] --- maven-resources-plugin:3.1.0:testResources (default-testResources) @ hdds-erasurecode ---
[INFO] Using 'UTF-8' encoding to copy filtered resources.
[INFO] skip non existing resourceDirectory /home/runner/work/ozone/ozone/hadoop-hdds/erasurecode/src/test/resources
[INFO] Copying 2 resources
[INFO] 
[INFO] --- maven-compiler-plugin:3.1:testCompile (default-testCompile) @ hdds-erasurecode ---
[INFO] Compiling 16 source files to /home/runner/work/ozone/ozone/hadoop-hdds/erasurecode/target/test-classes
[INFO] 
[INFO] --- maven-surefire-plugin:3.0.0-M5:test (default-test) @ hdds-erasurecode ---
[INFO] 
[INFO] -------------------------------------------------------
[INFO]  T E S T S
[INFO] -------------------------------------------------------
[INFO] Running org.apache.ozone.erasurecode.rawcoder.TestCodecRawCoderMapping
[INFO] Tests run: 2, Failures: 0, Errors: 0, Skipped: 0, Time elapsed: 0.149 s - in org.apache.ozone.erasurecode.rawcoder.TestCodecRawCoderMapping
[INFO] Running org.apache.ozone.erasurecode.rawcoder.TestXORRawCoder
[INFO] Tests run: 7, Failures: 0, Errors: 0, Skipped: 0, Time elapsed: 0.224 s - in org.apache.ozone.erasurecode.rawcoder.TestXORRawCoder
[INFO] Running org.apache.ozone.erasurecode.rawcoder.TestDummyRawCoder
[INFO] Tests run: 4, Failures: 0, Errors: 0, Skipped: 0, Time elapsed: 0.138 s - in org.apache.ozone.erasurecode.rawcoder.TestDummyRawCoder
[INFO] Running org.apache.ozone.erasurecode.rawcoder.TestNativeRSRawCoder
[WARNING] Tests run: 31, Failures: 0, Errors: 0, Skipped: 31, Time elapsed: 0.068 s - in org.apache.ozone.erasurecode.rawcoder.TestNativeRSRawCoder
[INFO] Running org.apache.ozone.erasurecode.rawcoder.TestNativeXORRawCoder
[WARNING] Tests run: 8, Failures: 0, Errors: 0, Skipped: 8, Time elapsed: 0.043 s - in org.apache.ozone.erasurecode.rawcoder.TestNativeXORRawCoder
[INFO] Running org.apache.ozone.erasurecode.rawcoder.TestRSRawCoder
[INFO] Tests run: 17, Failures: 0, Errors: 0, Skipped: 0, Time elapsed: 0.331 s - in org.apache.ozone.erasurecode.rawcoder.TestRSRawCoder
[INFO] Running org.apache.ozone.erasurecode.rawcoder.TestRawErasureCoderBenchmark
[INFO] Tests run: 2, Failures: 0, Errors: 0, Skipped: 0, Time elapsed: 5.848 s - in org.apache.ozone.erasurecode.rawcoder.TestRawErasureCoderBenchmark
[INFO] Running org.apache.ozone.erasurecode.TestCodecRegistry
[INFO] Tests run: 7, Failures: 0, Errors: 0, Skipped: 0, Time elapsed: 0.048 s - in org.apache.ozone.erasurecode.TestCodecRegistry
[INFO] 
[INFO] Results:
[INFO] 
[WARNING] Tests run: 78, Failures: 0, Errors: 0, Skipped: 39
[INFO] 
[INFO] 
[INFO] --------------------< org.apache.ozone:hdds-client >--------------------
[INFO] Building Apache Ozone HDDS Client 1.3.0-SNAPSHOT                 [14/40]
[INFO] --------------------------------[ jar ]---------------------------------
[INFO] 
[INFO] --- maven-antrun-plugin:1.3:run (create-testdirs) @ hdds-client ---
[INFO] Executing tasks
[INFO] Executed tasks
[INFO] 
[INFO] --- jacoco-maven-plugin:0.8.5:prepare-agent (default-prepare-agent) @ hdds-client ---
[INFO] argLine set to -javaagent:/home/runner/.m2/repository/org/jacoco/org.jacoco.agent/0.8.5/org.jacoco.agent-0.8.5-runtime.jar=destfile=/home/runner/work/ozone/ozone/hadoop-hdds/client/target/jacoco.exec,includes=org.apache.hadoop.hdds.*:org.apache.hadoop.ozone.*:org.apache.hadoop.fs.ozone.*
[INFO] 
[INFO] --- maven-enforcer-plugin:3.0.0-M1:enforce (banned-rocksdb-imports) @ hdds-client ---
[INFO] 
[INFO] --- maven-remote-resources-plugin:1.5:process (default) @ hdds-client ---
[INFO] 
[INFO] --- maven-resources-plugin:3.1.0:resources (default-resources) @ hdds-client ---
[INFO] Using 'UTF-8' encoding to copy filtered resources.
[INFO] skip non existing resourceDirectory /home/runner/work/ozone/ozone/hadoop-hdds/client/src/main/resources
[INFO] Copying 2 resources
[INFO] 
[INFO] --- maven-compiler-plugin:3.1:compile (default-compile) @ hdds-client ---
[INFO] Compiling 36 source files to /home/runner/work/ozone/ozone/hadoop-hdds/client/target/classes
[WARNING] /home/runner/work/ozone/ozone/hadoop-hdds/client/src/main/java/org/apache/hadoop/hdds/scm/client/HddsClientUtils.java: Some input files use unchecked or unsafe operations.
[WARNING] /home/runner/work/ozone/ozone/hadoop-hdds/client/src/main/java/org/apache/hadoop/hdds/scm/client/HddsClientUtils.java: Recompile with -Xlint:unchecked for details.
[INFO] 
[INFO] --- maven-resources-plugin:3.1.0:testResources (default-testResources) @ hdds-client ---
[INFO] Using 'UTF-8' encoding to copy filtered resources.
[INFO] Copying 1 resource
[INFO] Copying 2 resources
[INFO] 
[INFO] --- maven-compiler-plugin:3.1:testCompile (default-testCompile) @ hdds-client ---
[INFO] Compiling 15 source files to /home/runner/work/ozone/ozone/hadoop-hdds/client/target/test-classes
[INFO] 
[INFO] --- maven-surefire-plugin:3.0.0-M5:test (default-test) @ hdds-client ---
[INFO] 
[INFO] -------------------------------------------------------
[INFO]  T E S T S
[INFO] -------------------------------------------------------
[INFO] Running org.apache.hadoop.ozone.client.io.TestECBlockInputStream
[INFO] Tests run: 17, Failures: 0, Errors: 0, Skipped: 0, Time elapsed: 0.218 s - in org.apache.hadoop.ozone.client.io.TestECBlockInputStream
[INFO] Running org.apache.hadoop.ozone.client.io.TestECBlockReconstructedInputStream
[INFO] Tests run: 8, Failures: 0, Errors: 0, Skipped: 0, Time elapsed: 25.849 s - in org.apache.hadoop.ozone.client.io.TestECBlockReconstructedInputStream
[INFO] Running org.apache.hadoop.ozone.client.io.TestECBlockReconstructedStripeInputStream
[INFO] Tests run: 22, Failures: 0, Errors: 0, Skipped: 0, Time elapsed: 7.776 s - in org.apache.hadoop.ozone.client.io.TestECBlockReconstructedStripeInputStream
[INFO] Running org.apache.hadoop.ozone.client.io.TestECBlockInputStreamProxy
[INFO] Tests run: 10, Failures: 0, Errors: 0, Skipped: 0, Time elapsed: 0.819 s - in org.apache.hadoop.ozone.client.io.TestECBlockInputStreamProxy
[INFO] Running org.apache.hadoop.ozone.client.io.TestBlockInputStreamFactoryImpl
[INFO] Tests run: 2, Failures: 0, Errors: 0, Skipped: 0, Time elapsed: 0.227 s - in org.apache.hadoop.ozone.client.io.TestBlockInputStreamFactoryImpl
[INFO] Running org.apache.hadoop.hdds.scm.storage.TestBlockInputStream
[INFO] Tests run: 11, Failures: 0, Errors: 0, Skipped: 0, Time elapsed: 1.024 s - in org.apache.hadoop.hdds.scm.storage.TestBlockInputStream
[INFO] Running org.apache.hadoop.hdds.scm.storage.TestChunkInputStream
[INFO] Tests run: 6, Failures: 0, Errors: 0, Skipped: 0, Time elapsed: 0.829 s - in org.apache.hadoop.hdds.scm.storage.TestChunkInputStream
[INFO] Running org.apache.hadoop.hdds.scm.storage.TestBufferPool
[INFO] Tests run: 1, Failures: 0, Errors: 0, Skipped: 0, Time elapsed: 0.031 s - in org.apache.hadoop.hdds.scm.storage.TestBufferPool
[INFO] Running org.apache.hadoop.hdds.scm.storage.TestBlockOutputStreamCorrectness
[INFO] Tests run: 1, Failures: 0, Errors: 0, Skipped: 0, Time elapsed: 99.184 s - in org.apache.hadoop.hdds.scm.storage.TestBlockOutputStreamCorrectness
[INFO] Running org.apache.hadoop.hdds.scm.TestContainerClientMetrics
[INFO] Tests run: 3, Failures: 0, Errors: 0, Skipped: 0, Time elapsed: 0.569 s - in org.apache.hadoop.hdds.scm.TestContainerClientMetrics
[INFO] 
[INFO] Results:
[INFO] 
[INFO] Tests run: 81, Failures: 0, Errors: 0, Skipped: 0
[INFO] 
[INFO] 
[INFO] ---------------< org.apache.ozone:hdds-server-framework >---------------
[INFO] Building Apache Ozone HDDS Server Framework 1.3.0-SNAPSHOT       [15/40]
[INFO] --------------------------------[ jar ]---------------------------------
[INFO] 
[INFO] --- maven-antrun-plugin:1.3:run (create-testdirs) @ hdds-server-framework ---
[INFO] Executing tasks
[INFO] Executed tasks
[INFO] 
[INFO] --- jacoco-maven-plugin:0.8.5:prepare-agent (default-prepare-agent) @ hdds-server-framework ---
[INFO] argLine set to -javaagent:/home/runner/.m2/repository/org/jacoco/org.jacoco.agent/0.8.5/org.jacoco.agent-0.8.5-runtime.jar=destfile=/home/runner/work/ozone/ozone/hadoop-hdds/framework/target/jacoco.exec,includes=org.apache.hadoop.hdds.*:org.apache.hadoop.ozone.*:org.apache.hadoop.fs.ozone.*
[INFO] 
[INFO] --- maven-enforcer-plugin:3.0.0-M1:enforce (banned-rocksdb-imports) @ hdds-server-framework ---
[INFO] 
[INFO] --- maven-remote-resources-plugin:1.5:process (default) @ hdds-server-framework ---
[INFO] 
[INFO] --- maven-resources-plugin:3.1.0:resources (default-resources) @ hdds-server-framework ---
[INFO] Using 'UTF-8' encoding to copy filtered resources.
[INFO] Copying 35 resources
[INFO] Copying 2 resources
[INFO] 
[INFO] --- maven-compiler-plugin:3.1:compile (default-compile) @ hdds-server-framework ---
[INFO] Compiling 214 source files to /home/runner/work/ozone/ozone/hadoop-hdds/framework/target/classes
[WARNING] /home/runner/work/ozone/ozone/hadoop-hdds/framework/src/main/java/org/apache/hadoop/hdds/scm/proxy/SCMSecurityProtocolFailoverProxyProvider.java: Some input files use or override a deprecated API.
[WARNING] /home/runner/work/ozone/ozone/hadoop-hdds/framework/src/main/java/org/apache/hadoop/hdds/scm/proxy/SCMSecurityProtocolFailoverProxyProvider.java: Recompile with -Xlint:deprecation for details.
[WARNING] /home/runner/work/ozone/ozone/hadoop-hdds/framework/src/main/java/org/apache/hadoop/hdds/utils/HAUtils.java: Some input files use unchecked or unsafe operations.
[WARNING] /home/runner/work/ozone/ozone/hadoop-hdds/framework/src/main/java/org/apache/hadoop/hdds/utils/HAUtils.java: Recompile with -Xlint:unchecked for details.
[INFO] 
[INFO] --- maven-resources-plugin:3.1.0:testResources (default-testResources) @ hdds-server-framework ---
[INFO] Using 'UTF-8' encoding to copy filtered resources.
[INFO] Copying 3 resources
[INFO] Copying 2 resources
[INFO] 
[INFO] --- maven-compiler-plugin:3.1:testCompile (default-testCompile) @ hdds-server-framework ---
[INFO] Compiling 52 source files to /home/runner/work/ozone/ozone/hadoop-hdds/framework/target/test-classes
[WARNING] /home/runner/work/ozone/ozone/hadoop-hdds/framework/src/test/java/org/apache/hadoop/hdds/utils/db/TestRDBTableStore.java: Some input files use unchecked or unsafe operations.
[WARNING] /home/runner/work/ozone/ozone/hadoop-hdds/framework/src/test/java/org/apache/hadoop/hdds/utils/db/TestRDBTableStore.java: Recompile with -Xlint:unchecked for details.
[INFO] 
[INFO] --- maven-surefire-plugin:3.0.0-M5:test (default-test) @ hdds-server-framework ---
[INFO] 
[INFO] -------------------------------------------------------
[INFO]  T E S T S
[INFO] -------------------------------------------------------
[INFO] Running org.apache.hadoop.hdds.server.events.TestEventQueueChain
[INFO] Tests run: 1, Failures: 0, Errors: 0, Skipped: 0, Time elapsed: 0.281 s - in org.apache.hadoop.hdds.server.events.TestEventQueueChain
[INFO] Running org.apache.hadoop.hdds.server.events.TestEventWatcher
[INFO] Tests run: 3, Failures: 0, Errors: 0, Skipped: 0, Time elapsed: 11.432 s - in org.apache.hadoop.hdds.server.events.TestEventWatcher
[INFO] Running org.apache.hadoop.hdds.server.events.TestEventQueue
[INFO] Tests run: 3, Failures: 0, Errors: 0, Skipped: 0, Time elapsed: 6.547 s - in org.apache.hadoop.hdds.server.events.TestEventQueue
[INFO] Running org.apache.hadoop.hdds.server.TestJsonUtils
[INFO] Tests run: 1, Failures: 0, Errors: 0, Skipped: 0, Time elapsed: 0.307 s - in org.apache.hadoop.hdds.server.TestJsonUtils
[INFO] Running org.apache.hadoop.hdds.server.TestServerUtils
[INFO] Tests run: 6, Failures: 0, Errors: 0, Skipped: 0, Time elapsed: 0.381 s - in org.apache.hadoop.hdds.server.TestServerUtils
[INFO] Running org.apache.hadoop.hdds.server.http.TestRatisDropwizardExports
[INFO] Tests run: 1, Failures: 0, Errors: 0, Skipped: 0, Time elapsed: 0.189 s - in org.apache.hadoop.hdds.server.http.TestRatisDropwizardExports
[INFO] Running org.apache.hadoop.hdds.server.http.TestHtmlQuoting
[INFO] Tests run: 4, Failures: 0, Errors: 0, Skipped: 0, Time elapsed: 0.521 s - in org.apache.hadoop.hdds.server.http.TestHtmlQuoting
[INFO] Running org.apache.hadoop.hdds.server.http.TestPrometheusMetricsSink
[INFO] Tests run: 7, Failures: 0, Errors: 0, Skipped: 0, Time elapsed: 0.359 s - in org.apache.hadoop.hdds.server.http.TestPrometheusMetricsSink
[INFO] Running org.apache.hadoop.hdds.server.http.TestBaseHttpServer
[INFO] Tests run: 1, Failures: 0, Errors: 0, Skipped: 0, Time elapsed: 0.343 s - in org.apache.hadoop.hdds.server.http.TestBaseHttpServer
[INFO] Running org.apache.hadoop.hdds.server.http.TestProfileServlet
[INFO] Tests run: 3, Failures: 0, Errors: 0, Skipped: 0, Time elapsed: 0.146 s - in org.apache.hadoop.hdds.server.http.TestProfileServlet
[INFO] Running org.apache.hadoop.hdds.server.http.TestRatisNameRewrite
[INFO] Tests run: 5, Failures: 0, Errors: 0, Skipped: 0, Time elapsed: 0.191 s - in org.apache.hadoop.hdds.server.http.TestRatisNameRewrite
[INFO] Running org.apache.hadoop.hdds.server.http.TestHttpServer2
[INFO] Tests run: 1, Failures: 0, Errors: 0, Skipped: 0, Time elapsed: 0.457 s - in org.apache.hadoop.hdds.server.http.TestHttpServer2
[INFO] Running org.apache.hadoop.hdds.server.http.TestHttpRequestLogAppender
[INFO] Tests run: 1, Failures: 0, Errors: 0, Skipped: 0, Time elapsed: 0.049 s - in org.apache.hadoop.hdds.server.http.TestHttpRequestLogAppender
[INFO] Running org.apache.hadoop.hdds.server.http.TestHttpRequestLog
[INFO] Tests run: 2, Failures: 0, Errors: 0, Skipped: 0, Time elapsed: 0.129 s - in org.apache.hadoop.hdds.server.http.TestHttpRequestLog
[INFO] Running org.apache.hadoop.hdds.scm.exceptions.TestSCMExceptionResultCodes
[INFO] Tests run: 1, Failures: 0, Errors: 0, Skipped: 0, Time elapsed: 0.08 s - in org.apache.hadoop.hdds.scm.exceptions.TestSCMExceptionResultCodes
[INFO] Running org.apache.hadoop.hdds.utils.db.TestFixedLengthStringUtils
[INFO] Tests run: 1, Failures: 0, Errors: 0, Skipped: 0, Time elapsed: 0.021 s - in org.apache.hadoop.hdds.utils.db.TestFixedLengthStringUtils
[INFO] Running org.apache.hadoop.hdds.utils.db.cache.TestTableCache
[INFO] Tests run: 16, Failures: 0, Errors: 0, Skipped: 0, Time elapsed: 2.317 s - in org.apache.hadoop.hdds.utils.db.cache.TestTableCache
[INFO] Running org.apache.hadoop.hdds.utils.db.TestRDBStoreIterator
[INFO] Tests run: 14, Failures: 0, Errors: 0, Skipped: 0, Time elapsed: 0.631 s - in org.apache.hadoop.hdds.utils.db.TestRDBStoreIterator
[INFO] Running org.apache.hadoop.hdds.utils.db.TestTypedRDBTableStore
[INFO] Tests run: 12, Failures: 0, Errors: 0, Skipped: 0, Time elapsed: 1.337 s - in org.apache.hadoop.hdds.utils.db.TestTypedRDBTableStore
[INFO] Running org.apache.hadoop.hdds.utils.db.TestRDBTableStore
[INFO] Tests run: 14, Failures: 0, Errors: 0, Skipped: 0, Time elapsed: 1.646 s - in org.apache.hadoop.hdds.utils.db.TestRDBTableStore
[INFO] Running org.apache.hadoop.hdds.utils.db.TestDBConfigFromFile
[INFO] Tests run: 2, Failures: 0, Errors: 0, Skipped: 0, Time elapsed: 0.227 s - in org.apache.hadoop.hdds.utils.db.TestDBConfigFromFile
[INFO] Running org.apache.hadoop.hdds.utils.db.TestRDBStore
[INFO] Tests run: 14, Failures: 0, Errors: 0, Skipped: 0, Time elapsed: 3.001 s - in org.apache.hadoop.hdds.utils.db.TestRDBStore
[INFO] Running org.apache.hadoop.hdds.utils.db.TestDBStoreBuilder
[INFO] Tests run: 8, Failures: 0, Errors: 0, Skipped: 0, Time elapsed: 0.752 s - in org.apache.hadoop.hdds.utils.db.TestDBStoreBuilder
[INFO] Running org.apache.hadoop.hdds.security.x509.certificates.TestRootCertificate
[INFO] Tests run: 3, Failures: 0, Errors: 0, Skipped: 0, Time elapsed: 1.841 s - in org.apache.hadoop.hdds.security.x509.certificates.TestRootCertificate
[INFO] Running org.apache.hadoop.hdds.security.x509.certificates.TestCertificateSignRequest
[INFO] Tests run: 4, Failures: 0, Errors: 0, Skipped: 0, Time elapsed: 1.762 s - in org.apache.hadoop.hdds.security.x509.certificates.TestCertificateSignRequest
[INFO] Running org.apache.hadoop.hdds.security.x509.certificate.utils.TestCertificateCodec
[INFO] Tests run: 4, Failures: 0, Errors: 0, Skipped: 0, Time elapsed: 1.698 s - in org.apache.hadoop.hdds.security.x509.certificate.utils.TestCertificateCodec
[INFO] Running org.apache.hadoop.hdds.security.x509.certificate.utils.TestCRLCodec
[INFO] Tests run: 4, Failures: 0, Errors: 0, Skipped: 0, Time elapsed: 1.838 s - in org.apache.hadoop.hdds.security.x509.certificate.utils.TestCRLCodec
[INFO] Running org.apache.hadoop.hdds.security.x509.certificate.authority.TestDefaultCAServer
[INFO] Tests run: 9, Failures: 0, Errors: 0, Skipped: 0, Time elapsed: 5.341 s - in org.apache.hadoop.hdds.security.x509.certificate.authority.TestDefaultCAServer
[INFO] Running org.apache.hadoop.hdds.security.x509.certificate.authority.TestDefaultProfile
[INFO] Tests run: 10, Failures: 0, Errors: 0, Skipped: 0, Time elapsed: 4.527 s - in org.apache.hadoop.hdds.security.x509.certificate.authority.TestDefaultProfile
[INFO] Running org.apache.hadoop.hdds.security.x509.certificate.client.TestCertificateClientInit
[INFO] Tests run: 16, Failures: 0, Errors: 0, Skipped: 0, Time elapsed: 4.982 s - in org.apache.hadoop.hdds.security.x509.certificate.client.TestCertificateClientInit
[INFO] Running org.apache.hadoop.hdds.security.x509.certificate.client.TestDefaultCertificateClient
[INFO] Tests run: 9, Failures: 0, Errors: 0, Skipped: 0, Time elapsed: 5.215 s - in org.apache.hadoop.hdds.security.x509.certificate.client.TestDefaultCertificateClient
[INFO] Running org.apache.hadoop.hdds.security.x509.keys.TestHDDSKeyGenerator
[INFO] Tests run: 2, Failures: 0, Errors: 0, Skipped: 0, Time elapsed: 3.13 s - in org.apache.hadoop.hdds.security.x509.keys.TestHDDSKeyGenerator
[INFO] Running org.apache.hadoop.hdds.security.x509.keys.TestKeyCodec
[INFO] Tests run: 4, Failures: 0, Errors: 0, Skipped: 0, Time elapsed: 2.046 s - in org.apache.hadoop.hdds.security.x509.keys.TestKeyCodec
[INFO] Running org.apache.hadoop.hdds.security.token.TestContainerTokenVerifier
[INFO] Tests run: 7, Failures: 0, Errors: 0, Skipped: 0, Time elapsed: 1.474 s - in org.apache.hadoop.hdds.security.token.TestContainerTokenVerifier
[INFO] Running org.apache.hadoop.hdds.security.token.TestOzoneBlockTokenIdentifier
[INFO] Tests run: 4, Failures: 0, Errors: 0, Skipped: 0, Time elapsed: 1.192 s - in org.apache.hadoop.hdds.security.token.TestOzoneBlockTokenIdentifier
[INFO] Running org.apache.hadoop.hdds.security.token.TestBlockTokenVerifier
[INFO] Tests run: 7, Failures: 0, Errors: 0, Skipped: 0, Time elapsed: 1.407 s - in org.apache.hadoop.hdds.security.token.TestBlockTokenVerifier
[INFO] Running org.apache.hadoop.hdds.security.token.TestOzoneBlockTokenSecretManager
[INFO] Tests run: 12, Failures: 0, Errors: 0, Skipped: 0, Time elapsed: 2.029 s - in org.apache.hadoop.hdds.security.token.TestOzoneBlockTokenSecretManager
[INFO] 
[INFO] Results:
[INFO] 
[INFO] Tests run: 216, Failures: 0, Errors: 0, Skipped: 0
[INFO] 
[INFO] 
[INFO] ---------------------< org.apache.ozone:hdds-docs >---------------------
[INFO] Building Apache Ozone/HDDS Documentation 1.3.0-SNAPSHOT          [16/40]
[INFO] --------------------------------[ jar ]---------------------------------
[INFO] 
[INFO] --- maven-antrun-plugin:1.3:run (create-testdirs) @ hdds-docs ---
[INFO] Executing tasks
[INFO] Executed tasks
[INFO] 
[INFO] --- jacoco-maven-plugin:0.8.5:prepare-agent (default-prepare-agent) @ hdds-docs ---
[INFO] argLine set to -javaagent:/home/runner/.m2/repository/org/jacoco/org.jacoco.agent/0.8.5/org.jacoco.agent-0.8.5-runtime.jar=destfile=/home/runner/work/ozone/ozone/hadoop-hdds/docs/target/jacoco.exec,includes=org.apache.hadoop.hdds.*:org.apache.hadoop.ozone.*:org.apache.hadoop.fs.ozone.*
[INFO] 
[INFO] --- maven-enforcer-plugin:3.0.0-M1:enforce (banned-rocksdb-imports) @ hdds-docs ---
[INFO] 
[INFO] --- maven-remote-resources-plugin:1.5:process (default) @ hdds-docs ---
[INFO] 
[INFO] --- maven-resources-plugin:3.1.0:resources (default-resources) @ hdds-docs ---
[INFO] Using 'UTF-8' encoding to copy filtered resources.
[INFO] skip non existing resourceDirectory /home/runner/work/ozone/ozone/hadoop-hdds/docs/src/main/resources
[INFO] Copying 2 resources
[INFO] 
[INFO] --- maven-compiler-plugin:3.1:compile (default-compile) @ hdds-docs ---
[INFO] No sources to compile
[INFO] 
[INFO] --- exec-maven-plugin:1.3.1:exec (default) @ hdds-docs ---
mkdir: created directory '/home/runner/work/ozone/ozone/.dev-tools'
mkdir: created directory '/home/runner/work/ozone/ozone/.dev-tools/hugo'
~/work/ozone/ozone/.dev-tools/hugo ~/work/ozone/ozone
Installed hugo in /home/runner/work/ozone/ozone/.dev-tools/hugo
~/work/ozone/ozone
Start building sites … 

                   | EN | ZH  
-------------------+----+-----
  Pages            | 93 | 51  
  Paginator pages  |  0 |  0  
  Non-page files   | 30 | 30  
  Static files     | 26 | 26  
  Processed images |  0 |  0  
  Aliases          |  1 |  0  
  Sitemaps         |  2 |  1  
  Cleaned          |  0 |  0  

Total in 225 ms
/home/runner/work/ozone/ozone
[INFO] 
[INFO] --- maven-resources-plugin:3.1.0:testResources (default-testResources) @ hdds-docs ---
[INFO] Using 'UTF-8' encoding to copy filtered resources.
[INFO] skip non existing resourceDirectory /home/runner/work/ozone/ozone/hadoop-hdds/docs/src/test/resources
[INFO] Copying 2 resources
[INFO] 
[INFO] --- maven-compiler-plugin:3.1:testCompile (default-testCompile) @ hdds-docs ---
[INFO] No sources to compile
[INFO] 
[INFO] --- maven-surefire-plugin:3.0.0-M5:test (default-test) @ hdds-docs ---
[INFO] 
[INFO] --------------< org.apache.ozone:hdds-container-service >---------------
[INFO] Building Apache Ozone HDDS Container Service 1.3.0-SNAPSHOT      [17/40]
[INFO] --------------------------------[ jar ]---------------------------------
[INFO] 
[INFO] --- maven-antrun-plugin:1.3:run (create-testdirs) @ hdds-container-service ---
[INFO] Executing tasks
[INFO] Executed tasks
[INFO] 
[INFO] --- jacoco-maven-plugin:0.8.5:prepare-agent (default-prepare-agent) @ hdds-container-service ---
[INFO] argLine set to -javaagent:/home/runner/.m2/repository/org/jacoco/org.jacoco.agent/0.8.5/org.jacoco.agent-0.8.5-runtime.jar=destfile=/home/runner/work/ozone/ozone/hadoop-hdds/container-service/target/jacoco.exec,includes=org.apache.hadoop.hdds.*:org.apache.hadoop.ozone.*:org.apache.hadoop.fs.ozone.*
[INFO] 
[INFO] --- maven-enforcer-plugin:3.0.0-M1:enforce (banned-rocksdb-imports) @ hdds-container-service ---
[INFO] 
[INFO] --- maven-remote-resources-plugin:1.5:process (default) @ hdds-container-service ---
[INFO] 
[INFO] --- maven-resources-plugin:3.1.0:resources (default-resources) @ hdds-container-service ---
[INFO] Using 'UTF-8' encoding to copy filtered resources.
[INFO] Copying 5 resources
[INFO] Copying 2 resources
[INFO] 
[INFO] --- maven-compiler-plugin:3.1:compile (default-compile) @ hdds-container-service ---
[INFO] Compiling 252 source files to /home/runner/work/ozone/ozone/hadoop-hdds/container-service/target/classes
[WARNING] /home/runner/work/ozone/ozone/hadoop-hdds/container-service/src/main/java/org/apache/hadoop/ozone/HddsDatanodeService.java:[74,31] com.sun.jmx.mbeanserver.Introspector is internal proprietary API and may be removed in a future release
[WARNING] /home/runner/work/ozone/ozone/hadoop-hdds/container-service/src/main/java/org/apache/hadoop/ozone/HddsDatanodeService.java:[74,31] com.sun.jmx.mbeanserver.Introspector is internal proprietary API and may be removed in a future release
[WARNING] /home/runner/work/ozone/ozone/hadoop-hdds/container-service/src/main/java/org/apache/hadoop/ozone/HddsDatanodeService.java:[74,31] com.sun.jmx.mbeanserver.Introspector is internal proprietary API and may be removed in a future release
[WARNING] /home/runner/work/ozone/ozone/hadoop-hdds/container-service/src/main/java/org/apache/hadoop/ozone/container/common/volume/AbstractFuture.java:[1050,26] sun.misc.Unsafe is internal proprietary API and may be removed in a future release
[WARNING] /home/runner/work/ozone/ozone/hadoop-hdds/container-service/src/main/java/org/apache/hadoop/ozone/container/common/volume/AbstractFuture.java:[1058,15] sun.misc.Unsafe is internal proprietary API and may be removed in a future release
[WARNING] /home/runner/work/ozone/ozone/hadoop-hdds/container-service/src/main/java/org/apache/hadoop/ozone/container/common/volume/AbstractFuture.java:[1060,26] sun.misc.Unsafe is internal proprietary API and may be removed in a future release
[WARNING] /home/runner/work/ozone/ozone/hadoop-hdds/container-service/src/main/java/org/apache/hadoop/ozone/container/common/volume/AbstractFuture.java:[1065,57] sun.misc.Unsafe is internal proprietary API and may be removed in a future release
[WARNING] /home/runner/work/ozone/ozone/hadoop-hdds/container-service/src/main/java/org/apache/hadoop/ozone/container/common/volume/AbstractFuture.java:[1067,36] sun.misc.Unsafe is internal proprietary API and may be removed in a future release
[WARNING] /home/runner/work/ozone/ozone/hadoop-hdds/container-service/src/main/java/org/apache/hadoop/ozone/container/common/volume/AbstractFuture.java:[1068,37] sun.misc.Unsafe is internal proprietary API and may be removed in a future release
[WARNING] /home/runner/work/ozone/ozone/hadoop-hdds/container-service/src/main/java/org/apache/hadoop/ozone/container/common/volume/AbstractFuture.java:[1068,58] sun.misc.Unsafe is internal proprietary API and may be removed in a future release
[WARNING] /home/runner/work/ozone/ozone/hadoop-hdds/container-service/src/main/java/org/apache/hadoop/ozone/HddsDatanodeService.java:[157,7] com.sun.jmx.mbeanserver.Introspector is internal proprietary API and may be removed in a future release
[WARNING] /home/runner/work/ozone/ozone/hadoop-hdds/container-service/src/main/java/org/apache/hadoop/ozone/container/common/helpers/ContainerMetrics.java: Some input files use or override a deprecated API.
[WARNING] /home/runner/work/ozone/ozone/hadoop-hdds/container-service/src/main/java/org/apache/hadoop/ozone/container/common/helpers/ContainerMetrics.java: Recompile with -Xlint:deprecation for details.
[WARNING] /home/runner/work/ozone/ozone/hadoop-hdds/container-service/src/main/java/org/apache/hadoop/ozone/container/keyvalue/statemachine/background/BlockDeletingService.java: Some input files use unchecked or unsafe operations.
[WARNING] /home/runner/work/ozone/ozone/hadoop-hdds/container-service/src/main/java/org/apache/hadoop/ozone/container/keyvalue/statemachine/background/BlockDeletingService.java: Recompile with -Xlint:unchecked for details.
[INFO] 
[INFO] --- maven-resources-plugin:3.1.0:testResources (default-testResources) @ hdds-container-service ---
[INFO] Using 'UTF-8' encoding to copy filtered resources.
[INFO] Copying 16 resources
[INFO] Copying 2 resources
[INFO] 
[INFO] --- maven-compiler-plugin:3.1:testCompile (default-testCompile) @ hdds-container-service ---
[INFO] Compiling 94 source files to /home/runner/work/ozone/ozone/hadoop-hdds/container-service/target/test-classes
[WARNING] /home/runner/work/ozone/ozone/hadoop-hdds/container-service/src/test/java/org/apache/hadoop/ozone/TestHddsDatanodeService.java: Some input files use or override a deprecated API.
[WARNING] /home/runner/work/ozone/ozone/hadoop-hdds/container-service/src/test/java/org/apache/hadoop/ozone/TestHddsDatanodeService.java: Recompile with -Xlint:deprecation for details.
[WARNING] /home/runner/work/ozone/ozone/hadoop-hdds/container-service/src/test/java/org/apache/hadoop/ozone/container/keyvalue/TestKeyValueBlockIterator.java: Some input files use unchecked or unsafe operations.
[WARNING] /home/runner/work/ozone/ozone/hadoop-hdds/container-service/src/test/java/org/apache/hadoop/ozone/container/keyvalue/TestKeyValueBlockIterator.java: Recompile with -Xlint:unchecked for details.
[INFO] 
[INFO] --- maven-surefire-plugin:3.0.0-M5:test (default-test) @ hdds-container-service ---
[INFO] 
[INFO] -------------------------------------------------------
[INFO]  T E S T S
[INFO] -------------------------------------------------------
[INFO] Running org.apache.hadoop.ozone.TestHddsSecureDatanodeInit
[INFO] Tests run: 9, Failures: 0, Errors: 0, Skipped: 0, Time elapsed: 1.522 s - in org.apache.hadoop.ozone.TestHddsSecureDatanodeInit
[INFO] Running org.apache.hadoop.ozone.TestHddsDatanodeService
[INFO] Tests run: 1, Failures: 0, Errors: 0, Skipped: 0, Time elapsed: 5.69 s - in org.apache.hadoop.ozone.TestHddsDatanodeService
[INFO] Running org.apache.hadoop.ozone.protocol.commands.TestReconstructionECContainersCommands
[INFO] Tests run: 2, Failures: 0, Errors: 0, Skipped: 0, Time elapsed: 0.155 s - in org.apache.hadoop.ozone.protocol.commands.TestReconstructionECContainersCommands
[INFO] Running org.apache.hadoop.ozone.container.ozoneimpl.TestContainerReader
[INFO] Tests run: 18, Failures: 0, Errors: 0, Skipped: 0, Time elapsed: 16.715 s - in org.apache.hadoop.ozone.container.ozoneimpl.TestContainerReader
[INFO] Running org.apache.hadoop.ozone.container.ozoneimpl.TestContainerScrubberConfiguration
[INFO] Tests run: 3, Failures: 0, Errors: 0, Skipped: 0, Time elapsed: 0.308 s - in org.apache.hadoop.ozone.container.ozoneimpl.TestContainerScrubberConfiguration
[INFO] Running org.apache.hadoop.ozone.container.ozoneimpl.TestOzoneContainer
[INFO] Tests run: 24, Failures: 0, Errors: 0, Skipped: 0, Time elapsed: 5.841 s - in org.apache.hadoop.ozone.container.ozoneimpl.TestOzoneContainer
[INFO] Running org.apache.hadoop.ozone.container.ozoneimpl.TestContainerScrubberMetrics
[INFO] Tests run: 4, Failures: 0, Errors: 0, Skipped: 0, Time elapsed: 1.855 s - in org.apache.hadoop.ozone.container.ozoneimpl.TestContainerScrubberMetrics
[INFO] Running org.apache.hadoop.ozone.container.common.TestKeyValueContainerData
[INFO] Tests run: 6, Failures: 0, Errors: 0, Skipped: 0, Time elapsed: 1.287 s - in org.apache.hadoop.ozone.container.common.TestKeyValueContainerData
[INFO] Running org.apache.hadoop.ozone.container.common.interfaces.TestHandler
[INFO] Tests run: 2, Failures: 0, Errors: 0, Skipped: 0, Time elapsed: 2.092 s - in org.apache.hadoop.ozone.container.common.interfaces.TestHandler
[INFO] Running org.apache.hadoop.ozone.container.common.TestDatanodeLayOutVersion
[INFO] Tests run: 1, Failures: 0, Errors: 0, Skipped: 0, Time elapsed: 0.018 s - in org.apache.hadoop.ozone.container.common.TestDatanodeLayOutVersion
[INFO] Running org.apache.hadoop.ozone.container.common.states.endpoint.TestHeartbeatEndpointTask
[INFO] Tests run: 7, Failures: 0, Errors: 0, Skipped: 0, Time elapsed: 1.876 s - in org.apache.hadoop.ozone.container.common.states.endpoint.TestHeartbeatEndpointTask
[INFO] Running org.apache.hadoop.ozone.container.common.states.datanode.TestRunningDatanodeState
[INFO] Tests run: 1, Failures: 0, Errors: 0, Skipped: 0, Time elapsed: 1.431 s - in org.apache.hadoop.ozone.container.common.states.datanode.TestRunningDatanodeState
[INFO] Running org.apache.hadoop.ozone.container.common.TestContainerLayoutVersion
[INFO] Tests run: 3, Failures: 0, Errors: 0, Skipped: 0, Time elapsed: 0.064 s - in org.apache.hadoop.ozone.container.common.TestContainerLayoutVersion
[INFO] Running org.apache.hadoop.ozone.container.common.volume.TestPeriodicVolumeChecker
[INFO] Tests run: 1, Failures: 0, Errors: 0, Skipped: 0, Time elapsed: 1.158 s - in org.apache.hadoop.ozone.container.common.volume.TestPeriodicVolumeChecker
[INFO] Running org.apache.hadoop.ozone.container.common.volume.TestVolumeIOStatsWithPrometheusSink
[INFO] Tests run: 1, Failures: 0, Errors: 0, Skipped: 0, Time elapsed: 0.234 s - in org.apache.hadoop.ozone.container.common.volume.TestVolumeIOStatsWithPrometheusSink
[INFO] Running org.apache.hadoop.ozone.container.common.volume.TestStorageVolumeChecker
[INFO] Tests run: 24, Failures: 0, Errors: 0, Skipped: 0, Time elapsed: 4.398 s - in org.apache.hadoop.ozone.container.common.volume.TestStorageVolumeChecker
[INFO] Running org.apache.hadoop.ozone.container.common.volume.TestVolumeSet
[INFO] Tests run: 8, Failures: 0, Errors: 0, Skipped: 0, Time elapsed: 0.656 s - in org.apache.hadoop.ozone.container.common.volume.TestVolumeSet
[INFO] Running org.apache.hadoop.ozone.container.common.volume.TestVolumeSetDiskChecks
[INFO] Tests run: 3, Failures: 0, Errors: 0, Skipped: 0, Time elapsed: 0.572 s - in org.apache.hadoop.ozone.container.common.volume.TestVolumeSetDiskChecks
[INFO] Running org.apache.hadoop.ozone.container.common.volume.TestCapacityVolumeChoosingPolicy
[INFO] Tests run: 2, Failures: 0, Errors: 0, Skipped: 0, Time elapsed: 0.303 s - in org.apache.hadoop.ozone.container.common.volume.TestCapacityVolumeChoosingPolicy
[INFO] Running org.apache.hadoop.ozone.container.common.volume.TestReservedVolumeSpace
[INFO] Tests run: 5, Failures: 0, Errors: 0, Skipped: 0, Time elapsed: 0.426 s - in org.apache.hadoop.ozone.container.common.volume.TestReservedVolumeSpace
[INFO] Running org.apache.hadoop.ozone.container.common.volume.TestHddsVolume
[INFO] Tests run: 10, Failures: 0, Errors: 0, Skipped: 0, Time elapsed: 0.69 s - in org.apache.hadoop.ozone.container.common.volume.TestHddsVolume
[INFO] Running org.apache.hadoop.ozone.container.common.volume.TestDbVolume
[INFO] Tests run: 3, Failures: 0, Errors: 0, Skipped: 0, Time elapsed: 1.687 s - in org.apache.hadoop.ozone.container.common.volume.TestDbVolume
[INFO] Running org.apache.hadoop.ozone.container.common.volume.TestRoundRobinVolumeChoosingPolicy
[INFO] Tests run: 2, Failures: 0, Errors: 0, Skipped: 0, Time elapsed: 0.264 s - in org.apache.hadoop.ozone.container.common.volume.TestRoundRobinVolumeChoosingPolicy
[INFO] Running org.apache.hadoop.ozone.container.common.volume.TestStorageVolume
[INFO] Tests run: 1, Failures: 0, Errors: 0, Skipped: 0, Time elapsed: 0.294 s - in org.apache.hadoop.ozone.container.common.volume.TestStorageVolume
[INFO] Running org.apache.hadoop.ozone.container.common.utils.TestHddsVolumeUtil
[INFO] Tests run: 3, Failures: 0, Errors: 0, Skipped: 0, Time elapsed: 1.183 s - in org.apache.hadoop.ozone.container.common.utils.TestHddsVolumeUtil
[INFO] Running org.apache.hadoop.ozone.container.common.utils.TestStorageVolumeUtil
[INFO] Tests run: 1, Failures: 0, Errors: 0, Skipped: 0, Time elapsed: 1.576 s - in org.apache.hadoop.ozone.container.common.utils.TestStorageVolumeUtil
[INFO] Running org.apache.hadoop.ozone.container.common.TestDatanodeStoreCache
[INFO] Tests run: 1, Failures: 0, Errors: 0, Skipped: 0, Time elapsed: 0.58 s - in org.apache.hadoop.ozone.container.common.TestDatanodeStoreCache
[INFO] Running org.apache.hadoop.ozone.container.common.TestDatanodeStateMachine
[INFO] Tests run: 4, Failures: 0, Errors: 0, Skipped: 0, Time elapsed: 37.773 s - in org.apache.hadoop.ozone.container.common.TestDatanodeStateMachine
[INFO] Running org.apache.hadoop.ozone.container.common.helpers.TestDatanodeVersionFile
[INFO] Tests run: 4, Failures: 0, Errors: 0, Skipped: 0, Time elapsed: 0.06 s - in org.apache.hadoop.ozone.container.common.helpers.TestDatanodeVersionFile
[INFO] Running org.apache.hadoop.ozone.container.common.helpers.TestBlockData
[INFO] Tests run: 3, Failures: 0, Errors: 0, Skipped: 0, Time elapsed: 0.237 s - in org.apache.hadoop.ozone.container.common.helpers.TestBlockData
[INFO] Running org.apache.hadoop.ozone.container.common.helpers.TestContainerUtils
[INFO] Tests run: 1, Failures: 0, Errors: 0, Skipped: 0, Time elapsed: 0.394 s - in org.apache.hadoop.ozone.container.common.helpers.TestContainerUtils
[INFO] Running org.apache.hadoop.ozone.container.common.impl.TestContainerDeletionChoosingPolicy
[INFO] Tests run: 4, Failures: 0, Errors: 0, Skipped: 0, Time elapsed: 1.443 s - in org.apache.hadoop.ozone.container.common.impl.TestContainerDeletionChoosingPolicy
[INFO] Running org.apache.hadoop.ozone.container.common.impl.TestContainerPersistence
[ERROR] Tests run: 84, Failures: 0, Errors: 1, Skipped: 0, Time elapsed: 9.057 s <<< FAILURE! - in org.apache.hadoop.ozone.container.common.impl.TestContainerPersistence
[ERROR] TestContainerPersistence.testGetContainerReports  Time elapsed: 0.041 s  <<< ERROR!
org.apache.hadoop.hdds.scm.container.common.helpers.StorageContainerException: Container creation failed because ContainerFile already exists
	at org.apache.hadoop.ozone.container.keyvalue.KeyValueContainer.create(KeyValueContainer.java:191)
	at org.apache.hadoop.ozone.container.common.impl.TestContainerPersistence.addContainer(TestContainerPersistence.java:200)
	at org.apache.hadoop.ozone.container.common.impl.TestContainerPersistence.testGetContainerReports(TestContainerPersistence.java:311)
	at sun.reflect.NativeMethodAccessorImpl.invoke0(Native Method)
	at sun.reflect.NativeMethodAccessorImpl.invoke(NativeMethodAccessorImpl.java:62)
	at sun.reflect.DelegatingMethodAccessorImpl.invoke(DelegatingMethodAccessorImpl.java:43)
	at java.lang.reflect.Method.invoke(Method.java:498)
	at org.junit.runners.model.FrameworkMethod$1.runReflectiveCall(FrameworkMethod.java:59)
	at org.junit.internal.runners.model.ReflectiveCallable.run(ReflectiveCallable.java:12)
	at org.junit.runners.model.FrameworkMethod.invokeExplosively(FrameworkMethod.java:56)
	at org.junit.internal.runners.statements.InvokeMethod.evaluate(InvokeMethod.java:17)
	at org.junit.internal.runners.statements.RunBefores.evaluate(RunBefores.java:26)
	at org.junit.internal.runners.statements.RunAfters.evaluate(RunAfters.java:27)
	at org.junit.rules.ExpectedException$ExpectedExceptionStatement.evaluate(ExpectedException.java:258)
	at org.junit.internal.runners.statements.FailOnTimeout$CallableStatement.call(FailOnTimeout.java:288)
	at org.junit.internal.runners.statements.FailOnTimeout$CallableStatement.call(FailOnTimeout.java:282)
	at java.util.concurrent.FutureTask.run(FutureTask.java:266)
	at java.lang.Thread.run(Thread.java:750)
Caused by: org.apache.hadoop.fs.FileAlreadyExistsException: container already exists on disk.
	at org.apache.hadoop.ozone.container.common.helpers.ContainerUtils.verifyIsNewContainer(ContainerUtils.java:126)
	at org.apache.hadoop.ozone.container.keyvalue.KeyValueContainer.create(KeyValueContainer.java:164)
	... 17 more

[INFO] Running org.apache.hadoop.ozone.container.common.impl.TestHddsDispatcher
[INFO] Tests run: 8, Failures: 0, Errors: 0, Skipped: 0, Time elapsed: 3.141 s - in org.apache.hadoop.ozone.container.common.impl.TestHddsDispatcher
[INFO] Running org.apache.hadoop.ozone.container.common.impl.TestContainerSet
[INFO] Tests run: 14, Failures: 0, Errors: 0, Skipped: 0, Time elapsed: 1.106 s - in org.apache.hadoop.ozone.container.common.impl.TestContainerSet
[INFO] Running org.apache.hadoop.ozone.container.common.impl.TestContainerDataYaml
[INFO] Tests run: 16, Failures: 0, Errors: 0, Skipped: 0, Time elapsed: 0.721 s - in org.apache.hadoop.ozone.container.common.impl.TestContainerDataYaml
[INFO] Running org.apache.hadoop.ozone.container.common.statemachine.TestDatanodeConfiguration
[INFO] Tests run: 3, Failures: 0, Errors: 0, Skipped: 0, Time elapsed: 0.353 s - in org.apache.hadoop.ozone.container.common.statemachine.TestDatanodeConfiguration
[INFO] Running org.apache.hadoop.ozone.container.common.statemachine.TestStateContext
[INFO] Tests run: 10, Failures: 0, Errors: 0, Skipped: 0, Time elapsed: 2.453 s - in org.apache.hadoop.ozone.container.common.statemachine.TestStateContext
[INFO] Running org.apache.hadoop.ozone.container.common.statemachine.commandhandler.TestCloseContainerCommandHandler
[INFO] Tests run: 18, Failures: 0, Errors: 0, Skipped: 0, Time elapsed: 2.042 s - in org.apache.hadoop.ozone.container.common.statemachine.commandhandler.TestCloseContainerCommandHandler
[INFO] Running org.apache.hadoop.ozone.container.common.statemachine.commandhandler.TestCreatePipelineCommandHandler
[INFO] Tests run: 2, Failures: 0, Errors: 0, Skipped: 0, Time elapsed: 3.661 s - in org.apache.hadoop.ozone.container.common.statemachine.commandhandler.TestCreatePipelineCommandHandler
[INFO] Running org.apache.hadoop.ozone.container.common.TestContainerCache
[INFO] Tests run: 3, Failures: 0, Errors: 0, Skipped: 0, Time elapsed: 0.85 s - in org.apache.hadoop.ozone.container.common.TestContainerCache
[INFO] Running org.apache.hadoop.ozone.container.common.TestBlockDeletingService
[WARNING] Tests run: 30, Failures: 0, Errors: 0, Skipped: 6, Time elapsed: 12.792 s - in org.apache.hadoop.ozone.container.common.TestBlockDeletingService
[INFO] Running org.apache.hadoop.ozone.container.common.report.TestReportPublisherFactory
[INFO] Tests run: 4, Failures: 0, Errors: 0, Skipped: 0, Time elapsed: 0.177 s - in org.apache.hadoop.ozone.container.common.report.TestReportPublisherFactory
[INFO] Running org.apache.hadoop.ozone.container.common.report.TestReportPublisher
[INFO] Tests run: 5, Failures: 0, Errors: 0, Skipped: 0, Time elapsed: 2.376 s - in org.apache.hadoop.ozone.container.common.report.TestReportPublisher
[INFO] Running org.apache.hadoop.ozone.container.common.report.TestReportManager
[INFO] Tests run: 1, Failures: 0, Errors: 0, Skipped: 0, Time elapsed: 1.384 s - in org.apache.hadoop.ozone.container.common.report.TestReportManager
[INFO] Running org.apache.hadoop.ozone.container.common.TestSchemaTwoBackwardsCompatibility
[INFO] Tests run: 4, Failures: 0, Errors: 0, Skipped: 0, Time elapsed: 2.668 s - in org.apache.hadoop.ozone.container.common.TestSchemaTwoBackwardsCompatibility
[INFO] Running org.apache.hadoop.ozone.container.common.TestSchemaOneBackwardsCompatibility
[INFO] Tests run: 20, Failures: 0, Errors: 0, Skipped: 0, Time elapsed: 3.802 s - in org.apache.hadoop.ozone.container.common.TestSchemaOneBackwardsCompatibility
[INFO] Running org.apache.hadoop.ozone.container.common.TestStaleRecoveringContainerScrubbingService
[INFO] Tests run: 6, Failures: 0, Errors: 0, Skipped: 0, Time elapsed: 3.483 s - in org.apache.hadoop.ozone.container.common.TestStaleRecoveringContainerScrubbingService
[INFO] Running org.apache.hadoop.ozone.container.stream.TestStreamingServer
[INFO] Tests run: 4, Failures: 0, Errors: 0, Skipped: 0, Time elapsed: 2.553 s - in org.apache.hadoop.ozone.container.stream.TestStreamingServer
[INFO] Running org.apache.hadoop.ozone.container.stream.TestDirstreamClientHandler
[INFO] Tests run: 5, Failures: 0, Errors: 0, Skipped: 0, Time elapsed: 0.153 s - in org.apache.hadoop.ozone.container.stream.TestDirstreamClientHandler
[INFO] Running org.apache.hadoop.ozone.container.keyvalue.TestKeyValueBlockIterator
[INFO] Tests run: 72, Failures: 0, Errors: 0, Skipped: 0, Time elapsed: 3.953 s - in org.apache.hadoop.ozone.container.keyvalue.TestKeyValueBlockIterator
[INFO] Running org.apache.hadoop.ozone.container.keyvalue.TestKeyValueContainerCheck
[INFO] Tests run: 12, Failures: 0, Errors: 0, Skipped: 0, Time elapsed: 1.806 s - in org.apache.hadoop.ozone.container.keyvalue.TestKeyValueContainerCheck
[INFO] Running org.apache.hadoop.ozone.container.keyvalue.TestKeyValueContainerMarkUnhealthy
[INFO] Tests run: 10, Failures: 0, Errors: 0, Skipped: 0, Time elapsed: 2.268 s - in org.apache.hadoop.ozone.container.keyvalue.TestKeyValueContainerMarkUnhealthy
[INFO] Running org.apache.hadoop.ozone.container.keyvalue.TestKeyValueContainerMetadataInspector
[INFO] Tests run: 36, Failures: 0, Errors: 0, Skipped: 0, Time elapsed: 3.042 s - in org.apache.hadoop.ozone.container.keyvalue.TestKeyValueContainerMetadataInspector
[INFO] Running org.apache.hadoop.ozone.container.keyvalue.TestKeyValueHandler
[INFO] Tests run: 8, Failures: 0, Errors: 0, Skipped: 0, Time elapsed: 3.539 s - in org.apache.hadoop.ozone.container.keyvalue.TestKeyValueHandler
[INFO] Running org.apache.hadoop.ozone.container.keyvalue.TestKeyValueHandlerWithUnhealthyContainer
[INFO] Tests run: 5, Failures: 0, Errors: 0, Skipped: 0, Time elapsed: 2.02 s - in org.apache.hadoop.ozone.container.keyvalue.TestKeyValueHandlerWithUnhealthyContainer
[INFO] Running org.apache.hadoop.ozone.container.keyvalue.TestTarContainerPacker
[INFO] Tests run: 30, Failures: 0, Errors: 0, Skipped: 0, Time elapsed: 0.747 s - in org.apache.hadoop.ozone.container.keyvalue.TestTarContainerPacker
[INFO] Running org.apache.hadoop.ozone.container.keyvalue.helpers.TestChunkUtils
[INFO] Tests run: 5, Failures: 0, Errors: 0, Skipped: 0, Time elapsed: 1.279 s - in org.apache.hadoop.ozone.container.keyvalue.helpers.TestChunkUtils
[INFO] Running org.apache.hadoop.ozone.container.keyvalue.impl.TestChunkManagerDummyImpl
[INFO] Tests run: 2, Failures: 0, Errors: 0, Skipped: 0, Time elapsed: 1.77 s - in org.apache.hadoop.ozone.container.keyvalue.impl.TestChunkManagerDummyImpl
[INFO] Running org.apache.hadoop.ozone.container.keyvalue.impl.TestFilePerBlockStrategy
[INFO] Tests run: 11, Failures: 0, Errors: 0, Skipped: 0, Time elapsed: 3.682 s - in org.apache.hadoop.ozone.container.keyvalue.impl.TestFilePerBlockStrategy
[INFO] Running org.apache.hadoop.ozone.container.keyvalue.impl.TestFilePerChunkStrategy
[INFO] Tests run: 10, Failures: 0, Errors: 0, Skipped: 0, Time elapsed: 3.416 s - in org.apache.hadoop.ozone.container.keyvalue.impl.TestFilePerChunkStrategy
[INFO] Running org.apache.hadoop.ozone.container.keyvalue.impl.TestBlockManagerImpl
[INFO] Tests run: 18, Failures: 0, Errors: 0, Skipped: 0, Time elapsed: 2.964 s - in org.apache.hadoop.ozone.container.keyvalue.impl.TestBlockManagerImpl
[INFO] Running org.apache.hadoop.ozone.container.keyvalue.TestKeyValueContainer
[INFO] Tests run: 90, Failures: 0, Errors: 0, Skipped: 0, Time elapsed: 8.619 s - in org.apache.hadoop.ozone.container.keyvalue.TestKeyValueContainer
[INFO] Running org.apache.hadoop.ozone.container.upgrade.TestDatanodeUpgradeToSchemaV3
[INFO] Tests run: 22, Failures: 0, Errors: 0, Skipped: 0, Time elapsed: 226.689 s - in org.apache.hadoop.ozone.container.upgrade.TestDatanodeUpgradeToSchemaV3
[INFO] Running org.apache.hadoop.ozone.container.upgrade.TestDataNodeStartupSlvLessThanMlv
[INFO] Tests run: 1, Failures: 0, Errors: 0, Skipped: 0, Time elapsed: 0.367 s - in org.apache.hadoop.ozone.container.upgrade.TestDataNodeStartupSlvLessThanMlv
[INFO] Running org.apache.hadoop.ozone.container.upgrade.TestDatanodeUpgradeToScmHA
[INFO] Tests run: 8, Failures: 0, Errors: 0, Skipped: 0, Time elapsed: 95.975 s - in org.apache.hadoop.ozone.container.upgrade.TestDatanodeUpgradeToScmHA
[INFO] Running org.apache.hadoop.ozone.container.replication.TestGrpcOutputStream
[INFO] Tests run: 8, Failures: 0, Errors: 0, Skipped: 0, Time elapsed: 0.981 s - in org.apache.hadoop.ozone.container.replication.TestGrpcOutputStream
[INFO] Running org.apache.hadoop.ozone.container.replication.TestReplicationSupervisor
[INFO] Tests run: 12, Failures: 0, Errors: 0, Skipped: 0, Time elapsed: 8.97 s - in org.apache.hadoop.ozone.container.replication.TestReplicationSupervisor
[INFO] Running org.apache.hadoop.ozone.container.replication.TestSimpleContainerDownloader
[INFO] Tests run: 4, Failures: 0, Errors: 0, Skipped: 0, Time elapsed: 0.668 s - in org.apache.hadoop.ozone.container.replication.TestSimpleContainerDownloader
[INFO] Running org.apache.hadoop.ozone.container.replication.TestReplicationConfig
[INFO] Tests run: 3, Failures: 0, Errors: 0, Skipped: 0, Time elapsed: 0.348 s - in org.apache.hadoop.ozone.container.replication.TestReplicationConfig
[INFO] Running org.apache.hadoop.ozone.container.replication.TestMeasuredReplicator
[INFO] Tests run: 5, Failures: 0, Errors: 0, Skipped: 0, Time elapsed: 0.829 s - in org.apache.hadoop.ozone.container.replication.TestMeasuredReplicator
[INFO] Running org.apache.hadoop.ozone.container.ec.reconstruction.TestECReconstructionSupervisor
[INFO] Tests run: 1, Failures: 0, Errors: 0, Skipped: 0, Time elapsed: 0.788 s - in org.apache.hadoop.ozone.container.ec.reconstruction.TestECReconstructionSupervisor
[INFO] Running org.apache.hadoop.hdds.datanode.metadata.TestDatanodeCRLStoreImpl
[INFO] Tests run: 1, Failures: 0, Errors: 0, Skipped: 0, Time elapsed: 1.179 s - in org.apache.hadoop.hdds.datanode.metadata.TestDatanodeCRLStoreImpl
[INFO] 
[INFO] Results:
[INFO] 
[ERROR] Errors: 
[ERROR] TestContainerPersistence.testGetContainerReports
[INFO]   Run 1: PASS
[INFO]   Run 2: PASS
[INFO]   Run 3: PASS
[INFO]   Run 4: PASS
[INFO]   Run 5: PASS
[ERROR]   Run 6: Container creation failed because ContainerFile already exists
[INFO] 
[INFO] 
[ERROR] Tests run: 763, Failures: 0, Errors: 1, Skipped: 1
[INFO] 
[INFO] 
[INFO] ------------------------------------------------------------------------
[INFO] Skipping Apache Ozone HDDS SCM Server
[INFO] This project has been banned from the build due to previous failures.
[INFO] ------------------------------------------------------------------------
[INFO] 
[INFO] ------------------------------------------------------------------------
[INFO] Skipping Apache Ozone HDDS Tools
[INFO] This project has been banned from the build due to previous failures.
[INFO] ------------------------------------------------------------------------
[INFO] 
[INFO] -----------------------< org.apache.ozone:ozone >-----------------------
[INFO] Building Apache Ozone 1.3.0-SNAPSHOT                             [18/40]
[INFO] --------------------------------[ pom ]---------------------------------
[INFO] 
[INFO] --- maven-antrun-plugin:1.3:run (create-testdirs) @ ozone ---
[INFO] Executing tasks
[INFO] Executed tasks
[INFO] 
[INFO] --- jacoco-maven-plugin:0.8.5:prepare-agent (default-prepare-agent) @ ozone ---
[INFO] argLine set to -javaagent:/home/runner/.m2/repository/org/jacoco/org.jacoco.agent/0.8.5/org.jacoco.agent-0.8.5-runtime.jar=destfile=/home/runner/work/ozone/ozone/hadoop-ozone/target/jacoco.exec,includes=org.apache.hadoop.hdds.*:org.apache.hadoop.ozone.*:org.apache.hadoop.fs.ozone.*
[INFO] 
[INFO] --- maven-enforcer-plugin:3.0.0-M1:enforce (banned-rocksdb-imports) @ ozone ---
[INFO] 
[INFO] --- maven-remote-resources-plugin:1.5:process (default) @ ozone ---
[INFO] 
[INFO] --------------< org.apache.ozone:ozone-interface-client >---------------
[INFO] Building Apache Ozone Client Interface 1.3.0-SNAPSHOT            [19/40]
[INFO] --------------------------------[ jar ]---------------------------------
[INFO] 
[INFO] --- maven-antrun-plugin:1.3:run (create-testdirs) @ ozone-interface-client ---
[INFO] Executing tasks
[INFO] Executed tasks
[INFO] 
[INFO] --- jacoco-maven-plugin:0.8.5:prepare-agent (default-prepare-agent) @ ozone-interface-client ---
[INFO] argLine set to -javaagent:/home/runner/.m2/repository/org/jacoco/org.jacoco.agent/0.8.5/org.jacoco.agent-0.8.5-runtime.jar=destfile=/home/runner/work/ozone/ozone/hadoop-ozone/interface-client/target/jacoco.exec,includes=org.apache.hadoop.hdds.*:org.apache.hadoop.ozone.*:org.apache.hadoop.fs.ozone.*
[INFO] 
[INFO] --- protobuf-maven-plugin:0.5.1:compile (compile-protoc-OmGrpc) @ ozone-interface-client ---
[INFO] Compiling 4 proto file(s) to /home/runner/work/ozone/ozone/hadoop-ozone/interface-client/target/generated-sources/protobuf/java
[INFO] 
[INFO] --- protobuf-maven-plugin:0.5.1:compile-custom (compile-protoc-OmGrpc) @ ozone-interface-client ---
[INFO] Compiling 4 proto file(s) to /home/runner/work/ozone/ozone/hadoop-ozone/interface-client/target/generated-sources/protobuf/java
[INFO] 
[INFO] --- protobuf-maven-plugin:0.5.1:compile (compile-protoc3) @ ozone-interface-client ---
[INFO] Compiling 4 proto file(s) to /home/runner/work/ozone/ozone/hadoop-ozone/interface-client/target/generated-sources/protobuf/java/proto3
[INFO] 
[INFO] --- maven-antrun-plugin:1.3:run (default) @ ozone-interface-client ---
[INFO] Executing tasks
     [move] Moving 4 files to /home/runner/work/ozone/ozone/hadoop-ozone/interface-client/target/generated-sources/protobuf
[INFO] Executed tasks
[INFO] 
[INFO] --- maven-enforcer-plugin:3.0.0-M1:enforce (banned-rocksdb-imports) @ ozone-interface-client ---
[INFO] 
[INFO] --- maven-remote-resources-plugin:1.5:process (default) @ ozone-interface-client ---
[INFO] 
[INFO] --- maven-resources-plugin:3.1.0:resources (default-resources) @ ozone-interface-client ---
[INFO] Using 'UTF-8' encoding to copy filtered resources.
[INFO] Copying 1 resource
[INFO] Copying 4 resources
[INFO] Copying 4 resources
[INFO] Copying 4 resources
[INFO] Copying 2 resources
[INFO] 
[INFO] --- maven-compiler-plugin:3.1:compile (default-compile) @ ozone-interface-client ---
[INFO] Compiling 11 source files to /home/runner/work/ozone/ozone/hadoop-ozone/interface-client/target/classes
[WARNING] /home/runner/work/ozone/ozone/hadoop-ozone/interface-client/target/generated-sources/protobuf/java/org/apache/hadoop/ozone/protocol/proto3/OzoneManagerProtocolProtos.java: /home/runner/work/ozone/ozone/hadoop-ozone/interface-client/target/generated-sources/protobuf/java/org/apache/hadoop/ozone/protocol/proto3/OzoneManagerProtocolProtos.java uses or overrides a deprecated API.
[WARNING] /home/runner/work/ozone/ozone/hadoop-ozone/interface-client/target/generated-sources/protobuf/java/org/apache/hadoop/ozone/protocol/proto3/OzoneManagerProtocolProtos.java: Recompile with -Xlint:deprecation for details.
[INFO] 
[INFO] --- protobuf-maven-plugin:0.5.1:test-compile (compile-protoc-OmGrpc) @ ozone-interface-client ---
[INFO] /home/runner/work/ozone/ozone/hadoop-ozone/interface-client/src/test/proto does not exist. Review the configuration or consider disabling the plugin.
[INFO] 
[INFO] --- protobuf-maven-plugin:0.5.1:test-compile-custom (compile-protoc-OmGrpc) @ ozone-interface-client ---
[INFO] /home/runner/work/ozone/ozone/hadoop-ozone/interface-client/src/test/proto does not exist. Review the configuration or consider disabling the plugin.
[INFO] 
[INFO] --- protobuf-maven-plugin:0.5.1:test-compile (compile-protoc3) @ ozone-interface-client ---
[INFO] /home/runner/work/ozone/ozone/hadoop-ozone/interface-client/src/test/proto does not exist. Review the configuration or consider disabling the plugin.
[INFO] 
[INFO] --- maven-resources-plugin:3.1.0:testResources (default-testResources) @ ozone-interface-client ---
[INFO] Not copying test resources
[INFO] 
[INFO] --- maven-compiler-plugin:3.1:testCompile (default-testCompile) @ ozone-interface-client ---
[INFO] Not compiling test sources
[INFO] 
[INFO] --- maven-surefire-plugin:3.0.0-M5:test (default-test) @ ozone-interface-client ---
[INFO] Tests are skipped.
[INFO] 
[INFO] -------------------< org.apache.ozone:ozone-common >--------------------
[INFO] Building Apache Ozone Common 1.3.0-SNAPSHOT                      [20/40]
[INFO] --------------------------------[ jar ]---------------------------------
[INFO] 
[INFO] --- maven-antrun-plugin:1.3:run (create-testdirs) @ ozone-common ---
[INFO] Executing tasks
[INFO] Executed tasks
[INFO] 
[INFO] --- jacoco-maven-plugin:0.8.5:prepare-agent (default-prepare-agent) @ ozone-common ---
[INFO] argLine set to -javaagent:/home/runner/.m2/repository/org/jacoco/org.jacoco.agent/0.8.5/org.jacoco.agent-0.8.5-runtime.jar=destfile=/home/runner/work/ozone/ozone/hadoop-ozone/common/target/jacoco.exec,includes=org.apache.hadoop.hdds.*:org.apache.hadoop.ozone.*:org.apache.hadoop.fs.ozone.*
[INFO] 
[INFO] --- maven-enforcer-plugin:3.0.0-M1:enforce (banned-rocksdb-imports) @ ozone-common ---
[INFO] 
[INFO] --- maven-remote-resources-plugin:1.5:process (default) @ ozone-common ---
[INFO] artifact io.grpc:grpc-core: checking for updates from apache.snapshots.https
[INFO] artifact io.grpc:grpc-core: checking for updates from central
[INFO] artifact io.grpc:grpc-api: checking for updates from apache.snapshots.https
[INFO] artifact io.grpc:grpc-api: checking for updates from central
[INFO] 
[INFO] --- hadoop-maven-plugins:3.3.1:version-info (version-info) @ ozone-common ---
[INFO] SCM: GIT
[INFO] Computed MD5: db91ab163dc18f3ac3c99e1376367f
[INFO] 
[INFO] --- maven-resources-plugin:3.1.0:resources (default-resources) @ ozone-common ---
[INFO] Using 'UTF-8' encoding to copy filtered resources.
[INFO] Copying 0 resource
[INFO] Copying 1 resource
[INFO] Copying 2 resources
[INFO] 
[INFO] --- maven-compiler-plugin:3.1:compile (default-compile) @ ozone-common ---
[INFO] Compiling 139 source files to /home/runner/work/ozone/ozone/hadoop-ozone/common/target/classes
[WARNING] /home/runner/work/ozone/ozone/hadoop-ozone/common/src/main/java/org/apache/hadoop/ozone/security/acl/RequestContext.java: Some input files use or override a deprecated API.
[WARNING] /home/runner/work/ozone/ozone/hadoop-ozone/common/src/main/java/org/apache/hadoop/ozone/security/acl/RequestContext.java: Recompile with -Xlint:deprecation for details.
[WARNING] /home/runner/work/ozone/ozone/hadoop-ozone/common/src/main/java/org/apache/hadoop/ozone/om/helpers/OmKeyLocationInfo.java: Some input files use unchecked or unsafe operations.
[WARNING] /home/runner/work/ozone/ozone/hadoop-ozone/common/src/main/java/org/apache/hadoop/ozone/om/helpers/OmKeyLocationInfo.java: Recompile with -Xlint:unchecked for details.
[INFO] 
[INFO] --- maven-resources-plugin:3.1.0:testResources (default-testResources) @ ozone-common ---
[INFO] Using 'UTF-8' encoding to copy filtered resources.
[INFO] Copying 1 resource
[INFO] Copying 2 resources
[INFO] 
[INFO] --- maven-compiler-plugin:3.1:testCompile (default-testCompile) @ ozone-common ---
[INFO] Compiling 24 source files to /home/runner/work/ozone/ozone/hadoop-ozone/common/target/test-classes
[WARNING] /home/runner/work/ozone/ozone/hadoop-ozone/common/src/test/java/org/apache/hadoop/ozone/om/helpers/TestOmKeyLocationInfoGroup.java: /home/runner/work/ozone/ozone/hadoop-ozone/common/src/test/java/org/apache/hadoop/ozone/om/helpers/TestOmKeyLocationInfoGroup.java uses or overrides a deprecated API.
[WARNING] /home/runner/work/ozone/ozone/hadoop-ozone/common/src/test/java/org/apache/hadoop/ozone/om/helpers/TestOmKeyLocationInfoGroup.java: Recompile with -Xlint:deprecation for details.
[WARNING] /home/runner/work/ozone/ozone/hadoop-ozone/common/src/test/java/org/apache/hadoop/ozone/om/helpers/TestOmKeyInfo.java: Some input files use unchecked or unsafe operations.
[WARNING] /home/runner/work/ozone/ozone/hadoop-ozone/common/src/test/java/org/apache/hadoop/ozone/om/helpers/TestOmKeyInfo.java: Recompile with -Xlint:unchecked for details.
[INFO] 
[INFO] --- maven-surefire-plugin:3.0.0-M5:test (default-test) @ ozone-common ---
[INFO] 
[INFO] -------------------------------------------------------
[INFO]  T E S T S
[INFO] -------------------------------------------------------
[INFO] Running org.apache.hadoop.ozone.TestOmUtils
[INFO] Tests run: 7, Failures: 0, Errors: 0, Skipped: 0, Time elapsed: 0.584 s - in org.apache.hadoop.ozone.TestOmUtils
[INFO] Running org.apache.hadoop.ozone.TestOzoneAcls
[INFO] Tests run: 3, Failures: 0, Errors: 0, Skipped: 0, Time elapsed: 0.098 s - in org.apache.hadoop.ozone.TestOzoneAcls
[INFO] Running org.apache.hadoop.ozone.om.protocolPB.TestS3GrpcOmTransport
[INFO] Tests run: 4, Failures: 0, Errors: 0, Skipped: 0, Time elapsed: 4.031 s - in org.apache.hadoop.ozone.om.protocolPB.TestS3GrpcOmTransport
[INFO] Running org.apache.hadoop.ozone.om.exceptions.TestResultCodes
[INFO] Tests run: 1, Failures: 0, Errors: 0, Skipped: 0, Time elapsed: 0.038 s - in org.apache.hadoop.ozone.om.exceptions.TestResultCodes
[INFO] Running org.apache.hadoop.ozone.om.ha.TestOMFailoverProxyProvider
[INFO] Tests run: 6, Failures: 0, Errors: 0, Skipped: 0, Time elapsed: 0.485 s - in org.apache.hadoop.ozone.om.ha.TestOMFailoverProxyProvider
[INFO] Running org.apache.hadoop.ozone.om.helpers.TestOmKeyInfo
[INFO] Tests run: 4, Failures: 0, Errors: 0, Skipped: 0, Time elapsed: 0.295 s - in org.apache.hadoop.ozone.om.helpers.TestOmKeyInfo
[INFO] Running org.apache.hadoop.ozone.om.helpers.TestOzoneFsUtils
[INFO] Tests run: 1, Failures: 0, Errors: 0, Skipped: 0, Time elapsed: 0.099 s - in org.apache.hadoop.ozone.om.helpers.TestOzoneFsUtils
[INFO] Running org.apache.hadoop.ozone.om.helpers.TestQuotaUtil
[INFO] Tests run: 7, Failures: 0, Errors: 0, Skipped: 0, Time elapsed: 0.056 s - in org.apache.hadoop.ozone.om.helpers.TestQuotaUtil
[INFO] Running org.apache.hadoop.ozone.om.helpers.TestOmVolumeArgs
[INFO] Tests run: 1, Failures: 0, Errors: 0, Skipped: 0, Time elapsed: 0.262 s - in org.apache.hadoop.ozone.om.helpers.TestOmVolumeArgs
[INFO] Running org.apache.hadoop.ozone.om.helpers.TestOmBucketInfo
[INFO] Tests run: 4, Failures: 0, Errors: 0, Skipped: 0, Time elapsed: 0.21 s - in org.apache.hadoop.ozone.om.helpers.TestOmBucketInfo
[INFO] Running org.apache.hadoop.ozone.om.helpers.TestOzoneAclUtil
[INFO] Tests run: 3, Failures: 0, Errors: 0, Skipped: 0, Time elapsed: 0.39 s - in org.apache.hadoop.ozone.om.helpers.TestOzoneAclUtil
[INFO] Running org.apache.hadoop.ozone.om.helpers.TestOmMultipartUpload
[INFO] Tests run: 1, Failures: 0, Errors: 0, Skipped: 0, Time elapsed: 0.031 s - in org.apache.hadoop.ozone.om.helpers.TestOmMultipartUpload
[INFO] Running org.apache.hadoop.ozone.om.helpers.TestOmKeyLocationInfoGroup
[INFO] Tests run: 3, Failures: 0, Errors: 0, Skipped: 0, Time elapsed: 0.036 s - in org.apache.hadoop.ozone.om.helpers.TestOmKeyLocationInfoGroup
[INFO] Running org.apache.hadoop.ozone.om.helpers.TestOmMultipartKeyInfo
[INFO] Tests run: 3, Failures: 0, Errors: 0, Skipped: 0, Time elapsed: 0.18 s - in org.apache.hadoop.ozone.om.helpers.TestOmMultipartKeyInfo
[INFO] Running org.apache.hadoop.ozone.om.helpers.TestOmKeyArgs
[INFO] Tests run: 2, Failures: 0, Errors: 0, Skipped: 0, Time elapsed: 0.108 s - in org.apache.hadoop.ozone.om.helpers.TestOmKeyArgs
[INFO] Running org.apache.hadoop.ozone.om.lock.TestKeyPathLock
[INFO] Tests run: 20, Failures: 0, Errors: 0, Skipped: 0, Time elapsed: 19.392 s - in org.apache.hadoop.ozone.om.lock.TestKeyPathLock
[INFO] Running org.apache.hadoop.ozone.om.lock.TestOzoneManagerLock
[INFO] Tests run: 15, Failures: 0, Errors: 0, Skipped: 0, Time elapsed: 17.313 s - in org.apache.hadoop.ozone.om.lock.TestOzoneManagerLock
[INFO] Running org.apache.hadoop.ozone.security.TestOzoneDelegationTokenSelector
[INFO] Tests run: 1, Failures: 0, Errors: 0, Skipped: 0, Time elapsed: 0.107 s - in org.apache.hadoop.ozone.security.TestOzoneDelegationTokenSelector
[INFO] Running org.apache.hadoop.ozone.security.TestGDPRSymmetricKey
[INFO] Tests run: 3, Failures: 0, Errors: 0, Skipped: 0, Time elapsed: 0.097 s - in org.apache.hadoop.ozone.security.TestGDPRSymmetricKey
[INFO] Running org.apache.hadoop.ozone.security.acl.TestOzoneObjInfo
[INFO] Tests run: 4, Failures: 0, Errors: 0, Skipped: 0, Time elapsed: 0.053 s - in org.apache.hadoop.ozone.security.acl.TestOzoneObjInfo
[INFO] Running org.apache.hadoop.ozone.util.TestRadixTree
[INFO] Tests run: 4, Failures: 0, Errors: 0, Skipped: 0, Time elapsed: 0.038 s - in org.apache.hadoop.ozone.util.TestRadixTree
[INFO] 
[INFO] Results:
[INFO] 
[INFO] Tests run: 97, Failures: 0, Errors: 0, Skipped: 0
[INFO] 
[INFO] 
[INFO] ------------------------------------------------------------------------
[INFO] Skipping Apache Ozone Storage Interface
[INFO] This project has been banned from the build due to previous failures.
[INFO] ------------------------------------------------------------------------
[INFO] 
[INFO] -------------------< org.apache.ozone:ozone-client >--------------------
[INFO] Building Apache Ozone Client 1.3.0-SNAPSHOT                      [21/40]
[INFO] --------------------------------[ jar ]---------------------------------
[INFO] 
[INFO] --- maven-antrun-plugin:1.3:run (create-testdirs) @ ozone-client ---
[INFO] Executing tasks
[INFO] Executed tasks
[INFO] 
[INFO] --- jacoco-maven-plugin:0.8.5:prepare-agent (default-prepare-agent) @ ozone-client ---
[INFO] argLine set to -javaagent:/home/runner/.m2/repository/org/jacoco/org.jacoco.agent/0.8.5/org.jacoco.agent-0.8.5-runtime.jar=destfile=/home/runner/work/ozone/ozone/hadoop-ozone/client/target/jacoco.exec,includes=org.apache.hadoop.hdds.*:org.apache.hadoop.ozone.*:org.apache.hadoop.fs.ozone.*
[INFO] 
[INFO] --- maven-enforcer-plugin:3.0.0-M1:enforce (banned-rocksdb-imports) @ ozone-client ---
[INFO] 
[INFO] --- maven-remote-resources-plugin:1.5:process (default) @ ozone-client ---
[INFO] 
[INFO] --- maven-resources-plugin:3.1.0:resources (default-resources) @ ozone-client ---
[INFO] Using 'UTF-8' encoding to copy filtered resources.
[INFO] skip non existing resourceDirectory /home/runner/work/ozone/ozone/hadoop-ozone/client/src/main/resources
[INFO] Copying 2 resources
[INFO] 
[INFO] --- maven-compiler-plugin:3.1:compile (default-compile) @ ozone-client ---
[INFO] Compiling 38 source files to /home/runner/work/ozone/ozone/hadoop-ozone/client/target/classes
[WARNING] /home/runner/work/ozone/ozone/hadoop-ozone/client/src/main/java/org/apache/hadoop/ozone/client/io/BlockOutputStreamEntryPool.java: Some input files use or override a deprecated API.
[WARNING] /home/runner/work/ozone/ozone/hadoop-ozone/client/src/main/java/org/apache/hadoop/ozone/client/io/BlockOutputStreamEntryPool.java: Recompile with -Xlint:deprecation for details.
[WARNING] /home/runner/work/ozone/ozone/hadoop-ozone/client/src/main/java/org/apache/hadoop/ozone/client/OzoneBucket.java: Some input files use unchecked or unsafe operations.
[WARNING] /home/runner/work/ozone/ozone/hadoop-ozone/client/src/main/java/org/apache/hadoop/ozone/client/OzoneBucket.java: Recompile with -Xlint:unchecked for details.
[INFO] 
[INFO] --- maven-resources-plugin:3.1.0:testResources (default-testResources) @ ozone-client ---
[INFO] Using 'UTF-8' encoding to copy filtered resources.
[INFO] skip non existing resourceDirectory /home/runner/work/ozone/ozone/hadoop-ozone/client/src/test/resources
[INFO] Copying 2 resources
[INFO] 
[INFO] --- maven-compiler-plugin:3.1:testCompile (default-testCompile) @ ozone-client ---
[INFO] Compiling 19 source files to /home/runner/work/ozone/ozone/hadoop-ozone/client/target/test-classes
[WARNING] /home/runner/work/ozone/ozone/hadoop-ozone/client/src/test/java/org/apache/hadoop/ozone/client/TestOzoneClient.java: Some input files use or override a deprecated API.
[WARNING] /home/runner/work/ozone/ozone/hadoop-ozone/client/src/test/java/org/apache/hadoop/ozone/client/TestOzoneClient.java: Recompile with -Xlint:deprecation for details.
[WARNING] /home/runner/work/ozone/ozone/hadoop-ozone/client/src/test/java/org/apache/hadoop/ozone/client/MockDatanodeStorage.java: /home/runner/work/ozone/ozone/hadoop-ozone/client/src/test/java/org/apache/hadoop/ozone/client/MockDatanodeStorage.java uses unchecked or unsafe operations.
[WARNING] /home/runner/work/ozone/ozone/hadoop-ozone/client/src/test/java/org/apache/hadoop/ozone/client/MockDatanodeStorage.java: Recompile with -Xlint:unchecked for details.
[INFO] 
[INFO] --- maven-surefire-plugin:3.0.0-M5:test (default-test) @ ozone-client ---
[INFO] 
[INFO] -------------------------------------------------------
[INFO]  T E S T S
[INFO] -------------------------------------------------------
[INFO] Running org.apache.hadoop.ozone.client.checksum.TestReplicatedFileChecksumHelper
[INFO] Tests run: 3, Failures: 0, Errors: 0, Skipped: 0, Time elapsed: 2.941 s - in org.apache.hadoop.ozone.client.checksum.TestReplicatedFileChecksumHelper
[INFO] Running org.apache.hadoop.ozone.client.checksum.TestReplicatedBlockChecksumComputer
[INFO] Tests run: 2, Failures: 0, Errors: 0, Skipped: 0, Time elapsed: 0.195 s - in org.apache.hadoop.ozone.client.checksum.TestReplicatedBlockChecksumComputer
[INFO] Running org.apache.hadoop.ozone.client.TestOzoneClient
[INFO] Tests run: 6, Failures: 0, Errors: 0, Skipped: 0, Time elapsed: 1.982 s - in org.apache.hadoop.ozone.client.TestOzoneClient
[INFO] Running org.apache.hadoop.ozone.client.io.TestECBlockOutputStreamEntry
[INFO] Tests run: 2, Failures: 0, Errors: 0, Skipped: 0, Time elapsed: 1.185 s - in org.apache.hadoop.ozone.client.io.TestECBlockOutputStreamEntry
[INFO] Running org.apache.hadoop.ozone.client.io.TestKeyInputStreamEC
[INFO] Tests run: 1, Failures: 0, Errors: 0, Skipped: 0, Time elapsed: 0.582 s - in org.apache.hadoop.ozone.client.io.TestKeyInputStreamEC
[INFO] Running org.apache.hadoop.ozone.client.TestOzoneECClient
[INFO] Tests run: 34, Failures: 0, Errors: 0, Skipped: 0, Time elapsed: 3.136 s - in org.apache.hadoop.ozone.client.TestOzoneECClient
[INFO] Running org.apache.hadoop.ozone.client.rpc.TestOzoneKMSUtil
[INFO] Tests run: 1, Failures: 0, Errors: 0, Skipped: 0, Time elapsed: 0.209 s - in org.apache.hadoop.ozone.client.rpc.TestOzoneKMSUtil
[INFO] Running org.apache.hadoop.ozone.client.TestHddsClientUtils
[INFO] Tests run: 10, Failures: 0, Errors: 0, Skipped: 0, Time elapsed: 0.512 s - in org.apache.hadoop.ozone.client.TestHddsClientUtils
[INFO] 
[INFO] Results:
[INFO] 
[INFO] Tests run: 59, Failures: 0, Errors: 0, Skipped: 0
[INFO] 
[INFO] 
[INFO] ------------------------------------------------------------------------
[INFO] Skipping Apache Ozone Manager Server
[INFO] This project has been banned from the build due to previous failures.
[INFO] ------------------------------------------------------------------------
[INFO] 
[INFO] ------------------------------------------------------------------------
[INFO] Skipping Apache Ozone FileSystem Common
[INFO] This project has been banned from the build due to previous failures.
[INFO] ------------------------------------------------------------------------
[INFO] 
[INFO] ------------------------------------------------------------------------
[INFO] Skipping Apache Ozone FileSystem
[INFO] This project has been banned from the build due to previous failures.
[INFO] ------------------------------------------------------------------------
[INFO] 
[INFO] ----------------< org.apache.ozone:ozone-reconcodegen >-----------------
[INFO] Building Apache Ozone Recon CodeGen 1.3.0-SNAPSHOT               [22/40]
[INFO] --------------------------------[ jar ]---------------------------------
[INFO] 
[INFO] --- maven-antrun-plugin:1.3:run (create-testdirs) @ ozone-reconcodegen ---
[INFO] Executing tasks
[INFO] Executed tasks
[INFO] 
[INFO] --- jacoco-maven-plugin:0.8.5:prepare-agent (default-prepare-agent) @ ozone-reconcodegen ---
[INFO] argLine set to -javaagent:/home/runner/.m2/repository/org/jacoco/org.jacoco.agent/0.8.5/org.jacoco.agent-0.8.5-runtime.jar=destfile=/home/runner/work/ozone/ozone/hadoop-ozone/recon-codegen/target/jacoco.exec,includes=org.apache.hadoop.hdds.*:org.apache.hadoop.ozone.*:org.apache.hadoop.fs.ozone.*
[INFO] 
[INFO] --- maven-enforcer-plugin:3.0.0-M1:enforce (banned-rocksdb-imports) @ ozone-reconcodegen ---
[INFO] 
[INFO] --- maven-remote-resources-plugin:1.5:process (default) @ ozone-reconcodegen ---
[INFO] 
[INFO] --- maven-resources-plugin:3.1.0:resources (default-resources) @ ozone-reconcodegen ---
[INFO] Using 'UTF-8' encoding to copy filtered resources.
[INFO] skip non existing resourceDirectory /home/runner/work/ozone/ozone/hadoop-ozone/recon-codegen/src/main/resources
[INFO] Copying 2 resources
[INFO] 
[INFO] --- maven-compiler-plugin:3.1:compile (default-compile) @ ozone-reconcodegen ---
[INFO] Compiling 12 source files to /home/runner/work/ozone/ozone/hadoop-ozone/recon-codegen/target/classes
[INFO] 
[INFO] --- maven-resources-plugin:3.1.0:testResources (default-testResources) @ ozone-reconcodegen ---
[INFO] Not copying test resources
[INFO] 
[INFO] --- maven-compiler-plugin:3.1:testCompile (default-testCompile) @ ozone-reconcodegen ---
[INFO] Not compiling test sources
[INFO] 
[INFO] --- maven-surefire-plugin:3.0.0-M5:test (default-test) @ ozone-reconcodegen ---
[INFO] Tests are skipped.
[INFO] 
[INFO] ------------------------------------------------------------------------
[INFO] Skipping Apache Ozone Recon
[INFO] This project has been banned from the build due to previous failures.
[INFO] ------------------------------------------------------------------------
[INFO] 
[INFO] ------------------------------------------------------------------------
[INFO] Skipping Apache Ozone Tools
[INFO] This project has been banned from the build due to previous failures.
[INFO] ------------------------------------------------------------------------
[INFO] 
[INFO] ------------------< org.apache.ozone:ozone-s3gateway >------------------
[INFO] Building Apache Ozone S3 Gateway 1.3.0-SNAPSHOT                  [23/40]
[INFO] --------------------------------[ jar ]---------------------------------
[INFO] 
[INFO] --- maven-antrun-plugin:1.3:run (create-testdirs) @ ozone-s3gateway ---
[INFO] Executing tasks
[INFO] Executed tasks
[INFO] 
[INFO] --- jacoco-maven-plugin:0.8.5:prepare-agent (default-prepare-agent) @ ozone-s3gateway ---
[INFO] argLine set to -javaagent:/home/runner/.m2/repository/org/jacoco/org.jacoco.agent/0.8.5/org.jacoco.agent-0.8.5-runtime.jar=destfile=/home/runner/work/ozone/ozone/hadoop-ozone/s3gateway/target/jacoco.exec,includes=org.apache.hadoop.hdds.*:org.apache.hadoop.ozone.*:org.apache.hadoop.fs.ozone.*
[INFO] 
[INFO] --- maven-enforcer-plugin:3.0.0-M1:enforce (banned-rocksdb-imports) @ ozone-s3gateway ---
[INFO] 
[INFO] --- maven-remote-resources-plugin:1.5:process (default) @ ozone-s3gateway ---
[INFO] 
[INFO] --- maven-resources-plugin:3.1.0:resources (default-resources) @ ozone-s3gateway ---
[INFO] Using 'UTF-8' encoding to copy filtered resources.
[INFO] Copying 7 resources
[INFO] Copying 2 resources
[INFO] 
[INFO] --- maven-compiler-plugin:3.1:compile (default-compile) @ ozone-s3gateway ---
[INFO] Compiling 75 source files to /home/runner/work/ozone/ozone/hadoop-ozone/s3gateway/target/classes
[WARNING] /home/runner/work/ozone/ozone/hadoop-ozone/s3gateway/src/main/java/org/apache/hadoop/ozone/s3/endpoint/BucketEndpoint.java: /home/runner/work/ozone/ozone/hadoop-ozone/s3gateway/src/main/java/org/apache/hadoop/ozone/s3/endpoint/BucketEndpoint.java uses or overrides a deprecated API.
[WARNING] /home/runner/work/ozone/ozone/hadoop-ozone/s3gateway/src/main/java/org/apache/hadoop/ozone/s3/endpoint/BucketEndpoint.java: Recompile with -Xlint:deprecation for details.
[INFO] 
[INFO] --- maven-resources-plugin:3.1.0:testResources (default-testResources) @ ozone-s3gateway ---
[INFO] Using 'UTF-8' encoding to copy filtered resources.
[INFO] Copying 4 resources
[INFO] Copying 2 resources
[INFO] 
[INFO] --- maven-compiler-plugin:3.1:testCompile (default-testCompile) @ ozone-s3gateway ---
[INFO] Compiling 49 source files to /home/runner/work/ozone/ozone/hadoop-ozone/s3gateway/target/test-classes
[WARNING] /home/runner/work/ozone/ozone/hadoop-ozone/s3gateway/src/test/java/org/apache/hadoop/ozone/protocolPB/TestGrpcOmTransport.java: Some input files use or override a deprecated API.
[WARNING] /home/runner/work/ozone/ozone/hadoop-ozone/s3gateway/src/test/java/org/apache/hadoop/ozone/protocolPB/TestGrpcOmTransport.java: Recompile with -Xlint:deprecation for details.
[WARNING] /home/runner/work/ozone/ozone/hadoop-ozone/s3gateway/src/test/java/org/apache/hadoop/ozone/client/OzoneBucketStub.java: Some input files use unchecked or unsafe operations.
[WARNING] /home/runner/work/ozone/ozone/hadoop-ozone/s3gateway/src/test/java/org/apache/hadoop/ozone/client/OzoneBucketStub.java: Recompile with -Xlint:unchecked for details.
[INFO] 
[INFO] --- maven-surefire-plugin:3.0.0-M5:test (default-test) @ ozone-s3gateway ---
[INFO] 
[INFO] -------------------------------------------------------
[INFO]  T E S T S
[INFO] -------------------------------------------------------
[INFO] Running org.apache.hadoop.ozone.protocolPB.TestGrpcOmTransport
[INFO] Tests run: 3, Failures: 0, Errors: 0, Skipped: 0, Time elapsed: 1.337 s - in org.apache.hadoop.ozone.protocolPB.TestGrpcOmTransport
[INFO] Running org.apache.hadoop.ozone.s3.signature.TestAuthorizationV4HeaderParser
[INFO] Tests run: 13, Failures: 0, Errors: 0, Skipped: 0, Time elapsed: 0.139 s - in org.apache.hadoop.ozone.s3.signature.TestAuthorizationV4HeaderParser
[INFO] Running org.apache.hadoop.ozone.s3.signature.TestAuthorizationV2HeaderParser
[INFO] Tests run: 5, Failures: 0, Errors: 0, Skipped: 0, Time elapsed: 0.031 s - in org.apache.hadoop.ozone.s3.signature.TestAuthorizationV2HeaderParser
[INFO] Running org.apache.hadoop.ozone.s3.signature.TestStringToSignProducer
[INFO] Tests run: 1, Failures: 0, Errors: 0, Skipped: 0, Time elapsed: 0.125 s - in org.apache.hadoop.ozone.s3.signature.TestStringToSignProducer
[INFO] Running org.apache.hadoop.ozone.s3.signature.TestAuthorizationV4QueryParser
[INFO] Tests run: 4, Failures: 0, Errors: 0, Skipped: 0, Time elapsed: 0.156 s - in org.apache.hadoop.ozone.s3.signature.TestAuthorizationV4QueryParser
[INFO] Running org.apache.hadoop.ozone.s3.endpoint.TestBucketList
[INFO] Tests run: 11, Failures: 0, Errors: 0, Skipped: 0, Time elapsed: 1.054 s - in org.apache.hadoop.ozone.s3.endpoint.TestBucketList
[INFO] Running org.apache.hadoop.ozone.s3.endpoint.TestRootList
[INFO] Tests run: 1, Failures: 0, Errors: 0, Skipped: 0, Time elapsed: 0.706 s - in org.apache.hadoop.ozone.s3.endpoint.TestRootList
[INFO] Running org.apache.hadoop.ozone.s3.endpoint.TestPartUpload
[INFO] Tests run: 3, Failures: 0, Errors: 0, Skipped: 0, Time elapsed: 1.394 s - in org.apache.hadoop.ozone.s3.endpoint.TestPartUpload
[INFO] Running org.apache.hadoop.ozone.s3.endpoint.TestObjectMultiDelete
[INFO] Tests run: 2, Failures: 0, Errors: 0, Skipped: 0, Time elapsed: 0.712 s - in org.apache.hadoop.ozone.s3.endpoint.TestObjectMultiDelete
[INFO] Running org.apache.hadoop.ozone.s3.endpoint.TestBucketPut
[INFO] Tests run: 3, Failures: 0, Errors: 0, Skipped: 0, Time elapsed: 0.759 s - in org.apache.hadoop.ozone.s3.endpoint.TestBucketPut
[INFO] Running org.apache.hadoop.ozone.s3.endpoint.TestListParts
[INFO] Tests run: 3, Failures: 0, Errors: 0, Skipped: 0, Time elapsed: 1.208 s - in org.apache.hadoop.ozone.s3.endpoint.TestListParts
[INFO] Running org.apache.hadoop.ozone.s3.endpoint.TestCompleteMultipartUploadRequestUnmarshaller
[INFO] Tests run: 2, Failures: 0, Errors: 0, Skipped: 0, Time elapsed: 0.269 s - in org.apache.hadoop.ozone.s3.endpoint.TestCompleteMultipartUploadRequestUnmarshaller
[INFO] Running org.apache.hadoop.ozone.s3.endpoint.TestMultipartUploadWithCopy
[INFO] Tests run: 2, Failures: 0, Errors: 0, Skipped: 0, Time elapsed: 3.414 s - in org.apache.hadoop.ozone.s3.endpoint.TestMultipartUploadWithCopy
[INFO] Running org.apache.hadoop.ozone.s3.endpoint.TestBucketResponse
[INFO] Tests run: 1, Failures: 0, Errors: 0, Skipped: 0, Time elapsed: 0.188 s - in org.apache.hadoop.ozone.s3.endpoint.TestBucketResponse
[INFO] Running org.apache.hadoop.ozone.s3.endpoint.TestObjectPut
[INFO] Tests run: 6, Failures: 0, Errors: 0, Skipped: 0, Time elapsed: 1.443 s - in org.apache.hadoop.ozone.s3.endpoint.TestObjectPut
[INFO] Running org.apache.hadoop.ozone.s3.endpoint.TestPermissionCheck
[INFO] Tests run: 13, Failures: 0, Errors: 0, Skipped: 0, Time elapsed: 2.006 s - in org.apache.hadoop.ozone.s3.endpoint.TestPermissionCheck
[INFO] Running org.apache.hadoop.ozone.s3.endpoint.TestBucketHead
[INFO] Tests run: 2, Failures: 0, Errors: 0, Skipped: 0, Time elapsed: 0.887 s - in org.apache.hadoop.ozone.s3.endpoint.TestBucketHead
[INFO] Running org.apache.hadoop.ozone.s3.endpoint.TestBucketAcl
[INFO] Tests run: 12, Failures: 0, Errors: 0, Skipped: 0, Time elapsed: 1.64 s - in org.apache.hadoop.ozone.s3.endpoint.TestBucketAcl
[INFO] Running org.apache.hadoop.ozone.s3.endpoint.TestObjectDelete
[INFO] Tests run: 1, Failures: 0, Errors: 0, Skipped: 0, Time elapsed: 0.702 s - in org.apache.hadoop.ozone.s3.endpoint.TestObjectDelete
[INFO] Running org.apache.hadoop.ozone.s3.endpoint.TestObjectGet
[INFO] Tests run: 3, Failures: 0, Errors: 0, Skipped: 0, Time elapsed: 1.281 s - in org.apache.hadoop.ozone.s3.endpoint.TestObjectGet
[INFO] Running org.apache.hadoop.ozone.s3.endpoint.TestMultipartUploadComplete
[INFO] Tests run: 3, Failures: 0, Errors: 0, Skipped: 0, Time elapsed: 1.364 s - in org.apache.hadoop.ozone.s3.endpoint.TestMultipartUploadComplete
[INFO] Running org.apache.hadoop.ozone.s3.endpoint.TestMultiDeleteRequestUnmarshaller
[INFO] Tests run: 2, Failures: 0, Errors: 0, Skipped: 0, Time elapsed: 0.184 s - in org.apache.hadoop.ozone.s3.endpoint.TestMultiDeleteRequestUnmarshaller
[INFO] Running org.apache.hadoop.ozone.s3.endpoint.TestAbortMultipartUpload
[INFO] Tests run: 1, Failures: 0, Errors: 0, Skipped: 0, Time elapsed: 1.34 s - in org.apache.hadoop.ozone.s3.endpoint.TestAbortMultipartUpload
[INFO] Running org.apache.hadoop.ozone.s3.endpoint.TestBucketDelete
[INFO] Tests run: 3, Failures: 0, Errors: 0, Skipped: 0, Time elapsed: 0.901 s - in org.apache.hadoop.ozone.s3.endpoint.TestBucketDelete
[INFO] Running org.apache.hadoop.ozone.s3.endpoint.TestObjectHead
[INFO] Tests run: 2, Failures: 0, Errors: 0, Skipped: 0, Time elapsed: 0.729 s - in org.apache.hadoop.ozone.s3.endpoint.TestObjectHead
[INFO] Running org.apache.hadoop.ozone.s3.endpoint.TestInitiateMultipartUpload
[INFO] Tests run: 2, Failures: 0, Errors: 0, Skipped: 0, Time elapsed: 1.213 s - in org.apache.hadoop.ozone.s3.endpoint.TestInitiateMultipartUpload
[INFO] Running org.apache.hadoop.ozone.s3.endpoint.TestObjectEndpoint
[INFO] Tests run: 2, Failures: 0, Errors: 0, Skipped: 0, Time elapsed: 0.558 s - in org.apache.hadoop.ozone.s3.endpoint.TestObjectEndpoint
[INFO] Running org.apache.hadoop.ozone.s3.TestEmptyContentTypeFilter
[INFO] Tests run: 2, Failures: 0, Errors: 0, Skipped: 0, Time elapsed: 0.033 s - in org.apache.hadoop.ozone.s3.TestEmptyContentTypeFilter
[INFO] Running org.apache.hadoop.ozone.s3.TestS3GatewayAuditLog
[INFO] Tests run: 3, Failures: 0, Errors: 0, Skipped: 0, Time elapsed: 2.517 s - in org.apache.hadoop.ozone.s3.TestS3GatewayAuditLog
[INFO] Running org.apache.hadoop.ozone.s3.TestVirtualHostStyleFilter
[INFO] Tests run: 6, Failures: 0, Errors: 0, Skipped: 0, Time elapsed: 0.813 s - in org.apache.hadoop.ozone.s3.TestVirtualHostStyleFilter
[INFO] Running org.apache.hadoop.ozone.s3.exception.TestOS3Exceptions
[INFO] Tests run: 1, Failures: 0, Errors: 0, Skipped: 0, Time elapsed: 0.327 s - in org.apache.hadoop.ozone.s3.exception.TestOS3Exceptions
[INFO] Running org.apache.hadoop.ozone.s3.metrics.TestS3GatewayMetrics
[INFO] Tests run: 31, Failures: 0, Errors: 0, Skipped: 0, Time elapsed: 1.953 s - in org.apache.hadoop.ozone.s3.metrics.TestS3GatewayMetrics
[INFO] Running org.apache.hadoop.ozone.s3.TestSignedChunksInputStream
[INFO] Tests run: 4, Failures: 0, Errors: 0, Skipped: 0, Time elapsed: 0.04 s - in org.apache.hadoop.ozone.s3.TestSignedChunksInputStream
[INFO] Running org.apache.hadoop.ozone.s3.commontypes.TestObjectKeyNameAdapter
[INFO] Tests run: 1, Failures: 0, Errors: 0, Skipped: 0, Time elapsed: 0.033 s - in org.apache.hadoop.ozone.s3.commontypes.TestObjectKeyNameAdapter
[INFO] Running org.apache.hadoop.ozone.s3.TestOzoneClientProducer
[INFO] Tests run: 16, Failures: 0, Errors: 0, Skipped: 0, Time elapsed: 2.211 s - in org.apache.hadoop.ozone.s3.TestOzoneClientProducer
[INFO] Running org.apache.hadoop.ozone.s3.util.TestContinueToken
[INFO] Tests run: 4, Failures: 0, Errors: 0, Skipped: 0, Time elapsed: 0.056 s - in org.apache.hadoop.ozone.s3.util.TestContinueToken
[INFO] Running org.apache.hadoop.ozone.s3.util.TestRFC1123Util
[INFO] Tests run: 1, Failures: 0, Errors: 0, Skipped: 0, Time elapsed: 0.03 s - in org.apache.hadoop.ozone.s3.util.TestRFC1123Util
[INFO] Running org.apache.hadoop.ozone.s3.util.TestS3Utils
[INFO] Tests run: 8, Failures: 0, Errors: 0, Skipped: 0, Time elapsed: 0.324 s - in org.apache.hadoop.ozone.s3.util.TestS3Utils
[INFO] Running org.apache.hadoop.ozone.s3.util.TestRangeHeaderParserUtil
[INFO] Tests run: 1, Failures: 0, Errors: 0, Skipped: 0, Time elapsed: 0.024 s - in org.apache.hadoop.ozone.s3.util.TestRangeHeaderParserUtil
[INFO] 
[INFO] Results:
[INFO] 
[INFO] Tests run: 184, Failures: 0, Errors: 0, Skipped: 0
[INFO] 
[INFO] 
[INFO] ---------------------< org.apache.ozone:ozone-csi >---------------------
[INFO] Building Apache Ozone CSI service 1.3.0-SNAPSHOT                 [24/40]
[INFO] --------------------------------[ jar ]---------------------------------
[INFO] 
[INFO] --- maven-antrun-plugin:1.3:run (create-testdirs) @ ozone-csi ---
[INFO] Executing tasks
[INFO] Executed tasks
[INFO] 
[INFO] --- jacoco-maven-plugin:0.8.5:prepare-agent (default-prepare-agent) @ ozone-csi ---
[INFO] argLine set to -javaagent:/home/runner/.m2/repository/org/jacoco/org.jacoco.agent/0.8.5/org.jacoco.agent-0.8.5-runtime.jar=destfile=/home/runner/work/ozone/ozone/hadoop-ozone/csi/target/jacoco.exec,includes=org.apache.hadoop.hdds.*:org.apache.hadoop.ozone.*:org.apache.hadoop.fs.ozone.*
[INFO] 
[INFO] --- protobuf-maven-plugin:0.5.1:compile (compile-protoc) @ ozone-csi ---
[INFO] Compiling 1 proto file(s) to /home/runner/work/ozone/ozone/hadoop-ozone/csi/target/generated-sources/java
[INFO] 
[INFO] --- protobuf-maven-plugin:0.5.1:compile-custom (compile-protoc) @ ozone-csi ---
[INFO] Compiling 1 proto file(s) to /home/runner/work/ozone/ozone/hadoop-ozone/csi/target/generated-sources/java
[INFO] 
[INFO] --- maven-enforcer-plugin:3.0.0-M1:enforce (banned-rocksdb-imports) @ ozone-csi ---
[INFO] 
[INFO] --- maven-remote-resources-plugin:1.5:process (default) @ ozone-csi ---
[INFO] 
[INFO] --- maven-resources-plugin:3.1.0:resources (default-resources) @ ozone-csi ---
[INFO] Using 'UTF-8' encoding to copy filtered resources.
[INFO] Copying 1 resource
[INFO] Copying 1 resource
[INFO] Copying 1 resource
[INFO] Copying 2 resources
[INFO] 
[INFO] --- maven-compiler-plugin:3.1:compile (default-compile) @ ozone-csi ---
[INFO] Compiling 9 source files to /home/runner/work/ozone/ozone/hadoop-ozone/csi/target/classes
[INFO] 
[INFO] --- protobuf-maven-plugin:0.5.1:test-compile (compile-protoc) @ ozone-csi ---
[INFO] /home/runner/work/ozone/ozone/hadoop-ozone/csi/src/test/proto does not exist. Review the configuration or consider disabling the plugin.
[INFO] 
[INFO] --- protobuf-maven-plugin:0.5.1:test-compile-custom (compile-protoc) @ ozone-csi ---
[INFO] /home/runner/work/ozone/ozone/hadoop-ozone/csi/src/test/proto does not exist. Review the configuration or consider disabling the plugin.
[INFO] 
[INFO] --- maven-resources-plugin:3.1.0:testResources (default-testResources) @ ozone-csi ---
[INFO] Not copying test resources
[INFO] 
[INFO] --- maven-compiler-plugin:3.1:testCompile (default-testCompile) @ ozone-csi ---
[INFO] Not compiling test sources
[INFO] 
[INFO] --- maven-surefire-plugin:3.0.0-M5:test (default-test) @ ozone-csi ---
[INFO] Tests are skipped.
[INFO] 
[INFO] ------------------------------------------------------------------------
[INFO] Skipping Apache Ozone Datanode
[INFO] This project has been banned from the build due to previous failures.
[INFO] ------------------------------------------------------------------------
[INFO] 
[INFO] ------------------------------------------------------------------------
[INFO] Skipping Apache Ozone Insight Tool
[INFO] This project has been banned from the build due to previous failures.
[INFO] ------------------------------------------------------------------------
[INFO] 
[INFO] ------------------------------------------------------------------------
[INFO] Skipping Apache Ozone FileSystem Shaded
[INFO] This project has been banned from the build due to previous failures.
[INFO] ------------------------------------------------------------------------
[INFO] 
[INFO] ------------------------------------------------------------------------
[INFO] Skipping Apache Ozone FS Hadoop 2.x compatibility
[INFO] This project has been banned from the build due to previous failures.
[INFO] ------------------------------------------------------------------------
[INFO] 
[INFO] ------------------------------------------------------------------------
[INFO] Skipping Apache Ozone FS Hadoop 3.x compatibility
[INFO] This project has been banned from the build due to previous failures.
[INFO] ------------------------------------------------------------------------
[INFO] 
[INFO] ------------------------------------------------------------------------
[INFO] Skipping Apache Ozone Distribution
[INFO] This project has been banned from the build due to previous failures.
[INFO] ------------------------------------------------------------------------
[INFO] 
[INFO] ------------< org.apache.ozone:ozone-fault-injection-test >-------------
[INFO] Building Apache Ozone Fault Injection Tests 1.3.0-SNAPSHOT       [25/40]
[INFO] --------------------------------[ pom ]---------------------------------
[INFO] 
[INFO] --- maven-antrun-plugin:1.3:run (create-testdirs) @ ozone-fault-injection-test ---
[INFO] Executing tasks
[INFO] Executed tasks
[INFO] 
[INFO] --- jacoco-maven-plugin:0.8.5:prepare-agent (default-prepare-agent) @ ozone-fault-injection-test ---
[INFO] argLine set to -javaagent:/home/runner/.m2/repository/org/jacoco/org.jacoco.agent/0.8.5/org.jacoco.agent-0.8.5-runtime.jar=destfile=/home/runner/work/ozone/ozone/hadoop-ozone/fault-injection-test/target/jacoco.exec,includes=org.apache.hadoop.hdds.*:org.apache.hadoop.ozone.*:org.apache.hadoop.fs.ozone.*
[INFO] 
[INFO] --- maven-enforcer-plugin:3.0.0-M1:enforce (banned-rocksdb-imports) @ ozone-fault-injection-test ---
[INFO] 
[INFO] --- maven-remote-resources-plugin:1.5:process (default) @ ozone-fault-injection-test ---
[INFO] 
[INFO] ----------------< org.apache.ozone:ozone-network-tests >----------------
[INFO] Building Apache Ozone Network Tests 1.3.0-SNAPSHOT               [26/40]
[INFO] --------------------------------[ jar ]---------------------------------
[INFO] 
[INFO] --- maven-antrun-plugin:1.3:run (create-testdirs) @ ozone-network-tests ---
[INFO] Executing tasks
[INFO] Executed tasks
[INFO] 
[INFO] --- jacoco-maven-plugin:0.8.5:prepare-agent (default-prepare-agent) @ ozone-network-tests ---
[INFO] argLine set to -javaagent:/home/runner/.m2/repository/org/jacoco/org.jacoco.agent/0.8.5/org.jacoco.agent-0.8.5-runtime.jar=destfile=/home/runner/work/ozone/ozone/hadoop-ozone/fault-injection-test/network-tests/target/jacoco.exec,includes=org.apache.hadoop.hdds.*:org.apache.hadoop.ozone.*:org.apache.hadoop.fs.ozone.*
[INFO] 
[INFO] --- maven-enforcer-plugin:3.0.0-M1:enforce (banned-rocksdb-imports) @ ozone-network-tests ---
[INFO] 
[INFO] --- maven-remote-resources-plugin:1.5:process (default) @ ozone-network-tests ---
[INFO] 
[INFO] --- maven-resources-plugin:3.1.0:resources (default-resources) @ ozone-network-tests ---
[INFO] Using 'UTF-8' encoding to copy filtered resources.
[INFO] skip non existing resourceDirectory /home/runner/work/ozone/ozone/hadoop-ozone/fault-injection-test/network-tests/src/main/resources
[INFO] Copying 2 resources
[INFO] 
[INFO] --- maven-resources-plugin:3.1.0:copy-resources (copy-resources) @ ozone-network-tests ---
[INFO] Using 'UTF-8' encoding to copy filtered resources.
[INFO] Copying 2 resources
[INFO] 
[INFO] --- maven-compiler-plugin:3.1:compile (default-compile) @ ozone-network-tests ---
[INFO] No sources to compile
[INFO] 
[INFO] --- maven-resources-plugin:3.1.0:testResources (default-testResources) @ ozone-network-tests ---
[INFO] Using 'UTF-8' encoding to copy filtered resources.
[INFO] skip non existing resourceDirectory /home/runner/work/ozone/ozone/hadoop-ozone/fault-injection-test/network-tests/src/test/resources
[INFO] Copying 2 resources
[INFO] 
[INFO] --- maven-compiler-plugin:3.1:testCompile (default-testCompile) @ ozone-network-tests ---
[INFO] No sources to compile
[INFO] 
[INFO] --- maven-surefire-plugin:3.0.0-M5:test (default-test) @ ozone-network-tests ---
[INFO] ------------------------------------------------------------------------
[INFO] Reactor Summary for Apache Ozone Main 1.3.0-SNAPSHOT:
[INFO] 
[INFO] Apache Ozone Annotation Processing ................. SUCCESS [  1.527 s]
[INFO] Apache Ozone Main .................................. SUCCESS [  0.544 s]
[INFO] Apache Ozone HDDS .................................. SUCCESS [  0.250 s]
[INFO] Apache Ozone HDDS Hadoop Client dependencies ....... SUCCESS [  0.469 s]
[INFO] Apache Ozone HDDS Hadoop Test dependencies ......... SUCCESS [  0.088 s]
[INFO] Apache Ozone HDDS Hadoop Server dependencies ....... SUCCESS [  0.818 s]
[INFO] Apache Ozone HDDS Client Interface ................. SUCCESS [  7.404 s]
[INFO] Apache Ozone HDDS Admin Interface .................. SUCCESS [  1.947 s]
[INFO] Apache Ozone HDDS Server Interface ................. SUCCESS [  2.355 s]
[INFO] Apache Ozone HDDS Test Utils ....................... SUCCESS [  0.353 s]
[INFO] Apache Ozone HDDS Config ........................... SUCCESS [  3.188 s]
[INFO] Apache Ozone HDDS Common ........................... SUCCESS [01:45 min]
[INFO] Apache Ozone HDDS Erasurecode ...................... SUCCESS [ 13.035 s]
[INFO] Apache Ozone HDDS Client ........................... SUCCESS [02:25 min]
[INFO] Apache Ozone HDDS Server Framework ................. SUCCESS [01:46 min]
[INFO] Apache Ozone/HDDS Documentation .................... SUCCESS [  3.505 s]
[INFO] Apache Ozone HDDS Container Service ................ FAILURE [09:54 min]
[INFO] Apache Ozone HDDS SCM Server ....................... SKIPPED
[INFO] Apache Ozone HDDS Tools ............................ SKIPPED
[INFO] Apache Ozone ....................................... SUCCESS [  0.018 s]
[INFO] Apache Ozone Client Interface ...................... SUCCESS [ 10.531 s]
[INFO] Apache Ozone Common ................................ SUCCESS [01:06 min]
[INFO] Apache Ozone Storage Interface ..................... SKIPPED
[INFO] Apache Ozone Client ................................ SUCCESS [ 18.912 s]
[INFO] Apache Ozone Manager Server ........................ SKIPPED
[INFO] Apache Ozone FileSystem Common ..................... SKIPPED
[INFO] Apache Ozone FileSystem ............................ SKIPPED
[INFO] Apache Ozone Recon CodeGen ......................... SUCCESS [  0.428 s]
[INFO] Apache Ozone Recon ................................. SKIPPED
[INFO] Apache Ozone Tools ................................. SKIPPED
[INFO] Apache Ozone S3 Gateway ............................ SUCCESS [01:13 min]
[INFO] Apache Ozone CSI service ........................... SUCCESS [  2.260 s]
[INFO] Apache Ozone Datanode .............................. SKIPPED
[INFO] Apache Ozone Insight Tool .......................... SKIPPED
[INFO] Apache Ozone FileSystem Shaded ..................... SKIPPED
[INFO] Apache Ozone FS Hadoop 2.x compatibility ........... SKIPPED
[INFO] Apache Ozone FS Hadoop 3.x compatibility ........... SKIPPED
[INFO] Apache Ozone Distribution .......................... SKIPPED
[INFO] Apache Ozone Fault Injection Tests ................. SUCCESS [  0.014 s]
[INFO] Apache Ozone Network Tests ......................... SUCCESS [  0.040 s]
[INFO] ------------------------------------------------------------------------
[INFO] BUILD FAILURE
[INFO] ------------------------------------------------------------------------
[INFO] Total time:  19:20 min
[INFO] Finished at: 2022-08-21T11:08:54Z
[INFO] ------------------------------------------------------------------------
[ERROR] Failed to execute goal org.apache.maven.plugins:maven-surefire-plugin:3.0.0-M5:test (default-test) on project hdds-container-service: There are test failures.
[ERROR] 
[ERROR] Please refer to /home/runner/work/ozone/ozone/hadoop-hdds/container-service/target/surefire-reports for the individual test results.
[ERROR] Please refer to dump files (if any exist) [date].dump, [date]-jvmRun[N].dump and [date].dumpstream.
[ERROR] -> [Help 1]
[ERROR] 
[ERROR] To see the full stack trace of the errors, re-run Maven with the -e switch.
[ERROR] Re-run Maven using the -X switch to enable full debug logging.
[ERROR] 
[ERROR] For more information about the errors and possible solutions, please read the following articles:
[ERROR] [Help 1] http://cwiki.apache.org/confluence/display/MAVEN/MojoFailureException
[ERROR] 
[ERROR] After correcting the problems, you can resume the build with the command
[ERROR]   mvn <args> -rf :hdds-container-service
