[INFO] Scanning for projects...
[INFO] ------------------------------------------------------------------------
[INFO] Detecting the operating system and CPU architecture
[INFO] ------------------------------------------------------------------------
[INFO] os.detected.name: linux
[INFO] os.detected.arch: x86_64
[INFO] os.detected.version: 5.4
[INFO] os.detected.version.major: 5
[INFO] os.detected.version.minor: 4
[INFO] os.detected.release: ubuntu
[INFO] os.detected.release.version: 18.04
[INFO] os.detected.release.like.ubuntu: true
[INFO] os.detected.release.like.debian: true
[INFO] os.detected.classifier: linux-x86_64
[INFO] ------------------------------------------------------------------------
[INFO] Reactor Build Order:
[INFO] 
[INFO] Apache Ozone Integration Tests                                     [jar]
[INFO] Apache Ozone Mini Ozone Chaos Tests                                [jar]
[INFO] 
[INFO] --------------< org.apache.ozone:ozone-integration-test >---------------
[INFO] Building Apache Ozone Integration Tests 1.3.0-SNAPSHOT             [1/2]
[INFO] --------------------------------[ jar ]---------------------------------
[INFO] 
[INFO] --- maven-antrun-plugin:1.3:run (create-testdirs) @ ozone-integration-test ---
[INFO] Executing tasks
[INFO] Executed tasks
[INFO] 
[INFO] --- jacoco-maven-plugin:0.8.5:prepare-agent (default-prepare-agent) @ ozone-integration-test ---
[INFO] argLine set to -javaagent:/home/runner/.m2/repository/org/jacoco/org.jacoco.agent/0.8.5/org.jacoco.agent-0.8.5-runtime.jar=destfile=/home/runner/work/ozone/ozone/hadoop-ozone/integration-test/target/jacoco.exec,includes=org.apache.hadoop.hdds.*:org.apache.hadoop.ozone.*:org.apache.hadoop.fs.ozone.*
[INFO] 
[INFO] --- maven-remote-resources-plugin:1.5:process (default) @ ozone-integration-test ---
[INFO] 
[INFO] --- maven-resources-plugin:3.1.0:resources (default-resources) @ ozone-integration-test ---
[INFO] Using 'UTF-8' encoding to copy filtered resources.
[INFO] skip non existing resourceDirectory /home/runner/work/ozone/ozone/hadoop-ozone/integration-test/src/main/resources
[INFO] Copying 2 resources
[INFO] 
[INFO] --- maven-compiler-plugin:3.1:compile (default-compile) @ ozone-integration-test ---
[INFO] No sources to compile
[INFO] 
[INFO] --- maven-resources-plugin:3.1.0:testResources (default-testResources) @ ozone-integration-test ---
[INFO] Using 'UTF-8' encoding to copy filtered resources.
[INFO] Copying 21 resources
[INFO] Copying 2 resources
[INFO] 
[INFO] --- maven-compiler-plugin:3.1:testCompile (default-testCompile) @ ozone-integration-test ---
[INFO] Compiling 12 source files to /home/runner/work/ozone/ozone/hadoop-ozone/integration-test/target/test-classes
[INFO] 
[INFO] --- maven-surefire-plugin:3.0.0-M5:test (default-test) @ ozone-integration-test ---
[INFO] 
[INFO] -------------------------------------------------------
[INFO]  T E S T S
[INFO] -------------------------------------------------------
[INFO] Running org.apache.hadoop.ozone.TestContainerOperations
[INFO] Tests run: 3, Failures: 0, Errors: 0, Skipped: 0, Time elapsed: 52.575 s - in org.apache.hadoop.ozone.TestContainerOperations
[INFO] Running org.apache.hadoop.ozone.dn.scrubber.TestDataScrubber
[INFO] Tests run: 1, Failures: 0, Errors: 0, Skipped: 0, Time elapsed: 48.986 s - in org.apache.hadoop.ozone.dn.scrubber.TestDataScrubber
[INFO] Running org.apache.hadoop.ozone.dn.volume.TestDatanodeHddsVolumeFailureDetection
[INFO] Tests run: 3, Failures: 0, Errors: 0, Skipped: 0, Time elapsed: 92.331 s - in org.apache.hadoop.ozone.dn.volume.TestDatanodeHddsVolumeFailureDetection
[INFO] Running org.apache.hadoop.ozone.dn.volume.TestDatanodeHddsVolumeFailureToleration
[INFO] Tests run: 1, Failures: 0, Errors: 0, Skipped: 0, Time elapsed: 45.039 s - in org.apache.hadoop.ozone.dn.volume.TestDatanodeHddsVolumeFailureToleration
[INFO] Running org.apache.hadoop.ozone.dn.ratis.TestDnRatisLogParser
[INFO] Tests run: 1, Failures: 0, Errors: 0, Skipped: 0, Time elapsed: 26.086 s - in org.apache.hadoop.ozone.dn.ratis.TestDnRatisLogParser
[INFO] Running org.apache.hadoop.ozone.TestMiniOzoneCluster
[INFO] Tests run: 4, Failures: 0, Errors: 0, Skipped: 0, Time elapsed: 90.595 s - in org.apache.hadoop.ozone.TestMiniOzoneCluster
[INFO] Running org.apache.hadoop.ozone.recon.TestReconAsPassiveScm
[INFO] Tests run: 2, Failures: 0, Errors: 0, Skipped: 0, Time elapsed: 95.662 s - in org.apache.hadoop.ozone.recon.TestReconAsPassiveScm
[INFO] Running org.apache.hadoop.ozone.recon.TestReconTasks
[INFO] Tests run: 1, Failures: 0, Errors: 0, Skipped: 0, Time elapsed: 70.77 s - in org.apache.hadoop.ozone.recon.TestReconTasks
[INFO] Running org.apache.hadoop.ozone.recon.TestReconScmHASnapshot
[INFO] Tests run: 1, Failures: 0, Errors: 0, Skipped: 0, Time elapsed: 60.238 s - in org.apache.hadoop.ozone.recon.TestReconScmHASnapshot
[INFO] Running org.apache.hadoop.ozone.recon.TestReconWithOzoneManagerHA
[INFO] Tests run: 1, Failures: 0, Errors: 0, Skipped: 0, Time elapsed: 43.091 s - in org.apache.hadoop.ozone.recon.TestReconWithOzoneManagerHA
[INFO] Running org.apache.hadoop.ozone.recon.TestReconWithOzoneManager
[INFO] Tests run: 1, Failures: 0, Errors: 0, Skipped: 0, Time elapsed: 34.84 s - in org.apache.hadoop.ozone.recon.TestReconWithOzoneManager
[INFO] Running org.apache.hadoop.ozone.recon.TestReconWithOzoneManagerFSO
[INFO] Tests run: 1, Failures: 0, Errors: 0, Skipped: 0, Time elapsed: 41.981 s - in org.apache.hadoop.ozone.recon.TestReconWithOzoneManagerFSO
[INFO] Running org.apache.hadoop.ozone.recon.TestReconScmSnapshot
[INFO] Tests run: 1, Failures: 0, Errors: 0, Skipped: 0, Time elapsed: 49.482 s - in org.apache.hadoop.ozone.recon.TestReconScmSnapshot
[INFO] Running org.apache.hadoop.ozone.TestMiniOzoneOMHACluster
[INFO] Tests run: 1, Failures: 0, Errors: 0, Skipped: 0, Time elapsed: 44.332 s - in org.apache.hadoop.ozone.TestMiniOzoneOMHACluster
[INFO] Running org.apache.hadoop.ozone.TestOzoneConfigurationFields
[INFO] Tests run: 4, Failures: 0, Errors: 0, Skipped: 0, Time elapsed: 0.451 s - in org.apache.hadoop.ozone.TestOzoneConfigurationFields
[INFO] Running org.apache.hadoop.ozone.TestDelegationToken
[INFO] Tests run: 1, Failures: 0, Errors: 0, Skipped: 0, Time elapsed: 17.021 s - in org.apache.hadoop.ozone.TestDelegationToken
[INFO] Running org.apache.hadoop.ozone.TestContainerStateMachineIdempotency
[INFO] Tests run: 1, Failures: 0, Errors: 0, Skipped: 0, Time elapsed: 42.533 s - in org.apache.hadoop.ozone.TestContainerStateMachineIdempotency
[INFO] Running org.apache.hadoop.ozone.TestSecureOzoneCluster
[INFO] Tests run: 11, Failures: 0, Errors: 0, Skipped: 0, Time elapsed: 73.622 s - in org.apache.hadoop.ozone.TestSecureOzoneCluster
[INFO] Running org.apache.hadoop.ozone.container.server.TestSecureContainerServer
[INFO] Tests run: 2, Failures: 0, Errors: 0, Skipped: 0, Time elapsed: 27.732 s - in org.apache.hadoop.ozone.container.server.TestSecureContainerServer
[INFO] Running org.apache.hadoop.ozone.container.ozoneimpl.TestOzoneContainer
[INFO] Tests run: 7, Failures: 0, Errors: 0, Skipped: 0, Time elapsed: 129.039 s - in org.apache.hadoop.ozone.container.ozoneimpl.TestOzoneContainer
[INFO] Running org.apache.hadoop.ozone.container.ozoneimpl.TestSecureOzoneContainer
[INFO] Tests run: 5, Failures: 0, Errors: 0, Skipped: 0, Time elapsed: 18.961 s - in org.apache.hadoop.ozone.container.ozoneimpl.TestSecureOzoneContainer
[INFO] Running org.apache.hadoop.ozone.container.common.statemachine.commandhandler.TestCloseContainerHandler
[INFO] Tests run: 1, Failures: 0, Errors: 0, Skipped: 0, Time elapsed: 39.535 s - in org.apache.hadoop.ozone.container.common.statemachine.commandhandler.TestCloseContainerHandler
[INFO] Running org.apache.hadoop.ozone.container.common.statemachine.commandhandler.TestDeleteContainerHandler
[INFO] Tests run: 2, Failures: 0, Errors: 0, Skipped: 0, Time elapsed: 52.351 s - in org.apache.hadoop.ozone.container.common.statemachine.commandhandler.TestDeleteContainerHandler
[INFO] Running org.apache.hadoop.ozone.container.common.statemachine.commandhandler.TestRefreshVolumeUsageHandler
[INFO] Tests run: 1, Failures: 0, Errors: 0, Skipped: 0, Time elapsed: 36.268 s - in org.apache.hadoop.ozone.container.common.statemachine.commandhandler.TestRefreshVolumeUsageHandler
[INFO] Running org.apache.hadoop.ozone.container.common.statemachine.commandhandler.TestBlockDeletion
[INFO] Tests run: 3, Failures: 0, Errors: 0, Skipped: 0, Time elapsed: 211.272 s - in org.apache.hadoop.ozone.container.common.statemachine.commandhandler.TestBlockDeletion
[INFO] Running org.apache.hadoop.ozone.container.common.transport.server.ratis.TestCSMMetrics
[INFO] Tests run: 1, Failures: 0, Errors: 0, Skipped: 0, Time elapsed: 12.703 s - in org.apache.hadoop.ozone.container.common.transport.server.ratis.TestCSMMetrics
[INFO] Running org.apache.hadoop.ozone.container.metrics.TestContainerMetrics
[INFO] Tests run: 1, Failures: 0, Errors: 0, Skipped: 0, Time elapsed: 9.674 s - in org.apache.hadoop.ozone.container.metrics.TestContainerMetrics
[INFO] Running org.apache.hadoop.ozone.container.TestECContainerRecovery
[INFO] Tests run: 1, Failures: 0, Errors: 0, Skipped: 0, Time elapsed: 146.303 s - in org.apache.hadoop.ozone.container.TestECContainerRecovery
[INFO] Running org.apache.hadoop.ozone.container.TestContainerReplication
[INFO] Tests run: 3, Failures: 0, Errors: 0, Skipped: 0, Time elapsed: 153.513 s - in org.apache.hadoop.ozone.container.TestContainerReplication
[INFO] Running org.apache.hadoop.ozone.fsck.TestContainerMapper
[INFO] Tests run: 1, Failures: 0, Errors: 0, Skipped: 0, Time elapsed: 50.961 s - in org.apache.hadoop.ozone.fsck.TestContainerMapper
[INFO] Running org.apache.hadoop.ozone.freon.TestFreonWithPipelineDestroy
[INFO] Tests run: 1, Failures: 0, Errors: 0, Skipped: 0, Time elapsed: 56.36 s - in org.apache.hadoop.ozone.freon.TestFreonWithPipelineDestroy
[INFO] Running org.apache.hadoop.ozone.freon.TestDataValidateWithDummyContainers
[INFO] Tests run: 2, Failures: 0, Errors: 0, Skipped: 0, Time elapsed: 61.031 s - in org.apache.hadoop.ozone.freon.TestDataValidateWithDummyContainers
[INFO] Running org.apache.hadoop.ozone.freon.TestDataValidateWithSafeByteOperations
[INFO] Tests run: 2, Failures: 0, Errors: 0, Skipped: 0, Time elapsed: 76.905 s - in org.apache.hadoop.ozone.freon.TestDataValidateWithSafeByteOperations
[INFO] Running org.apache.hadoop.ozone.freon.TestDataValidateWithUnsafeByteOperations
[INFO] Tests run: 2, Failures: 0, Errors: 0, Skipped: 0, Time elapsed: 69.473 s - in org.apache.hadoop.ozone.freon.TestDataValidateWithUnsafeByteOperations
[INFO] Running org.apache.hadoop.ozone.freon.TestFreonWithDatanodeFastRestart
[WARNING] Tests run: 1, Failures: 0, Errors: 0, Skipped: 1, Time elapsed: 0.019 s - in org.apache.hadoop.ozone.freon.TestFreonWithDatanodeFastRestart
[INFO] Running org.apache.hadoop.ozone.freon.TestHadoopNestedDirGenerator
[INFO] Tests run: 1, Failures: 0, Errors: 0, Skipped: 0, Time elapsed: 60.115 s - in org.apache.hadoop.ozone.freon.TestHadoopNestedDirGenerator
[INFO] Running org.apache.hadoop.ozone.freon.TestOmBucketReadWriteKeyOps
[INFO] Tests run: 1, Failures: 0, Errors: 0, Skipped: 0, Time elapsed: 66.813 s - in org.apache.hadoop.ozone.freon.TestOmBucketReadWriteKeyOps
[INFO] Running org.apache.hadoop.ozone.freon.TestRandomKeyGenerator
[INFO] Tests run: 7, Failures: 0, Errors: 0, Skipped: 0, Time elapsed: 176.402 s - in org.apache.hadoop.ozone.freon.TestRandomKeyGenerator
[INFO] Running org.apache.hadoop.ozone.freon.TestOmBucketReadWriteFileOps
[INFO] Tests run: 1, Failures: 0, Errors: 0, Skipped: 0, Time elapsed: 70.709 s - in org.apache.hadoop.ozone.freon.TestOmBucketReadWriteFileOps
[INFO] Running org.apache.hadoop.ozone.freon.TestHadoopDirTreeGeneratorWithFSO
[INFO] Tests run: 1, Failures: 0, Errors: 0, Skipped: 0, Time elapsed: 76.743 s - in org.apache.hadoop.ozone.freon.TestHadoopDirTreeGeneratorWithFSO
[INFO] Running org.apache.hadoop.ozone.freon.TestHadoopDirTreeGenerator
[INFO] Tests run: 1, Failures: 0, Errors: 0, Skipped: 0, Time elapsed: 74.968 s - in org.apache.hadoop.ozone.freon.TestHadoopDirTreeGenerator
[INFO] Running org.apache.hadoop.ozone.parser.TestOzoneHARatisLogParser
[ERROR] Tests run: 1, Failures: 0, Errors: 1, Skipped: 0, Time elapsed: 74.943 s <<< FAILURE! - in org.apache.hadoop.ozone.parser.TestOzoneHARatisLogParser
[ERROR] org.apache.hadoop.ozone.parser.TestOzoneHARatisLogParser.testRatisLogParsing  Time elapsed: 74.894 s  <<< ERROR!
java.util.concurrent.TimeoutException: 
Timed out waiting for condition. Thread diagnostics:
Timestamp: 2022-08-03 09:50:02,463

"ExpiredContainerReplicaOpScrubberThread" daemon prio=5 tid=380 timed_waiting
java.lang.Thread.State: TIMED_WAITING
        at java.lang.Object.wait(Native Method)
        at org.apache.hadoop.hdds.scm.ha.BackgroundSCMService.run(BackgroundSCMService.java:105)
        at org.apache.hadoop.hdds.scm.ha.BackgroundSCMService$$Lambda$668/223388024.run(Unknown Source)
        at java.lang.Thread.run(Thread.java:750)
"FullTableCache Cleanup Thread - 0" daemon prio=5 tid=1155 in Object.wait()
java.lang.Thread.State: WAITING (on object monitor)
        at sun.misc.Unsafe.park(Native Method)
        at java.util.concurrent.locks.LockSupport.park(LockSupport.java:175)
        at java.util.concurrent.locks.AbstractQueuedSynchronizer$ConditionObject.await(AbstractQueuedSynchronizer.java:2039)
        at java.util.concurrent.LinkedBlockingQueue.take(LinkedBlockingQueue.java:442)
        at java.util.concurrent.ThreadPoolExecutor.getTask(ThreadPoolExecutor.java:1074)
        at java.util.concurrent.ThreadPoolExecutor.runWorker(ThreadPoolExecutor.java:1134)
        at java.util.concurrent.ThreadPoolExecutor$Worker.run(ThreadPoolExecutor.java:624)
        at java.lang.Thread.run(Thread.java:750)
"OverReplicatedQueueThreadThread" daemon prio=5 tid=497 timed_waiting
java.lang.Thread.State: TIMED_WAITING
        at java.lang.Object.wait(Native Method)
        at org.apache.hadoop.hdds.scm.ha.BackgroundSCMService.run(BackgroundSCMService.java:105)
        at org.apache.hadoop.hdds.scm.ha.BackgroundSCMService$$Lambda$668/223388024.run(Unknown Source)
        at java.lang.Thread.run(Thread.java:750)
"Datanode ReportManager Thread - 1" daemon prio=5 tid=860 in Object.wait()
java.lang.Thread.State: WAITING (on object monitor)
        at sun.misc.Unsafe.park(Native Method)
        at java.util.concurrent.locks.LockSupport.park(LockSupport.java:175)
        at java.util.concurrent.locks.AbstractQueuedSynchronizer$ConditionObject.await(AbstractQueuedSynchronizer.java:2039)
        at java.util.concurrent.ScheduledThreadPoolExecutor$DelayedWorkQueue.take(ScheduledThreadPoolExecutor.java:1088)
        at java.util.concurrent.ScheduledThreadPoolExecutor$DelayedWorkQueue.take(ScheduledThreadPoolExecutor.java:809)
        at java.util.concurrent.ThreadPoolExecutor.getTask(ThreadPoolExecutor.java:1074)
        at java.util.concurrent.ThreadPoolExecutor.runWorker(ThreadPoolExecutor.java:1134)
        at java.util.concurrent.ThreadPoolExecutor$Worker.run(ThreadPoolExecutor.java:624)
        at java.lang.Thread.run(Thread.java:750)
"Datanode ReportManager Thread - 3" daemon prio=5 tid=862 in Object.wait()
java.lang.Thread.State: WAITING (on object monitor)
        at sun.misc.Unsafe.park(Native Method)
        at java.util.concurrent.locks.LockSupport.park(LockSupport.java:175)
        at java.util.concurrent.locks.AbstractQueuedSynchronizer$ConditionObject.await(AbstractQueuedSynchronizer.java:2039)
        at java.util.concurrent.ScheduledThreadPoolExecutor$DelayedWorkQueue.take(ScheduledThreadPoolExecutor.java:1088)
        at java.util.concurrent.ScheduledThreadPoolExecutor$DelayedWorkQueue.take(ScheduledThreadPoolExecutor.java:809)
        at java.util.concurrent.ThreadPoolExecutor.getTask(ThreadPoolExecutor.java:1074)
        at java.util.concurrent.ThreadPoolExecutor.runWorker(ThreadPoolExecutor.java:1134)
        at java.util.concurrent.ThreadPoolExecutor$Worker.run(ThreadPoolExecutor.java:624)
        at java.lang.Thread.run(Thread.java:750)
"FullTableCache Cleanup Thread - 0" daemon prio=5 tid=1147 in Object.wait()
java.lang.Thread.State: WAITING (on object monitor)
        at sun.misc.Unsafe.park(Native Method)
        at java.util.concurrent.locks.LockSupport.park(LockSupport.java:175)
        at java.util.concurrent.locks.AbstractQueuedSynchronizer$ConditionObject.await(AbstractQueuedSynchronizer.java:2039)
        at java.util.concurrent.LinkedBlockingQueue.take(LinkedBlockingQueue.java:442)
        at java.util.concurrent.ThreadPoolExecutor.getTask(ThreadPoolExecutor.java:1074)
        at java.util.concurrent.ThreadPoolExecutor.runWorker(ThreadPoolExecutor.java:1134)
        at java.util.concurrent.ThreadPoolExecutor$Worker.run(ThreadPoolExecutor.java:624)
        at java.lang.Thread.run(Thread.java:750)
"Datanode ReportManager Thread - 3" daemon prio=5 tid=836 in Object.wait()
java.lang.Thread.State: WAITING (on object monitor)
        at sun.misc.Unsafe.park(Native Method)
        at java.util.concurrent.locks.LockSupport.park(LockSupport.java:175)
        at java.util.concurrent.locks.AbstractQueuedSynchronizer$ConditionObject.await(AbstractQueuedSynchronizer.java:2039)
        at java.util.concurrent.ScheduledThreadPoolExecutor$DelayedWorkQueue.take(ScheduledThreadPoolExecutor.java:1088)
        at java.util.concurrent.ScheduledThreadPoolExecutor$DelayedWorkQueue.take(ScheduledThreadPoolExecutor.java:809)
        at java.util.concurrent.ThreadPoolExecutor.getTask(ThreadPoolExecutor.java:1074)
        at java.util.concurrent.ThreadPoolExecutor.runWorker(ThreadPoolExecutor.java:1134)
        at java.util.concurrent.ThreadPoolExecutor$Worker.run(ThreadPoolExecutor.java:624)
        at java.lang.Thread.run(Thread.java:750)
"IPC Parameter Sending Thread #0" daemon prio=5 tid=268 timed_waiting
java.lang.Thread.State: TIMED_WAITING
        at sun.misc.Unsafe.park(Native Method)
        at java.util.concurrent.locks.LockSupport.parkNanos(LockSupport.java:215)
        at java.util.concurrent.SynchronousQueue$TransferStack.awaitFulfill(SynchronousQueue.java:460)
        at java.util.concurrent.SynchronousQueue$TransferStack.transfer(SynchronousQueue.java:362)
        at java.util.concurrent.SynchronousQueue.poll(SynchronousQueue.java:941)
        at java.util.concurrent.ThreadPoolExecutor.getTask(ThreadPoolExecutor.java:1073)
        at java.util.concurrent.ThreadPoolExecutor.runWorker(ThreadPoolExecutor.java:1134)
        at java.util.concurrent.ThreadPoolExecutor$Worker.run(ThreadPoolExecutor.java:624)
        at java.lang.Thread.run(Thread.java:750)
"org.apache.hadoop.ozone.container.common.statemachine.commandhandler.DeleteBlocksCommandHandler$DeleteCmdWorker@53eebcb" daemon prio=5 tid=821 runnable
java.lang.Thread.State: RUNNABLE
        at java.lang.Thread.sleep(Native Method)
        at org.apache.hadoop.ozone.container.common.statemachine.commandhandler.DeleteBlocksCommandHandler$DeleteCmdWorker.run(DeleteBlocksCommandHandler.java:185)
        at java.lang.Thread.run(Thread.java:750)
"Datanode ReportManager Thread - 3" daemon prio=5 tid=803 in Object.wait()
java.lang.Thread.State: WAITING (on object monitor)
        at sun.misc.Unsafe.park(Native Method)
        at java.util.concurrent.locks.LockSupport.park(LockSupport.java:175)
        at java.util.concurrent.locks.AbstractQueuedSynchronizer$ConditionObject.await(AbstractQueuedSynchronizer.java:2039)
        at java.util.concurrent.ScheduledThreadPoolExecutor$DelayedWorkQueue.take(ScheduledThreadPoolExecutor.java:1088)
        at java.util.concurrent.ScheduledThreadPoolExecutor$DelayedWorkQueue.take(ScheduledThreadPoolExecutor.java:809)
        at java.util.concurrent.ThreadPoolExecutor.getTask(ThreadPoolExecutor.java:1074)
        at java.util.concurrent.ThreadPoolExecutor.runWorker(ThreadPoolExecutor.java:1134)
        at java.util.concurrent.ThreadPoolExecutor$Worker.run(ThreadPoolExecutor.java:624)
        at java.lang.Thread.run(Thread.java:750)
"EndpointStateMachine task thread for /127.0.0.1:37561 - 0 "  prio=5 tid=910 blocked
java.lang.Thread.State: BLOCKED
        at org.apache.hadoop.ipc.Client$Connection.addCall(Client.java:522)
        at org.apache.hadoop.ipc.Client$Connection.access$3700(Client.java:414)
        at org.apache.hadoop.ipc.Client.getConnection(Client.java:1634)
        at org.apache.hadoop.ipc.Client.call(Client.java:1463)
        at org.apache.hadoop.ipc.Client.call(Client.java:1416)
        at org.apache.hadoop.ipc.ProtobufRpcEngine$Invoker.invoke(ProtobufRpcEngine.java:236)
        at org.apache.hadoop.ipc.ProtobufRpcEngine$Invoker.invoke(ProtobufRpcEngine.java:123)
        at com.sun.proxy.$Proxy51.submitRequest(Unknown Source)
        at org.apache.hadoop.ozone.protocolPB.StorageContainerDatanodeProtocolClientSideTranslatorPB.submitRequest(StorageContainerDatanodeProtocolClientSideTranslatorPB.java:117)
        at org.apache.hadoop.ozone.protocolPB.StorageContainerDatanodeProtocolClientSideTranslatorPB.sendHeartbeat(StorageContainerDatanodeProtocolClientSideTranslatorPB.java:149)
        at org.apache.hadoop.ozone.container.common.states.endpoint.HeartbeatEndpointTask.call(HeartbeatEndpointTask.java:185)
        at org.apache.hadoop.ozone.container.common.states.endpoint.HeartbeatEndpointTask.call(HeartbeatEndpointTask.java:87)
        at java.util.concurrent.FutureTask.run(FutureTask.java:266)
        at java.util.concurrent.ThreadPoolExecutor.runWorker(ThreadPoolExecutor.java:1149)
        at java.util.concurrent.ThreadPoolExecutor$Worker.run(ThreadPoolExecutor.java:624)
        at java.lang.Thread.run(Thread.java:750)
"Datanode ReportManager Thread - 1" daemon prio=5 tid=801 in Object.wait()
java.lang.Thread.State: WAITING (on object monitor)
        at sun.misc.Unsafe.park(Native Method)
        at java.util.concurrent.locks.LockSupport.park(LockSupport.java:175)
        at java.util.concurrent.locks.AbstractQueuedSynchronizer$ConditionObject.await(AbstractQueuedSynchronizer.java:2039)
        at java.util.concurrent.ScheduledThreadPoolExecutor$DelayedWorkQueue.take(ScheduledThreadPoolExecutor.java:1088)
        at java.util.concurrent.ScheduledThreadPoolExecutor$DelayedWorkQueue.take(ScheduledThreadPoolExecutor.java:809)
        at java.util.concurrent.ThreadPoolExecutor.getTask(ThreadPoolExecutor.java:1074)
        at java.util.concurrent.ThreadPoolExecutor.runWorker(ThreadPoolExecutor.java:1134)
        at java.util.concurrent.ThreadPoolExecutor$Worker.run(ThreadPoolExecutor.java:624)
        at java.lang.Thread.run(Thread.java:750)
"IPC Parameter Sending Thread #2" daemon prio=5 tid=893 timed_waiting
java.lang.Thread.State: TIMED_WAITING
        at sun.misc.Unsafe.park(Native Method)
        at java.util.concurrent.locks.LockSupport.parkNanos(LockSupport.java:215)
        at java.util.concurrent.SynchronousQueue$TransferStack.awaitFulfill(SynchronousQueue.java:460)
        at java.util.concurrent.SynchronousQueue$TransferStack.transfer(SynchronousQueue.java:362)
        at java.util.concurrent.SynchronousQueue.poll(SynchronousQueue.java:941)
        at java.util.concurrent.ThreadPoolExecutor.getTask(ThreadPoolExecutor.java:1073)
        at java.util.concurrent.ThreadPoolExecutor.runWorker(ThreadPoolExecutor.java:1134)
        at java.util.concurrent.ThreadPoolExecutor$Worker.run(ThreadPoolExecutor.java:624)
        at java.lang.Thread.run(Thread.java:750)
"Datanode ReportManager Thread - 4" daemon prio=5 tid=863 in Object.wait()
java.lang.Thread.State: WAITING (on object monitor)
        at sun.misc.Unsafe.park(Native Method)
        at java.util.concurrent.locks.LockSupport.park(LockSupport.java:175)
        at java.util.concurrent.locks.AbstractQueuedSynchronizer$ConditionObject.await(AbstractQueuedSynchronizer.java:2039)
        at java.util.concurrent.ScheduledThreadPoolExecutor$DelayedWorkQueue.take(ScheduledThreadPoolExecutor.java:1088)
        at java.util.concurrent.ScheduledThreadPoolExecutor$DelayedWorkQueue.take(ScheduledThreadPoolExecutor.java:809)
        at java.util.concurrent.ThreadPoolExecutor.getTask(ThreadPoolExecutor.java:1074)
        at java.util.concurrent.ThreadPoolExecutor.runWorker(ThreadPoolExecutor.java:1134)
        at java.util.concurrent.ThreadPoolExecutor$Worker.run(ThreadPoolExecutor.java:624)
        at java.lang.Thread.run(Thread.java:750)
"FullTableCache Cleanup Thread - 0" daemon prio=5 tid=1153 in Object.wait()
java.lang.Thread.State: WAITING (on object monitor)
        at sun.misc.Unsafe.park(Native Method)
        at java.util.concurrent.locks.LockSupport.park(LockSupport.java:175)
        at java.util.concurrent.locks.AbstractQueuedSynchronizer$ConditionObject.await(AbstractQueuedSynchronizer.java:2039)
        at java.util.concurrent.LinkedBlockingQueue.take(LinkedBlockingQueue.java:442)
        at java.util.concurrent.ThreadPoolExecutor.getTask(ThreadPoolExecutor.java:1074)
        at java.util.concurrent.ThreadPoolExecutor.runWorker(ThreadPoolExecutor.java:1134)
        at java.util.concurrent.ThreadPoolExecutor$Worker.run(ThreadPoolExecutor.java:624)
        at java.lang.Thread.run(Thread.java:750)
"OverReplicatedQueueThreadThread" daemon prio=5 tid=383 timed_waiting
java.lang.Thread.State: TIMED_WAITING
        at java.lang.Object.wait(Native Method)
        at org.apache.hadoop.hdds.scm.ha.BackgroundSCMService.run(BackgroundSCMService.java:105)
        at org.apache.hadoop.hdds.scm.ha.BackgroundSCMService$$Lambda$668/223388024.run(Unknown Source)
        at java.lang.Thread.run(Thread.java:750)
"EndpointStateMachine task thread for /127.0.0.1:45813 - 0 "  prio=5 tid=909 blocked
java.lang.Thread.State: BLOCKED
        at org.apache.hadoop.ipc.Client$Connection.addCall(Client.java:522)
        at org.apache.hadoop.ipc.Client$Connection.access$3700(Client.java:414)
        at org.apache.hadoop.ipc.Client.getConnection(Client.java:1634)
        at org.apache.hadoop.ipc.Client.call(Client.java:1463)
        at org.apache.hadoop.ipc.Client.call(Client.java:1416)
        at org.apache.hadoop.ipc.ProtobufRpcEngine$Invoker.invoke(ProtobufRpcEngine.java:236)
        at org.apache.hadoop.ipc.ProtobufRpcEngine$Invoker.invoke(ProtobufRpcEngine.java:123)
        at com.sun.proxy.$Proxy51.submitRequest(Unknown Source)
        at org.apache.hadoop.ozone.protocolPB.StorageContainerDatanodeProtocolClientSideTranslatorPB.submitRequest(StorageContainerDatanodeProtocolClientSideTranslatorPB.java:117)
        at org.apache.hadoop.ozone.protocolPB.StorageContainerDatanodeProtocolClientSideTranslatorPB.sendHeartbeat(StorageContainerDatanodeProtocolClientSideTranslatorPB.java:149)
        at org.apache.hadoop.ozone.container.common.states.endpoint.HeartbeatEndpointTask.call(HeartbeatEndpointTask.java:185)
        at org.apache.hadoop.ozone.container.common.states.endpoint.HeartbeatEndpointTask.call(HeartbeatEndpointTask.java:87)
        at java.util.concurrent.FutureTask.run(FutureTask.java:266)
        at java.util.concurrent.ThreadPoolExecutor.runWorker(ThreadPoolExecutor.java:1149)
        at java.util.concurrent.ThreadPoolExecutor$Worker.run(ThreadPoolExecutor.java:624)
        at java.lang.Thread.run(Thread.java:750)
"Datanode ReportManager Thread - 1" daemon prio=5 tid=834 in Object.wait()
java.lang.Thread.State: WAITING (on object monitor)
        at sun.misc.Unsafe.park(Native Method)
        at java.util.concurrent.locks.LockSupport.park(LockSupport.java:175)
        at java.util.concurrent.locks.AbstractQueuedSynchronizer$ConditionObject.await(AbstractQueuedSynchronizer.java:2039)
        at java.util.concurrent.ScheduledThreadPoolExecutor$DelayedWorkQueue.take(ScheduledThreadPoolExecutor.java:1088)
        at java.util.concurrent.ScheduledThreadPoolExecutor$DelayedWorkQueue.take(ScheduledThreadPoolExecutor.java:809)
        at java.util.concurrent.ThreadPoolExecutor.getTask(ThreadPoolExecutor.java:1074)
        at java.util.concurrent.ThreadPoolExecutor.runWorker(ThreadPoolExecutor.java:1134)
        at java.util.concurrent.ThreadPoolExecutor$Worker.run(ThreadPoolExecutor.java:624)
        at java.lang.Thread.run(Thread.java:750)
"SSL Certificates Store Monitor" daemon prio=5 tid=715 in Object.wait()
java.lang.Thread.State: WAITING (on object monitor)
        at java.lang.Object.wait(Native Method)
        at java.lang.Object.wait(Object.java:502)
        at java.util.TimerThread.mainLoop(Timer.java:526)
        at java.util.TimerThread.run(Timer.java:505)
"surefire-forkedjvm-command-thread" daemon prio=5 tid=10 runnable
java.lang.Thread.State: RUNNABLE
        at java.io.FileInputStream.readBytes(Native Method)
        at java.io.FileInputStream.read(FileInputStream.java:255)
        at java.io.BufferedInputStream.read1(BufferedInputStream.java:284)
        at java.io.BufferedInputStream.read(BufferedInputStream.java:345)
        at java.io.BufferedInputStream.fill(BufferedInputStream.java:246)
        at java.io.BufferedInputStream.read1(BufferedInputStream.java:286)
        at java.io.BufferedInputStream.read(BufferedInputStream.java:345)
        at org.apache.maven.surefire.api.util.internal.Channels$3.readImpl(Channels.java:214)
        at org.apache.maven.surefire.api.util.internal.AbstractNoninterruptibleReadableChannel.read(AbstractNoninterruptibleReadableChannel.java:54)
        at org.apache.maven.surefire.booter.spi.LegacyMasterProcessChannelDecoder.decode(LegacyMasterProcessChannelDecoder.java:80)
        at org.apache.maven.surefire.booter.CommandReader$CommandRunnable.run(CommandReader.java:343)
        at java.lang.Thread.run(Thread.java:750)
"IPC Parameter Sending Thread #1" daemon prio=5 tid=892 timed_waiting
java.lang.Thread.State: TIMED_WAITING
        at sun.misc.Unsafe.park(Native Method)
        at java.util.concurrent.locks.LockSupport.parkNanos(LockSupport.java:215)
        at java.util.concurrent.SynchronousQueue$TransferStack.awaitFulfill(SynchronousQueue.java:460)
        at java.util.concurrent.SynchronousQueue$TransferStack.transfer(SynchronousQueue.java:362)
        at java.util.concurrent.SynchronousQueue.poll(SynchronousQueue.java:941)
        at java.util.concurrent.ThreadPoolExecutor.getTask(ThreadPoolExecutor.java:1073)
        at java.util.concurrent.ThreadPoolExecutor.runWorker(ThreadPoolExecutor.java:1134)
        at java.util.concurrent.ThreadPoolExecutor$Worker.run(ThreadPoolExecutor.java:624)
        at java.lang.Thread.run(Thread.java:750)
"OverReplicatedQueueThreadThread" daemon prio=5 tid=35 timed_waiting
java.lang.Thread.State: TIMED_WAITING
        at java.lang.Object.wait(Native Method)
        at org.apache.hadoop.hdds.scm.ha.BackgroundSCMService.run(BackgroundSCMService.java:105)
        at org.apache.hadoop.hdds.scm.ha.BackgroundSCMService$$Lambda$668/223388024.run(Unknown Source)
        at java.lang.Thread.run(Thread.java:750)
"Datanode ReportManager Thread - 2" daemon prio=5 tid=861 in Object.wait()
java.lang.Thread.State: WAITING (on object monitor)
        at sun.misc.Unsafe.park(Native Method)
        at java.util.concurrent.locks.LockSupport.park(LockSupport.java:175)
        at java.util.concurrent.locks.AbstractQueuedSynchronizer$ConditionObject.await(AbstractQueuedSynchronizer.java:2039)
        at java.util.concurrent.ScheduledThreadPoolExecutor$DelayedWorkQueue.take(ScheduledThreadPoolExecutor.java:1088)
        at java.util.concurrent.ScheduledThreadPoolExecutor$DelayedWorkQueue.take(ScheduledThreadPoolExecutor.java:809)
        at java.util.concurrent.ThreadPoolExecutor.getTask(ThreadPoolExecutor.java:1074)
        at java.util.concurrent.ThreadPoolExecutor.runWorker(ThreadPoolExecutor.java:1134)
        at java.util.concurrent.ThreadPoolExecutor$Worker.run(ThreadPoolExecutor.java:624)
        at java.lang.Thread.run(Thread.java:750)
"FullTableCache Cleanup Thread - 0" daemon prio=5 tid=1146 in Object.wait()
java.lang.Thread.State: WAITING (on object monitor)
        at sun.misc.Unsafe.park(Native Method)
        at java.util.concurrent.locks.LockSupport.park(LockSupport.java:175)
        at java.util.concurrent.locks.AbstractQueuedSynchronizer$ConditionObject.await(AbstractQueuedSynchronizer.java:2039)
        at java.util.concurrent.LinkedBlockingQueue.take(LinkedBlockingQueue.java:442)
        at java.util.concurrent.ThreadPoolExecutor.getTask(ThreadPoolExecutor.java:1074)
        at java.util.concurrent.ThreadPoolExecutor.runWorker(ThreadPoolExecutor.java:1134)
        at java.util.concurrent.ThreadPoolExecutor$Worker.run(ThreadPoolExecutor.java:624)
        at java.lang.Thread.run(Thread.java:750)
"Datanode ReportManager Thread - 4" daemon prio=5 tid=837 in Object.wait()
java.lang.Thread.State: WAITING (on object monitor)
        at sun.misc.Unsafe.park(Native Method)
        at java.util.concurrent.locks.LockSupport.park(LockSupport.java:175)
        at java.util.concurrent.locks.AbstractQueuedSynchronizer$ConditionObject.await(AbstractQueuedSynchronizer.java:2039)
        at java.util.concurrent.ScheduledThreadPoolExecutor$DelayedWorkQueue.take(ScheduledThreadPoolExecutor.java:1088)
        at java.util.concurrent.ScheduledThreadPoolExecutor$DelayedWorkQueue.take(ScheduledThreadPoolExecutor.java:809)
        at java.util.concurrent.ThreadPoolExecutor.getTask(ThreadPoolExecutor.java:1074)
        at java.util.concurrent.ThreadPoolExecutor.runWorker(ThreadPoolExecutor.java:1134)
        at java.util.concurrent.ThreadPoolExecutor$Worker.run(ThreadPoolExecutor.java:624)
        at java.lang.Thread.run(Thread.java:750)
"Datanode ReportManager Thread - 2" daemon prio=5 tid=802 in Object.wait()
java.lang.Thread.State: WAITING (on object monitor)
        at sun.misc.Unsafe.park(Native Method)
        at java.util.concurrent.locks.LockSupport.park(LockSupport.java:175)
        at java.util.concurrent.locks.AbstractQueuedSynchronizer$ConditionObject.await(AbstractQueuedSynchronizer.java:2039)
        at java.util.concurrent.ScheduledThreadPoolExecutor$DelayedWorkQueue.take(ScheduledThreadPoolExecutor.java:1088)
        at java.util.concurrent.ScheduledThreadPoolExecutor$DelayedWorkQueue.take(ScheduledThreadPoolExecutor.java:809)
        at java.util.concurrent.ThreadPoolExecutor.getTask(ThreadPoolExecutor.java:1074)
        at java.util.concurrent.ThreadPoolExecutor.runWorker(ThreadPoolExecutor.java:1134)
        at java.util.concurrent.ThreadPoolExecutor$Worker.run(ThreadPoolExecutor.java:624)
        at java.lang.Thread.run(Thread.java:750)
"Signal Dispatcher" daemon prio=9 tid=4 runnable
java.lang.Thread.State: RUNNABLE
"Reference Handler" daemon prio=10 tid=2 in Object.wait()
java.lang.Thread.State: WAITING (on object monitor)
        at java.lang.Object.wait(Native Method)
        at java.lang.Object.wait(Object.java:502)
        at java.lang.ref.Reference.tryHandlePending(Reference.java:191)
        at java.lang.ref.Reference$ReferenceHandler.run(Reference.java:153)
"Datanode ReportManager Thread - 0" daemon prio=5 tid=859 timed_waiting
java.lang.Thread.State: TIMED_WAITING
        at sun.misc.Unsafe.park(Native Method)
        at java.util.concurrent.locks.LockSupport.parkNanos(LockSupport.java:215)
        at java.util.concurrent.locks.AbstractQueuedSynchronizer$ConditionObject.awaitNanos(AbstractQueuedSynchronizer.java:2078)
        at java.util.concurrent.ScheduledThreadPoolExecutor$DelayedWorkQueue.take(ScheduledThreadPoolExecutor.java:1093)
        at java.util.concurrent.ScheduledThreadPoolExecutor$DelayedWorkQueue.take(ScheduledThreadPoolExecutor.java:809)
        at java.util.concurrent.ThreadPoolExecutor.getTask(ThreadPoolExecutor.java:1074)
        at java.util.concurrent.ThreadPoolExecutor.runWorker(ThreadPoolExecutor.java:1134)
        at java.util.concurrent.ThreadPoolExecutor$Worker.run(ThreadPoolExecutor.java:624)
        at java.lang.Thread.run(Thread.java:750)
"FullTableCache Cleanup Thread - 0" daemon prio=5 tid=1154 in Object.wait()
java.lang.Thread.State: WAITING (on object monitor)
        at sun.misc.Unsafe.park(Native Method)
        at java.util.concurrent.locks.LockSupport.park(LockSupport.java:175)
        at java.util.concurrent.locks.AbstractQueuedSynchronizer$ConditionObject.await(AbstractQueuedSynchronizer.java:2039)
        at java.util.concurrent.LinkedBlockingQueue.take(LinkedBlockingQueue.java:442)
        at java.util.concurrent.ThreadPoolExecutor.getTask(ThreadPoolExecutor.java:1074)
        at java.util.concurrent.ThreadPoolExecutor.runWorker(ThreadPoolExecutor.java:1134)
        at java.util.concurrent.ThreadPoolExecutor$Worker.run(ThreadPoolExecutor.java:624)
        at java.lang.Thread.run(Thread.java:750)
"EndpointStateMachine task thread for /127.0.0.1:37561 - 0 "  prio=5 tid=930 blocked
java.lang.Thread.State: BLOCKED
        at org.apache.hadoop.ipc.Client$Connection.addCall(Client.java:522)
        at org.apache.hadoop.ipc.Client$Connection.access$3700(Client.java:414)
        at org.apache.hadoop.ipc.Client.getConnection(Client.java:1634)
        at org.apache.hadoop.ipc.Client.call(Client.java:1463)
        at org.apache.hadoop.ipc.Client.call(Client.java:1416)
        at org.apache.hadoop.ipc.ProtobufRpcEngine$Invoker.invoke(ProtobufRpcEngine.java:236)
        at org.apache.hadoop.ipc.ProtobufRpcEngine$Invoker.invoke(ProtobufRpcEngine.java:123)
        at com.sun.proxy.$Proxy51.submitRequest(Unknown Source)
        at org.apache.hadoop.ozone.protocolPB.StorageContainerDatanodeProtocolClientSideTranslatorPB.submitRequest(StorageContainerDatanodeProtocolClientSideTranslatorPB.java:117)
        at org.apache.hadoop.ozone.protocolPB.StorageContainerDatanodeProtocolClientSideTranslatorPB.sendHeartbeat(StorageContainerDatanodeProtocolClientSideTranslatorPB.java:149)
        at org.apache.hadoop.ozone.container.common.states.endpoint.HeartbeatEndpointTask.call(HeartbeatEndpointTask.java:185)
        at org.apache.hadoop.ozone.container.common.states.endpoint.HeartbeatEndpointTask.call(HeartbeatEndpointTask.java:87)
        at java.util.concurrent.FutureTask.run(FutureTask.java:266)
        at java.util.concurrent.ThreadPoolExecutor.runWorker(ThreadPoolExecutor.java:1149)
        at java.util.concurrent.ThreadPoolExecutor$Worker.run(ThreadPoolExecutor.java:624)
        at java.lang.Thread.run(Thread.java:750)
"Datanode ReportManager Thread - 0" daemon prio=5 tid=833 timed_waiting
java.lang.Thread.State: TIMED_WAITING
        at sun.misc.Unsafe.park(Native Method)
        at java.util.concurrent.locks.LockSupport.parkNanos(LockSupport.java:215)
        at java.util.concurrent.locks.AbstractQueuedSynchronizer$ConditionObject.awaitNanos(AbstractQueuedSynchronizer.java:2078)
        at java.util.concurrent.ScheduledThreadPoolExecutor$DelayedWorkQueue.take(ScheduledThreadPoolExecutor.java:1093)
        at java.util.concurrent.ScheduledThreadPoolExecutor$DelayedWorkQueue.take(ScheduledThreadPoolExecutor.java:809)
        at java.util.concurrent.ThreadPoolExecutor.getTask(ThreadPoolExecutor.java:1074)
        at java.util.concurrent.ThreadPoolExecutor.runWorker(ThreadPoolExecutor.java:1134)
        at java.util.concurrent.ThreadPoolExecutor$Worker.run(ThreadPoolExecutor.java:624)
        at java.lang.Thread.run(Thread.java:750)
"Datanode ReportManager Thread - 4" daemon prio=5 tid=804 in Object.wait()
java.lang.Thread.State: WAITING (on object monitor)
        at sun.misc.Unsafe.park(Native Method)
        at java.util.concurrent.locks.LockSupport.park(LockSupport.java:175)
        at java.util.concurrent.locks.AbstractQueuedSynchronizer$ConditionObject.await(AbstractQueuedSynchronizer.java:2039)
        at java.util.concurrent.ScheduledThreadPoolExecutor$DelayedWorkQueue.take(ScheduledThreadPoolExecutor.java:1088)
        at java.util.concurrent.ScheduledThreadPoolExecutor$DelayedWorkQueue.take(ScheduledThreadPoolExecutor.java:809)
        at java.util.concurrent.ThreadPoolExecutor.getTask(ThreadPoolExecutor.java:1074)
        at java.util.concurrent.ThreadPoolExecutor.runWorker(ThreadPoolExecutor.java:1134)
        at java.util.concurrent.ThreadPoolExecutor$Worker.run(ThreadPoolExecutor.java:624)
        at java.lang.Thread.run(Thread.java:750)
"main"  prio=5 tid=1 timed_waiting
java.lang.Thread.State: TIMED_WAITING
        at sun.misc.Unsafe.park(Native Method)
        at java.util.concurrent.locks.LockSupport.parkNanos(LockSupport.java:215)
        at java.util.concurrent.FutureTask.awaitDone(FutureTask.java:426)
        at java.util.concurrent.FutureTask.get(FutureTask.java:204)
        at org.junit.internal.runners.statements.FailOnTimeout.getResult(FailOnTimeout.java:156)
        at org.junit.internal.runners.statements.FailOnTimeout.evaluate(FailOnTimeout.java:129)
        at org.junit.runners.ParentRunner$3.evaluate(ParentRunner.java:306)
        at org.junit.runners.BlockJUnit4ClassRunner$1.evaluate(BlockJUnit4ClassRunner.java:100)
        at org.junit.runners.ParentRunner.runLeaf(ParentRunner.java:366)
        at org.junit.runners.BlockJUnit4ClassRunner.runChild(BlockJUnit4ClassRunner.java:103)
        at org.junit.runners.BlockJUnit4ClassRunner.runChild(BlockJUnit4ClassRunner.java:63)
        at org.junit.runners.ParentRunner$4.run(ParentRunner.java:331)
        at org.junit.runners.ParentRunner$1.schedule(ParentRunner.java:79)
        at org.junit.runners.ParentRunner.runChildren(ParentRunner.java:329)
        at org.junit.runners.ParentRunner.access$100(ParentRunner.java:66)
        at org.junit.runners.ParentRunner$2.evaluate(ParentRunner.java:293)
        at org.junit.runners.ParentRunner$3.evaluate(ParentRunner.java:306)
        at org.junit.runners.ParentRunner.run(ParentRunner.java:413)
        at org.junit.runner.JUnitCore.run(JUnitCore.java:137)
        at org.junit.runner.JUnitCore.run(JUnitCore.java:115)
        at org.junit.vintage.engine.execution.RunnerExecutor.execute(RunnerExecutor.java:42)
        at org.junit.vintage.engine.VintageTestEngine.executeAllChildren(VintageTestEngine.java:80)
        at org.junit.vintage.engine.VintageTestEngine.execute(VintageTestEngine.java:72)
        at org.junit.platform.launcher.core.EngineExecutionOrchestrator.execute(EngineExecutionOrchestrator.java:107)
        at org.junit.platform.launcher.core.EngineExecutionOrchestrator.execute(EngineExecutionOrchestrator.java:88)
        at org.junit.platform.launcher.core.EngineExecutionOrchestrator.lambda$execute$0(EngineExecutionOrchestrator.java:54)
        at org.junit.platform.launcher.core.EngineExecutionOrchestrator$$Lambda$188/794075965.accept(Unknown Source)
        at org.junit.platform.launcher.core.EngineExecutionOrchestrator.withInterceptedStreams(EngineExecutionOrchestrator.java:67)
        at org.junit.platform.launcher.core.EngineExecutionOrchestrator.execute(EngineExecutionOrchestrator.java:52)
        at org.junit.platform.launcher.core.DefaultLauncher.execute(DefaultLauncher.java:114)
        at org.junit.platform.launcher.core.DefaultLauncher.execute(DefaultLauncher.java:86)
        at org.junit.platform.launcher.core.DefaultLauncherSession$DelegatingLauncher.execute(DefaultLauncherSession.java:86)
        at org.junit.platform.launcher.core.SessionPerRequestLauncher.execute(SessionPerRequestLauncher.java:53)
        at org.apache.maven.surefire.junitplatform.JUnitPlatformProvider.execute(JUnitPlatformProvider.java:188)
        at org.apache.maven.surefire.junitplatform.JUnitPlatformProvider.invokeAllTests(JUnitPlatformProvider.java:154)
        at org.apache.maven.surefire.junitplatform.JUnitPlatformProvider.invoke(JUnitPlatformProvider.java:124)
        at org.apache.maven.surefire.booter.ForkedBooter.runSuitesInProcess(ForkedBooter.java:428)
        at org.apache.maven.surefire.booter.ForkedBooter.execute(ForkedBooter.java:162)
        at org.apache.maven.surefire.booter.ForkedBooter.run(ForkedBooter.java:562)
        at org.apache.maven.surefire.booter.ForkedBooter.main(ForkedBooter.java:548)
"EndpointStateMachine task thread for /127.0.0.1:45813 - 0 "  prio=5 tid=886 timed_waiting
java.lang.Thread.State: TIMED_WAITING
        at java.lang.Thread.sleep(Native Method)
        at org.apache.hadoop.ipc.Client$Connection.handleConnectionFailure(Client.java:972)
        at org.apache.hadoop.ipc.Client$Connection.setupConnection(Client.java:724)
        at org.apache.hadoop.ipc.Client$Connection.setupIOstreams(Client.java:822)
        at org.apache.hadoop.ipc.Client$Connection.access$3800(Client.java:414)
        at org.apache.hadoop.ipc.Client.getConnection(Client.java:1647)
        at org.apache.hadoop.ipc.Client.call(Client.java:1463)
        at org.apache.hadoop.ipc.Client.call(Client.java:1416)
        at org.apache.hadoop.ipc.ProtobufRpcEngine$Invoker.invoke(ProtobufRpcEngine.java:236)
        at org.apache.hadoop.ipc.ProtobufRpcEngine$Invoker.invoke(ProtobufRpcEngine.java:123)
        at com.sun.proxy.$Proxy51.submitRequest(Unknown Source)
        at org.apache.hadoop.ozone.protocolPB.StorageContainerDatanodeProtocolClientSideTranslatorPB.submitRequest(StorageContainerDatanodeProtocolClientSideTranslatorPB.java:117)
        at org.apache.hadoop.ozone.protocolPB.StorageContainerDatanodeProtocolClientSideTranslatorPB.sendHeartbeat(StorageContainerDatanodeProtocolClientSideTranslatorPB.java:149)
        at org.apache.hadoop.ozone.container.common.states.endpoint.HeartbeatEndpointTask.call(HeartbeatEndpointTask.java:185)
        at org.apache.hadoop.ozone.container.common.states.endpoint.HeartbeatEndpointTask.call(HeartbeatEndpointTask.java:87)
        at java.util.concurrent.FutureTask.run(FutureTask.java:266)
        at java.util.concurrent.ThreadPoolExecutor.runWorker(ThreadPoolExecutor.java:1149)
        at java.util.concurrent.ThreadPoolExecutor$Worker.run(ThreadPoolExecutor.java:624)
        at java.lang.Thread.run(Thread.java:750)
"UnderReplicatedQueueThreadThread" daemon prio=5 tid=382 timed_waiting
java.lang.Thread.State: TIMED_WAITING
        at java.lang.Object.wait(Native Method)
        at org.apache.hadoop.hdds.scm.ha.BackgroundSCMService.run(BackgroundSCMService.java:105)
        at org.apache.hadoop.hdds.scm.ha.BackgroundSCMService$$Lambda$668/223388024.run(Unknown Source)
        at java.lang.Thread.run(Thread.java:750)
"EndpointStateMachine task thread for /127.0.0.1:39005 - 0 "  prio=5 tid=888 timed_waiting
java.lang.Thread.State: TIMED_WAITING
        at java.lang.Thread.sleep(Native Method)
        at org.apache.hadoop.ipc.Client$Connection.handleConnectionFailure(Client.java:972)
        at org.apache.hadoop.ipc.Client$Connection.setupConnection(Client.java:724)
        at org.apache.hadoop.ipc.Client$Connection.setupIOstreams(Client.java:822)
        at org.apache.hadoop.ipc.Client$Connection.access$3800(Client.java:414)
        at org.apache.hadoop.ipc.Client.getConnection(Client.java:1647)
        at org.apache.hadoop.ipc.Client.call(Client.java:1463)
        at org.apache.hadoop.ipc.Client.call(Client.java:1416)
        at org.apache.hadoop.ipc.ProtobufRpcEngine$Invoker.invoke(ProtobufRpcEngine.java:236)
        at org.apache.hadoop.ipc.ProtobufRpcEngine$Invoker.invoke(ProtobufRpcEngine.java:123)
        at com.sun.proxy.$Proxy51.submitRequest(Unknown Source)
        at org.apache.hadoop.ozone.protocolPB.StorageContainerDatanodeProtocolClientSideTranslatorPB.submitRequest(StorageContainerDatanodeProtocolClientSideTranslatorPB.java:117)
        at org.apache.hadoop.ozone.protocolPB.StorageContainerDatanodeProtocolClientSideTranslatorPB.sendHeartbeat(StorageContainerDatanodeProtocolClientSideTranslatorPB.java:149)
        at org.apache.hadoop.ozone.container.common.states.endpoint.HeartbeatEndpointTask.call(HeartbeatEndpointTask.java:185)
        at org.apache.hadoop.ozone.container.common.states.endpoint.HeartbeatEndpointTask.call(HeartbeatEndpointTask.java:87)
        at java.util.concurrent.FutureTask.run(FutureTask.java:266)
        at java.util.concurrent.ThreadPoolExecutor.runWorker(ThreadPoolExecutor.java:1149)
        at java.util.concurrent.ThreadPoolExecutor$Worker.run(ThreadPoolExecutor.java:624)
        at java.lang.Thread.run(Thread.java:750)
"java.util.concurrent.ThreadPoolExecutor$Worker@c2dfdbc[State = -1, empty queue]" daemon prio=5 tid=1053 timed_waiting
java.lang.Thread.State: TIMED_WAITING
        at sun.misc.Unsafe.park(Native Method)
        at java.util.concurrent.locks.LockSupport.parkNanos(LockSupport.java:215)
        at java.util.concurrent.locks.AbstractQueuedSynchronizer$ConditionObject.awaitNanos(AbstractQueuedSynchronizer.java:2078)
        at java.util.concurrent.ScheduledThreadPoolExecutor$DelayedWorkQueue.take(ScheduledThreadPoolExecutor.java:1093)
        at java.util.concurrent.ScheduledThreadPoolExecutor$DelayedWorkQueue.take(ScheduledThreadPoolExecutor.java:809)
        at java.util.concurrent.ThreadPoolExecutor.getTask(ThreadPoolExecutor.java:1074)
        at java.util.concurrent.ThreadPoolExecutor.runWorker(ThreadPoolExecutor.java:1134)
        at java.util.concurrent.ThreadPoolExecutor$Worker.run(ThreadPoolExecutor.java:624)
        at java.lang.Thread.run(Thread.java:750)
"EndpointStateMachine task thread for /127.0.0.1:39005 - 0 "  prio=5 tid=911 blocked
java.lang.Thread.State: BLOCKED
        at org.apache.hadoop.ipc.Client$Connection.addCall(Client.java:522)
        at org.apache.hadoop.ipc.Client$Connection.access$3700(Client.java:414)
        at org.apache.hadoop.ipc.Client.getConnection(Client.java:1634)
        at org.apache.hadoop.ipc.Client.call(Client.java:1463)
        at org.apache.hadoop.ipc.Client.call(Client.java:1416)
        at org.apache.hadoop.ipc.ProtobufRpcEngine$Invoker.invoke(ProtobufRpcEngine.java:236)
        at org.apache.hadoop.ipc.ProtobufRpcEngine$Invoker.invoke(ProtobufRpcEngine.java:123)
        at com.sun.proxy.$Proxy51.submitRequest(Unknown Source)
        at org.apache.hadoop.ozone.protocolPB.StorageContainerDatanodeProtocolClientSideTranslatorPB.submitRequest(StorageContainerDatanodeProtocolClientSideTranslatorPB.java:117)
        at org.apache.hadoop.ozone.protocolPB.StorageContainerDatanodeProtocolClientSideTranslatorPB.sendHeartbeat(StorageContainerDatanodeProtocolClientSideTranslatorPB.java:149)
        at org.apache.hadoop.ozone.container.common.states.endpoint.HeartbeatEndpointTask.call(HeartbeatEndpointTask.java:185)
        at org.apache.hadoop.ozone.container.common.states.endpoint.HeartbeatEndpointTask.call(HeartbeatEndpointTask.java:87)
        at java.util.concurrent.FutureTask.run(FutureTask.java:266)
        at java.util.concurrent.ThreadPoolExecutor.runWorker(ThreadPoolExecutor.java:1149)
        at java.util.concurrent.ThreadPoolExecutor$Worker.run(ThreadPoolExecutor.java:624)
        at java.lang.Thread.run(Thread.java:750)
"UnderReplicatedQueueThreadThread" daemon prio=5 tid=496 timed_waiting
java.lang.Thread.State: TIMED_WAITING
        at java.lang.Object.wait(Native Method)
        at org.apache.hadoop.hdds.scm.ha.BackgroundSCMService.run(BackgroundSCMService.java:105)
        at org.apache.hadoop.hdds.scm.ha.BackgroundSCMService$$Lambda$668/223388024.run(Unknown Source)
        at java.lang.Thread.run(Thread.java:750)
"Listener at 127.0.0.1/35777" daemon prio=5 tid=12 runnable
java.lang.Thread.State: RUNNABLE
        at java.lang.Thread.dumpThreads(Native Method)
        at java.lang.Thread.getAllStackTraces(Thread.java:1615)
        at org.apache.ozone.test.TimedOutTestsListener.buildThreadDump(TimedOutTestsListener.java:93)
        at org.apache.ozone.test.TimedOutTestsListener.buildThreadDiagnosticString(TimedOutTestsListener.java:79)
        at org.apache.ozone.test.GenericTestUtils.waitFor(GenericTestUtils.java:224)
        at org.apache.hadoop.ozone.parser.TestOzoneHARatisLogParser.testRatisLogParsing(TestOzoneHARatisLogParser.java:129)
        at sun.reflect.NativeMethodAccessorImpl.invoke0(Native Method)
        at sun.reflect.NativeMethodAccessorImpl.invoke(NativeMethodAccessorImpl.java:62)
        at sun.reflect.DelegatingMethodAccessorImpl.invoke(DelegatingMethodAccessorImpl.java:43)
        at java.lang.reflect.Method.invoke(Method.java:498)
        at org.junit.runners.model.FrameworkMethod$1.runReflectiveCall(FrameworkMethod.java:59)
        at org.junit.internal.runners.model.ReflectiveCallable.run(ReflectiveCallable.java:12)
        at org.junit.runners.model.FrameworkMethod.invokeExplosively(FrameworkMethod.java:56)
        at org.junit.internal.runners.statements.InvokeMethod.evaluate(InvokeMethod.java:17)
        at org.junit.internal.runners.statements.RunBefores.evaluate(RunBefores.java:26)
        at org.junit.internal.runners.statements.RunAfters.evaluate(RunAfters.java:27)
        at org.junit.internal.runners.statements.FailOnTimeout$CallableStatement.call(FailOnTimeout.java:288)
        at org.junit.internal.runners.statements.FailOnTimeout$CallableStatement.call(FailOnTimeout.java:282)
        at java.util.concurrent.FutureTask.run(FutureTask.java:266)
        at java.lang.Thread.run(Thread.java:750)
"org.apache.hadoop.ozone.container.common.statemachine.commandhandler.DeleteBlocksCommandHandler$DeleteCmdWorker@611696dc" daemon prio=5 tid=847 runnable
java.lang.Thread.State: RUNNABLE
        at java.lang.Thread.sleep(Native Method)
        at org.apache.hadoop.ozone.container.common.statemachine.commandhandler.DeleteBlocksCommandHandler$DeleteCmdWorker.run(DeleteBlocksCommandHandler.java:185)
        at java.lang.Thread.run(Thread.java:750)
"org.apache.hadoop.ozone.container.common.statemachine.commandhandler.DeleteBlocksCommandHandler$DeleteCmdWorker@12ed64c2" daemon prio=5 tid=788 runnable
java.lang.Thread.State: RUNNABLE
        at java.lang.Throwable.fillInStackTrace(Native Method)
        at java.lang.Throwable.fillInStackTrace(Throwable.java:784)
        at java.lang.Throwable.<init>(Throwable.java:266)
        at java.lang.Exception.<init>(Exception.java:66)
        at java.lang.InterruptedException.<init>(InterruptedException.java:67)
        at java.lang.Thread.sleep(Native Method)
        at org.apache.hadoop.ozone.container.common.statemachine.commandhandler.DeleteBlocksCommandHandler$DeleteCmdWorker.run(DeleteBlocksCommandHandler.java:185)
        at java.lang.Thread.run(Thread.java:750)
"EndpointStateMachine task thread for /127.0.0.1:39005 - 0 "  prio=5 tid=931 blocked
java.lang.Thread.State: BLOCKED
        at org.apache.hadoop.ipc.Client$Connection.addCall(Client.java:522)
        at org.apache.hadoop.ipc.Client$Connection.access$3700(Client.java:414)
        at org.apache.hadoop.ipc.Client.getConnection(Client.java:1634)
        at org.apache.hadoop.ipc.Client.call(Client.java:1463)
        at org.apache.hadoop.ipc.Client.call(Client.java:1416)
        at org.apache.hadoop.ipc.ProtobufRpcEngine$Invoker.invoke(ProtobufRpcEngine.java:236)
        at org.apache.hadoop.ipc.ProtobufRpcEngine$Invoker.invoke(ProtobufRpcEngine.java:123)
        at com.sun.proxy.$Proxy51.submitRequest(Unknown Source)
        at org.apache.hadoop.ozone.protocolPB.StorageContainerDatanodeProtocolClientSideTranslatorPB.submitRequest(StorageContainerDatanodeProtocolClientSideTranslatorPB.java:117)
        at org.apache.hadoop.ozone.protocolPB.StorageContainerDatanodeProtocolClientSideTranslatorPB.sendHeartbeat(StorageContainerDatanodeProtocolClientSideTranslatorPB.java:149)
        at org.apache.hadoop.ozone.container.common.states.endpoint.HeartbeatEndpointTask.call(HeartbeatEndpointTask.java:185)
        at org.apache.hadoop.ozone.container.common.states.endpoint.HeartbeatEndpointTask.call(HeartbeatEndpointTask.java:87)
        at java.util.concurrent.FutureTask.run(FutureTask.java:266)
        at java.util.concurrent.ThreadPoolExecutor.runWorker(ThreadPoolExecutor.java:1149)
        at java.util.concurrent.ThreadPoolExecutor$Worker.run(ThreadPoolExecutor.java:624)
        at java.lang.Thread.run(Thread.java:750)
"EndpointStateMachine task thread for /127.0.0.1:45813 - 0 "  prio=5 tid=928 blocked
java.lang.Thread.State: BLOCKED
        at org.apache.hadoop.ipc.Client$Connection.addCall(Client.java:522)
        at org.apache.hadoop.ipc.Client$Connection.access$3700(Client.java:414)
        at org.apache.hadoop.ipc.Client.getConnection(Client.java:1634)
        at org.apache.hadoop.ipc.Client.call(Client.java:1463)
        at org.apache.hadoop.ipc.Client.call(Client.java:1416)
        at org.apache.hadoop.ipc.ProtobufRpcEngine$Invoker.invoke(ProtobufRpcEngine.java:236)
        at org.apache.hadoop.ipc.ProtobufRpcEngine$Invoker.invoke(ProtobufRpcEngine.java:123)
        at com.sun.proxy.$Proxy51.submitRequest(Unknown Source)
        at org.apache.hadoop.ozone.protocolPB.StorageContainerDatanodeProtocolClientSideTranslatorPB.submitRequest(StorageContainerDatanodeProtocolClientSideTranslatorPB.java:117)
        at org.apache.hadoop.ozone.protocolPB.StorageContainerDatanodeProtocolClientSideTranslatorPB.sendHeartbeat(StorageContainerDatanodeProtocolClientSideTranslatorPB.java:149)
        at org.apache.hadoop.ozone.container.common.states.endpoint.HeartbeatEndpointTask.call(HeartbeatEndpointTask.java:185)
        at org.apache.hadoop.ozone.container.common.states.endpoint.HeartbeatEndpointTask.call(HeartbeatEndpointTask.java:87)
        at java.util.concurrent.FutureTask.run(FutureTask.java:266)
        at java.util.concurrent.ThreadPoolExecutor.runWorker(ThreadPoolExecutor.java:1149)
        at java.util.concurrent.ThreadPoolExecutor$Worker.run(ThreadPoolExecutor.java:624)
        at java.lang.Thread.run(Thread.java:750)
"Datanode ReportManager Thread - 0" daemon prio=5 tid=800 timed_waiting
java.lang.Thread.State: TIMED_WAITING
        at sun.misc.Unsafe.park(Native Method)
        at java.util.concurrent.locks.LockSupport.parkNanos(LockSupport.java:215)
        at java.util.concurrent.locks.AbstractQueuedSynchronizer$ConditionObject.awaitNanos(AbstractQueuedSynchronizer.java:2078)
        at java.util.concurrent.ScheduledThreadPoolExecutor$DelayedWorkQueue.take(ScheduledThreadPoolExecutor.java:1093)
        at java.util.concurrent.ScheduledThreadPoolExecutor$DelayedWorkQueue.take(ScheduledThreadPoolExecutor.java:809)
        at java.util.concurrent.ThreadPoolExecutor.getTask(ThreadPoolExecutor.java:1074)
        at java.util.concurrent.ThreadPoolExecutor.runWorker(ThreadPoolExecutor.java:1134)
        at java.util.concurrent.ThreadPoolExecutor$Worker.run(ThreadPoolExecutor.java:624)
        at java.lang.Thread.run(Thread.java:750)
"UnderReplicatedQueueThreadThread" daemon prio=5 tid=34 timed_waiting
java.lang.Thread.State: TIMED_WAITING
        at java.lang.Object.wait(Native Method)
        at org.apache.hadoop.hdds.scm.ha.BackgroundSCMService.run(BackgroundSCMService.java:105)
        at org.apache.hadoop.hdds.scm.ha.BackgroundSCMService$$Lambda$668/223388024.run(Unknown Source)
        at java.lang.Thread.run(Thread.java:750)
"process reaper" daemon prio=10 tid=13 timed_waiting
java.lang.Thread.State: TIMED_WAITING
        at sun.misc.Unsafe.park(Native Method)
        at java.util.concurrent.locks.LockSupport.parkNanos(LockSupport.java:215)
        at java.util.concurrent.SynchronousQueue$TransferStack.awaitFulfill(SynchronousQueue.java:460)
        at java.util.concurrent.SynchronousQueue$TransferStack.transfer(SynchronousQueue.java:362)
        at java.util.concurrent.SynchronousQueue.poll(SynchronousQueue.java:941)
        at java.util.concurrent.ThreadPoolExecutor.getTask(ThreadPoolExecutor.java:1073)
        at java.util.concurrent.ThreadPoolExecutor.runWorker(ThreadPoolExecutor.java:1134)
        at java.util.concurrent.ThreadPoolExecutor$Worker.run(ThreadPoolExecutor.java:624)
        at java.lang.Thread.run(Thread.java:750)
"SSL Certificates Store Monitor" daemon prio=5 tid=656 in Object.wait()
java.lang.Thread.State: WAITING (on object monitor)
        at java.lang.Object.wait(Native Method)
        at java.lang.Object.wait(Object.java:502)
        at java.util.TimerThread.mainLoop(Timer.java:526)
        at java.util.TimerThread.run(Timer.java:505)
"ExpiredContainerReplicaOpScrubberThread" daemon prio=5 tid=32 timed_waiting
java.lang.Thread.State: TIMED_WAITING
        at java.lang.Object.wait(Native Method)
        at org.apache.hadoop.hdds.scm.ha.BackgroundSCMService.run(BackgroundSCMService.java:105)
        at org.apache.hadoop.hdds.scm.ha.BackgroundSCMService$$Lambda$668/223388024.run(Unknown Source)
        at java.lang.Thread.run(Thread.java:750)
"FullTableCache Cleanup Thread - 0" daemon prio=5 tid=1148 in Object.wait()
java.lang.Thread.State: WAITING (on object monitor)
        at sun.misc.Unsafe.park(Native Method)
        at java.util.concurrent.locks.LockSupport.park(LockSupport.java:175)
        at java.util.concurrent.locks.AbstractQueuedSynchronizer$ConditionObject.await(AbstractQueuedSynchronizer.java:2039)
        at java.util.concurrent.LinkedBlockingQueue.take(LinkedBlockingQueue.java:442)
        at java.util.concurrent.ThreadPoolExecutor.getTask(ThreadPoolExecutor.java:1074)
        at java.util.concurrent.ThreadPoolExecutor.runWorker(ThreadPoolExecutor.java:1134)
        at java.util.concurrent.ThreadPoolExecutor$Worker.run(ThreadPoolExecutor.java:624)
        at java.lang.Thread.run(Thread.java:750)
"Datanode ReportManager Thread - 2" daemon prio=5 tid=835 in Object.wait()
java.lang.Thread.State: WAITING (on object monitor)
        at sun.misc.Unsafe.park(Native Method)
        at java.util.concurrent.locks.LockSupport.park(LockSupport.java:175)
        at java.util.concurrent.locks.AbstractQueuedSynchronizer$ConditionObject.await(AbstractQueuedSynchronizer.java:2039)
        at java.util.concurrent.ScheduledThreadPoolExecutor$DelayedWorkQueue.take(ScheduledThreadPoolExecutor.java:1088)
        at java.util.concurrent.ScheduledThreadPoolExecutor$DelayedWorkQueue.take(ScheduledThreadPoolExecutor.java:809)
        at java.util.concurrent.ThreadPoolExecutor.getTask(ThreadPoolExecutor.java:1074)
        at java.util.concurrent.ThreadPoolExecutor.runWorker(ThreadPoolExecutor.java:1134)
        at java.util.concurrent.ThreadPoolExecutor$Worker.run(ThreadPoolExecutor.java:624)
        at java.lang.Thread.run(Thread.java:750)
"SSL Certificates Store Monitor" daemon prio=5 tid=602 in Object.wait()
java.lang.Thread.State: WAITING (on object monitor)
        at java.lang.Object.wait(Native Method)
        at java.lang.Object.wait(Object.java:502)
        at java.util.TimerThread.mainLoop(Timer.java:526)
        at java.util.TimerThread.run(Timer.java:505)
"Finalizer" daemon prio=8 tid=3 in Object.wait()
java.lang.Thread.State: WAITING (on object monitor)
        at java.lang.Object.wait(Native Method)
        at java.lang.ref.ReferenceQueue.remove(ReferenceQueue.java:144)
        at java.lang.ref.ReferenceQueue.remove(ReferenceQueue.java:165)
        at java.lang.ref.Finalizer$FinalizerThread.run(Finalizer.java:216)
"ExpiredContainerReplicaOpScrubberThread" daemon prio=5 tid=494 timed_waiting
java.lang.Thread.State: TIMED_WAITING
        at java.lang.Object.wait(Native Method)
        at org.apache.hadoop.hdds.scm.ha.BackgroundSCMService.run(BackgroundSCMService.java:105)
        at org.apache.hadoop.hdds.scm.ha.BackgroundSCMService$$Lambda$668/223388024.run(Unknown Source)
        at java.lang.Thread.run(Thread.java:750)
"EndpointStateMachine task thread for /127.0.0.1:37561 - 0 "  prio=5 tid=887 timed_waiting
java.lang.Thread.State: TIMED_WAITING
        at java.lang.Thread.sleep(Native Method)
        at org.apache.hadoop.ipc.Client$Connection.handleConnectionFailure(Client.java:972)
        at org.apache.hadoop.ipc.Client$Connection.setupConnection(Client.java:724)
        at org.apache.hadoop.ipc.Client$Connection.setupIOstreams(Client.java:822)
        at org.apache.hadoop.ipc.Client$Connection.access$3800(Client.java:414)
        at org.apache.hadoop.ipc.Client.getConnection(Client.java:1647)
        at org.apache.hadoop.ipc.Client.call(Client.java:1463)
        at org.apache.hadoop.ipc.Client.call(Client.java:1416)
        at org.apache.hadoop.ipc.ProtobufRpcEngine$Invoker.invoke(ProtobufRpcEngine.java:236)
        at org.apache.hadoop.ipc.ProtobufRpcEngine$Invoker.invoke(ProtobufRpcEngine.java:123)
        at com.sun.proxy.$Proxy51.submitRequest(Unknown Source)
        at org.apache.hadoop.ozone.protocolPB.StorageContainerDatanodeProtocolClientSideTranslatorPB.submitRequest(StorageContainerDatanodeProtocolClientSideTranslatorPB.java:117)
        at org.apache.hadoop.ozone.protocolPB.StorageContainerDatanodeProtocolClientSideTranslatorPB.sendHeartbeat(StorageContainerDatanodeProtocolClientSideTranslatorPB.java:149)
        at org.apache.hadoop.ozone.container.common.states.endpoint.HeartbeatEndpointTask.call(HeartbeatEndpointTask.java:185)
        at org.apache.hadoop.ozone.container.common.states.endpoint.HeartbeatEndpointTask.call(HeartbeatEndpointTask.java:87)
        at java.util.concurrent.FutureTask.run(FutureTask.java:266)
        at java.util.concurrent.ThreadPoolExecutor.runWorker(ThreadPoolExecutor.java:1149)
        at java.util.concurrent.ThreadPoolExecutor$Worker.run(ThreadPoolExecutor.java:624)
        at java.lang.Thread.run(Thread.java:750)


	at org.apache.ozone.test.GenericTestUtils.waitFor(GenericTestUtils.java:224)
	at org.apache.hadoop.ozone.parser.TestOzoneHARatisLogParser.testRatisLogParsing(TestOzoneHARatisLogParser.java:129)
	at sun.reflect.NativeMethodAccessorImpl.invoke0(Native Method)
	at sun.reflect.NativeMethodAccessorImpl.invoke(NativeMethodAccessorImpl.java:62)
	at sun.reflect.DelegatingMethodAccessorImpl.invoke(DelegatingMethodAccessorImpl.java:43)
	at java.lang.reflect.Method.invoke(Method.java:498)
	at org.junit.runners.model.FrameworkMethod$1.runReflectiveCall(FrameworkMethod.java:59)
	at org.junit.internal.runners.model.ReflectiveCallable.run(ReflectiveCallable.java:12)
	at org.junit.runners.model.FrameworkMethod.invokeExplosively(FrameworkMethod.java:56)
	at org.junit.internal.runners.statements.InvokeMethod.evaluate(InvokeMethod.java:17)
	at org.junit.internal.runners.statements.RunBefores.evaluate(RunBefores.java:26)
	at org.junit.internal.runners.statements.RunAfters.evaluate(RunAfters.java:27)
	at org.junit.internal.runners.statements.FailOnTimeout$CallableStatement.call(FailOnTimeout.java:288)
	at org.junit.internal.runners.statements.FailOnTimeout$CallableStatement.call(FailOnTimeout.java:282)
	at java.util.concurrent.FutureTask.run(FutureTask.java:266)
	at java.lang.Thread.run(Thread.java:750)

[INFO] Running org.apache.hadoop.ozone.TestStorageContainerManager
[INFO] Tests run: 10, Failures: 0, Errors: 0, Skipped: 0, Time elapsed: 369.873 s - in org.apache.hadoop.ozone.TestStorageContainerManager
[INFO] Running org.apache.hadoop.ozone.shell.TestOzoneTenantShell
[INFO] Tests run: 6, Failures: 0, Errors: 0, Skipped: 0, Time elapsed: 18.774 s - in org.apache.hadoop.ozone.shell.TestOzoneTenantShell
[INFO] Running org.apache.hadoop.ozone.shell.TestOzoneDatanodeShell
[INFO] Tests run: 2, Failures: 0, Errors: 0, Skipped: 0, Time elapsed: 0.729 s - in org.apache.hadoop.ozone.shell.TestOzoneDatanodeShell
[INFO] Running org.apache.hadoop.ozone.shell.TestScmAdminHA
[INFO] Tests run: 1, Failures: 0, Errors: 0, Skipped: 0, Time elapsed: 44.686 s - in org.apache.hadoop.ozone.shell.TestScmAdminHA
[INFO] Running org.apache.hadoop.ozone.shell.TestNSSummaryAdmin
[INFO] Tests run: 3, Failures: 0, Errors: 0, Skipped: 0, Time elapsed: 15.426 s - in org.apache.hadoop.ozone.shell.TestNSSummaryAdmin
[INFO] Running org.apache.hadoop.ozone.shell.TestOzoneShellHA
[INFO] Tests run: 13, Failures: 0, Errors: 0, Skipped: 0, Time elapsed: 78.25 s - in org.apache.hadoop.ozone.shell.TestOzoneShellHA
[INFO] Running org.apache.hadoop.ozone.shell.TestOzoneShellHAWithFSO
[INFO] Tests run: 13, Failures: 0, Errors: 0, Skipped: 0, Time elapsed: 82.214 s - in org.apache.hadoop.ozone.shell.TestOzoneShellHAWithFSO
[INFO] Running org.apache.hadoop.ozone.TestContainerBalancerOperations
[WARNING] Tests run: 1, Failures: 0, Errors: 0, Skipped: 1, Time elapsed: 0.023 s - in org.apache.hadoop.ozone.TestContainerBalancerOperations
[INFO] 
[INFO] Results:
[INFO] 
[ERROR] Errors: 
[ERROR]   TestOzoneHARatisLogParser.testRatisLogParsing:129 » Timeout Timed out waiting ...
[INFO] 
[ERROR] Tests run: 137, Failures: 0, Errors: 1, Skipped: 2
[INFO] 
[INFO] 
[INFO] ------------------------------------------------------------------------
[INFO] Skipping Apache Ozone Mini Ozone Chaos Tests
[INFO] This project has been banned from the build due to previous failures.
[INFO] ------------------------------------------------------------------------
[INFO] ------------------------------------------------------------------------
[INFO] Reactor Summary for Apache Ozone Integration Tests 1.3.0-SNAPSHOT:
[INFO] 
[INFO] Apache Ozone Integration Tests ..................... FAILURE [56:27 min]
[INFO] Apache Ozone Mini Ozone Chaos Tests ................ SKIPPED
[INFO] ------------------------------------------------------------------------
[INFO] BUILD FAILURE
[INFO] ------------------------------------------------------------------------
[INFO] Total time:  56:28 min
[INFO] Finished at: 2022-08-03T10:00:25Z
[INFO] ------------------------------------------------------------------------
[ERROR] Failed to execute goal org.apache.maven.plugins:maven-surefire-plugin:3.0.0-M5:test (default-test) on project ozone-integration-test: There are test failures.
[ERROR] 
[ERROR] Please refer to /home/runner/work/ozone/ozone/hadoop-ozone/integration-test/target/surefire-reports for the individual test results.
[ERROR] Please refer to dump files (if any exist) [date].dump, [date]-jvmRun[N].dump and [date].dumpstream.
[ERROR] -> [Help 1]
[ERROR] 
[ERROR] To see the full stack trace of the errors, re-run Maven with the -e switch.
[ERROR] Re-run Maven using the -X switch to enable full debug logging.
[ERROR] 
[ERROR] For more information about the errors and possible solutions, please read the following articles:
[ERROR] [Help 1] http://cwiki.apache.org/confluence/display/MAVEN/MojoFailureException
